#
# There is insufficient memory for the Java Runtime Environment to continue.
# Native memory allocation (malloc) failed to allocate 1180816 bytes for Chunk::new
# Possible reasons:
#   The system is out of physical RAM or swap space
#   The process is running with CompressedOops enabled, and the Java Heap may be blocking the growth of the native heap
# Possible solutions:
#   Reduce memory load on the system
#   Increase physical memory or swap space
#   Check if swap backing store is full
#   Decrease Java heap size (-Xmx/-Xms)
#   Decrease number of Java threads
#   Decrease Java thread stack sizes (-Xss)
#   Set larger code cache with -XX:ReservedCodeCacheSize=
#   JVM is running with Unscaled Compressed Oops mode in which the Java heap is
#     placed in the first 4GB address space. The Java Heap base address is the
#     maximum limit for the native heap growth. Please use -XX:HeapBaseMinAddress
#     to set the Java Heap base and to place the Java Heap above 4GB virtual address.
# This output file may be truncated or incomplete.
#
#  Out of Memory Error (./src/hotspot/share/memory/arena.cpp:197), pid=8476, tid=4972
#
# JRE version: OpenJDK Runtime Environment (11.0.12+7) (build 11.0.12+7-b1504.28-7817840)
# Java VM: OpenJDK 64-Bit Server VM (11.0.12+7-b1504.28-7817840, mixed mode, tiered, compressed oops, g1 gc, windows-amd64)
# No core dump will be written. Minidumps are not enabled by default on client versions of Windows
#

---------------  S U M M A R Y ------------

Command Line: --add-opens=java.base/java.util=ALL-UNNAMED --add-opens=java.base/java.lang=ALL-UNNAMED --add-opens=java.base/java.lang.invoke=ALL-UNNAMED --add-opens=java.base/java.util=ALL-UNNAMED --add-opens=java.prefs/java.util.prefs=ALL-UNNAMED --add-opens=java.prefs/java.util.prefs=ALL-UNNAMED --add-opens=java.base/java.nio.charset=ALL-UNNAMED --add-opens=java.base/java.net=ALL-UNNAMED --add-opens=java.base/java.util.concurrent.atomic=ALL-UNNAMED -Xmx2048m -Dfile.encoding=UTF-8 -Duser.country=RU -Duser.language=ru -Duser.variant org.gradle.launcher.daemon.bootstrap.GradleDaemon 7.3.3

Host: Intel(R) Core(TM) i5-4210M CPU @ 2.60GHz, 4 cores, 11G,  Windows 7 , 64 bit Build 7601 (6.1.7601.23392)
Time: Fri Mar 24 15:38:14 2023 RTZ 2 (ceia) elapsed time: 11.108348 seconds (0d 0h 0m 11s)

---------------  T H R E A D  ---------------

Current thread (0x000000005e9d7000):  JavaThread "C2 CompilerThread1" daemon [_thread_in_native, id=4972, stack(0x000000005f230000,0x000000005f330000)]


Current CompileTask:
C2:  11108 7093 %     4       org.gradle.internal.instantiation.generator.AbstractClassGenerator::inspectType @ 163 (560 bytes)

Stack: [0x000000005f230000,0x000000005f330000]
Native frames: (J=compiled Java code, j=interpreted, Vv=VM code, C=native code)
V  [jvm.dll+0x5fbcea]
V  [jvm.dll+0x731905]
V  [jvm.dll+0x732f1d]
V  [jvm.dll+0x7335d3]
V  [jvm.dll+0x247bf8]
V  [jvm.dll+0xc018c]
V  [jvm.dll+0xc06cc]
V  [jvm.dll+0x35b31d]
V  [jvm.dll+0x19d0bc]
V  [jvm.dll+0x20070e]
V  [jvm.dll+0x1ff794]
V  [jvm.dll+0x18868c]
V  [jvm.dll+0x20e0d7]
V  [jvm.dll+0x20c901]
V  [jvm.dll+0x6f9b7f]
V  [jvm.dll+0x6f26a5]
V  [jvm.dll+0x5fabf6]
C  [ucrtbase.DLL+0x6be1d]
C  [kernel32.dll+0x159bd]
C  [ntdll.dll+0x2a2e1]


---------------  P R O C E S S  ---------------

Threads class SMR info:
_java_thread_list=0x0000000063834680, length=77, elements={
0x000000000030c000, 0x000000000ead5800, 0x000000000eade800, 0x000000000eaf2000,
0x000000000eaf5000, 0x000000000eaf6800, 0x000000000eafc800, 0x000000000eafe000,
0x000000000eb0a800, 0x000000005e938800, 0x000000005e9d7000, 0x00000000611b4000,
0x0000000062039000, 0x0000000061f46000, 0x00000000607a5800, 0x0000000060aff800,
0x0000000061fc4000, 0x00000000612f4000, 0x00000000608cf800, 0x00000000609f9800,
0x0000000060624800, 0x0000000060625800, 0x0000000060626800, 0x0000000060627000,
0x0000000060628000, 0x0000000060629000, 0x0000000060629800, 0x000000006062a800,
0x000000006062b000, 0x0000000065a14000, 0x0000000065a14800, 0x0000000065a16800,
0x0000000065a17000, 0x0000000065a18800, 0x0000000065a19800, 0x0000000061e73000,
0x0000000061e74000, 0x0000000061e74800, 0x0000000061e75800, 0x0000000061e76800,
0x0000000061e77000, 0x0000000061e78000, 0x0000000061e78800, 0x0000000061e79800,
0x000000006636b000, 0x000000006636b800, 0x000000006636c800, 0x000000006636d800,
0x000000006636e000, 0x000000006636f000, 0x0000000066370000, 0x0000000066370800,
0x0000000066371800, 0x0000000063710000, 0x0000000063711000, 0x0000000063711800,
0x0000000063712800, 0x0000000063713800, 0x0000000063714000, 0x0000000063715000,
0x0000000063715800, 0x0000000063716800, 0x0000000063668800, 0x0000000063669800,
0x000000006366a000, 0x000000006366b000, 0x000000006366b800, 0x000000006366c800,
0x000000006366d800, 0x000000006366e000, 0x000000006366f000, 0x00000000600af000,
0x00000000600af800, 0x00000000600b0800, 0x00000000600b1800, 0x00000000600b2000,
0x00000000600b3000
}

Java Threads: ( => current thread )
  0x000000000030c000 JavaThread "main" [_thread_blocked, id=6976, stack(0x0000000002260000,0x0000000002360000)]
  0x000000000ead5800 JavaThread "Reference Handler" daemon [_thread_blocked, id=1808, stack(0x000000000ed40000,0x000000000ee40000)]
  0x000000000eade800 JavaThread "Finalizer" daemon [_thread_blocked, id=5724, stack(0x000000000ee70000,0x000000000ef70000)]
  0x000000000eaf2000 JavaThread "Signal Dispatcher" daemon [_thread_blocked, id=8688, stack(0x000000005e0d0000,0x000000005e1d0000)]
  0x000000000eaf5000 JavaThread "Attach Listener" daemon [_thread_blocked, id=8260, stack(0x000000005e370000,0x000000005e470000)]
  0x000000000eaf6800 JavaThread "Service Thread" daemon [_thread_blocked, id=7880, stack(0x000000005e470000,0x000000005e570000)]
  0x000000000eafc800 JavaThread "C2 CompilerThread0" daemon [_thread_in_native, id=7848, stack(0x000000005e5e0000,0x000000005e6e0000)]
  0x000000000eafe000 JavaThread "C1 CompilerThread0" daemon [_thread_blocked, id=8872, stack(0x000000005e6f0000,0x000000005e7f0000)]
  0x000000000eb0a800 JavaThread "Sweeper thread" daemon [_thread_blocked, id=8160, stack(0x000000005e210000,0x000000005e310000)]
  0x000000005e938800 JavaThread "Common-Cleaner" daemon [_thread_blocked, id=4032, stack(0x000000005ecd0000,0x000000005edd0000)]
=>0x000000005e9d7000 JavaThread "C2 CompilerThread1" daemon [_thread_in_native, id=4972, stack(0x000000005f230000,0x000000005f330000)]
  0x00000000611b4000 JavaThread "Daemon health stats" [_thread_blocked, id=5796, stack(0x0000000062600000,0x0000000062700000)]
  0x0000000062039000 JavaThread "Incoming local TCP Connector on port 63424" [_thread_in_native, id=7184, stack(0x00000000622c0000,0x00000000623c0000)]
  0x0000000061f46000 JavaThread "Daemon periodic checks" [_thread_blocked, id=9056, stack(0x0000000063b30000,0x0000000063c30000)]
  0x00000000607a5800 JavaThread "Daemon" [_thread_blocked, id=6132, stack(0x0000000063d10000,0x0000000063e10000)]
  0x0000000060aff800 JavaThread "Handler for socket connection from /127.0.0.1:63424 to /127.0.0.1:63425" [_thread_in_native, id=2728, stack(0x0000000063ee0000,0x0000000063fe0000)]
  0x0000000061fc4000 JavaThread "Cancel handler" [_thread_blocked, id=7176, stack(0x0000000064010000,0x0000000064110000)]
  0x00000000612f4000 JavaThread "Daemon worker" [_thread_in_vm, id=7180, stack(0x0000000062160000,0x0000000062260000)]
  0x00000000608cf800 JavaThread "Asynchronous log dispatcher for DefaultDaemonConnection: socket connection from /127.0.0.1:63424 to /127.0.0.1:63425" [_thread_blocked, id=8208, stack(0x0000000064180000,0x0000000064280000)]
  0x00000000609f9800 JavaThread "Stdin handler" [_thread_blocked, id=1432, stack(0x0000000064290000,0x0000000064390000)]
  0x0000000060624800 JavaThread "Daemon client event forwarder" [_thread_blocked, id=1788, stack(0x0000000064500000,0x0000000064600000)]
  0x0000000060625800 JavaThread "Cache worker for journal cache (C:\Users\Nikolai4\.gradle\caches\journal-1)" [_thread_blocked, id=8776, stack(0x00000000648c0000,0x00000000649c0000)]
  0x0000000060626800 JavaThread "File lock request listener" [_thread_in_native, id=5216, stack(0x0000000064a60000,0x0000000064b60000)]
  0x0000000060627000 JavaThread "Cache worker for file hash cache (C:\Users\Nikolai4\.gradle\caches\7.3.3\fileHashes)" [_thread_blocked, id=8948, stack(0x0000000064be0000,0x0000000064ce0000)]
  0x0000000060628000 JavaThread "Cache worker for file hash cache (C:\Users\Nikolai4\AndroidStudioProjects\lTrainer2\.gradle\7.3.3\fileHashes)" [_thread_blocked, id=7692, stack(0x00000000638d0000,0x00000000639d0000)]
  0x0000000060629000 JavaThread "Cache worker for checksums cache (C:\Users\Nikolai4\AndroidStudioProjects\lTrainer2\.gradle\7.3.3\checksums)" [_thread_blocked, id=6084, stack(0x0000000066940000,0x0000000066a40000)]
  0x0000000060629800 JavaThread "Cache worker for cache directory md-supplier (C:\Users\Nikolai4\.gradle\caches\7.3.3\md-supplier)" [_thread_blocked, id=2748, stack(0x00000000664e0000,0x00000000665e0000)]
  0x000000006062a800 JavaThread "Cache worker for cache directory md-rule (C:\Users\Nikolai4\.gradle\caches\7.3.3\md-rule)" [_thread_blocked, id=7296, stack(0x0000000066ad0000,0x0000000066bd0000)]
  0x000000006062b000 JavaThread "Cache worker for execution history cache (C:\Users\Nikolai4\.gradle\caches\7.3.3\executionHistory)" [_thread_blocked, id=7572, stack(0x0000000066be0000,0x0000000066ce0000)]
  0x0000000065a14000 JavaThread "jar transforms" [_thread_blocked, id=7752, stack(0x0000000068500000,0x0000000068600000)]
  0x0000000065a14800 JavaThread "Cache worker for file content cache (C:\Users\Nikolai4\.gradle\caches\7.3.3\fileContent)" [_thread_blocked, id=8496, stack(0x00000000643d0000,0x00000000644d0000)]
  0x0000000065a16800 JavaThread "jar transforms Thread 2" [_thread_blocked, id=7172, stack(0x00000000688e0000,0x00000000689e0000)]
  0x0000000065a17000 JavaThread "Cache worker for dependencies-accessors (C:\Users\Nikolai4\AndroidStudioProjects\lTrainer2\.gradle\7.3.3\dependencies-accessors)" [_thread_blocked, id=3340, stack(0x0000000068ad0000,0x0000000068bd0000)]
  0x0000000065a18800 JavaThread "jar transforms Thread 3" [_thread_blocked, id=6868, stack(0x00000000663d0000,0x00000000664d0000)]
  0x0000000065a19800 JavaThread "Cache worker for Build Output Cleanup Cache (C:\Users\Nikolai4\AndroidStudioProjects\lTrainer2\.gradle\buildOutputCleanup)" [_thread_blocked, id=5720, stack(0x0000000069410000,0x0000000069510000)]
  0x0000000061e73000 JavaThread "Unconstrained build operations" [_thread_blocked, id=6368, stack(0x00000000667f0000,0x00000000668f0000)]
  0x0000000061e74000 JavaThread "Unconstrained build operations Thread 2" [_thread_blocked, id=7264, stack(0x0000000068e00000,0x0000000068f00000)]
  0x0000000061e74800 JavaThread "Unconstrained build operations Thread 3" [_thread_blocked, id=8468, stack(0x00000000695f0000,0x00000000696f0000)]
  0x0000000061e75800 JavaThread "Unconstrained build operations Thread 4" [_thread_blocked, id=8804, stack(0x00000000696f0000,0x00000000697f0000)]
  0x0000000061e76800 JavaThread "Unconstrained build operations Thread 5" [_thread_blocked, id=7620, stack(0x0000000069980000,0x0000000069a80000)]
  0x0000000061e77000 JavaThread "Unconstrained build operations Thread 6" [_thread_blocked, id=5092, stack(0x0000000069b00000,0x0000000069c00000)]
  0x0000000061e78000 JavaThread "Unconstrained build operations Thread 7" [_thread_blocked, id=7868, stack(0x0000000069860000,0x0000000069960000)]
  0x0000000061e78800 JavaThread "Unconstrained build operations Thread 8" [_thread_blocked, id=8228, stack(0x000000005edd0000,0x000000005eed0000)]
  0x0000000061e79800 JavaThread "Unconstrained build operations Thread 9" [_thread_blocked, id=4320, stack(0x0000000069d40000,0x0000000069e40000)]
  0x000000006636b000 JavaThread "Unconstrained build operations Thread 10" [_thread_blocked, id=6364, stack(0x0000000069ed0000,0x0000000069fd0000)]
  0x000000006636b800 JavaThread "Unconstrained build operations Thread 11" [_thread_blocked, id=6036, stack(0x000000006a040000,0x000000006a140000)]
  0x000000006636c800 JavaThread "Unconstrained build operations Thread 12" [_thread_blocked, id=9000, stack(0x000000006a250000,0x000000006a350000)]
  0x000000006636d800 JavaThread "Unconstrained build operations Thread 13" [_thread_blocked, id=3708, stack(0x000000006a150000,0x000000006a250000)]
  0x000000006636e000 JavaThread "Unconstrained build operations Thread 14" [_thread_blocked, id=8264, stack(0x000000006a350000,0x000000006a450000)]
  0x000000006636f000 JavaThread "Unconstrained build operations Thread 15" [_thread_blocked, id=6136, stack(0x000000006a4d0000,0x000000006a5d0000)]
  0x0000000066370000 JavaThread "Unconstrained build operations Thread 16" [_thread_blocked, id=8544, stack(0x000000006a5e0000,0x000000006a6e0000)]
  0x0000000066370800 JavaThread "Unconstrained build operations Thread 17" [_thread_blocked, id=1140, stack(0x000000006a850000,0x000000006a950000)]
  0x0000000066371800 JavaThread "Unconstrained build operations Thread 18" [_thread_blocked, id=4020, stack(0x000000006a6e0000,0x000000006a7e0000)]
  0x0000000063710000 JavaThread "Unconstrained build operations Thread 19" [_thread_blocked, id=1236, stack(0x000000006a9b0000,0x000000006aab0000)]
  0x0000000063711000 JavaThread "Unconstrained build operations Thread 20" [_thread_blocked, id=6344, stack(0x000000006ac10000,0x000000006ad10000)]
  0x0000000063711800 JavaThread "Unconstrained build operations Thread 21" [_thread_blocked, id=5336, stack(0x0000000069c30000,0x0000000069d30000)]
  0x0000000063712800 JavaThread "Unconstrained build operations Thread 22" [_thread_blocked, id=8236, stack(0x000000006aad0000,0x000000006abd0000)]
  0x0000000063713800 JavaThread "Unconstrained build operations Thread 23" [_thread_blocked, id=7044, stack(0x000000006ad30000,0x000000006ae30000)]
  0x0000000063714000 JavaThread "Unconstrained build operations Thread 24" [_thread_blocked, id=6392, stack(0x000000006aef0000,0x000000006aff0000)]
  0x0000000063715000 JavaThread "Unconstrained build operations Thread 25" [_thread_blocked, id=2552, stack(0x000000006b110000,0x000000006b210000)]
  0x0000000063715800 JavaThread "Unconstrained build operations Thread 26" [_thread_blocked, id=8912, stack(0x000000006b300000,0x000000006b400000)]
  0x0000000063716800 JavaThread "Unconstrained build operations Thread 27" [_thread_blocked, id=4588, stack(0x000000006b4e0000,0x000000006b5e0000)]
  0x0000000063668800 JavaThread "Unconstrained build operations Thread 28" [_thread_blocked, id=8512, stack(0x000000006b6f0000,0x000000006b7f0000)]
  0x0000000063669800 JavaThread "Unconstrained build operations Thread 29" [_thread_blocked, id=5396, stack(0x000000006b870000,0x000000006b970000)]
  0x000000006366a000 JavaThread "Unconstrained build operations Thread 30" [_thread_blocked, id=5496, stack(0x000000006b9b0000,0x000000006bab0000)]
  0x000000006366b000 JavaThread "Unconstrained build operations Thread 31" [_thread_blocked, id=7532, stack(0x000000006b000000,0x000000006b100000)]
  0x000000006366b800 JavaThread "Unconstrained build operations Thread 32" [_thread_blocked, id=3016, stack(0x000000006bc20000,0x000000006bd20000)]
  0x000000006366c800 JavaThread "Unconstrained build operations Thread 33" [_thread_blocked, id=4740, stack(0x000000006bad0000,0x000000006bbd0000)]
  0x000000006366d800 JavaThread "Unconstrained build operations Thread 34" [_thread_blocked, id=6128, stack(0x0000000069310000,0x0000000069410000)]
  0x000000006366e000 JavaThread "Unconstrained build operations Thread 35" [_thread_blocked, id=1276, stack(0x000000006bd40000,0x000000006be40000)]
  0x000000006366f000 JavaThread "Unconstrained build operations Thread 36" [_thread_blocked, id=8956, stack(0x000000006bfa0000,0x000000006c0a0000)]
  0x00000000600af000 JavaThread "Unconstrained build operations Thread 37" [_thread_blocked, id=7220, stack(0x00000000650e0000,0x00000000651e0000)]
  0x00000000600af800 JavaThread "Unconstrained build operations Thread 38" [_thread_blocked, id=8280, stack(0x000000006c0b0000,0x000000006c1b0000)]
  0x00000000600b0800 JavaThread "Unconstrained build operations Thread 39" [_thread_blocked, id=5984, stack(0x000000006be50000,0x000000006bf50000)]
  0x00000000600b1800 JavaThread "Unconstrained build operations Thread 40" [_thread_blocked, id=8600, stack(0x000000006c230000,0x000000006c330000)]
  0x00000000600b2000 JavaThread "jar transforms Thread 4" [_thread_blocked, id=2160, stack(0x000000006c4f0000,0x000000006c5f0000)]
  0x00000000600b3000 JavaThread "Memory manager" [_thread_blocked, id=6884, stack(0x000000006d360000,0x000000006d460000)]

Other Threads:
  0x000000000eac8800 VMThread "VM Thread" [stack: 0x000000000ec00000,0x000000000ed00000] [id=4928]
  0x000000005e948800 WatcherThread [stack: 0x000000005efb0000,0x000000005f0b0000] [id=7720]
  0x0000000000323000 GCTaskThread "GC Thread#0" [stack: 0x0000000006610000,0x0000000006710000] [id=1448]
  0x000000005fcf7000 GCTaskThread "GC Thread#1" [stack: 0x0000000060b00000,0x0000000060c00000] [id=5348]
  0x000000005fc81800 GCTaskThread "GC Thread#2" [stack: 0x000000005f100000,0x000000005f200000] [id=5308]
  0x000000005fbf4000 GCTaskThread "GC Thread#3" [stack: 0x0000000060c80000,0x0000000060d80000] [id=4716]
  0x0000000000354800 ConcurrentGCThread "G1 Main Marker" [stack: 0x000000000b6d0000,0x000000000b7d0000] [id=4600]
  0x0000000000356000 ConcurrentGCThread "G1 Conc#0" [stack: 0x000000000b910000,0x000000000ba10000] [id=4464]
  0x000000000dddf800 ConcurrentGCThread "G1 Refine#0" [stack: 0x000000000df50000,0x000000000e050000] [id=7604]
  0x000000000dde0800 ConcurrentGCThread "G1 Young RemSet Sampling" [stack: 0x000000000e050000,0x000000000e150000] [id=7376]

Threads with active compile tasks:
C2 CompilerThread0  11137 7346       4       java.lang.AbstractStringBuilder::append (43 bytes)
C1 CompilerThread0  11137 7385       3       java.util.HashMap$TreeNode::tieBreakOrder (49 bytes)
C2 CompilerThread1  11137 7093 %     4       org.gradle.internal.instantiation.generator.AbstractClassGenerator::inspectType @ 163 (560 bytes)

VM state:not at safepoint (normal execution)

VM Mutex/Monitor currently owned by a thread: None

Heap address: 0x0000000080000000, size: 2048 MB, Compressed Oops mode: 32-bit
Narrow klass base: 0x0000000000000000, Narrow klass shift: 0
Compressed class space size: 1073741824 Address: 0x000000001e010000

Heap:
 garbage-first heap   total 303104K, used 86980K [0x0000000080000000, 0x0000000100000000)
  region size 1024K, 41 young (41984K), 14 survivors (14336K)
 Metaspace       used 78412K, capacity 80157K, committed 80384K, reserved 1118208K
  class space    used 10226K, capacity 10887K, committed 11008K, reserved 1048576K
Heap Regions: E=young(eden), S=young(survivor), O=old, HS=humongous(starts), HC=humongous(continues), CS=collection set, F=free, A=archive, TAMS=top-at-mark-start (previous, next)
|   0|0x0000000080000000, 0x0000000080100000, 0x0000000080100000|100%| O|  |TAMS 0x0000000080100000, 0x0000000080000000| Untracked 
|   1|0x0000000080100000, 0x0000000080200000, 0x0000000080200000|100%| O|  |TAMS 0x0000000080200000, 0x0000000080100000| Untracked 
|   2|0x0000000080200000, 0x0000000080300000, 0x0000000080300000|100%| O|  |TAMS 0x0000000080300000, 0x0000000080200000| Untracked 
|   3|0x0000000080300000, 0x0000000080400000, 0x0000000080400000|100%|HS|  |TAMS 0x0000000080400000, 0x0000000080300000| Complete 
|   4|0x0000000080400000, 0x0000000080500000, 0x0000000080500000|100%|HC|  |TAMS 0x0000000080500000, 0x0000000080400000| Complete 
|   5|0x0000000080500000, 0x0000000080600000, 0x0000000080600000|100%|HC|  |TAMS 0x0000000080600000, 0x0000000080500000| Complete 
|   6|0x0000000080600000, 0x0000000080700000, 0x0000000080700000|100%| O|  |TAMS 0x0000000080700000, 0x0000000080600000| Untracked 
|   7|0x0000000080700000, 0x0000000080800000, 0x0000000080800000|100%| O|  |TAMS 0x0000000080800000, 0x0000000080700000| Untracked 
|   8|0x0000000080800000, 0x0000000080900000, 0x0000000080900000|100%| O|  |TAMS 0x0000000080900000, 0x0000000080800000| Untracked 
|   9|0x0000000080900000, 0x0000000080a00000, 0x0000000080a00000|100%| O|  |TAMS 0x0000000080a00000, 0x0000000080900000| Untracked 
|  10|0x0000000080a00000, 0x0000000080b00000, 0x0000000080b00000|100%| O|  |TAMS 0x0000000080b00000, 0x0000000080a00000| Untracked 
|  11|0x0000000080b00000, 0x0000000080c00000, 0x0000000080c00000|100%| O|  |TAMS 0x0000000080c00000, 0x0000000080b00000| Untracked 
|  12|0x0000000080c00000, 0x0000000080d00000, 0x0000000080d00000|100%| O|  |TAMS 0x0000000080d00000, 0x0000000080c00000| Untracked 
|  13|0x0000000080d00000, 0x0000000080e00000, 0x0000000080e00000|100%| O|  |TAMS 0x0000000080e00000, 0x0000000080d00000| Untracked 
|  14|0x0000000080e00000, 0x0000000080f00000, 0x0000000080f00000|100%| O|  |TAMS 0x0000000080f00000, 0x0000000080e00000| Untracked 
|  15|0x0000000080f00000, 0x0000000081000000, 0x0000000081000000|100%| O|  |TAMS 0x0000000081000000, 0x0000000080f00000| Untracked 
|  16|0x0000000081000000, 0x0000000081100000, 0x0000000081100000|100%|HS|  |TAMS 0x0000000081100000, 0x0000000081000000| Complete 
|  17|0x0000000081100000, 0x0000000081200000, 0x0000000081200000|100%| O|  |TAMS 0x0000000081200000, 0x0000000081100000| Untracked 
|  18|0x0000000081200000, 0x0000000081300000, 0x0000000081300000|100%| O|  |TAMS 0x0000000081300000, 0x0000000081200000| Untracked 
|  19|0x0000000081300000, 0x0000000081400000, 0x0000000081400000|100%| O|  |TAMS 0x0000000081400000, 0x0000000081300000| Untracked 
|  20|0x0000000081400000, 0x0000000081500000, 0x0000000081500000|100%|HS|  |TAMS 0x0000000081500000, 0x0000000081400000| Complete 
|  21|0x0000000081500000, 0x0000000081600000, 0x0000000081600000|100%|HS|  |TAMS 0x0000000081600000, 0x0000000081500000| Complete 
|  22|0x0000000081600000, 0x0000000081700000, 0x0000000081700000|100%|HC|  |TAMS 0x0000000081700000, 0x0000000081600000| Complete 
|  23|0x0000000081700000, 0x0000000081800000, 0x0000000081800000|100%| O|  |TAMS 0x0000000081800000, 0x0000000081700000| Untracked 
|  24|0x0000000081800000, 0x0000000081900000, 0x0000000081900000|100%| O|  |TAMS 0x0000000081900000, 0x0000000081800000| Untracked 
|  25|0x0000000081900000, 0x0000000081a00000, 0x0000000081a00000|100%| O|  |TAMS 0x0000000081a00000, 0x0000000081900000| Untracked 
|  26|0x0000000081a00000, 0x0000000081b00000, 0x0000000081b00000|100%| O|  |TAMS 0x0000000081b00000, 0x0000000081a00000| Untracked 
|  27|0x0000000081b00000, 0x0000000081c00000, 0x0000000081c00000|100%| O|  |TAMS 0x0000000081c00000, 0x0000000081b00000| Untracked 
|  28|0x0000000081c00000, 0x0000000081d00000, 0x0000000081d00000|100%| O|  |TAMS 0x0000000081d00000, 0x0000000081c00000| Untracked 
|  29|0x0000000081d00000, 0x0000000081e00000, 0x0000000081e00000|100%| O|  |TAMS 0x0000000081e00000, 0x0000000081d00000| Untracked 
|  30|0x0000000081e00000, 0x0000000081f00000, 0x0000000081f00000|100%| O|  |TAMS 0x0000000081f00000, 0x0000000081e00000| Untracked 
|  31|0x0000000081f00000, 0x0000000081f00000, 0x0000000082000000|  0%| F|  |TAMS 0x0000000081f00000, 0x0000000081f00000| Untracked 
|  32|0x0000000082000000, 0x0000000082100000, 0x0000000082100000|100%| O|  |TAMS 0x0000000082100000, 0x0000000082000000| Untracked 
|  33|0x0000000082100000, 0x0000000082200000, 0x0000000082200000|100%| O|  |TAMS 0x0000000082200000, 0x0000000082100000| Untracked 
|  34|0x0000000082200000, 0x0000000082300000, 0x0000000082300000|100%| O|  |TAMS 0x0000000082300000, 0x0000000082200000| Untracked 
|  35|0x0000000082300000, 0x0000000082400000, 0x0000000082400000|100%| O|  |TAMS 0x0000000082400000, 0x0000000082300000| Untracked 
|  36|0x0000000082400000, 0x0000000082500000, 0x0000000082500000|100%| O|  |TAMS 0x0000000082500000, 0x0000000082400000| Untracked 
|  37|0x0000000082500000, 0x0000000082600000, 0x0000000082600000|100%| O|  |TAMS 0x0000000082600000, 0x0000000082500000| Untracked 
|  38|0x0000000082600000, 0x0000000082700000, 0x0000000082700000|100%| O|  |TAMS 0x0000000082700000, 0x0000000082600000| Untracked 
|  39|0x0000000082700000, 0x0000000082800000, 0x0000000082800000|100%| O|  |TAMS 0x0000000082800000, 0x0000000082700000| Untracked 
|  40|0x0000000082800000, 0x0000000082900000, 0x0000000082900000|100%| O|  |TAMS 0x0000000082900000, 0x0000000082800000| Untracked 
|  41|0x0000000082900000, 0x0000000082a00000, 0x0000000082a00000|100%| O|  |TAMS 0x0000000082a00000, 0x0000000082900000| Untracked 
|  42|0x0000000082a00000, 0x0000000082b00000, 0x0000000082b00000|100%| O|  |TAMS 0x0000000082b00000, 0x0000000082a00000| Untracked 
|  43|0x0000000082b00000, 0x0000000082c00000, 0x0000000082c00000|100%| O|  |TAMS 0x0000000082c00000, 0x0000000082b00000| Untracked 
|  44|0x0000000082c00000, 0x0000000082d00000, 0x0000000082d00000|100%| O|  |TAMS 0x0000000082d00000, 0x0000000082c00000| Untracked 
|  45|0x0000000082d00000, 0x0000000082df1000, 0x0000000082e00000| 94%| O|  |TAMS 0x0000000082df1000, 0x0000000082d00000| Untracked 
|  46|0x0000000082e00000, 0x0000000082e00000, 0x0000000082f00000|  0%| F|  |TAMS 0x0000000082e00000, 0x0000000082e00000| Untracked 
|  47|0x0000000082f00000, 0x0000000082f00000, 0x0000000083000000|  0%| F|  |TAMS 0x0000000082f00000, 0x0000000082f00000| Untracked 
|  48|0x0000000083000000, 0x0000000083000000, 0x0000000083100000|  0%| F|  |TAMS 0x0000000083000000, 0x0000000083000000| Untracked 
|  49|0x0000000083100000, 0x0000000083100000, 0x0000000083200000|  0%| F|  |TAMS 0x0000000083100000, 0x0000000083100000| Untracked 
|  50|0x0000000083200000, 0x0000000083200000, 0x0000000083300000|  0%| F|  |TAMS 0x0000000083200000, 0x0000000083200000| Untracked 
|  51|0x0000000083300000, 0x0000000083300000, 0x0000000083400000|  0%| F|  |TAMS 0x0000000083300000, 0x0000000083300000| Untracked 
|  52|0x0000000083400000, 0x0000000083400000, 0x0000000083500000|  0%| F|  |TAMS 0x0000000083400000, 0x0000000083400000| Untracked 
|  53|0x0000000083500000, 0x0000000083500000, 0x0000000083600000|  0%| F|  |TAMS 0x0000000083500000, 0x0000000083500000| Untracked 
|  54|0x0000000083600000, 0x0000000083600000, 0x0000000083700000|  0%| F|  |TAMS 0x0000000083600000, 0x0000000083600000| Untracked 
|  55|0x0000000083700000, 0x0000000083700000, 0x0000000083800000|  0%| F|  |TAMS 0x0000000083700000, 0x0000000083700000| Untracked 
|  56|0x0000000083800000, 0x0000000083800000, 0x0000000083900000|  0%| F|  |TAMS 0x0000000083800000, 0x0000000083800000| Untracked 
|  57|0x0000000083900000, 0x0000000083900000, 0x0000000083a00000|  0%| F|  |TAMS 0x0000000083900000, 0x0000000083900000| Untracked 
|  58|0x0000000083a00000, 0x0000000083a00000, 0x0000000083b00000|  0%| F|  |TAMS 0x0000000083a00000, 0x0000000083a00000| Untracked 
|  59|0x0000000083b00000, 0x0000000083b00000, 0x0000000083c00000|  0%| F|  |TAMS 0x0000000083b00000, 0x0000000083b00000| Untracked 
|  60|0x0000000083c00000, 0x0000000083c00000, 0x0000000083d00000|  0%| F|  |TAMS 0x0000000083c00000, 0x0000000083c00000| Untracked 
|  61|0x0000000083d00000, 0x0000000083d00000, 0x0000000083e00000|  0%| F|  |TAMS 0x0000000083d00000, 0x0000000083d00000| Untracked 
|  62|0x0000000083e00000, 0x0000000083e00000, 0x0000000083f00000|  0%| F|  |TAMS 0x0000000083e00000, 0x0000000083e00000| Untracked 
|  63|0x0000000083f00000, 0x0000000083f00000, 0x0000000084000000|  0%| F|  |TAMS 0x0000000083f00000, 0x0000000083f00000| Untracked 
|  64|0x0000000084000000, 0x0000000084000000, 0x0000000084100000|  0%| F|  |TAMS 0x0000000084000000, 0x0000000084000000| Untracked 
|  65|0x0000000084100000, 0x0000000084100000, 0x0000000084200000|  0%| F|  |TAMS 0x0000000084100000, 0x0000000084100000| Untracked 
|  66|0x0000000084200000, 0x0000000084200000, 0x0000000084300000|  0%| F|  |TAMS 0x0000000084200000, 0x0000000084200000| Untracked 
|  67|0x0000000084300000, 0x0000000084300000, 0x0000000084400000|  0%| F|  |TAMS 0x0000000084300000, 0x0000000084300000| Untracked 
|  68|0x0000000084400000, 0x0000000084400000, 0x0000000084500000|  0%| F|  |TAMS 0x0000000084400000, 0x0000000084400000| Untracked 
|  69|0x0000000084500000, 0x0000000084500000, 0x0000000084600000|  0%| F|  |TAMS 0x0000000084500000, 0x0000000084500000| Untracked 
|  70|0x0000000084600000, 0x0000000084600000, 0x0000000084700000|  0%| F|  |TAMS 0x0000000084600000, 0x0000000084600000| Untracked 
|  71|0x0000000084700000, 0x0000000084700000, 0x0000000084800000|  0%| F|  |TAMS 0x0000000084700000, 0x0000000084700000| Untracked 
|  72|0x0000000084800000, 0x0000000084800000, 0x0000000084900000|  0%| F|  |TAMS 0x0000000084800000, 0x0000000084800000| Untracked 
|  73|0x0000000084900000, 0x0000000084900000, 0x0000000084a00000|  0%| F|  |TAMS 0x0000000084900000, 0x0000000084900000| Untracked 
|  74|0x0000000084a00000, 0x0000000084a00000, 0x0000000084b00000|  0%| F|  |TAMS 0x0000000084a00000, 0x0000000084a00000| Untracked 
|  75|0x0000000084b00000, 0x0000000084b00000, 0x0000000084c00000|  0%| F|  |TAMS 0x0000000084b00000, 0x0000000084b00000| Untracked 
|  76|0x0000000084c00000, 0x0000000084c00000, 0x0000000084d00000|  0%| F|  |TAMS 0x0000000084c00000, 0x0000000084c00000| Untracked 
|  77|0x0000000084d00000, 0x0000000084d00000, 0x0000000084e00000|  0%| F|  |TAMS 0x0000000084d00000, 0x0000000084d00000| Untracked 
|  78|0x0000000084e00000, 0x0000000084e00000, 0x0000000084f00000|  0%| F|  |TAMS 0x0000000084e00000, 0x0000000084e00000| Untracked 
|  79|0x0000000084f00000, 0x0000000084f00000, 0x0000000085000000|  0%| F|  |TAMS 0x0000000084f00000, 0x0000000084f00000| Untracked 
|  80|0x0000000085000000, 0x0000000085000000, 0x0000000085100000|  0%| F|  |TAMS 0x0000000085000000, 0x0000000085000000| Untracked 
|  81|0x0000000085100000, 0x0000000085100000, 0x0000000085200000|  0%| F|  |TAMS 0x0000000085100000, 0x0000000085100000| Untracked 
|  82|0x0000000085200000, 0x0000000085200000, 0x0000000085300000|  0%| F|  |TAMS 0x0000000085200000, 0x0000000085200000| Untracked 
|  83|0x0000000085300000, 0x0000000085300000, 0x0000000085400000|  0%| F|  |TAMS 0x0000000085300000, 0x0000000085300000| Untracked 
|  84|0x0000000085400000, 0x0000000085400000, 0x0000000085500000|  0%| F|  |TAMS 0x0000000085400000, 0x0000000085400000| Untracked 
|  85|0x0000000085500000, 0x0000000085500000, 0x0000000085600000|  0%| F|  |TAMS 0x0000000085500000, 0x0000000085500000| Untracked 
|  86|0x0000000085600000, 0x0000000085600000, 0x0000000085700000|  0%| F|  |TAMS 0x0000000085600000, 0x0000000085600000| Untracked 
|  87|0x0000000085700000, 0x0000000085700000, 0x0000000085800000|  0%| F|  |TAMS 0x0000000085700000, 0x0000000085700000| Untracked 
|  88|0x0000000085800000, 0x0000000085800000, 0x0000000085900000|  0%| F|  |TAMS 0x0000000085800000, 0x0000000085800000| Untracked 
|  89|0x0000000085900000, 0x0000000085900000, 0x0000000085a00000|  0%| F|  |TAMS 0x0000000085900000, 0x0000000085900000| Untracked 
|  90|0x0000000085a00000, 0x0000000085a00000, 0x0000000085b00000|  0%| F|  |TAMS 0x0000000085a00000, 0x0000000085a00000| Untracked 
|  91|0x0000000085b00000, 0x0000000085b00000, 0x0000000085c00000|  0%| F|  |TAMS 0x0000000085b00000, 0x0000000085b00000| Untracked 
|  92|0x0000000085c00000, 0x0000000085c00000, 0x0000000085d00000|  0%| F|  |TAMS 0x0000000085c00000, 0x0000000085c00000| Untracked 
|  93|0x0000000085d00000, 0x0000000085d00000, 0x0000000085e00000|  0%| F|  |TAMS 0x0000000085d00000, 0x0000000085d00000| Untracked 
|  94|0x0000000085e00000, 0x0000000085e00000, 0x0000000085f00000|  0%| F|  |TAMS 0x0000000085e00000, 0x0000000085e00000| Untracked 
|  95|0x0000000085f00000, 0x0000000085f00000, 0x0000000086000000|  0%| F|  |TAMS 0x0000000085f00000, 0x0000000085f00000| Untracked 
|  96|0x0000000086000000, 0x0000000086000000, 0x0000000086100000|  0%| F|  |TAMS 0x0000000086000000, 0x0000000086000000| Untracked 
|  97|0x0000000086100000, 0x0000000086100000, 0x0000000086200000|  0%| F|  |TAMS 0x0000000086100000, 0x0000000086100000| Untracked 
|  98|0x0000000086200000, 0x0000000086200000, 0x0000000086300000|  0%| F|  |TAMS 0x0000000086200000, 0x0000000086200000| Untracked 
|  99|0x0000000086300000, 0x0000000086300000, 0x0000000086400000|  0%| F|  |TAMS 0x0000000086300000, 0x0000000086300000| Untracked 
| 100|0x0000000086400000, 0x0000000086400000, 0x0000000086500000|  0%| F|  |TAMS 0x0000000086400000, 0x0000000086400000| Untracked 
| 101|0x0000000086500000, 0x0000000086500000, 0x0000000086600000|  0%| F|  |TAMS 0x0000000086500000, 0x0000000086500000| Untracked 
| 102|0x0000000086600000, 0x0000000086600000, 0x0000000086700000|  0%| F|  |TAMS 0x0000000086600000, 0x0000000086600000| Untracked 
| 103|0x0000000086700000, 0x0000000086700000, 0x0000000086800000|  0%| F|  |TAMS 0x0000000086700000, 0x0000000086700000| Untracked 
| 104|0x0000000086800000, 0x0000000086800000, 0x0000000086900000|  0%| F|  |TAMS 0x0000000086800000, 0x0000000086800000| Untracked 
| 105|0x0000000086900000, 0x0000000086900000, 0x0000000086a00000|  0%| F|  |TAMS 0x0000000086900000, 0x0000000086900000| Untracked 
| 106|0x0000000086a00000, 0x0000000086a00000, 0x0000000086b00000|  0%| F|  |TAMS 0x0000000086a00000, 0x0000000086a00000| Untracked 
| 107|0x0000000086b00000, 0x0000000086b00000, 0x0000000086c00000|  0%| F|  |TAMS 0x0000000086b00000, 0x0000000086b00000| Untracked 
| 108|0x0000000086c00000, 0x0000000086c00000, 0x0000000086d00000|  0%| F|  |TAMS 0x0000000086c00000, 0x0000000086c00000| Untracked 
| 109|0x0000000086d00000, 0x0000000086d00000, 0x0000000086e00000|  0%| F|  |TAMS 0x0000000086d00000, 0x0000000086d00000| Untracked 
| 110|0x0000000086e00000, 0x0000000086e00000, 0x0000000086f00000|  0%| F|  |TAMS 0x0000000086e00000, 0x0000000086e00000| Untracked 
| 111|0x0000000086f00000, 0x0000000086f00000, 0x0000000087000000|  0%| F|  |TAMS 0x0000000086f00000, 0x0000000086f00000| Untracked 
| 112|0x0000000087000000, 0x0000000087000000, 0x0000000087100000|  0%| F|  |TAMS 0x0000000087000000, 0x0000000087000000| Untracked 
| 113|0x0000000087100000, 0x0000000087100000, 0x0000000087200000|  0%| F|  |TAMS 0x0000000087100000, 0x0000000087100000| Untracked 
| 114|0x0000000087200000, 0x0000000087200000, 0x0000000087300000|  0%| F|  |TAMS 0x0000000087200000, 0x0000000087200000| Untracked 
| 115|0x0000000087300000, 0x0000000087300000, 0x0000000087400000|  0%| F|  |TAMS 0x0000000087300000, 0x0000000087300000| Untracked 
| 116|0x0000000087400000, 0x0000000087400000, 0x0000000087500000|  0%| F|  |TAMS 0x0000000087400000, 0x0000000087400000| Untracked 
| 117|0x0000000087500000, 0x0000000087500000, 0x0000000087600000|  0%| F|  |TAMS 0x0000000087500000, 0x0000000087500000| Untracked 
| 118|0x0000000087600000, 0x0000000087600000, 0x0000000087700000|  0%| F|  |TAMS 0x0000000087600000, 0x0000000087600000| Untracked 
| 119|0x0000000087700000, 0x0000000087700000, 0x0000000087800000|  0%| F|  |TAMS 0x0000000087700000, 0x0000000087700000| Untracked 
| 120|0x0000000087800000, 0x0000000087800000, 0x0000000087900000|  0%| F|  |TAMS 0x0000000087800000, 0x0000000087800000| Untracked 
| 121|0x0000000087900000, 0x0000000087900000, 0x0000000087a00000|  0%| F|  |TAMS 0x0000000087900000, 0x0000000087900000| Untracked 
| 122|0x0000000087a00000, 0x0000000087a00000, 0x0000000087b00000|  0%| F|  |TAMS 0x0000000087a00000, 0x0000000087a00000| Untracked 
| 123|0x0000000087b00000, 0x0000000087b00000, 0x0000000087c00000|  0%| F|  |TAMS 0x0000000087b00000, 0x0000000087b00000| Untracked 
| 124|0x0000000087c00000, 0x0000000087c00000, 0x0000000087d00000|  0%| F|  |TAMS 0x0000000087c00000, 0x0000000087c00000| Untracked 
| 125|0x0000000087d00000, 0x0000000087d00000, 0x0000000087e00000|  0%| F|  |TAMS 0x0000000087d00000, 0x0000000087d00000| Untracked 
| 126|0x0000000087e00000, 0x0000000087e00000, 0x0000000087f00000|  0%| F|  |TAMS 0x0000000087e00000, 0x0000000087e00000| Untracked 
| 127|0x0000000087f00000, 0x0000000087f00000, 0x0000000088000000|  0%| F|  |TAMS 0x0000000087f00000, 0x0000000087f00000| Untracked 
| 128|0x0000000088000000, 0x0000000088000000, 0x0000000088100000|  0%| F|  |TAMS 0x0000000088000000, 0x0000000088000000| Untracked 
| 129|0x0000000088100000, 0x0000000088100000, 0x0000000088200000|  0%| F|  |TAMS 0x0000000088100000, 0x0000000088100000| Untracked 
| 130|0x0000000088200000, 0x0000000088200000, 0x0000000088300000|  0%| F|  |TAMS 0x0000000088200000, 0x0000000088200000| Untracked 
| 131|0x0000000088300000, 0x0000000088300000, 0x0000000088400000|  0%| F|  |TAMS 0x0000000088300000, 0x0000000088300000| Untracked 
| 132|0x0000000088400000, 0x0000000088400000, 0x0000000088500000|  0%| F|  |TAMS 0x0000000088400000, 0x0000000088400000| Untracked 
| 133|0x0000000088500000, 0x0000000088500000, 0x0000000088600000|  0%| F|  |TAMS 0x0000000088500000, 0x0000000088500000| Untracked 
| 134|0x0000000088600000, 0x0000000088600000, 0x0000000088700000|  0%| F|  |TAMS 0x0000000088600000, 0x0000000088600000| Untracked 
| 135|0x0000000088700000, 0x0000000088700000, 0x0000000088800000|  0%| F|  |TAMS 0x0000000088700000, 0x0000000088700000| Untracked 
| 136|0x0000000088800000, 0x0000000088800000, 0x0000000088900000|  0%| F|  |TAMS 0x0000000088800000, 0x0000000088800000| Untracked 
| 137|0x0000000088900000, 0x0000000088900000, 0x0000000088a00000|  0%| F|  |TAMS 0x0000000088900000, 0x0000000088900000| Untracked 
| 138|0x0000000088a00000, 0x0000000088a00000, 0x0000000088b00000|  0%| F|  |TAMS 0x0000000088a00000, 0x0000000088a00000| Untracked 
| 139|0x0000000088b00000, 0x0000000088b00000, 0x0000000088c00000|  0%| F|  |TAMS 0x0000000088b00000, 0x0000000088b00000| Untracked 
| 140|0x0000000088c00000, 0x0000000088c00000, 0x0000000088d00000|  0%| F|  |TAMS 0x0000000088c00000, 0x0000000088c00000| Untracked 
| 141|0x0000000088d00000, 0x0000000088d00000, 0x0000000088e00000|  0%| F|  |TAMS 0x0000000088d00000, 0x0000000088d00000| Untracked 
| 142|0x0000000088e00000, 0x0000000088e00000, 0x0000000088f00000|  0%| F|  |TAMS 0x0000000088e00000, 0x0000000088e00000| Untracked 
| 143|0x0000000088f00000, 0x0000000088f00000, 0x0000000089000000|  0%| F|  |TAMS 0x0000000088f00000, 0x0000000088f00000| Untracked 
| 144|0x0000000089000000, 0x0000000089000000, 0x0000000089100000|  0%| F|  |TAMS 0x0000000089000000, 0x0000000089000000| Untracked 
| 145|0x0000000089100000, 0x0000000089100000, 0x0000000089200000|  0%| F|  |TAMS 0x0000000089100000, 0x0000000089100000| Untracked 
| 146|0x0000000089200000, 0x0000000089200000, 0x0000000089300000|  0%| F|  |TAMS 0x0000000089200000, 0x0000000089200000| Untracked 
| 147|0x0000000089300000, 0x0000000089300000, 0x0000000089400000|  0%| F|  |TAMS 0x0000000089300000, 0x0000000089300000| Untracked 
| 148|0x0000000089400000, 0x0000000089400000, 0x0000000089500000|  0%| F|  |TAMS 0x0000000089400000, 0x0000000089400000| Untracked 
| 149|0x0000000089500000, 0x0000000089500000, 0x0000000089600000|  0%| F|  |TAMS 0x0000000089500000, 0x0000000089500000| Untracked 
| 150|0x0000000089600000, 0x0000000089600000, 0x0000000089700000|  0%| F|  |TAMS 0x0000000089600000, 0x0000000089600000| Untracked 
| 151|0x0000000089700000, 0x0000000089700000, 0x0000000089800000|  0%| F|  |TAMS 0x0000000089700000, 0x0000000089700000| Untracked 
| 152|0x0000000089800000, 0x0000000089800000, 0x0000000089900000|  0%| F|  |TAMS 0x0000000089800000, 0x0000000089800000| Untracked 
| 153|0x0000000089900000, 0x0000000089900000, 0x0000000089a00000|  0%| F|  |TAMS 0x0000000089900000, 0x0000000089900000| Untracked 
| 154|0x0000000089a00000, 0x0000000089a00000, 0x0000000089b00000|  0%| F|  |TAMS 0x0000000089a00000, 0x0000000089a00000| Untracked 
| 155|0x0000000089b00000, 0x0000000089b00000, 0x0000000089c00000|  0%| F|  |TAMS 0x0000000089b00000, 0x0000000089b00000| Untracked 
| 156|0x0000000089c00000, 0x0000000089c00000, 0x0000000089d00000|  0%| F|  |TAMS 0x0000000089c00000, 0x0000000089c00000| Untracked 
| 157|0x0000000089d00000, 0x0000000089d00000, 0x0000000089e00000|  0%| F|  |TAMS 0x0000000089d00000, 0x0000000089d00000| Untracked 
| 158|0x0000000089e00000, 0x0000000089e00000, 0x0000000089f00000|  0%| F|  |TAMS 0x0000000089e00000, 0x0000000089e00000| Untracked 
| 159|0x0000000089f00000, 0x0000000089f00000, 0x000000008a000000|  0%| F|  |TAMS 0x0000000089f00000, 0x0000000089f00000| Untracked 
| 160|0x000000008a000000, 0x000000008a000000, 0x000000008a100000|  0%| F|  |TAMS 0x000000008a000000, 0x000000008a000000| Untracked 
| 161|0x000000008a100000, 0x000000008a100000, 0x000000008a200000|  0%| F|  |TAMS 0x000000008a100000, 0x000000008a100000| Untracked 
| 162|0x000000008a200000, 0x000000008a200000, 0x000000008a300000|  0%| F|  |TAMS 0x000000008a200000, 0x000000008a200000| Untracked 
| 163|0x000000008a300000, 0x000000008a300000, 0x000000008a400000|  0%| F|  |TAMS 0x000000008a300000, 0x000000008a300000| Untracked 
| 164|0x000000008a400000, 0x000000008a400000, 0x000000008a500000|  0%| F|  |TAMS 0x000000008a400000, 0x000000008a400000| Untracked 
| 165|0x000000008a500000, 0x000000008a500000, 0x000000008a600000|  0%| F|  |TAMS 0x000000008a500000, 0x000000008a500000| Untracked 
| 166|0x000000008a600000, 0x000000008a600000, 0x000000008a700000|  0%| F|  |TAMS 0x000000008a600000, 0x000000008a600000| Untracked 
| 167|0x000000008a700000, 0x000000008a700000, 0x000000008a800000|  0%| F|  |TAMS 0x000000008a700000, 0x000000008a700000| Untracked 
| 168|0x000000008a800000, 0x000000008a800000, 0x000000008a900000|  0%| F|  |TAMS 0x000000008a800000, 0x000000008a800000| Untracked 
| 169|0x000000008a900000, 0x000000008a900000, 0x000000008aa00000|  0%| F|  |TAMS 0x000000008a900000, 0x000000008a900000| Untracked 
| 170|0x000000008aa00000, 0x000000008aa00000, 0x000000008ab00000|  0%| F|  |TAMS 0x000000008aa00000, 0x000000008aa00000| Untracked 
| 171|0x000000008ab00000, 0x000000008ab00000, 0x000000008ac00000|  0%| F|  |TAMS 0x000000008ab00000, 0x000000008ab00000| Untracked 
| 172|0x000000008ac00000, 0x000000008ac00000, 0x000000008ad00000|  0%| F|  |TAMS 0x000000008ac00000, 0x000000008ac00000| Untracked 
| 173|0x000000008ad00000, 0x000000008ad00000, 0x000000008ae00000|  0%| F|  |TAMS 0x000000008ad00000, 0x000000008ad00000| Untracked 
| 174|0x000000008ae00000, 0x000000008ae00000, 0x000000008af00000|  0%| F|  |TAMS 0x000000008ae00000, 0x000000008ae00000| Untracked 
| 175|0x000000008af00000, 0x000000008af00000, 0x000000008b000000|  0%| F|  |TAMS 0x000000008af00000, 0x000000008af00000| Untracked 
| 176|0x000000008b000000, 0x000000008b000000, 0x000000008b100000|  0%| F|  |TAMS 0x000000008b000000, 0x000000008b000000| Untracked 
| 177|0x000000008b100000, 0x000000008b100000, 0x000000008b200000|  0%| F|  |TAMS 0x000000008b100000, 0x000000008b100000| Untracked 
| 178|0x000000008b200000, 0x000000008b200000, 0x000000008b300000|  0%| F|  |TAMS 0x000000008b200000, 0x000000008b200000| Untracked 
| 179|0x000000008b300000, 0x000000008b300000, 0x000000008b400000|  0%| F|  |TAMS 0x000000008b300000, 0x000000008b300000| Untracked 
| 180|0x000000008b400000, 0x000000008b400000, 0x000000008b500000|  0%| F|  |TAMS 0x000000008b400000, 0x000000008b400000| Untracked 
| 181|0x000000008b500000, 0x000000008b500000, 0x000000008b600000|  0%| F|  |TAMS 0x000000008b500000, 0x000000008b500000| Untracked 
| 182|0x000000008b600000, 0x000000008b600000, 0x000000008b700000|  0%| F|  |TAMS 0x000000008b600000, 0x000000008b600000| Untracked 
| 183|0x000000008b700000, 0x000000008b800000, 0x000000008b800000|100%| S|CS|TAMS 0x000000008b700000, 0x000000008b700000| Complete 
| 184|0x000000008b800000, 0x000000008b900000, 0x000000008b900000|100%| S|CS|TAMS 0x000000008b800000, 0x000000008b800000| Complete 
| 185|0x000000008b900000, 0x000000008ba00000, 0x000000008ba00000|100%| S|CS|TAMS 0x000000008b900000, 0x000000008b900000| Complete 
| 186|0x000000008ba00000, 0x000000008bb00000, 0x000000008bb00000|100%| S|CS|TAMS 0x000000008ba00000, 0x000000008ba00000| Complete 
| 187|0x000000008bb00000, 0x000000008bc00000, 0x000000008bc00000|100%| S|CS|TAMS 0x000000008bb00000, 0x000000008bb00000| Complete 
| 188|0x000000008bc00000, 0x000000008bd00000, 0x000000008bd00000|100%| S|CS|TAMS 0x000000008bc00000, 0x000000008bc00000| Complete 
| 189|0x000000008bd00000, 0x000000008be00000, 0x000000008be00000|100%| S|CS|TAMS 0x000000008bd00000, 0x000000008bd00000| Complete 
| 190|0x000000008be00000, 0x000000008bf00000, 0x000000008bf00000|100%| S|CS|TAMS 0x000000008be00000, 0x000000008be00000| Complete 
| 191|0x000000008bf00000, 0x000000008c000000, 0x000000008c000000|100%| S|CS|TAMS 0x000000008bf00000, 0x000000008bf00000| Complete 
| 192|0x000000008c000000, 0x000000008c100000, 0x000000008c100000|100%| S|CS|TAMS 0x000000008c000000, 0x000000008c000000| Complete 
| 193|0x000000008c100000, 0x000000008c200000, 0x000000008c200000|100%| S|CS|TAMS 0x000000008c100000, 0x000000008c100000| Complete 
| 194|0x000000008c200000, 0x000000008c300000, 0x000000008c300000|100%| S|CS|TAMS 0x000000008c200000, 0x000000008c200000| Complete 
| 195|0x000000008c300000, 0x000000008c400000, 0x000000008c400000|100%| S|CS|TAMS 0x000000008c300000, 0x000000008c300000| Complete 
| 196|0x000000008c400000, 0x000000008c500000, 0x000000008c500000|100%| S|CS|TAMS 0x000000008c400000, 0x000000008c400000| Complete 
| 197|0x000000008c500000, 0x000000008c500000, 0x000000008c600000|  0%| F|  |TAMS 0x000000008c500000, 0x000000008c500000| Untracked 
| 198|0x000000008c600000, 0x000000008c600000, 0x000000008c700000|  0%| F|  |TAMS 0x000000008c600000, 0x000000008c600000| Untracked 
| 199|0x000000008c700000, 0x000000008c700000, 0x000000008c800000|  0%| F|  |TAMS 0x000000008c700000, 0x000000008c700000| Untracked 
| 200|0x000000008c800000, 0x000000008c800000, 0x000000008c900000|  0%| F|  |TAMS 0x000000008c800000, 0x000000008c800000| Untracked 
| 201|0x000000008c900000, 0x000000008c900000, 0x000000008ca00000|  0%| F|  |TAMS 0x000000008c900000, 0x000000008c900000| Untracked 
| 202|0x000000008ca00000, 0x000000008ca00000, 0x000000008cb00000|  0%| F|  |TAMS 0x000000008ca00000, 0x000000008ca00000| Untracked 
| 203|0x000000008cb00000, 0x000000008cb00000, 0x000000008cc00000|  0%| F|  |TAMS 0x000000008cb00000, 0x000000008cb00000| Untracked 
| 204|0x000000008cc00000, 0x000000008cc00000, 0x000000008cd00000|  0%| F|  |TAMS 0x000000008cc00000, 0x000000008cc00000| Untracked 
| 205|0x000000008cd00000, 0x000000008cd00000, 0x000000008ce00000|  0%| F|  |TAMS 0x000000008cd00000, 0x000000008cd00000| Untracked 
| 206|0x000000008ce00000, 0x000000008ce00000, 0x000000008cf00000|  0%| F|  |TAMS 0x000000008ce00000, 0x000000008ce00000| Untracked 
| 207|0x000000008cf00000, 0x000000008cf00000, 0x000000008d000000|  0%| F|  |TAMS 0x000000008cf00000, 0x000000008cf00000| Untracked 
| 208|0x000000008d000000, 0x000000008d000000, 0x000000008d100000|  0%| F|  |TAMS 0x000000008d000000, 0x000000008d000000| Untracked 
| 209|0x000000008d100000, 0x000000008d100000, 0x000000008d200000|  0%| F|  |TAMS 0x000000008d100000, 0x000000008d100000| Untracked 
| 210|0x000000008d200000, 0x000000008d200000, 0x000000008d300000|  0%| F|  |TAMS 0x000000008d200000, 0x000000008d200000| Untracked 
| 211|0x000000008d300000, 0x000000008d300000, 0x000000008d400000|  0%| F|  |TAMS 0x000000008d300000, 0x000000008d300000| Untracked 
| 212|0x000000008d400000, 0x000000008d400000, 0x000000008d500000|  0%| F|  |TAMS 0x000000008d400000, 0x000000008d400000| Untracked 
| 213|0x000000008d500000, 0x000000008d500000, 0x000000008d600000|  0%| F|  |TAMS 0x000000008d500000, 0x000000008d500000| Untracked 
| 214|0x000000008d600000, 0x000000008d600000, 0x000000008d700000|  0%| F|  |TAMS 0x000000008d600000, 0x000000008d600000| Untracked 
| 215|0x000000008d700000, 0x000000008d700000, 0x000000008d800000|  0%| F|  |TAMS 0x000000008d700000, 0x000000008d700000| Untracked 
| 216|0x000000008d800000, 0x000000008d800000, 0x000000008d900000|  0%| F|  |TAMS 0x000000008d800000, 0x000000008d800000| Untracked 
| 217|0x000000008d900000, 0x000000008d900000, 0x000000008da00000|  0%| F|  |TAMS 0x000000008d900000, 0x000000008d900000| Untracked 
| 218|0x000000008da00000, 0x000000008da00000, 0x000000008db00000|  0%| F|  |TAMS 0x000000008da00000, 0x000000008da00000| Untracked 
| 219|0x000000008db00000, 0x000000008db00000, 0x000000008dc00000|  0%| F|  |TAMS 0x000000008db00000, 0x000000008db00000| Untracked 
| 220|0x000000008dc00000, 0x000000008dc00000, 0x000000008dd00000|  0%| F|  |TAMS 0x000000008dc00000, 0x000000008dc00000| Untracked 
| 221|0x000000008dd00000, 0x000000008dd00000, 0x000000008de00000|  0%| F|  |TAMS 0x000000008dd00000, 0x000000008dd00000| Untracked 
| 222|0x000000008de00000, 0x000000008de00000, 0x000000008df00000|  0%| F|  |TAMS 0x000000008de00000, 0x000000008de00000| Untracked 
| 223|0x000000008df00000, 0x000000008df00000, 0x000000008e000000|  0%| F|  |TAMS 0x000000008df00000, 0x000000008df00000| Untracked 
| 224|0x000000008e000000, 0x000000008e000000, 0x000000008e100000|  0%| F|  |TAMS 0x000000008e000000, 0x000000008e000000| Untracked 
| 225|0x000000008e100000, 0x000000008e100000, 0x000000008e200000|  0%| F|  |TAMS 0x000000008e100000, 0x000000008e100000| Untracked 
| 226|0x000000008e200000, 0x000000008e200000, 0x000000008e300000|  0%| F|  |TAMS 0x000000008e200000, 0x000000008e200000| Untracked 
| 227|0x000000008e300000, 0x000000008e300000, 0x000000008e400000|  0%| F|  |TAMS 0x000000008e300000, 0x000000008e300000| Untracked 
| 228|0x000000008e400000, 0x000000008e400000, 0x000000008e500000|  0%| F|  |TAMS 0x000000008e400000, 0x000000008e400000| Untracked 
| 229|0x000000008e500000, 0x000000008e500000, 0x000000008e600000|  0%| F|  |TAMS 0x000000008e500000, 0x000000008e500000| Untracked 
| 230|0x000000008e600000, 0x000000008e600000, 0x000000008e700000|  0%| F|  |TAMS 0x000000008e600000, 0x000000008e600000| Untracked 
| 231|0x000000008e700000, 0x000000008e700000, 0x000000008e800000|  0%| F|  |TAMS 0x000000008e700000, 0x000000008e700000| Untracked 
| 232|0x000000008e800000, 0x000000008e800000, 0x000000008e900000|  0%| F|  |TAMS 0x000000008e800000, 0x000000008e800000| Untracked 
| 233|0x000000008e900000, 0x000000008e900000, 0x000000008ea00000|  0%| F|  |TAMS 0x000000008e900000, 0x000000008e900000| Untracked 
| 234|0x000000008ea00000, 0x000000008ea00000, 0x000000008eb00000|  0%| F|  |TAMS 0x000000008ea00000, 0x000000008ea00000| Untracked 
| 235|0x000000008eb00000, 0x000000008eb00000, 0x000000008ec00000|  0%| F|  |TAMS 0x000000008eb00000, 0x000000008eb00000| Untracked 
| 236|0x000000008ec00000, 0x000000008ec00000, 0x000000008ed00000|  0%| F|  |TAMS 0x000000008ec00000, 0x000000008ec00000| Untracked 
| 237|0x000000008ed00000, 0x000000008ed00000, 0x000000008ee00000|  0%| F|  |TAMS 0x000000008ed00000, 0x000000008ed00000| Untracked 
| 238|0x000000008ee00000, 0x000000008ee00000, 0x000000008ef00000|  0%| F|  |TAMS 0x000000008ee00000, 0x000000008ee00000| Untracked 
| 239|0x000000008ef00000, 0x000000008ef00000, 0x000000008f000000|  0%| F|  |TAMS 0x000000008ef00000, 0x000000008ef00000| Untracked 
| 240|0x000000008f000000, 0x000000008f000000, 0x000000008f100000|  0%| F|  |TAMS 0x000000008f000000, 0x000000008f000000| Untracked 
| 241|0x000000008f100000, 0x000000008f100000, 0x000000008f200000|  0%| F|  |TAMS 0x000000008f100000, 0x000000008f100000| Untracked 
| 242|0x000000008f200000, 0x000000008f200000, 0x000000008f300000|  0%| F|  |TAMS 0x000000008f200000, 0x000000008f200000| Untracked 
| 243|0x000000008f300000, 0x000000008f300000, 0x000000008f400000|  0%| F|  |TAMS 0x000000008f300000, 0x000000008f300000| Untracked 
| 244|0x000000008f400000, 0x000000008f400000, 0x000000008f500000|  0%| F|  |TAMS 0x000000008f400000, 0x000000008f400000| Untracked 
| 245|0x000000008f500000, 0x000000008f500000, 0x000000008f600000|  0%| F|  |TAMS 0x000000008f500000, 0x000000008f500000| Untracked 
| 246|0x000000008f600000, 0x000000008f600000, 0x000000008f700000|  0%| F|  |TAMS 0x000000008f600000, 0x000000008f600000| Untracked 
| 247|0x000000008f700000, 0x000000008f700000, 0x000000008f800000|  0%| F|  |TAMS 0x000000008f700000, 0x000000008f700000| Untracked 
| 248|0x000000008f800000, 0x000000008f800000, 0x000000008f900000|  0%| F|  |TAMS 0x000000008f800000, 0x000000008f800000| Untracked 
| 249|0x000000008f900000, 0x000000008f900000, 0x000000008fa00000|  0%| F|  |TAMS 0x000000008f900000, 0x000000008f900000| Untracked 
| 250|0x000000008fa00000, 0x000000008fa00000, 0x000000008fb00000|  0%| F|  |TAMS 0x000000008fa00000, 0x000000008fa00000| Untracked 
| 251|0x000000008fb00000, 0x000000008fb00000, 0x000000008fc00000|  0%| F|  |TAMS 0x000000008fb00000, 0x000000008fb00000| Untracked 
| 252|0x000000008fc00000, 0x000000008fc00000, 0x000000008fd00000|  0%| F|  |TAMS 0x000000008fc00000, 0x000000008fc00000| Untracked 
| 253|0x000000008fd00000, 0x000000008fd00000, 0x000000008fe00000|  0%| F|  |TAMS 0x000000008fd00000, 0x000000008fd00000| Untracked 
| 254|0x000000008fe00000, 0x000000008fe00000, 0x000000008ff00000|  0%| F|  |TAMS 0x000000008fe00000, 0x000000008fe00000| Untracked 
| 255|0x000000008ff00000, 0x000000008ff00000, 0x0000000090000000|  0%| F|  |TAMS 0x000000008ff00000, 0x000000008ff00000| Untracked 
| 256|0x0000000090000000, 0x0000000090000000, 0x0000000090100000|  0%| F|  |TAMS 0x0000000090000000, 0x0000000090000000| Untracked 
| 257|0x0000000090100000, 0x0000000090100000, 0x0000000090200000|  0%| F|  |TAMS 0x0000000090100000, 0x0000000090100000| Untracked 
| 258|0x0000000090200000, 0x0000000090200000, 0x0000000090300000|  0%| F|  |TAMS 0x0000000090200000, 0x0000000090200000| Untracked 
| 259|0x0000000090300000, 0x0000000090300000, 0x0000000090400000|  0%| F|  |TAMS 0x0000000090300000, 0x0000000090300000| Untracked 
| 260|0x0000000090400000, 0x0000000090400000, 0x0000000090500000|  0%| F|  |TAMS 0x0000000090400000, 0x0000000090400000| Untracked 
| 261|0x0000000090500000, 0x0000000090500000, 0x0000000090600000|  0%| F|  |TAMS 0x0000000090500000, 0x0000000090500000| Untracked 
| 262|0x0000000090600000, 0x0000000090600000, 0x0000000090700000|  0%| F|  |TAMS 0x0000000090600000, 0x0000000090600000| Untracked 
| 263|0x0000000090700000, 0x0000000090700000, 0x0000000090800000|  0%| F|  |TAMS 0x0000000090700000, 0x0000000090700000| Untracked 
| 264|0x0000000090800000, 0x0000000090800000, 0x0000000090900000|  0%| F|  |TAMS 0x0000000090800000, 0x0000000090800000| Untracked 
| 265|0x0000000090900000, 0x0000000090900000, 0x0000000090a00000|  0%| F|  |TAMS 0x0000000090900000, 0x0000000090900000| Untracked 
| 266|0x0000000090a00000, 0x0000000090a00000, 0x0000000090b00000|  0%| F|  |TAMS 0x0000000090a00000, 0x0000000090a00000| Untracked 
| 267|0x0000000090b00000, 0x0000000090b00000, 0x0000000090c00000|  0%| F|  |TAMS 0x0000000090b00000, 0x0000000090b00000| Untracked 
| 268|0x0000000090c00000, 0x0000000090c00000, 0x0000000090d00000|  0%| F|  |TAMS 0x0000000090c00000, 0x0000000090c00000| Untracked 
| 269|0x0000000090d00000, 0x0000000090d80800, 0x0000000090e00000| 50%| E|  |TAMS 0x0000000090d00000, 0x0000000090d00000| Complete 
| 270|0x0000000090e00000, 0x0000000090f00000, 0x0000000090f00000|100%| E|CS|TAMS 0x0000000090e00000, 0x0000000090e00000| Complete 
| 271|0x0000000090f00000, 0x0000000091000000, 0x0000000091000000|100%| E|CS|TAMS 0x0000000090f00000, 0x0000000090f00000| Complete 
| 272|0x0000000091000000, 0x0000000091100000, 0x0000000091100000|100%| E|CS|TAMS 0x0000000091000000, 0x0000000091000000| Complete 
| 273|0x0000000091100000, 0x0000000091200000, 0x0000000091200000|100%| E|CS|TAMS 0x0000000091100000, 0x0000000091100000| Complete 
| 274|0x0000000091200000, 0x0000000091300000, 0x0000000091300000|100%| E|CS|TAMS 0x0000000091200000, 0x0000000091200000| Complete 
| 275|0x0000000091300000, 0x0000000091400000, 0x0000000091400000|100%| E|CS|TAMS 0x0000000091300000, 0x0000000091300000| Complete 
| 276|0x0000000091400000, 0x0000000091500000, 0x0000000091500000|100%| E|CS|TAMS 0x0000000091400000, 0x0000000091400000| Complete 
| 277|0x0000000091500000, 0x0000000091600000, 0x0000000091600000|100%| E|CS|TAMS 0x0000000091500000, 0x0000000091500000| Complete 
| 278|0x0000000091600000, 0x0000000091700000, 0x0000000091700000|100%| E|CS|TAMS 0x0000000091600000, 0x0000000091600000| Complete 
| 279|0x0000000091700000, 0x0000000091800000, 0x0000000091800000|100%| E|CS|TAMS 0x0000000091700000, 0x0000000091700000| Complete 
| 280|0x0000000091800000, 0x0000000091900000, 0x0000000091900000|100%| E|CS|TAMS 0x0000000091800000, 0x0000000091800000| Complete 
| 281|0x0000000091900000, 0x0000000091a00000, 0x0000000091a00000|100%| E|CS|TAMS 0x0000000091900000, 0x0000000091900000| Complete 
| 282|0x0000000091a00000, 0x0000000091b00000, 0x0000000091b00000|100%| E|CS|TAMS 0x0000000091a00000, 0x0000000091a00000| Complete 
| 283|0x0000000091b00000, 0x0000000091c00000, 0x0000000091c00000|100%| E|CS|TAMS 0x0000000091b00000, 0x0000000091b00000| Complete 
| 284|0x0000000091c00000, 0x0000000091d00000, 0x0000000091d00000|100%| E|CS|TAMS 0x0000000091c00000, 0x0000000091c00000| Complete 
| 285|0x0000000091d00000, 0x0000000091e00000, 0x0000000091e00000|100%| E|CS|TAMS 0x0000000091d00000, 0x0000000091d00000| Complete 
| 286|0x0000000091e00000, 0x0000000091f00000, 0x0000000091f00000|100%| E|CS|TAMS 0x0000000091e00000, 0x0000000091e00000| Complete 
| 287|0x0000000091f00000, 0x0000000092000000, 0x0000000092000000|100%| E|CS|TAMS 0x0000000091f00000, 0x0000000091f00000| Complete 
| 288|0x0000000092000000, 0x0000000092100000, 0x0000000092100000|100%| E|CS|TAMS 0x0000000092000000, 0x0000000092000000| Complete 
| 289|0x0000000092100000, 0x0000000092200000, 0x0000000092200000|100%| E|CS|TAMS 0x0000000092100000, 0x0000000092100000| Complete 
| 290|0x0000000092200000, 0x0000000092300000, 0x0000000092300000|100%| E|CS|TAMS 0x0000000092200000, 0x0000000092200000| Complete 
| 291|0x0000000092300000, 0x0000000092400000, 0x0000000092400000|100%| E|CS|TAMS 0x0000000092300000, 0x0000000092300000| Complete 
| 292|0x0000000092400000, 0x0000000092500000, 0x0000000092500000|100%| E|CS|TAMS 0x0000000092400000, 0x0000000092400000| Complete 
| 293|0x0000000092500000, 0x0000000092600000, 0x0000000092600000|100%| E|CS|TAMS 0x0000000092500000, 0x0000000092500000| Complete 
| 294|0x0000000092600000, 0x0000000092700000, 0x0000000092700000|100%| E|CS|TAMS 0x0000000092600000, 0x0000000092600000| Complete 
| 295|0x0000000092700000, 0x0000000092800000, 0x0000000092800000|100%| E|CS|TAMS 0x0000000092700000, 0x0000000092700000| Complete 

Card table byte_map: [0x0000000006e40000,0x0000000007240000] _byte_map_base: 0x0000000006a40000

Marking Bits (Prev, Next): (CMBitMap*) 0x000000000034bc68, (CMBitMap*) 0x000000000034bca0
 Prev Bits: [0x0000000007640000, 0x0000000009640000)
 Next Bits: [0x0000000009640000, 0x000000000b640000)

Polling page: 0x0000000000240000

Metaspace:

Usage:
  Non-class:     67.65 MB capacity,    66.59 MB ( 98%) used,   892.50 KB (  1%) free+waste,   189.56 KB ( <1%) overhead. 
      Class:     10.63 MB capacity,     9.99 MB ( 94%) used,   572.50 KB (  5%) free+waste,    87.69 KB ( <1%) overhead. 
       Both:     78.28 MB capacity,    76.58 MB ( 98%) used,     1.43 MB (  2%) free+waste,   277.25 KB ( <1%) overhead. 

Virtual space:
  Non-class space:       68.00 MB reserved,      67.75 MB (>99%) committed 
      Class space:        1.00 GB reserved,      10.75 MB (  1%) committed 
             Both:        1.07 GB reserved,      78.50 MB (  7%) committed 

Chunk freelists:
   Non-Class:  0 bytes
       Class:  0 bytes
        Both:  0 bytes

MaxMetaspaceSize: 17179869184.00 GB
CompressedClassSpaceSize: 1.00 GB
Initial GC threshold: 20.80 MB
Current GC threshold: 125.84 MB
CDS: off

CodeHeap 'non-profiled nmethods': size=120064Kb used=4179Kb max_used=4179Kb free=115884Kb
 bounds [0x0000000016ad0000, 0x0000000016ef0000, 0x000000001e010000]
CodeHeap 'profiled nmethods': size=120000Kb used=15531Kb max_used=15531Kb free=104468Kb
 bounds [0x000000000f5a0000, 0x00000000104d0000, 0x0000000016ad0000]
CodeHeap 'non-nmethods': size=5696Kb used=2358Kb max_used=2397Kb free=3338Kb
 bounds [0x000000000f010000, 0x000000000f280000, 0x000000000f5a0000]
 total_blobs=8200 nmethods=7330 adapters=782
 compilation: enabled
              stopped_count=0, restarted_count=0
 full_count=0

Compilation events (20 events):
Event: 11.088 Thread 0x000000000eafe000 7362       2       org.gradle.api.internal.provider.AbstractProperty::beforeRead (29 bytes)
Event: 11.088 Thread 0x000000000eafe000 nmethod 7362 0x00000000104bdc90 code [0x00000000104bde60, 0x00000000104be008]
Event: 11.088 Thread 0x000000000eafe000 7363       2       com.google.common.collect.LinkedHashMultimap::create (11 bytes)
Event: 11.088 Thread 0x000000000eafe000 nmethod 7363 0x00000000104be110 code [0x00000000104be2c0, 0x00000000104be428]
Event: 11.088 Thread 0x000000000eafe000 7364       2       com.google.common.collect.LinkedHashMultimap::<init> (52 bytes)
Event: 11.089 Thread 0x000000000eafe000 nmethod 7364 0x00000000104be510 code [0x00000000104be720, 0x00000000104bebd8]
Event: 11.092 Thread 0x000000000eafe000 7365       1       org.gradle.api.services.internal.BuildServiceProvider::getType (5 bytes)
Event: 11.092 Thread 0x000000000eafe000 nmethod 7365 0x0000000016edef10 code [0x0000000016edf0c0, 0x0000000016edf178]
Event: 11.092 Thread 0x000000000eafe000 7366       2       org.gradle.api.internal.provider.AbstractProperty::calculateOwnValue (15 bytes)
Event: 11.093 Thread 0x000000000eafe000 nmethod 7366 0x00000000104bee10 code [0x00000000104befe0, 0x00000000104bf1b8]
Event: 11.093 Thread 0x000000000eafe000 7367   !   2       org.gradle.api.internal.provider.AbstractProperty::doCalculateValue (48 bytes)
Event: 11.093 Thread 0x000000000eafe000 nmethod 7367 0x00000000104bf310 code [0x00000000104bf560, 0x00000000104bfbe8]
Event: 11.095 Thread 0x000000000eafe000 7368       2       com.google.common.collect.LinkedHashMultimap$ValueSet$1::next (43 bytes)
Event: 11.095 Thread 0x000000000eafe000 nmethod 7368 0x00000000104bff90 code [0x00000000104c0180, 0x00000000104c0518]
Event: 11.097 Thread 0x000000000eafe000 7369       2       org.gradle.api.internal.provider.DefaultProperty::calculateValueFrom (10 bytes)
Event: 11.098 Thread 0x000000000eafe000 nmethod 7369 0x00000000104c0710 code [0x00000000104c08c0, 0x00000000104c0a28]
Event: 11.098 Thread 0x000000000eafe000 7370       2       org.gradle.api.internal.provider.DefaultProperty::calculateValueFrom (8 bytes)
Event: 11.098 Thread 0x000000000eafe000 nmethod 7370 0x00000000104c0b10 code [0x00000000104c0cc0, 0x00000000104c0de8]
Event: 11.106 Thread 0x000000000eafe000 7371       2       java.lang.reflect.Constructor::isSynthetic (5 bytes)
Event: 11.106 Thread 0x000000000eafe000 nmethod 7371 0x00000000104c0e90 code [0x00000000104c1040, 0x00000000104c1158]

GC Heap History (20 events):
Event: 0.628 GC heap before
{Heap before GC invocations=1 (full 0):
 garbage-first heap   total 196608K, used 18822K [0x0000000080000000, 0x0000000100000000)
  region size 1024K, 13 young (13312K), 2 survivors (2048K)
 Metaspace       used 10232K, capacity 10493K, committed 10624K, reserved 1058816K
  class space    used 1071K, capacity 1139K, committed 1152K, reserved 1048576K
}
Event: 0.631 GC heap after
{Heap after GC invocations=2 (full 0):
 garbage-first heap   total 196608K, used 9607K [0x0000000080000000, 0x0000000100000000)
  region size 1024K, 2 young (2048K), 2 survivors (2048K)
 Metaspace       used 10232K, capacity 10493K, committed 10624K, reserved 1058816K
  class space    used 1071K, capacity 1139K, committed 1152K, reserved 1048576K
}
Event: 0.856 GC heap before
{Heap before GC invocations=2 (full 0):
 garbage-first heap   total 196608K, used 39303K [0x0000000080000000, 0x0000000100000000)
  region size 1024K, 30 young (30720K), 2 survivors (2048K)
 Metaspace       used 11186K, capacity 11448K, committed 11520K, reserved 1058816K
  class space    used 1172K, capacity 1244K, committed 1280K, reserved 1048576K
}
Event: 0.859 GC heap after
{Heap after GC invocations=3 (full 0):
 garbage-first heap   total 196608K, used 12045K [0x0000000080000000, 0x0000000100000000)
  region size 1024K, 4 young (4096K), 4 survivors (4096K)
 Metaspace       used 11186K, capacity 11448K, committed 11520K, reserved 1058816K
  class space    used 1172K, capacity 1244K, committed 1280K, reserved 1048576K
}
Event: 1.666 GC heap before
{Heap before GC invocations=3 (full 0):
 garbage-first heap   total 196608K, used 54029K [0x0000000080000000, 0x0000000100000000)
  region size 1024K, 46 young (47104K), 4 survivors (4096K)
 Metaspace       used 17511K, capacity 17945K, committed 18176K, reserved 1064960K
  class space    used 2065K, capacity 2179K, committed 2304K, reserved 1048576K
}
Event: 1.674 GC heap after
{Heap after GC invocations=4 (full 0):
 garbage-first heap   total 196608K, used 15895K [0x0000000080000000, 0x0000000100000000)
  region size 1024K, 6 young (6144K), 6 survivors (6144K)
 Metaspace       used 17511K, capacity 17945K, committed 18176K, reserved 1064960K
  class space    used 2065K, capacity 2179K, committed 2304K, reserved 1048576K
}
Event: 1.975 GC heap before
{Heap before GC invocations=4 (full 0):
 garbage-first heap   total 196608K, used 46615K [0x0000000080000000, 0x0000000100000000)
  region size 1024K, 37 young (37888K), 6 survivors (6144K)
 Metaspace       used 20719K, capacity 21147K, committed 21296K, reserved 1069056K
  class space    used 2551K, capacity 2714K, committed 2816K, reserved 1048576K
}
Event: 1.982 GC heap after
{Heap after GC invocations=5 (full 0):
 garbage-first heap   total 196608K, used 17384K [0x0000000080000000, 0x0000000100000000)
  region size 1024K, 6 young (6144K), 6 survivors (6144K)
 Metaspace       used 20719K, capacity 21147K, committed 21296K, reserved 1069056K
  class space    used 2551K, capacity 2714K, committed 2816K, reserved 1048576K
}
Event: 2.735 GC heap before
{Heap before GC invocations=6 (full 0):
 garbage-first heap   total 196608K, used 77800K [0x0000000080000000, 0x0000000100000000)
  region size 1024K, 65 young (66560K), 6 survivors (6144K)
 Metaspace       used 26704K, capacity 27339K, committed 27520K, reserved 1073152K
  class space    used 3484K, capacity 3698K, committed 3712K, reserved 1048576K
}
Event: 2.752 GC heap after
{Heap after GC invocations=7 (full 0):
 garbage-first heap   total 236544K, used 19858K [0x0000000080000000, 0x0000000100000000)
  region size 1024K, 4 young (4096K), 4 survivors (4096K)
 Metaspace       used 26704K, capacity 27339K, committed 27520K, reserved 1073152K
  class space    used 3484K, capacity 3698K, committed 3712K, reserved 1048576K
}
Event: 4.408 GC heap before
{Heap before GC invocations=8 (full 0):
 garbage-first heap   total 236544K, used 143762K [0x0000000080000000, 0x0000000100000000)
  region size 1024K, 123 young (125952K), 4 survivors (4096K)
 Metaspace       used 40342K, capacity 41297K, committed 41344K, reserved 1085440K
  class space    used 5129K, capacity 5477K, committed 5504K, reserved 1048576K
}
Event: 4.427 GC heap after
{Heap after GC invocations=9 (full 0):
 garbage-first heap   total 236544K, used 28023K [0x0000000080000000, 0x0000000100000000)
  region size 1024K, 12 young (12288K), 12 survivors (12288K)
 Metaspace       used 40342K, capacity 41297K, committed 41344K, reserved 1085440K
  class space    used 5129K, capacity 5477K, committed 5504K, reserved 1048576K
}
Event: 5.132 GC heap before
{Heap before GC invocations=9 (full 0):
 garbage-first heap   total 236544K, used 78199K [0x0000000080000000, 0x0000000100000000)
  region size 1024K, 61 young (62464K), 12 survivors (12288K)
 Metaspace       used 44856K, capacity 45783K, committed 45824K, reserved 1089536K
  class space    used 5751K, capacity 6132K, committed 6144K, reserved 1048576K
}
Event: 5.154 GC heap after
{Heap after GC invocations=10 (full 0):
 garbage-first heap   total 236544K, used 29881K [0x0000000080000000, 0x0000000100000000)
  region size 1024K, 11 young (11264K), 11 survivors (11264K)
 Metaspace       used 44856K, capacity 45783K, committed 45824K, reserved 1089536K
  class space    used 5751K, capacity 6132K, committed 6144K, reserved 1048576K
}
Event: 7.358 GC heap before
{Heap before GC invocations=11 (full 0):
 garbage-first heap   total 236544K, used 164025K [0x0000000080000000, 0x0000000100000000)
  region size 1024K, 138 young (141312K), 11 survivors (11264K)
 Metaspace       used 54515K, capacity 55814K, committed 55936K, reserved 1097728K
  class space    used 6983K, capacity 7501K, committed 7552K, reserved 1048576K
}
Event: 7.387 GC heap after
{Heap after GC invocations=12 (full 0):
 garbage-first heap   total 236544K, used 46311K [0x0000000080000000, 0x0000000100000000)
  region size 1024K, 15 young (15360K), 15 survivors (15360K)
 Metaspace       used 54515K, capacity 55814K, committed 55936K, reserved 1097728K
  class space    used 6983K, capacity 7501K, committed 7552K, reserved 1048576K
}
Event: 9.053 GC heap before
{Heap before GC invocations=12 (full 0):
 garbage-first heap   total 236544K, used 172263K [0x0000000080000000, 0x0000000100000000)
  region size 1024K, 138 young (141312K), 15 survivors (15360K)
 Metaspace       used 66373K, capacity 67900K, committed 68224K, reserved 1107968K
  class space    used 8399K, capacity 8973K, committed 9088K, reserved 1048576K
}
Event: 9.077 GC heap after
{Heap after GC invocations=13 (full 0):
 garbage-first heap   total 303104K, used 55748K [0x0000000080000000, 0x0000000100000000)
  region size 1024K, 10 young (10240K), 10 survivors (10240K)
 Metaspace       used 66373K, capacity 67900K, committed 68224K, reserved 1107968K
  class space    used 8399K, capacity 8973K, committed 9088K, reserved 1048576K
}
Event: 10.574 GC heap before
{Heap before GC invocations=13 (full 0):
 garbage-first heap   total 303104K, used 156100K [0x0000000080000000, 0x0000000100000000)
  region size 1024K, 109 young (111616K), 10 survivors (10240K)
 Metaspace       used 75036K, capacity 76650K, committed 76800K, reserved 1116160K
  class space    used 9745K, capacity 10372K, committed 10496K, reserved 1048576K
}
Event: 10.619 GC heap after
{Heap after GC invocations=14 (full 0):
 garbage-first heap   total 303104K, used 60356K [0x0000000080000000, 0x0000000100000000)
  region size 1024K, 14 young (14336K), 14 survivors (14336K)
 Metaspace       used 75036K, capacity 76650K, committed 76800K, reserved 1116160K
  class space    used 9745K, capacity 10372K, committed 10496K, reserved 1048576K
}

Deoptimization events (20 events):
Event: 10.537 Thread 0x00000000612f4000 Uncommon trap: trap_request=0xffffff4d fr.pc=0x0000000016bda6a8 relative=0x0000000000000828
Event: 10.537 Thread 0x00000000612f4000 Uncommon trap: reason=unstable_if action=reinterpret pc=0x0000000016bda6a8 method=java.util.jar.JarFile.getVersionedEntry(Ljava/lang/String;Ljava/util/jar/JarEntry;)Ljava/util/jar/JarEntry; @ 67 c2
Event: 10.537 Thread 0x00000000612f4000 DEOPT PACKING pc=0x0000000016bda6a8 sp=0x0000000062257280
Event: 10.537 Thread 0x00000000612f4000 DEOPT UNPACKING pc=0x000000000f05a1af sp=0x0000000062257268 mode 2
Event: 11.030 Thread 0x00000000612f4000 Uncommon trap: trap_request=0xffffff4d fr.pc=0x0000000016c84828 relative=0x0000000000000068
Event: 11.030 Thread 0x00000000612f4000 Uncommon trap: reason=unstable_if action=reinterpret pc=0x0000000016c84828 method=java.util.regex.Matcher.find()Z @ 10 c2
Event: 11.030 Thread 0x00000000612f4000 DEOPT PACKING pc=0x0000000016c84828 sp=0x0000000062258f60
Event: 11.030 Thread 0x00000000612f4000 DEOPT UNPACKING pc=0x000000000f05a1af sp=0x0000000062258ee0 mode 2
Event: 11.041 Thread 0x00000000612f4000 Uncommon trap: trap_request=0xffffff4d fr.pc=0x0000000016e5b3bc relative=0x00000000000002dc
Event: 11.041 Thread 0x00000000612f4000 Uncommon trap: reason=unstable_if action=reinterpret pc=0x0000000016e5b3bc method=java.lang.CharacterDataLatin1.digit(II)I @ 12 c2
Event: 11.041 Thread 0x00000000612f4000 DEOPT PACKING pc=0x0000000016e5b3bc sp=0x0000000062259330
Event: 11.041 Thread 0x00000000612f4000 DEOPT UNPACKING pc=0x000000000f05a1af sp=0x0000000062259150 mode 2
Event: 11.059 Thread 0x00000000612f4000 Uncommon trap: trap_request=0xffffff4d fr.pc=0x0000000016db0fb4 relative=0x0000000000000094
Event: 11.059 Thread 0x00000000612f4000 Uncommon trap: reason=unstable_if action=reinterpret pc=0x0000000016db0fb4 method=java.lang.CharacterDataLatin1.digit(II)I @ 12 c2
Event: 11.059 Thread 0x00000000612f4000 DEOPT PACKING pc=0x0000000016db0fb4 sp=0x0000000062259180
Event: 11.059 Thread 0x00000000612f4000 DEOPT UNPACKING pc=0x000000000f05a1af sp=0x00000000622590f8 mode 2
Event: 11.060 Thread 0x00000000612f4000 Uncommon trap: trap_request=0xffffff4d fr.pc=0x0000000016ae73dc relative=0x000000000000003c
Event: 11.060 Thread 0x00000000612f4000 Uncommon trap: reason=unstable_if action=reinterpret pc=0x0000000016ae73dc method=sun.nio.fs.WindowsPathParser.isSlash(C)Z @ 9 c2
Event: 11.060 Thread 0x00000000612f4000 DEOPT PACKING pc=0x0000000016ae73dc sp=0x0000000062259860
Event: 11.060 Thread 0x00000000612f4000 DEOPT UNPACKING pc=0x000000000f05a1af sp=0x00000000622597e8 mode 2

Classes redefined (0 events):
No events

Internal exceptions (20 events):
Event: 9.169 Thread 0x00000000612f4000 Exception <a 'java/lang/ClassNotFoundException'{0x0000000091ced4f8}: groovy/lang/GStringCustomizer> (0x0000000091ced4f8) thrown at [./src/hotspot/share/classfile/systemDictionary.cpp, line 231]
Event: 9.171 Thread 0x00000000612f4000 Exception <a 'java/lang/ClassNotFoundException'{0x0000000091b32968}: groovy/lang/GString$1Customizer> (0x0000000091b32968) thrown at [./src/hotspot/share/classfile/systemDictionary.cpp, line 231]
Event: 9.186 Thread 0x00000000612f4000 Exception <a 'java/lang/ClassNotFoundException'{0x00000000918f0b48}: org/codehaus/groovy/runtime/GStringImplBeanInfo> (0x00000000918f0b48) thrown at [./src/hotspot/share/classfile/systemDictionary.cpp, line 231]
Event: 9.191 Thread 0x00000000612f4000 Exception <a 'java/lang/ClassNotFoundException'{0x00000000915aaf38}: org/codehaus/groovy/runtime/GStringImplCustomizer> (0x00000000915aaf38) thrown at [./src/hotspot/share/classfile/systemDictionary.cpp, line 231]
Event: 10.090 Thread 0x00000000612f4000 Exception <a 'java/lang/ClassNotFoundException'{0x000000008e673458}: com/android/build/gradle/internal/api/ApkVariantOutputImpl_DecoratedBeanInfo> (0x000000008e673458) thrown at [./src/hotspot/share/classfile/systemDictionary.cpp, line 231]
Event: 10.090 Thread 0x00000000612f4000 Exception <a 'java/lang/ClassNotFoundException'{0x000000008e68dec8}: com/android/build/gradle/internal/api/ApkVariantOutputImplBeanInfo> (0x000000008e68dec8) thrown at [./src/hotspot/share/classfile/systemDictionary.cpp, line 231]
Event: 10.090 Thread 0x00000000612f4000 Exception <a 'java/lang/ClassNotFoundException'{0x000000008e6a8f38}: com/android/build/gradle/internal/api/BaseVariantOutputImplBeanInfo> (0x000000008e6a8f38) thrown at [./src/hotspot/share/classfile/systemDictionary.cpp, line 231]
Event: 10.091 Thread 0x00000000612f4000 Exception <a 'java/lang/ClassNotFoundException'{0x000000008e6c4010}: com/android/build/gradle/internal/api/BaseVariantOutputImplCustomizer> (0x000000008e6c4010) thrown at [./src/hotspot/share/classfile/systemDictionary.cpp, line 231]
Event: 10.091 Thread 0x00000000612f4000 Exception <a 'java/lang/ClassNotFoundException'{0x000000008e6f1780}: com/android/build/gradle/internal/api/ApkVariantOutputImplCustomizer> (0x000000008e6f1780) thrown at [./src/hotspot/share/classfile/systemDictionary.cpp, line 231]
Event: 10.092 Thread 0x00000000612f4000 Exception <a 'java/lang/ClassNotFoundException'{0x000000008e51b8e8}: com/android/build/gradle/internal/api/ApkVariantOutputImpl_DecoratedCustomizer> (0x000000008e51b8e8) thrown at [./src/hotspot/share/classfile/systemDictionary.cpp, line 231]
Event: 10.101 Thread 0x00000000612f4000 Exception <a 'java/lang/NoClassDefFoundError'{0x000000008e486eb0}: org/jetbrains/kotlin/gradle/plugin/KotlinBasePluginWrapper> (0x000000008e486eb0) thrown at [./src/hotspot/share/classfile/systemDictionary.cpp, line 220]
Event: 10.459 Thread 0x00000000612f4000 Exception <a 'sun/nio/fs/WindowsException'{0x000000008cdad2e0}> (0x000000008cdad2e0) thrown at [./src/hotspot/share/prims/jni.cpp, line 615]
Event: 10.460 Thread 0x00000000612f4000 Exception <a 'sun/nio/fs/WindowsException'{0x000000008cdad6c0}> (0x000000008cdad6c0) thrown at [./src/hotspot/share/prims/jni.cpp, line 615]
Event: 10.710 Thread 0x00000000612f4000 Exception <a 'java/lang/NullPointerException'{0x0000000092520b10}> (0x0000000092520b10) thrown at [./src/hotspot/share/interpreter/linkResolver.cpp, line 1440]
Event: 10.982 Thread 0x00000000612f4000 Exception <a 'java/lang/NoSuchMethodError'{0x00000000915cdec0}: 'int java.lang.invoke.DirectMethodHandle$Holder.invokeStatic(java.lang.Object, java.lang.Object, int, java.lang.Object)'> (0x00000000915cdec0) thrown at [./src/hotspot/share/interpreter/linkResolver.cpp, line 773]
Event: 10.983 Thread 0x00000000612f4000 Exception <a 'java/lang/NoSuchMethodError'{0x00000000915d4d68}: 'java.lang.Object java.lang.invoke.Invokers$Holder.linkToTargetMethod(java.lang.Object, int, java.lang.Object)'> (0x00000000915d4d68) thrown at [./src/hotspot/share/interpreter/linkResolver.cpp, line 773]
Event: 11.047 Thread 0x00000000612f4000 Exception <a 'sun/nio/fs/WindowsException'{0x00000000914f9a80}> (0x00000000914f9a80) thrown at [./src/hotspot/share/prims/jni.cpp, line 615]
Event: 11.047 Thread 0x00000000612f4000 Exception <a 'sun/nio/fs/WindowsException'{0x00000000914fae20}> (0x00000000914fae20) thrown at [./src/hotspot/share/prims/jni.cpp, line 615]
Event: 11.047 Thread 0x00000000612f4000 Exception <a 'sun/nio/fs/WindowsException'{0x00000000914fc1f8}> (0x00000000914fc1f8) thrown at [./src/hotspot/share/prims/jni.cpp, line 615]
Event: 11.047 Thread 0x00000000612f4000 Exception <a 'sun/nio/fs/WindowsException'{0x00000000914fd5d0}> (0x00000000914fd5d0) thrown at [./src/hotspot/share/prims/jni.cpp, line 615]

Events (20 events):
Event: 11.078 loading class org/gradle/internal/component/local/model/PublishArtifactLocalArtifactMetadata
Event: 11.078 loading class org/gradle/internal/component/local/model/PublishArtifactLocalArtifactMetadata done
Event: 11.079 loading class org/gradle/api/artifacts/PublishArtifact
Event: 11.079 loading class org/gradle/api/artifacts/PublishArtifact done
Event: 11.085 loading class org/gradle/api/internal/artifacts/publish/DefaultPublishArtifact
Event: 11.085 loading class org/gradle/api/internal/artifacts/publish/DefaultPublishArtifact done
Event: 11.086 loading class org/gradle/api/artifacts/PublishArtifact
Event: 11.086 loading class org/gradle/api/artifacts/PublishArtifact done
Event: 11.086 loading class org/gradle/api/artifacts/PublishArtifact
Event: 11.086 loading class org/gradle/api/artifacts/PublishArtifact done
Event: 11.087 loading class org/gradle/api/internal/artifacts/ivyservice/moduleconverter/DefaultLocalComponentMetadataBuilder$NestedVariantIdentifier
Event: 11.087 loading class org/gradle/api/internal/artifacts/ivyservice/moduleconverter/DefaultLocalComponentMetadataBuilder$NestedVariantIdentifier done
Event: 11.093 loading class com/android/build/gradle/internal/packaging/JarCreatorType
Event: 11.093 loading class com/android/build/gradle/internal/packaging/JarCreatorType done
Event: 11.100 loading class com/android/build/gradle/internal/tasks/featuresplit/FeatureSetMetadata
Event: 11.100 loading class com/android/build/gradle/internal/tasks/featuresplit/FeatureSetMetadata done
Event: 11.107 loading class com/android/build/gradle/internal/tasks/SigningConfigWriterTask$CreationAction$configure$1
Event: 11.107 loading class com/android/build/gradle/internal/tasks/SigningConfigWriterTask$CreationAction$configure$1 done
Event: 11.107 loading class com/android/build/gradle/internal/tasks/SigningConfigWriterTask$CreationAction$configure$2
Event: 11.107 loading class com/android/build/gradle/internal/tasks/SigningConfigWriterTask$CreationAction$configure$2 done


Dynamic libraries:
0x000000013f2a0000 - 0x000000013f2aa000 	C:\Program Files\Android\Android Studio\jre\bin\java.exe
0x0000000077c20000 - 0x0000000077dca000 	C:\Windows\SYSTEM32\ntdll.dll
0x0000000077a00000 - 0x0000000077b1f000 	C:\Windows\system32\kernel32.dll
0x000007fefda70000 - 0x000007fefdada000 	C:\Windows\system32\KERNELBASE.dll
0x000007fef4160000 - 0x000007fef4179000 	C:\Program Files\Android\Android Studio\jre\bin\jli.dll
0x000007fefc330000 - 0x000007fefc524000 	C:\Windows\WinSxS\amd64_microsoft.windows.common-controls_6595b64144ccf1df_6.0.7601.18837_none_fa3b1e3d17594757\COMCTL32.dll
0x000007feff8f0000 - 0x000007feff98f000 	C:\Windows\system32\msvcrt.dll
0x000007feff880000 - 0x000007feff8e7000 	C:\Windows\system32\GDI32.dll
0x0000000077b20000 - 0x0000000077c1a000 	C:\Windows\system32\USER32.dll
0x000007feffb70000 - 0x000007feffb7e000 	C:\Windows\system32\LPK.dll
0x000007feff6a0000 - 0x000007feff76a000 	C:\Windows\system32\USP10.dll
0x000007feff030000 - 0x000007feff0a1000 	C:\Windows\system32\SHLWAPI.dll
0x000007fef1220000 - 0x000007fef1237000 	C:\Program Files\Android\Android Studio\jre\bin\VCRUNTIME140.dll
0x000007fefb340000 - 0x000007fefb344000 	C:\Windows\system32\api-ms-win-crt-runtime-l1-1-0.dll
0x000007fef02a0000 - 0x000007fef0394000 	C:\Windows\system32\ucrtbase.DLL
0x000007fef4790000 - 0x000007fef4793000 	C:\Windows\system32\api-ms-win-core-timezone-l1-1-0.dll
0x000007fef4280000 - 0x000007fef4283000 	C:\Windows\system32\api-ms-win-core-file-l2-1-0.dll
0x000007fef3c60000 - 0x000007fef3c63000 	C:\Windows\system32\api-ms-win-core-localization-l1-2-0.dll
0x000007fef4990000 - 0x000007fef4993000 	C:\Windows\system32\api-ms-win-core-synch-l1-2-0.dll
0x000007fef1ba0000 - 0x000007fef1ba3000 	C:\Windows\system32\api-ms-win-core-processthreads-l1-1-1.dll
0x000007fef11e0000 - 0x000007fef11e3000 	C:\Windows\system32\api-ms-win-core-file-l1-2-0.dll
0x000007fef11d0000 - 0x000007fef11d4000 	C:\Windows\system32\api-ms-win-crt-string-l1-1-0.dll
0x000007fef11c0000 - 0x000007fef11c3000 	C:\Windows\system32\api-ms-win-crt-heap-l1-1-0.dll
0x000007fef0290000 - 0x000007fef0294000 	C:\Windows\system32\api-ms-win-crt-stdio-l1-1-0.dll
0x000007fef0280000 - 0x000007fef0284000 	C:\Windows\system32\api-ms-win-crt-convert-l1-1-0.dll
0x000007fef0270000 - 0x000007fef0273000 	C:\Windows\system32\api-ms-win-crt-environment-l1-1-0.dll
0x000007fef0240000 - 0x000007fef0243000 	C:\Windows\system32\api-ms-win-crt-filesystem-l1-1-0.dll
0x000007fef0250000 - 0x000007fef0255000 	C:\Windows\system32\api-ms-win-crt-math-l1-1-0.dll
0x000007feeffb0000 - 0x000007feeffb3000 	C:\Windows\system32\api-ms-win-crt-locale-l1-1-0.dll
0x000007fefef20000 - 0x000007fefef4e000 	C:\Windows\system32\IMM32.DLL
0x000007fefddb0000 - 0x000007fefdeb9000 	C:\Windows\system32\MSCTF.dll
0x000007fefd910000 - 0x000007fefd93f000 	C:\Windows\system32\nvinitx.dll
0x000007feffc40000 - 0x000007feffd1b000 	C:\Windows\system32\ADVAPI32.dll
0x000007fefdd90000 - 0x000007fefddaf000 	C:\Windows\SYSTEM32\sechost.dll
0x000007feff0b0000 - 0x000007feff1dd000 	C:\Windows\system32\RPCRT4.dll
0x000000000f000000 - 0x000000000f006000 	C:\Program Files\NVIDIA Corporation\CoProcManager\_etoured.dll
0x000007fefae80000 - 0x000007fefaedf000 	C:\Program Files\NVIDIA Corporation\CoProcManager\nvd3d9wrapx.dll
0x000007feff4c0000 - 0x000007feff697000 	C:\Windows\system32\SETUPAPI.dll
0x000007fefda10000 - 0x000007fefda46000 	C:\Windows\system32\CFGMGR32.dll
0x000007fefef50000 - 0x000007feff028000 	C:\Windows\system32\OLEAUT32.dll
0x000007feffd20000 - 0x000007fefff23000 	C:\Windows\system32\ole32.dll
0x000007fefd9f0000 - 0x000007fefda0a000 	C:\Windows\system32\DEVOBJ.dll
0x000007fefa970000 - 0x000007fefa9b6000 	C:\Program Files\NVIDIA Corporation\CoProcManager\nvdxgiwrapx.dll
0x000007fef0e70000 - 0x000007fef0f0d000 	C:\Program Files\Android\Android Studio\jre\bin\msvcp140.dll
0x000007feee4c0000 - 0x000007feee4c5000 	C:\Windows\system32\api-ms-win-crt-multibyte-l1-1-0.dll
0x000007fef0230000 - 0x000007fef0233000 	C:\Windows\system32\api-ms-win-crt-time-l1-1-0.dll
0x000007fef0260000 - 0x000007fef0263000 	C:\Windows\system32\api-ms-win-crt-utility-l1-1-0.dll
0x000007feef460000 - 0x000007feeff45000 	C:\Program Files\Android\Android Studio\jre\bin\server\jvm.dll
0x000007feec2f0000 - 0x000007feec2f9000 	C:\Windows\system32\WSOCK32.dll
0x000007feffb20000 - 0x000007feffb6d000 	C:\Windows\system32\WS2_32.dll
0x000007feff810000 - 0x000007feff818000 	C:\Windows\system32\NSI.dll
0x000007fefa790000 - 0x000007fefa7cb000 	C:\Windows\system32\WINMM.dll
0x000007fefca70000 - 0x000007fefca7c000 	C:\Windows\system32\VERSION.dll
0x0000000077df0000 - 0x0000000077df7000 	C:\Windows\system32\PSAPI.DLL
0x000007fef0210000 - 0x000007fef0221000 	C:\Program Files\Android\Android Studio\jre\bin\verify.dll
0x000007fef4420000 - 0x000007fef4545000 	C:\Windows\system32\DBGHELP.DLL
0x000007fef0050000 - 0x000007fef0079000 	C:\Program Files\Android\Android Studio\jre\bin\java.dll
0x000007fef0040000 - 0x000007fef004b000 	C:\Program Files\Android\Android Studio\jre\bin\jimage.dll
0x000007fef0020000 - 0x000007fef0038000 	C:\Program Files\Android\Android Studio\jre\bin\zip.dll
0x000007fefdec0000 - 0x000007fefec49000 	C:\Windows\system32\SHELL32.dll
0x000007fefd9d0000 - 0x000007fefd9df000 	C:\Windows\system32\profapi.dll
0x000007fef0000000 - 0x000007fef001a000 	C:\Program Files\Android\Android Studio\jre\bin\net.dll
0x000007feecab0000 - 0x000007feecb21000 	C:\Windows\system32\WINHTTP.dll
0x000007feeca40000 - 0x000007feecaa4000 	C:\Windows\system32\webio.dll
0x000007fefd180000 - 0x000007fefd1d5000 	C:\Windows\system32\mswsock.dll
0x000007fefd170000 - 0x000007fefd177000 	C:\Windows\System32\wship6.dll
0x000007feeffe0000 - 0x000007feefff4000 	C:\Program Files\Android\Android Studio\jre\bin\nio.dll
0x000007fef28a0000 - 0x000007fef28c7000 	C:\Users\Nikolai4\.gradle\native\e1d6ef7f7dcc3fd88c89a11ec53ec762bb8ba0a96d01ffa2cd45eb1d1d8dd5c5\windows-amd64\native-platform.dll
0x000007feeffd0000 - 0x000007feeffda000 	C:\Program Files\Android\Android Studio\jre\bin\management.dll
0x000007feeffc0000 - 0x000007feeffcd000 	C:\Program Files\Android\Android Studio\jre\bin\management_ext.dll
0x000007fefd1e0000 - 0x000007fefd1f8000 	C:\Windows\system32\CRYPTSP.dll
0x000007fefcee0000 - 0x000007fefcf27000 	C:\Windows\system32\rsaenh.dll
0x000007fefdd70000 - 0x000007fefdd8e000 	C:\Windows\system32\USERENV.dll
0x000007fefd840000 - 0x000007fefd84f000 	C:\Windows\system32\CRYPTBASE.dll
0x000007fefb210000 - 0x000007fefb237000 	C:\Windows\system32\IPHLPAPI.DLL
0x000007fefb200000 - 0x000007fefb20b000 	C:\Windows\system32\WINNSI.DLL
0x000007fefb000000 - 0x000007fefb018000 	C:\Windows\system32\dhcpcsvc.DLL
0x000007fefafe0000 - 0x000007fefaff1000 	C:\Windows\system32\dhcpcsvc6.DLL

dbghelp: loaded successfully - version: 4.0.5 - missing functions: none
symbol engine: initialized successfully - sym options: 0x614 - pdb path: .;C:\Program Files\Android\Android Studio\jre\bin;C:\Windows\SYSTEM32;C:\Windows\WinSxS\amd64_microsoft.windows.common-controls_6595b64144ccf1df_6.0.7601.18837_none_fa3b1e3d17594757;C:\Program Files\NVIDIA Corporation\CoProcManager;C:\Program Files\Android\Android Studio\jre\bin\server;C:\Users\Nikolai4\.gradle\native\e1d6ef7f7dcc3fd88c89a11ec53ec762bb8ba0a96d01ffa2cd45eb1d1d8dd5c5\windows-amd64

VM Arguments:
jvm_args: --add-opens=java.base/java.util=ALL-UNNAMED --add-opens=java.base/java.lang=ALL-UNNAMED --add-opens=java.base/java.lang.invoke=ALL-UNNAMED --add-opens=java.base/java.util=ALL-UNNAMED --add-opens=java.prefs/java.util.prefs=ALL-UNNAMED --add-opens=java.prefs/java.util.prefs=ALL-UNNAMED --add-opens=java.base/java.nio.charset=ALL-UNNAMED --add-opens=java.base/java.net=ALL-UNNAMED --add-opens=java.base/java.util.concurrent.atomic=ALL-UNNAMED -Xmx2048m -Dfile.encoding=UTF-8 -Duser.country=RU -Duser.language=ru -Duser.variant 
java_command: org.gradle.launcher.daemon.bootstrap.GradleDaemon 7.3.3
java_class_path (initial): C:\Users\Nikolai4\.gradle\wrapper\dists\gradle-7.3.3-bin\6a41zxkdtcxs8rphpq6y0069z\gradle-7.3.3\lib\gradle-launcher-7.3.3.jar
Launcher Type: SUN_STANDARD

[Global flags]
     intx CICompilerCount                          = 3                                         {product} {ergonomic}
     uint ConcGCThreads                            = 1                                         {product} {ergonomic}
     uint G1ConcRefinementThreads                  = 4                                         {product} {ergonomic}
   size_t G1HeapRegionSize                         = 1048576                                   {product} {ergonomic}
    uintx GCDrainStackTargetSize                   = 64                                        {product} {ergonomic}
   size_t InitialHeapSize                          = 201326592                                 {product} {ergonomic}
   size_t MarkStackSize                            = 4194304                                   {product} {ergonomic}
   size_t MaxHeapSize                              = 2147483648                                {product} {command line}
   size_t MaxNewSize                               = 1287651328                                {product} {ergonomic}
   size_t MinHeapDeltaBytes                        = 1048576                                   {product} {ergonomic}
    uintx NonNMethodCodeHeapSize                   = 5830732                                {pd product} {ergonomic}
    uintx NonProfiledCodeHeapSize                  = 122913754                              {pd product} {ergonomic}
    uintx ProfiledCodeHeapSize                     = 122913754                              {pd product} {ergonomic}
    uintx ReservedCodeCacheSize                    = 251658240                              {pd product} {ergonomic}
     bool SegmentedCodeCache                       = true                                      {product} {ergonomic}
     bool UseCompressedClassPointers               = true                                 {lp64_product} {ergonomic}
     bool UseCompressedOops                        = true                                 {lp64_product} {ergonomic}
     bool UseG1GC                                  = true                                      {product} {ergonomic}
     bool UseLargePagesIndividualAllocation        = false                                  {pd product} {ergonomic}

Logging:
Log output configuration:
 #0: stdout all=warning uptime,level,tags
 #1: stderr all=off uptime,level,tags

Environment Variables:
JAVA_HOME=C:\Program Files\Java\jdk-15.0.1
PATH=C:\Program Files\Common Files\Oracle\Java\javapath;C:\Program Files\Java\jdk-15.0.1\bin;C:\Program Files (x86)\Common Files\Oracle\Java\javapath;c:\Program Files\wget\bin\IsoBuster;C:\Windows\System32\WindowsPowerShell\v1.0\;c:\Program Files (x86)\Microsoft SQL Server\110\Tools\Binn\;c:\Program Files\Microsoft SQL Server\110\Tools\Binn\;c:\Program Files\Microsoft SQL Server\110\DTS\Binn\;C:\Program Files\apache-maven-3.6.3\bin
USERNAME=Nikolai4
OS=Windows_NT
PROCESSOR_IDENTIFIER=Intel64 Family 6 Model 60 Stepping 3, GenuineIntel



---------------  S Y S T E M  ---------------

OS: Windows 7 , 64 bit Build 7601 (6.1.7601.23392)
OS uptime: 0 days 3:25 hours

CPU:total 4 (initial active 4) (2 cores per cpu, 2 threads per core) family 6 model 60 stepping 3 microcode 0x0, cmov, cx8, fxsr, mmx, sse, sse2, sse3, ssse3, sse4.1, sse4.2, popcnt, avx, avx2, aes, clmul, erms, lzcnt, ht, tsc, tscinvbit, bmi1, bmi2, fma

Memory: 4k page, system-wide physical 12172M (5339M free)
TotalPageFile size 12170M (AvailPageFile size 6M)
current process WorkingSet (physical memory assigned to process): 495M, peak: 498M
current process commit charge ("private bytes"): 563M, peak: 565M

vm_info: OpenJDK 64-Bit Server VM (11.0.12+7-b1504.28-7817840) for windows-amd64 JRE (11.0.12+7-b1504.28-7817840), built on Oct 13 2021 22:12:33 by "builder" with MS VC++ 14.0 (VS2015)

END.
