#
# There is insufficient memory for the Java Runtime Environment to continue.
# Native memory allocation (mmap) failed to map 78643200 bytes for Failed to commit area from 0x0000000090200000 to 0x0000000094d00000 of length 78643200.
# Possible reasons:
#   The system is out of physical RAM or swap space
#   The process is running with CompressedOops enabled, and the Java Heap may be blocking the growth of the native heap
# Possible solutions:
#   Reduce memory load on the system
#   Increase physical memory or swap space
#   Check if swap backing store is full
#   Decrease Java heap size (-Xmx/-Xms)
#   Decrease number of Java threads
#   Decrease Java thread stack sizes (-Xss)
#   Set larger code cache with -XX:ReservedCodeCacheSize=
#   JVM is running with Unscaled Compressed Oops mode in which the Java heap is
#     placed in the first 4GB address space. The Java Heap base address is the
#     maximum limit for the native heap growth. Please use -XX:HeapBaseMinAddress
#     to set the Java Heap base and to place the Java Heap above 4GB virtual address.
# This output file may be truncated or incomplete.
#
#  Out of Memory Error (./src/hotspot/os/windows/os_windows.cpp:3521), pid=8500, tid=4768
#
# JRE version: OpenJDK Runtime Environment (11.0.12+7) (build 11.0.12+7-b1504.28-7817840)
# Java VM: OpenJDK 64-Bit Server VM (11.0.12+7-b1504.28-7817840, mixed mode, tiered, compressed oops, g1 gc, windows-amd64)
# No core dump will be written. Minidumps are not enabled by default on client versions of Windows
#

---------------  S U M M A R Y ------------

Command Line: --add-opens=java.base/java.util=ALL-UNNAMED --add-opens=java.base/java.lang=ALL-UNNAMED --add-opens=java.base/java.lang.invoke=ALL-UNNAMED --add-opens=java.base/java.util=ALL-UNNAMED --add-opens=java.prefs/java.util.prefs=ALL-UNNAMED --add-opens=java.prefs/java.util.prefs=ALL-UNNAMED --add-opens=java.base/java.nio.charset=ALL-UNNAMED --add-opens=java.base/java.net=ALL-UNNAMED --add-opens=java.base/java.util.concurrent.atomic=ALL-UNNAMED -Xmx2048m -Dfile.encoding=UTF-8 -Duser.country=RU -Duser.language=ru -Duser.variant org.gradle.launcher.daemon.bootstrap.GradleDaemon 7.3.3

Host: Intel(R) Core(TM) i5-4210M CPU @ 2.60GHz, 4 cores, 11G,  Windows 7 , 64 bit Build 7601 (6.1.7601.23392)
Time: Fri Mar 24 15:38:45 2023 RTZ 2 (ceia) elapsed time: 8.889710 seconds (0d 0h 0m 8s)

---------------  T H R E A D  ---------------

Current thread (0x000000000eadb000):  VMThread "VM Thread" [stack: 0x000000000ecb0000,0x000000000edb0000] [id=4768]

Stack: [0x000000000ecb0000,0x000000000edb0000]
[error occurred during error reporting (printing stack bounds), id 0xc0000005, EXCEPTION_ACCESS_VIOLATION (0xc0000005) at pc=0x000000000f01112d]

Native frames: (J=compiled Java code, j=interpreted, Vv=VM code, C=native code)
V  [jvm.dll+0x5fbcea]
V  [jvm.dll+0x731905]
V  [jvm.dll+0x732f1d]
V  [jvm.dll+0x733535]
V  [jvm.dll+0x7334eb]
V  [jvm.dll+0x5fb080]
V  [jvm.dll+0x5fb818]
C  [ntdll.dll+0x27e8d]
C  [ntdll.dll+0x184cf]
C  [ntdll.dll+0x4bac8]
C  0x000000000f01112d

VM_Operation (0x00000000633d6690): G1CollectForAllocation, mode: safepoint, requested by thread 0x0000000060a2d000


---------------  P R O C E S S  ---------------

Threads class SMR info:
_java_thread_list=0x0000000067c91580, length=77, elements={
0x00000000002ec000, 0x000000000eae0000, 0x000000000eae2800, 0x000000000eb02000,
0x000000000eb05800, 0x000000000eb07800, 0x000000000eb0d000, 0x000000000eb0f000,
0x000000000eb1d000, 0x000000005eac9000, 0x000000005ec17800, 0x0000000060984000,
0x0000000060a54800, 0x00000000613c0800, 0x00000000607e4800, 0x000000005fd70800,
0x00000000607d5800, 0x0000000060a2d000, 0x000000006123f800, 0x00000000607cc800,
0x0000000060976800, 0x0000000060977000, 0x0000000060978000, 0x0000000060978800,
0x0000000060979800, 0x000000006097a800, 0x000000006097b000, 0x000000006097c000,
0x000000006097d000, 0x000000006717f800, 0x0000000067180000, 0x0000000067183800,
0x0000000067184000, 0x0000000067185000, 0x000000005ebbc000, 0x000000005ebbd000,
0x000000005ebbd800, 0x000000005ebbe800, 0x000000005ebbf800, 0x000000005ebc0000,
0x000000005ebc1000, 0x000000005ebc2000, 0x000000005ebc2800, 0x00000000673fa800,
0x00000000673fb000, 0x00000000673fc000, 0x00000000673fd000, 0x00000000673fd800,
0x00000000673fe800, 0x00000000673ff800, 0x0000000067400000, 0x0000000067401000,
0x0000000064cb5800, 0x0000000064cb6800, 0x0000000064cb7000, 0x0000000064cb8000,
0x0000000064cb9000, 0x0000000064cb9800, 0x0000000064cba800, 0x0000000064cbb800,
0x0000000064cbc000, 0x0000000064e4f000, 0x0000000064e4f800, 0x0000000064e50800,
0x0000000064e51800, 0x0000000064e52000, 0x0000000064e53000, 0x0000000064e54000,
0x0000000064e54800, 0x0000000064e55800, 0x000000006729c000, 0x000000006729d000,
0x000000006729e000, 0x000000006729e800, 0x000000006729f800, 0x00000000672a0800,
0x00000000672a1000
}

Java Threads: ( => current thread )
  0x00000000002ec000 JavaThread "main" [_thread_blocked, id=4428, stack(0x00000000022c0000,0x00000000023c0000)]
  0x000000000eae0000 JavaThread "Reference Handler" daemon [_thread_blocked, id=7080, stack(0x000000005e050000,0x000000005e150000)]
  0x000000000eae2800 JavaThread "Finalizer" daemon [_thread_blocked, id=5076, stack(0x000000000eed0000,0x000000000efd0000)]
  0x000000000eb02000 JavaThread "Signal Dispatcher" daemon [_thread_blocked, id=6436, stack(0x000000005e1a0000,0x000000005e2a0000)]
  0x000000000eb05800 JavaThread "Attach Listener" daemon [_thread_blocked, id=7316, stack(0x000000005e340000,0x000000005e440000)]
  0x000000000eb07800 JavaThread "Service Thread" daemon [_thread_blocked, id=4792, stack(0x000000000edd0000,0x000000000eed0000)]
  0x000000000eb0d000 JavaThread "C2 CompilerThread0" daemon [_thread_blocked, id=8268, stack(0x000000005e5b0000,0x000000005e6b0000)]
  0x000000000eb0f000 JavaThread "C1 CompilerThread0" daemon [_thread_blocked, id=5824, stack(0x000000005e6e0000,0x000000005e7e0000)]
  0x000000000eb1d000 JavaThread "Sweeper thread" daemon [_thread_blocked, id=8244, stack(0x000000005e880000,0x000000005e980000)]
  0x000000005eac9000 JavaThread "Common-Cleaner" daemon [_thread_blocked, id=8780, stack(0x000000005edd0000,0x000000005eed0000)]
  0x000000005ec17800 JavaThread "C2 CompilerThread1" daemon [_thread_blocked, id=3944, stack(0x000000005f1d0000,0x000000005f2d0000)]
  0x0000000060984000 JavaThread "Daemon health stats" [_thread_blocked, id=7604, stack(0x0000000062460000,0x0000000062560000)]
  0x0000000060a54800 JavaThread "Incoming local TCP Connector on port 63451" [_thread_in_native, id=4928, stack(0x0000000062920000,0x0000000062a20000)]
  0x00000000613c0800 JavaThread "Daemon periodic checks" [_thread_blocked, id=1808, stack(0x0000000062cc0000,0x0000000062dc0000)]
  0x00000000607e4800 JavaThread "Daemon" [_thread_blocked, id=5724, stack(0x0000000062ec0000,0x0000000062fc0000)]
  0x000000005fd70800 JavaThread "Handler for socket connection from /127.0.0.1:63451 to /127.0.0.1:63452" [_thread_in_native, id=8688, stack(0x0000000062fd0000,0x00000000630d0000)]
  0x00000000607d5800 JavaThread "Cancel handler" [_thread_blocked, id=8260, stack(0x0000000063110000,0x0000000063210000)]
  0x0000000060a2d000 JavaThread "Daemon worker" [_thread_blocked, id=7880, stack(0x00000000632e0000,0x00000000633e0000)]
  0x000000006123f800 JavaThread "Asynchronous log dispatcher for DefaultDaemonConnection: socket connection from /127.0.0.1:63451 to /127.0.0.1:63452" [_thread_blocked, id=8160, stack(0x0000000062800000,0x0000000062900000)]
  0x00000000607cc800 JavaThread "Stdin handler" [_thread_blocked, id=4032, stack(0x00000000635a0000,0x00000000636a0000)]
  0x0000000060976800 JavaThread "Daemon client event forwarder" [_thread_blocked, id=7720, stack(0x00000000636b0000,0x00000000637b0000)]
  0x0000000060977000 JavaThread "Cache worker for journal cache (C:\Users\Nikolai4\.gradle\caches\journal-1)" [_thread_blocked, id=5348, stack(0x0000000063a00000,0x0000000063b00000)]
  0x0000000060978000 JavaThread "File lock request listener" [_thread_in_native, id=5308, stack(0x0000000063bc0000,0x0000000063cc0000)]
  0x0000000060978800 JavaThread "Cache worker for file hash cache (C:\Users\Nikolai4\.gradle\caches\7.3.3\fileHashes)" [_thread_blocked, id=4716, stack(0x0000000063d60000,0x0000000063e60000)]
  0x0000000060979800 JavaThread "Cache worker for file hash cache (C:\Users\Nikolai4\AndroidStudioProjects\lTrainer2\.gradle\7.3.3\fileHashes)" [_thread_blocked, id=1360, stack(0x0000000065410000,0x0000000065510000)]
  0x000000006097a800 JavaThread "Cache worker for checksums cache (C:\Users\Nikolai4\AndroidStudioProjects\lTrainer2\.gradle\7.3.3\checksums)" [_thread_blocked, id=9056, stack(0x0000000065790000,0x0000000065890000)]
  0x000000006097b000 JavaThread "Cache worker for cache directory md-supplier (C:\Users\Nikolai4\.gradle\caches\7.3.3\md-supplier)" [_thread_blocked, id=6132, stack(0x0000000066c00000,0x0000000066d00000)]
  0x000000006097c000 JavaThread "Cache worker for cache directory md-rule (C:\Users\Nikolai4\.gradle\caches\7.3.3\md-rule)" [_thread_blocked, id=7176, stack(0x00000000640a0000,0x00000000641a0000)]
  0x000000006097d000 JavaThread "Cache worker for execution history cache (C:\Users\Nikolai4\.gradle\caches\7.3.3\executionHistory)" [_thread_blocked, id=7180, stack(0x0000000066b00000,0x0000000066c00000)]
  0x000000006717f800 JavaThread "jar transforms" [_thread_blocked, id=8208, stack(0x0000000063430000,0x0000000063530000)]
  0x0000000067180000 JavaThread "Cache worker for file content cache (C:\Users\Nikolai4\.gradle\caches\7.3.3\fileContent)" [_thread_blocked, id=8776, stack(0x00000000685a0000,0x00000000686a0000)]
  0x0000000067183800 JavaThread "jar transforms Thread 2" [_thread_blocked, id=8948, stack(0x0000000068a70000,0x0000000068b70000)]
  0x0000000067184000 JavaThread "Cache worker for dependencies-accessors (C:\Users\Nikolai4\AndroidStudioProjects\lTrainer2\.gradle\7.3.3\dependencies-accessors)" [_thread_blocked, id=7692, stack(0x0000000068e50000,0x0000000068f50000)]
  0x0000000067185000 JavaThread "jar transforms Thread 3" [_thread_blocked, id=2748, stack(0x0000000068fc0000,0x00000000690c0000)]
  0x000000005ebbc000 JavaThread "Cache worker for Build Output Cleanup Cache (C:\Users\Nikolai4\AndroidStudioProjects\lTrainer2\.gradle\buildOutputCleanup)" [_thread_blocked, id=7572, stack(0x0000000069990000,0x0000000069a90000)]
  0x000000005ebbd000 JavaThread "Unconstrained build operations" [_thread_blocked, id=7752, stack(0x0000000068970000,0x0000000068a70000)]
  0x000000005ebbd800 JavaThread "Unconstrained build operations Thread 2" [_thread_blocked, id=8496, stack(0x0000000069460000,0x0000000069560000)]
  0x000000005ebbe800 JavaThread "Unconstrained build operations Thread 3" [_thread_blocked, id=7172, stack(0x0000000062dc0000,0x0000000062ec0000)]
  0x000000005ebbf800 JavaThread "Unconstrained build operations Thread 4" [_thread_blocked, id=3340, stack(0x0000000069580000,0x0000000069680000)]
  0x000000005ebc0000 JavaThread "Unconstrained build operations Thread 5" [_thread_blocked, id=1788, stack(0x0000000069680000,0x0000000069780000)]
  0x000000005ebc1000 JavaThread "Unconstrained build operations Thread 6" [_thread_blocked, id=6868, stack(0x0000000069b80000,0x0000000069c80000)]
  0x000000005ebc2000 JavaThread "Unconstrained build operations Thread 7" [_thread_blocked, id=5720, stack(0x0000000069d90000,0x0000000069e90000)]
  0x000000005ebc2800 JavaThread "Unconstrained build operations Thread 8" [_thread_blocked, id=6368, stack(0x0000000069f30000,0x000000006a030000)]
  0x00000000673fa800 JavaThread "Unconstrained build operations Thread 9" [_thread_blocked, id=7264, stack(0x000000006a120000,0x000000006a220000)]
  0x00000000673fb000 JavaThread "Unconstrained build operations Thread 10" [_thread_blocked, id=6976, stack(0x000000006a3c0000,0x000000006a4c0000)]
  0x00000000673fc000 JavaThread "Unconstrained build operations Thread 11" [_thread_blocked, id=8468, stack(0x000000006a540000,0x000000006a640000)]
  0x00000000673fd000 JavaThread "Unconstrained build operations Thread 12" [_thread_blocked, id=8804, stack(0x000000006a720000,0x000000006a820000)]
  0x00000000673fd800 JavaThread "Unconstrained build operations Thread 13" [_thread_blocked, id=7620, stack(0x000000006a2a0000,0x000000006a3a0000)]
  0x00000000673fe800 JavaThread "Unconstrained build operations Thread 14" [_thread_blocked, id=5092, stack(0x000000006a900000,0x000000006aa00000)]
  0x00000000673ff800 JavaThread "Unconstrained build operations Thread 15" [_thread_blocked, id=7868, stack(0x000000006aba0000,0x000000006aca0000)]
  0x0000000067400000 JavaThread "Unconstrained build operations Thread 16" [_thread_blocked, id=8228, stack(0x000000006aaa0000,0x000000006aba0000)]
  0x0000000067401000 JavaThread "Unconstrained build operations Thread 17" [_thread_blocked, id=7184, stack(0x000000006add0000,0x000000006aed0000)]
  0x0000000064cb5800 JavaThread "Unconstrained build operations Thread 18" [_thread_blocked, id=4320, stack(0x000000006afd0000,0x000000006b0d0000)]
  0x0000000064cb6800 JavaThread "Unconstrained build operations Thread 19" [_thread_blocked, id=6364, stack(0x000000006aed0000,0x000000006afd0000)]
  0x0000000064cb7000 JavaThread "Unconstrained build operations Thread 20" [_thread_blocked, id=6036, stack(0x000000006b1d0000,0x000000006b2d0000)]
  0x0000000064cb8000 JavaThread "Unconstrained build operations Thread 21" [_thread_blocked, id=9000, stack(0x000000006b310000,0x000000006b410000)]
  0x0000000064cb9000 JavaThread "Unconstrained build operations Thread 22" [_thread_blocked, id=3708, stack(0x000000006b560000,0x000000006b660000)]
  0x0000000064cb9800 JavaThread "Unconstrained build operations Thread 23" [_thread_blocked, id=8264, stack(0x000000006b460000,0x000000006b560000)]
  0x0000000064cba800 JavaThread "Unconstrained build operations Thread 24" [_thread_blocked, id=6136, stack(0x000000006b6c0000,0x000000006b7c0000)]
  0x0000000064cbb800 JavaThread "Unconstrained build operations Thread 25" [_thread_blocked, id=8544, stack(0x000000006b7c0000,0x000000006b8c0000)]
  0x0000000064cbc000 JavaThread "Unconstrained build operations Thread 26" [_thread_blocked, id=1140, stack(0x0000000069c90000,0x0000000069d90000)]
  0x0000000064e4f000 JavaThread "Unconstrained build operations Thread 27" [_thread_blocked, id=4020, stack(0x000000006ba10000,0x000000006bb10000)]
  0x0000000064e4f800 JavaThread "Unconstrained build operations Thread 28" [_thread_blocked, id=1236, stack(0x000000006bbe0000,0x000000006bce0000)]
  0x0000000064e50800 JavaThread "Unconstrained build operations Thread 29" [_thread_blocked, id=6344, stack(0x000000006b8f0000,0x000000006b9f0000)]
  0x0000000064e51800 JavaThread "Unconstrained build operations Thread 30" [_thread_blocked, id=5336, stack(0x000000006be20000,0x000000006bf20000)]
  0x0000000064e52000 JavaThread "Unconstrained build operations Thread 31" [_thread_blocked, id=8236, stack(0x000000006bd00000,0x000000006be00000)]
  0x0000000064e53000 JavaThread "Unconstrained build operations Thread 32" [_thread_blocked, id=7044, stack(0x000000006bfc0000,0x000000006c0c0000)]
  0x0000000064e54000 JavaThread "Unconstrained build operations Thread 33" [_thread_blocked, id=6392, stack(0x000000006c140000,0x000000006c240000)]
  0x0000000064e54800 JavaThread "Unconstrained build operations Thread 34" [_thread_blocked, id=2552, stack(0x000000006c360000,0x000000006c460000)]
  0x0000000064e55800 JavaThread "Unconstrained build operations Thread 35" [_thread_blocked, id=8912, stack(0x000000006c4d0000,0x000000006c5d0000)]
  0x000000006729c000 JavaThread "Unconstrained build operations Thread 36" [_thread_blocked, id=4588, stack(0x0000000069340000,0x0000000069440000)]
  0x000000006729d000 JavaThread "Unconstrained build operations Thread 37" [_thread_blocked, id=8512, stack(0x000000006c5e0000,0x000000006c6e0000)]
  0x000000006729e000 JavaThread "Unconstrained build operations Thread 38" [_thread_blocked, id=5396, stack(0x000000006c7f0000,0x000000006c8f0000)]
  0x000000006729e800 JavaThread "Unconstrained build operations Thread 39" [_thread_blocked, id=5496, stack(0x000000006c9c0000,0x000000006cac0000)]
  0x000000006729f800 JavaThread "Unconstrained build operations Thread 40" [_thread_blocked, id=7532, stack(0x000000006c6f0000,0x000000006c7f0000)]
  0x00000000672a0800 JavaThread "jar transforms Thread 4" [_thread_blocked, id=3016, stack(0x000000006cc00000,0x000000006cd00000)]
  0x00000000672a1000 JavaThread "Memory manager" [_thread_blocked, id=1276, stack(0x000000006ea80000,0x000000006eb80000)]

Other Threads:
=>0x000000000eadb000 VMThread "VM Thread" [stack: 0x000000000ecb0000,0x000000000edb0000] [id=4768]
  0x000000005ead7000 WatcherThread [stack: 0x000000005ef80000,0x000000005f080000] [id=2328]
  0x0000000000303000 GCTaskThread "GC Thread#0" [stack: 0x0000000006540000,0x0000000006640000] [id=9088]
  0x000000005f661800 GCTaskThread "GC Thread#1" [stack: 0x0000000060b20000,0x0000000060c20000] [id=7076]
  0x000000005fab7000 GCTaskThread "GC Thread#2" [stack: 0x0000000060ce0000,0x0000000060de0000] [id=1448]
  0x000000005fb40000 GCTaskThread "GC Thread#3" [stack: 0x000000005e470000,0x000000005e570000] [id=4600]
  0x0000000000334800 ConcurrentGCThread "G1 Main Marker" [stack: 0x000000000b840000,0x000000000b940000] [id=6352]
  0x0000000000336000 ConcurrentGCThread "G1 Conc#0" [stack: 0x000000000b6a0000,0x000000000b7a0000] [id=4072]
  0x000000000de17000 ConcurrentGCThread "G1 Refine#0" [stack: 0x000000000e070000,0x000000000e170000] [id=8352]
  0x000000006091f000 ConcurrentGCThread "G1 Refine#1" [stack: 0x0000000062360000,0x0000000062460000] [id=4464]
  0x000000000de18000 ConcurrentGCThread "G1 Young RemSet Sampling" [stack: 0x000000000dea0000,0x000000000dfa0000] [id=3328]

Threads with active compile tasks:
C2 CompilerThread0   8898 6392       4       java.lang.Class::getMethodsRecursive (99 bytes)
C2 CompilerThread1   8898 6475   !   4       jdk.internal.loader.Resource::getBytes (242 bytes)

VM state:at safepoint (normal execution)

VM Mutex/Monitor currently owned by a thread:  ([mutex/lock_event])
[0x00000000002e94a0] Threads_lock - owner thread: 0x000000000eadb000
[0x00000000002e9d00] Heap_lock - owner thread: 0x0000000060a2d000

Heap address: 0x0000000080000000, size: 2048 MB, Compressed Oops mode: 32-bit
Narrow klass base: 0x0000000000000000, Narrow klass shift: 0
Compressed class space size: 1073741824 Address: 0x000000001e010000

Heap:
 garbage-first heap   total 340992K, used 56015K [0x0000000080000000, 0x0000000100000000)
  region size 1024K, 11 young (11264K), 11 survivors (11264K)
 Metaspace       used 67339K, capacity 68969K, committed 69068K, reserved 1110016K
  class space    used 8513K, capacity 9134K, committed 9216K, reserved 1048576K
Heap Regions: E=young(eden), S=young(survivor), O=old, HS=humongous(starts), HC=humongous(continues), CS=collection set, F=free, A=archive, TAMS=top-at-mark-start (previous, next)
|   0|0x0000000080000000, 0x0000000080100000, 0x0000000080100000|100%| O|  |TAMS 0x0000000080100000, 0x0000000080000000| Untracked 
|   1|0x0000000080100000, 0x0000000080200000, 0x0000000080200000|100%| O|  |TAMS 0x0000000080200000, 0x0000000080100000| Untracked 
|   2|0x0000000080200000, 0x0000000080300000, 0x0000000080300000|100%| O|  |TAMS 0x0000000080300000, 0x0000000080200000| Untracked 
|   3|0x0000000080300000, 0x0000000080400000, 0x0000000080400000|100%|HS|  |TAMS 0x0000000080400000, 0x0000000080300000| Complete 
|   4|0x0000000080400000, 0x0000000080500000, 0x0000000080500000|100%|HC|  |TAMS 0x0000000080500000, 0x0000000080400000| Complete 
|   5|0x0000000080500000, 0x0000000080600000, 0x0000000080600000|100%|HC|  |TAMS 0x0000000080600000, 0x0000000080500000| Complete 
|   6|0x0000000080600000, 0x0000000080700000, 0x0000000080700000|100%| O|  |TAMS 0x0000000080700000, 0x0000000080600000| Untracked 
|   7|0x0000000080700000, 0x0000000080800000, 0x0000000080800000|100%| O|  |TAMS 0x0000000080800000, 0x0000000080700000| Untracked 
|   8|0x0000000080800000, 0x0000000080900000, 0x0000000080900000|100%| O|  |TAMS 0x0000000080900000, 0x0000000080800000| Untracked 
|   9|0x0000000080900000, 0x0000000080a00000, 0x0000000080a00000|100%| O|  |TAMS 0x0000000080a00000, 0x0000000080900000| Untracked 
|  10|0x0000000080a00000, 0x0000000080b00000, 0x0000000080b00000|100%| O|  |TAMS 0x0000000080b00000, 0x0000000080a00000| Untracked 
|  11|0x0000000080b00000, 0x0000000080c00000, 0x0000000080c00000|100%| O|  |TAMS 0x0000000080c00000, 0x0000000080b00000| Untracked 
|  12|0x0000000080c00000, 0x0000000080d00000, 0x0000000080d00000|100%| O|  |TAMS 0x0000000080d00000, 0x0000000080c00000| Untracked 
|  13|0x0000000080d00000, 0x0000000080e00000, 0x0000000080e00000|100%| O|  |TAMS 0x0000000080e00000, 0x0000000080d00000| Untracked 
|  14|0x0000000080e00000, 0x0000000080f00000, 0x0000000080f00000|100%| O|  |TAMS 0x0000000080f00000, 0x0000000080e00000| Untracked 
|  15|0x0000000080f00000, 0x0000000081000000, 0x0000000081000000|100%|HS|  |TAMS 0x0000000081000000, 0x0000000080f00000| Complete 
|  16|0x0000000081000000, 0x0000000081100000, 0x0000000081100000|100%|HS|  |TAMS 0x0000000081100000, 0x0000000081000000| Complete 
|  17|0x0000000081100000, 0x0000000081200000, 0x0000000081200000|100%|HS|  |TAMS 0x0000000081200000, 0x0000000081100000| Complete 
|  18|0x0000000081200000, 0x0000000081300000, 0x0000000081300000|100%|HC|  |TAMS 0x0000000081300000, 0x0000000081200000| Complete 
|  19|0x0000000081300000, 0x0000000081400000, 0x0000000081400000|100%| O|  |TAMS 0x0000000081400000, 0x0000000081300000| Untracked 
|  20|0x0000000081400000, 0x0000000081500000, 0x0000000081500000|100%| O|  |TAMS 0x0000000081500000, 0x0000000081400000| Untracked 
|  21|0x0000000081500000, 0x0000000081600000, 0x0000000081600000|100%| O|  |TAMS 0x0000000081600000, 0x0000000081500000| Untracked 
|  22|0x0000000081600000, 0x0000000081700000, 0x0000000081700000|100%| O|  |TAMS 0x0000000081700000, 0x0000000081600000| Untracked 
|  23|0x0000000081700000, 0x0000000081800000, 0x0000000081800000|100%| O|  |TAMS 0x0000000081800000, 0x0000000081700000| Untracked 
|  24|0x0000000081800000, 0x0000000081900000, 0x0000000081900000|100%| O|  |TAMS 0x0000000081900000, 0x0000000081800000| Untracked 
|  25|0x0000000081900000, 0x0000000081a00000, 0x0000000081a00000|100%| O|  |TAMS 0x0000000081a00000, 0x0000000081900000| Untracked 
|  26|0x0000000081a00000, 0x0000000081b00000, 0x0000000081b00000|100%| O|  |TAMS 0x0000000081b00000, 0x0000000081a00000| Untracked 
|  27|0x0000000081b00000, 0x0000000081c00000, 0x0000000081c00000|100%| O|  |TAMS 0x0000000081b90e00, 0x0000000081b00000| Untracked 
|  28|0x0000000081c00000, 0x0000000081c00000, 0x0000000081d00000|  0%| F|  |TAMS 0x0000000081c00000, 0x0000000081c00000| Untracked 
|  29|0x0000000081d00000, 0x0000000081e00000, 0x0000000081e00000|100%| O|  |TAMS 0x0000000081d00000, 0x0000000081d00000| Untracked 
|  30|0x0000000081e00000, 0x0000000081f00000, 0x0000000081f00000|100%| O|  |TAMS 0x0000000081e00000, 0x0000000081e00000| Untracked 
|  31|0x0000000081f00000, 0x0000000082000000, 0x0000000082000000|100%| O|  |TAMS 0x0000000081f00000, 0x0000000081f00000| Untracked 
|  32|0x0000000082000000, 0x0000000082100000, 0x0000000082100000|100%| O|  |TAMS 0x0000000082000000, 0x0000000082000000| Untracked 
|  33|0x0000000082100000, 0x0000000082200000, 0x0000000082200000|100%| O|  |TAMS 0x0000000082100000, 0x0000000082100000| Untracked 
|  34|0x0000000082200000, 0x0000000082300000, 0x0000000082300000|100%| O|  |TAMS 0x0000000082200000, 0x0000000082200000| Untracked 
|  35|0x0000000082300000, 0x0000000082400000, 0x0000000082400000|100%| O|  |TAMS 0x0000000082300000, 0x0000000082300000| Untracked 
|  36|0x0000000082400000, 0x0000000082500000, 0x0000000082500000|100%| O|  |TAMS 0x0000000082400000, 0x0000000082400000| Untracked 
|  37|0x0000000082500000, 0x0000000082600000, 0x0000000082600000|100%| O|  |TAMS 0x0000000082500000, 0x0000000082500000| Untracked 
|  38|0x0000000082600000, 0x0000000082700000, 0x0000000082700000|100%| O|  |TAMS 0x0000000082600000, 0x0000000082600000| Untracked 
|  39|0x0000000082700000, 0x0000000082800000, 0x0000000082800000|100%| O|  |TAMS 0x0000000082700000, 0x0000000082700000| Untracked 
|  40|0x0000000082800000, 0x0000000082900000, 0x0000000082900000|100%| O|  |TAMS 0x0000000082800000, 0x0000000082800000| Untracked 
|  41|0x0000000082900000, 0x0000000082a00000, 0x0000000082a00000|100%| O|  |TAMS 0x0000000082900000, 0x0000000082900000| Untracked 
|  42|0x0000000082a00000, 0x0000000082b00000, 0x0000000082b00000|100%| O|  |TAMS 0x0000000082a00000, 0x0000000082a00000| Untracked 
|  43|0x0000000082b00000, 0x0000000082c00000, 0x0000000082c00000|100%| O|  |TAMS 0x0000000082b00000, 0x0000000082b00000| Untracked 
|  44|0x0000000082c00000, 0x0000000082d00000, 0x0000000082d00000|100%| O|  |TAMS 0x0000000082c00000, 0x0000000082c00000| Untracked 
|  45|0x0000000082d00000, 0x0000000082d33c00, 0x0000000082e00000| 20%| O|  |TAMS 0x0000000082d00000, 0x0000000082d00000| Untracked 
|  46|0x0000000082e00000, 0x0000000082e00000, 0x0000000082f00000|  0%| F|  |TAMS 0x0000000082e00000, 0x0000000082e00000| Untracked 
|  47|0x0000000082f00000, 0x0000000082f00000, 0x0000000083000000|  0%| F|  |TAMS 0x0000000082f00000, 0x0000000082f00000| Untracked 
|  48|0x0000000083000000, 0x0000000083000000, 0x0000000083100000|  0%| F|  |TAMS 0x0000000083000000, 0x0000000083000000| Untracked 
|  49|0x0000000083100000, 0x0000000083100000, 0x0000000083200000|  0%| F|  |TAMS 0x0000000083100000, 0x0000000083100000| Untracked 
|  50|0x0000000083200000, 0x0000000083200000, 0x0000000083300000|  0%| F|  |TAMS 0x0000000083200000, 0x0000000083200000| Untracked 
|  51|0x0000000083300000, 0x0000000083300000, 0x0000000083400000|  0%| F|  |TAMS 0x0000000083300000, 0x0000000083300000| Untracked 
|  52|0x0000000083400000, 0x0000000083400000, 0x0000000083500000|  0%| F|  |TAMS 0x0000000083400000, 0x0000000083400000| Untracked 
|  53|0x0000000083500000, 0x0000000083500000, 0x0000000083600000|  0%| F|  |TAMS 0x0000000083500000, 0x0000000083500000| Untracked 
|  54|0x0000000083600000, 0x0000000083600000, 0x0000000083700000|  0%| F|  |TAMS 0x0000000083600000, 0x0000000083600000| Untracked 
|  55|0x0000000083700000, 0x0000000083700000, 0x0000000083800000|  0%| F|  |TAMS 0x0000000083700000, 0x0000000083700000| Untracked 
|  56|0x0000000083800000, 0x0000000083800000, 0x0000000083900000|  0%| F|  |TAMS 0x0000000083800000, 0x0000000083800000| Untracked 
|  57|0x0000000083900000, 0x0000000083900000, 0x0000000083a00000|  0%| F|  |TAMS 0x0000000083900000, 0x0000000083900000| Untracked 
|  58|0x0000000083a00000, 0x0000000083a00000, 0x0000000083b00000|  0%| F|  |TAMS 0x0000000083a00000, 0x0000000083a00000| Untracked 
|  59|0x0000000083b00000, 0x0000000083b00000, 0x0000000083c00000|  0%| F|  |TAMS 0x0000000083b00000, 0x0000000083b00000| Untracked 
|  60|0x0000000083c00000, 0x0000000083c00000, 0x0000000083d00000|  0%| F|  |TAMS 0x0000000083c00000, 0x0000000083c00000| Untracked 
|  61|0x0000000083d00000, 0x0000000083d00000, 0x0000000083e00000|  0%| F|  |TAMS 0x0000000083d00000, 0x0000000083d00000| Untracked 
|  62|0x0000000083e00000, 0x0000000083e00000, 0x0000000083f00000|  0%| F|  |TAMS 0x0000000083e00000, 0x0000000083e00000| Untracked 
|  63|0x0000000083f00000, 0x0000000083f00000, 0x0000000084000000|  0%| F|  |TAMS 0x0000000083f00000, 0x0000000083f00000| Untracked 
|  64|0x0000000084000000, 0x0000000084000000, 0x0000000084100000|  0%| F|  |TAMS 0x0000000084000000, 0x0000000084000000| Untracked 
|  65|0x0000000084100000, 0x0000000084100000, 0x0000000084200000|  0%| F|  |TAMS 0x0000000084100000, 0x0000000084100000| Untracked 
|  66|0x0000000084200000, 0x0000000084200000, 0x0000000084300000|  0%| F|  |TAMS 0x0000000084200000, 0x0000000084200000| Untracked 
|  67|0x0000000084300000, 0x0000000084300000, 0x0000000084400000|  0%| F|  |TAMS 0x0000000084300000, 0x0000000084300000| Untracked 
|  68|0x0000000084400000, 0x0000000084400000, 0x0000000084500000|  0%| F|  |TAMS 0x0000000084400000, 0x0000000084400000| Untracked 
|  69|0x0000000084500000, 0x0000000084500000, 0x0000000084600000|  0%| F|  |TAMS 0x0000000084500000, 0x0000000084500000| Untracked 
|  70|0x0000000084600000, 0x0000000084600000, 0x0000000084700000|  0%| F|  |TAMS 0x0000000084600000, 0x0000000084600000| Untracked 
|  71|0x0000000084700000, 0x0000000084700000, 0x0000000084800000|  0%| F|  |TAMS 0x0000000084700000, 0x0000000084700000| Untracked 
|  72|0x0000000084800000, 0x0000000084800000, 0x0000000084900000|  0%| F|  |TAMS 0x0000000084800000, 0x0000000084800000| Untracked 
|  73|0x0000000084900000, 0x0000000084900000, 0x0000000084a00000|  0%| F|  |TAMS 0x0000000084900000, 0x0000000084900000| Untracked 
|  74|0x0000000084a00000, 0x0000000084a00000, 0x0000000084b00000|  0%| F|  |TAMS 0x0000000084a00000, 0x0000000084a00000| Untracked 
|  75|0x0000000084b00000, 0x0000000084b00000, 0x0000000084c00000|  0%| F|  |TAMS 0x0000000084b00000, 0x0000000084b00000| Untracked 
|  76|0x0000000084c00000, 0x0000000084c00000, 0x0000000084d00000|  0%| F|  |TAMS 0x0000000084c00000, 0x0000000084c00000| Untracked 
|  77|0x0000000084d00000, 0x0000000084d00000, 0x0000000084e00000|  0%| F|  |TAMS 0x0000000084d00000, 0x0000000084d00000| Untracked 
|  78|0x0000000084e00000, 0x0000000084e00000, 0x0000000084f00000|  0%| F|  |TAMS 0x0000000084e00000, 0x0000000084e00000| Untracked 
|  79|0x0000000084f00000, 0x0000000084f00000, 0x0000000085000000|  0%| F|  |TAMS 0x0000000084f00000, 0x0000000084f00000| Untracked 
|  80|0x0000000085000000, 0x0000000085000000, 0x0000000085100000|  0%| F|  |TAMS 0x0000000085000000, 0x0000000085000000| Untracked 
|  81|0x0000000085100000, 0x0000000085100000, 0x0000000085200000|  0%| F|  |TAMS 0x0000000085100000, 0x0000000085100000| Untracked 
|  82|0x0000000085200000, 0x0000000085200000, 0x0000000085300000|  0%| F|  |TAMS 0x0000000085200000, 0x0000000085200000| Untracked 
|  83|0x0000000085300000, 0x0000000085300000, 0x0000000085400000|  0%| F|  |TAMS 0x0000000085300000, 0x0000000085300000| Untracked 
|  84|0x0000000085400000, 0x0000000085400000, 0x0000000085500000|  0%| F|  |TAMS 0x0000000085400000, 0x0000000085400000| Untracked 
|  85|0x0000000085500000, 0x0000000085500000, 0x0000000085600000|  0%| F|  |TAMS 0x0000000085500000, 0x0000000085500000| Untracked 
|  86|0x0000000085600000, 0x0000000085600000, 0x0000000085700000|  0%| F|  |TAMS 0x0000000085600000, 0x0000000085600000| Untracked 
|  87|0x0000000085700000, 0x0000000085700000, 0x0000000085800000|  0%| F|  |TAMS 0x0000000085700000, 0x0000000085700000| Untracked 
|  88|0x0000000085800000, 0x0000000085800000, 0x0000000085900000|  0%| F|  |TAMS 0x0000000085800000, 0x0000000085800000| Untracked 
|  89|0x0000000085900000, 0x0000000085900000, 0x0000000085a00000|  0%| F|  |TAMS 0x0000000085900000, 0x0000000085900000| Untracked 
|  90|0x0000000085a00000, 0x0000000085a00000, 0x0000000085b00000|  0%| F|  |TAMS 0x0000000085a00000, 0x0000000085a00000| Untracked 
|  91|0x0000000085b00000, 0x0000000085b00000, 0x0000000085c00000|  0%| F|  |TAMS 0x0000000085b00000, 0x0000000085b00000| Untracked 
|  92|0x0000000085c00000, 0x0000000085c00000, 0x0000000085d00000|  0%| F|  |TAMS 0x0000000085c00000, 0x0000000085c00000| Untracked 
|  93|0x0000000085d00000, 0x0000000085d00000, 0x0000000085e00000|  0%| F|  |TAMS 0x0000000085d00000, 0x0000000085d00000| Untracked 
|  94|0x0000000085e00000, 0x0000000085e00000, 0x0000000085f00000|  0%| F|  |TAMS 0x0000000085e00000, 0x0000000085e00000| Untracked 
|  95|0x0000000085f00000, 0x0000000085f00000, 0x0000000086000000|  0%| F|  |TAMS 0x0000000085f00000, 0x0000000085f00000| Untracked 
|  96|0x0000000086000000, 0x0000000086080000, 0x0000000086100000| 50%| S|CS|TAMS 0x0000000086000000, 0x0000000086000000| Complete 
|  97|0x0000000086100000, 0x0000000086200000, 0x0000000086200000|100%| S|CS|TAMS 0x0000000086100000, 0x0000000086100000| Complete 
|  98|0x0000000086200000, 0x0000000086300000, 0x0000000086300000|100%| S|CS|TAMS 0x0000000086200000, 0x0000000086200000| Complete 
|  99|0x0000000086300000, 0x0000000086300000, 0x0000000086400000|  0%| F|  |TAMS 0x0000000086300000, 0x0000000086300000| Untracked 
| 100|0x0000000086400000, 0x0000000086400000, 0x0000000086500000|  0%| F|  |TAMS 0x0000000086400000, 0x0000000086400000| Untracked 
| 101|0x0000000086500000, 0x0000000086500000, 0x0000000086600000|  0%| F|  |TAMS 0x0000000086500000, 0x0000000086500000| Untracked 
| 102|0x0000000086600000, 0x0000000086600000, 0x0000000086700000|  0%| F|  |TAMS 0x0000000086600000, 0x0000000086600000| Untracked 
| 103|0x0000000086700000, 0x0000000086700000, 0x0000000086800000|  0%| F|  |TAMS 0x0000000086700000, 0x0000000086700000| Untracked 
| 104|0x0000000086800000, 0x0000000086800000, 0x0000000086900000|  0%| F|  |TAMS 0x0000000086800000, 0x0000000086800000| Untracked 
| 105|0x0000000086900000, 0x0000000086900000, 0x0000000086a00000|  0%| F|  |TAMS 0x0000000086900000, 0x0000000086900000| Untracked 
| 106|0x0000000086a00000, 0x0000000086a00000, 0x0000000086b00000|  0%| F|  |TAMS 0x0000000086a00000, 0x0000000086a00000| Untracked 
| 107|0x0000000086b00000, 0x0000000086b00000, 0x0000000086c00000|  0%| F|  |TAMS 0x0000000086b00000, 0x0000000086b00000| Untracked 
| 108|0x0000000086c00000, 0x0000000086c00000, 0x0000000086d00000|  0%| F|  |TAMS 0x0000000086c00000, 0x0000000086c00000| Untracked 
| 109|0x0000000086d00000, 0x0000000086d00000, 0x0000000086e00000|  0%| F|  |TAMS 0x0000000086d00000, 0x0000000086d00000| Untracked 
| 110|0x0000000086e00000, 0x0000000086e00000, 0x0000000086f00000|  0%| F|  |TAMS 0x0000000086e00000, 0x0000000086e00000| Untracked 
| 111|0x0000000086f00000, 0x0000000086f00000, 0x0000000087000000|  0%| F|  |TAMS 0x0000000086f00000, 0x0000000086f00000| Untracked 
| 112|0x0000000087000000, 0x0000000087000000, 0x0000000087100000|  0%| F|  |TAMS 0x0000000087000000, 0x0000000087000000| Untracked 
| 113|0x0000000087100000, 0x0000000087100000, 0x0000000087200000|  0%| F|  |TAMS 0x0000000087100000, 0x0000000087100000| Untracked 
| 114|0x0000000087200000, 0x0000000087200000, 0x0000000087300000|  0%| F|  |TAMS 0x0000000087200000, 0x0000000087200000| Untracked 
| 115|0x0000000087300000, 0x0000000087300000, 0x0000000087400000|  0%| F|  |TAMS 0x0000000087300000, 0x0000000087300000| Untracked 
| 116|0x0000000087400000, 0x0000000087500000, 0x0000000087500000|100%| S|CS|TAMS 0x0000000087400000, 0x0000000087400000| Complete 
| 117|0x0000000087500000, 0x0000000087600000, 0x0000000087600000|100%| S|CS|TAMS 0x0000000087500000, 0x0000000087500000| Complete 
| 118|0x0000000087600000, 0x0000000087700000, 0x0000000087700000|100%| S|CS|TAMS 0x0000000087600000, 0x0000000087600000| Complete 
| 119|0x0000000087700000, 0x0000000087800000, 0x0000000087800000|100%| S|CS|TAMS 0x0000000087700000, 0x0000000087700000| Complete 
| 120|0x0000000087800000, 0x0000000087900000, 0x0000000087900000|100%| S|CS|TAMS 0x0000000087800000, 0x0000000087800000| Complete 
| 121|0x0000000087900000, 0x0000000087a00000, 0x0000000087a00000|100%| S|CS|TAMS 0x0000000087900000, 0x0000000087900000| Complete 
| 122|0x0000000087a00000, 0x0000000087b00000, 0x0000000087b00000|100%| S|CS|TAMS 0x0000000087a00000, 0x0000000087a00000| Complete 
| 123|0x0000000087b00000, 0x0000000087c00000, 0x0000000087c00000|100%| S|CS|TAMS 0x0000000087b00000, 0x0000000087b00000| Complete 
| 124|0x0000000087c00000, 0x0000000087c00000, 0x0000000087d00000|  0%| F|  |TAMS 0x0000000087c00000, 0x0000000087c00000| Untracked 
| 125|0x0000000087d00000, 0x0000000087d00000, 0x0000000087e00000|  0%| F|  |TAMS 0x0000000087d00000, 0x0000000087d00000| Untracked 
| 126|0x0000000087e00000, 0x0000000087e00000, 0x0000000087f00000|  0%| F|  |TAMS 0x0000000087e00000, 0x0000000087e00000| Untracked 
| 127|0x0000000087f00000, 0x0000000087f00000, 0x0000000088000000|  0%| F|  |TAMS 0x0000000087f00000, 0x0000000087f00000| Untracked 
| 128|0x0000000088000000, 0x0000000088000000, 0x0000000088100000|  0%| F|  |TAMS 0x0000000088000000, 0x0000000088000000| Untracked 
| 129|0x0000000088100000, 0x0000000088100000, 0x0000000088200000|  0%| F|  |TAMS 0x0000000088100000, 0x0000000088100000| Untracked 
| 130|0x0000000088200000, 0x0000000088200000, 0x0000000088300000|  0%| F|  |TAMS 0x0000000088200000, 0x0000000088200000| Untracked 
| 131|0x0000000088300000, 0x0000000088300000, 0x0000000088400000|  0%| F|  |TAMS 0x0000000088300000, 0x0000000088300000| Untracked 
| 132|0x0000000088400000, 0x0000000088400000, 0x0000000088500000|  0%| F|  |TAMS 0x0000000088400000, 0x0000000088400000| Untracked 
| 133|0x0000000088500000, 0x0000000088500000, 0x0000000088600000|  0%| F|  |TAMS 0x0000000088500000, 0x0000000088500000| Untracked 
| 134|0x0000000088600000, 0x0000000088600000, 0x0000000088700000|  0%| F|  |TAMS 0x0000000088600000, 0x0000000088600000| Untracked 
| 135|0x0000000088700000, 0x0000000088700000, 0x0000000088800000|  0%| F|  |TAMS 0x0000000088700000, 0x0000000088700000| Untracked 
| 136|0x0000000088800000, 0x0000000088800000, 0x0000000088900000|  0%| F|  |TAMS 0x0000000088800000, 0x0000000088800000| Untracked 
| 137|0x0000000088900000, 0x0000000088900000, 0x0000000088a00000|  0%| F|  |TAMS 0x0000000088900000, 0x0000000088900000| Untracked 
| 138|0x0000000088a00000, 0x0000000088a00000, 0x0000000088b00000|  0%| F|  |TAMS 0x0000000088a00000, 0x0000000088a00000| Untracked 
| 139|0x0000000088b00000, 0x0000000088b00000, 0x0000000088c00000|  0%| F|  |TAMS 0x0000000088b00000, 0x0000000088b00000| Untracked 
| 140|0x0000000088c00000, 0x0000000088c00000, 0x0000000088d00000|  0%| F|  |TAMS 0x0000000088c00000, 0x0000000088c00000| Untracked 
| 141|0x0000000088d00000, 0x0000000088d00000, 0x0000000088e00000|  0%| F|  |TAMS 0x0000000088d00000, 0x0000000088d00000| Untracked 
| 142|0x0000000088e00000, 0x0000000088e00000, 0x0000000088f00000|  0%| F|  |TAMS 0x0000000088e00000, 0x0000000088e00000| Untracked 
| 143|0x0000000088f00000, 0x0000000088f00000, 0x0000000089000000|  0%| F|  |TAMS 0x0000000088f00000, 0x0000000088f00000| Untracked 
| 144|0x0000000089000000, 0x0000000089000000, 0x0000000089100000|  0%| F|  |TAMS 0x0000000089000000, 0x0000000089000000| Untracked 
| 145|0x0000000089100000, 0x0000000089100000, 0x0000000089200000|  0%| F|  |TAMS 0x0000000089100000, 0x0000000089100000| Untracked 
| 146|0x0000000089200000, 0x0000000089200000, 0x0000000089300000|  0%| F|  |TAMS 0x0000000089200000, 0x0000000089200000| Untracked 
| 147|0x0000000089300000, 0x0000000089300000, 0x0000000089400000|  0%| F|  |TAMS 0x0000000089300000, 0x0000000089300000| Untracked 
| 148|0x0000000089400000, 0x0000000089400000, 0x0000000089500000|  0%| F|  |TAMS 0x0000000089400000, 0x0000000089400000| Untracked 
| 149|0x0000000089500000, 0x0000000089500000, 0x0000000089600000|  0%| F|  |TAMS 0x0000000089500000, 0x0000000089500000| Untracked 
| 150|0x0000000089600000, 0x0000000089600000, 0x0000000089700000|  0%| F|  |TAMS 0x0000000089600000, 0x0000000089600000| Untracked 
| 151|0x0000000089700000, 0x0000000089700000, 0x0000000089800000|  0%| F|  |TAMS 0x0000000089700000, 0x0000000089700000| Untracked 
| 152|0x0000000089800000, 0x0000000089800000, 0x0000000089900000|  0%| F|  |TAMS 0x0000000089800000, 0x0000000089800000| Untracked 
| 153|0x0000000089900000, 0x0000000089900000, 0x0000000089a00000|  0%| F|  |TAMS 0x0000000089900000, 0x0000000089900000| Untracked 
| 154|0x0000000089a00000, 0x0000000089a00000, 0x0000000089b00000|  0%| F|  |TAMS 0x0000000089a00000, 0x0000000089a00000| Untracked 
| 155|0x0000000089b00000, 0x0000000089b00000, 0x0000000089c00000|  0%| F|  |TAMS 0x0000000089b00000, 0x0000000089b00000| Untracked 
| 156|0x0000000089c00000, 0x0000000089c00000, 0x0000000089d00000|  0%| F|  |TAMS 0x0000000089c00000, 0x0000000089c00000| Untracked 
| 157|0x0000000089d00000, 0x0000000089d00000, 0x0000000089e00000|  0%| F|  |TAMS 0x0000000089d00000, 0x0000000089d00000| Untracked 
| 158|0x0000000089e00000, 0x0000000089e00000, 0x0000000089f00000|  0%| F|  |TAMS 0x0000000089e00000, 0x0000000089e00000| Untracked 
| 159|0x0000000089f00000, 0x0000000089f00000, 0x000000008a000000|  0%| F|  |TAMS 0x0000000089f00000, 0x0000000089f00000| Untracked 
| 160|0x000000008a000000, 0x000000008a000000, 0x000000008a100000|  0%| F|  |TAMS 0x000000008a000000, 0x000000008a000000| Untracked 
| 161|0x000000008a100000, 0x000000008a100000, 0x000000008a200000|  0%| F|  |TAMS 0x000000008a100000, 0x000000008a100000| Untracked 
| 162|0x000000008a200000, 0x000000008a200000, 0x000000008a300000|  0%| F|  |TAMS 0x000000008a200000, 0x000000008a200000| Untracked 
| 163|0x000000008a300000, 0x000000008a300000, 0x000000008a400000|  0%| F|  |TAMS 0x000000008a300000, 0x000000008a300000| Untracked 
| 164|0x000000008a400000, 0x000000008a400000, 0x000000008a500000|  0%| F|  |TAMS 0x000000008a400000, 0x000000008a400000| Untracked 
| 165|0x000000008a500000, 0x000000008a500000, 0x000000008a600000|  0%| F|  |TAMS 0x000000008a500000, 0x000000008a500000| Untracked 
| 166|0x000000008a600000, 0x000000008a600000, 0x000000008a700000|  0%| F|  |TAMS 0x000000008a600000, 0x000000008a600000| Untracked 
| 167|0x000000008a700000, 0x000000008a700000, 0x000000008a800000|  0%| F|  |TAMS 0x000000008a700000, 0x000000008a700000| Untracked 
| 168|0x000000008a800000, 0x000000008a800000, 0x000000008a900000|  0%| F|  |TAMS 0x000000008a800000, 0x000000008a800000| Untracked 
| 169|0x000000008a900000, 0x000000008a900000, 0x000000008aa00000|  0%| F|  |TAMS 0x000000008a900000, 0x000000008a900000| Untracked 
| 170|0x000000008aa00000, 0x000000008aa00000, 0x000000008ab00000|  0%| F|  |TAMS 0x000000008aa00000, 0x000000008aa00000| Untracked 
| 171|0x000000008ab00000, 0x000000008ab00000, 0x000000008ac00000|  0%| F|  |TAMS 0x000000008ab00000, 0x000000008ab00000| Untracked 
| 172|0x000000008ac00000, 0x000000008ac00000, 0x000000008ad00000|  0%| F|  |TAMS 0x000000008ac00000, 0x000000008ac00000| Untracked 
| 173|0x000000008ad00000, 0x000000008ad00000, 0x000000008ae00000|  0%| F|  |TAMS 0x000000008ad00000, 0x000000008ad00000| Untracked 
| 174|0x000000008ae00000, 0x000000008ae00000, 0x000000008af00000|  0%| F|  |TAMS 0x000000008ae00000, 0x000000008ae00000| Untracked 
| 175|0x000000008af00000, 0x000000008af00000, 0x000000008b000000|  0%| F|  |TAMS 0x000000008af00000, 0x000000008af00000| Untracked 
| 176|0x000000008b000000, 0x000000008b000000, 0x000000008b100000|  0%| F|  |TAMS 0x000000008b000000, 0x000000008b000000| Untracked 
| 177|0x000000008b100000, 0x000000008b100000, 0x000000008b200000|  0%| F|  |TAMS 0x000000008b100000, 0x000000008b100000| Untracked 
| 178|0x000000008b200000, 0x000000008b200000, 0x000000008b300000|  0%| F|  |TAMS 0x000000008b200000, 0x000000008b200000| Untracked 
| 179|0x000000008b300000, 0x000000008b300000, 0x000000008b400000|  0%| F|  |TAMS 0x000000008b300000, 0x000000008b300000| Untracked 
| 180|0x000000008b400000, 0x000000008b400000, 0x000000008b500000|  0%| F|  |TAMS 0x000000008b400000, 0x000000008b400000| Untracked 
| 181|0x000000008b500000, 0x000000008b500000, 0x000000008b600000|  0%| F|  |TAMS 0x000000008b500000, 0x000000008b500000| Untracked 
| 182|0x000000008b600000, 0x000000008b600000, 0x000000008b700000|  0%| F|  |TAMS 0x000000008b600000, 0x000000008b600000| Untracked 
| 183|0x000000008b700000, 0x000000008b700000, 0x000000008b800000|  0%| F|  |TAMS 0x000000008b700000, 0x000000008b700000| Untracked 
| 184|0x000000008b800000, 0x000000008b800000, 0x000000008b900000|  0%| F|  |TAMS 0x000000008b800000, 0x000000008b800000| Untracked 
| 185|0x000000008b900000, 0x000000008b900000, 0x000000008ba00000|  0%| F|  |TAMS 0x000000008b900000, 0x000000008b900000| Untracked 
| 186|0x000000008ba00000, 0x000000008ba00000, 0x000000008bb00000|  0%| F|  |TAMS 0x000000008ba00000, 0x000000008ba00000| Untracked 
| 187|0x000000008bb00000, 0x000000008bb00000, 0x000000008bc00000|  0%| F|  |TAMS 0x000000008bb00000, 0x000000008bb00000| Untracked 
| 188|0x000000008bc00000, 0x000000008bc00000, 0x000000008bd00000|  0%| F|  |TAMS 0x000000008bc00000, 0x000000008bc00000| Untracked 
| 189|0x000000008bd00000, 0x000000008bd00000, 0x000000008be00000|  0%| F|  |TAMS 0x000000008bd00000, 0x000000008bd00000| Untracked 
| 190|0x000000008be00000, 0x000000008be00000, 0x000000008bf00000|  0%| F|  |TAMS 0x000000008be00000, 0x000000008be00000| Untracked 
| 191|0x000000008bf00000, 0x000000008bf00000, 0x000000008c000000|  0%| F|  |TAMS 0x000000008bf00000, 0x000000008bf00000| Untracked 
| 192|0x000000008c000000, 0x000000008c000000, 0x000000008c100000|  0%| F|  |TAMS 0x000000008c000000, 0x000000008c000000| Untracked 
| 193|0x000000008c100000, 0x000000008c100000, 0x000000008c200000|  0%| F|  |TAMS 0x000000008c100000, 0x000000008c100000| Untracked 
| 194|0x000000008c200000, 0x000000008c200000, 0x000000008c300000|  0%| F|  |TAMS 0x000000008c200000, 0x000000008c200000| Untracked 
| 195|0x000000008c300000, 0x000000008c300000, 0x000000008c400000|  0%| F|  |TAMS 0x000000008c300000, 0x000000008c300000| Untracked 
| 196|0x000000008c400000, 0x000000008c400000, 0x000000008c500000|  0%| F|  |TAMS 0x000000008c400000, 0x000000008c400000| Untracked 
| 197|0x000000008c500000, 0x000000008c500000, 0x000000008c600000|  0%| F|  |TAMS 0x000000008c500000, 0x000000008c500000| Untracked 
| 198|0x000000008c600000, 0x000000008c600000, 0x000000008c700000|  0%| F|  |TAMS 0x000000008c600000, 0x000000008c600000| Untracked 
| 199|0x000000008c700000, 0x000000008c700000, 0x000000008c800000|  0%| F|  |TAMS 0x000000008c700000, 0x000000008c700000| Untracked 
| 200|0x000000008c800000, 0x000000008c800000, 0x000000008c900000|  0%| F|  |TAMS 0x000000008c800000, 0x000000008c800000| Untracked 
| 201|0x000000008c900000, 0x000000008c900000, 0x000000008ca00000|  0%| F|  |TAMS 0x000000008c900000, 0x000000008c900000| Untracked 
| 202|0x000000008ca00000, 0x000000008ca00000, 0x000000008cb00000|  0%| F|  |TAMS 0x000000008ca00000, 0x000000008ca00000| Untracked 
| 203|0x000000008cb00000, 0x000000008cb00000, 0x000000008cc00000|  0%| F|  |TAMS 0x000000008cb00000, 0x000000008cb00000| Untracked 
| 204|0x000000008cc00000, 0x000000008cc00000, 0x000000008cd00000|  0%| F|  |TAMS 0x000000008cc00000, 0x000000008cc00000| Untracked 
| 205|0x000000008cd00000, 0x000000008cd00000, 0x000000008ce00000|  0%| F|  |TAMS 0x000000008cd00000, 0x000000008cd00000| Untracked 
| 206|0x000000008ce00000, 0x000000008ce00000, 0x000000008cf00000|  0%| F|  |TAMS 0x000000008ce00000, 0x000000008ce00000| Untracked 
| 207|0x000000008cf00000, 0x000000008cf00000, 0x000000008d000000|  0%| F|  |TAMS 0x000000008cf00000, 0x000000008cf00000| Untracked 
| 208|0x000000008d000000, 0x000000008d000000, 0x000000008d100000|  0%| F|  |TAMS 0x000000008d000000, 0x000000008d000000| Untracked 
| 209|0x000000008d100000, 0x000000008d100000, 0x000000008d200000|  0%| F|  |TAMS 0x000000008d100000, 0x000000008d100000| Untracked 
| 210|0x000000008d200000, 0x000000008d200000, 0x000000008d300000|  0%| F|  |TAMS 0x000000008d200000, 0x000000008d200000| Untracked 
| 211|0x000000008d300000, 0x000000008d300000, 0x000000008d400000|  0%| F|  |TAMS 0x000000008d300000, 0x000000008d300000| Untracked 
| 212|0x000000008d400000, 0x000000008d400000, 0x000000008d500000|  0%| F|  |TAMS 0x000000008d400000, 0x000000008d400000| Untracked 
| 213|0x000000008d500000, 0x000000008d500000, 0x000000008d600000|  0%| F|  |TAMS 0x000000008d500000, 0x000000008d500000| Untracked 
| 214|0x000000008d600000, 0x000000008d600000, 0x000000008d700000|  0%| F|  |TAMS 0x000000008d600000, 0x000000008d600000| Untracked 
| 215|0x000000008d700000, 0x000000008d700000, 0x000000008d800000|  0%| F|  |TAMS 0x000000008d700000, 0x000000008d700000| Untracked 
| 216|0x000000008d800000, 0x000000008d800000, 0x000000008d900000|  0%| F|  |TAMS 0x000000008d800000, 0x000000008d800000| Untracked 
| 217|0x000000008d900000, 0x000000008d900000, 0x000000008da00000|  0%| F|  |TAMS 0x000000008d900000, 0x000000008d900000| Untracked 
| 218|0x000000008da00000, 0x000000008da00000, 0x000000008db00000|  0%| F|  |TAMS 0x000000008da00000, 0x000000008da00000| Untracked 
| 219|0x000000008db00000, 0x000000008db00000, 0x000000008dc00000|  0%| F|  |TAMS 0x000000008db00000, 0x000000008db00000| Untracked 
| 220|0x000000008dc00000, 0x000000008dc00000, 0x000000008dd00000|  0%| F|  |TAMS 0x000000008dc00000, 0x000000008dc00000| Untracked 
| 221|0x000000008dd00000, 0x000000008dd00000, 0x000000008de00000|  0%| F|  |TAMS 0x000000008dd00000, 0x000000008dd00000| Untracked 
| 222|0x000000008de00000, 0x000000008de00000, 0x000000008df00000|  0%| F|  |TAMS 0x000000008de00000, 0x000000008de00000| Untracked 
| 223|0x000000008df00000, 0x000000008df00000, 0x000000008e000000|  0%| F|  |TAMS 0x000000008df00000, 0x000000008df00000| Untracked 
| 224|0x000000008e000000, 0x000000008e000000, 0x000000008e100000|  0%| F|  |TAMS 0x000000008e000000, 0x000000008e000000| Untracked 
| 225|0x000000008e100000, 0x000000008e100000, 0x000000008e200000|  0%| F|  |TAMS 0x000000008e100000, 0x000000008e100000| Untracked 
| 226|0x000000008e200000, 0x000000008e200000, 0x000000008e300000|  0%| F|  |TAMS 0x000000008e200000, 0x000000008e200000| Untracked 
| 227|0x000000008e300000, 0x000000008e300000, 0x000000008e400000|  0%| F|  |TAMS 0x000000008e300000, 0x000000008e300000| Untracked 
| 228|0x000000008e400000, 0x000000008e400000, 0x000000008e500000|  0%| F|  |TAMS 0x000000008e400000, 0x000000008e400000| Untracked 
| 229|0x000000008e500000, 0x000000008e500000, 0x000000008e600000|  0%| F|  |TAMS 0x000000008e500000, 0x000000008e500000| Untracked 
| 230|0x000000008e600000, 0x000000008e600000, 0x000000008e700000|  0%| F|  |TAMS 0x000000008e600000, 0x000000008e600000| Untracked 
| 231|0x000000008e700000, 0x000000008e700000, 0x000000008e800000|  0%| F|  |TAMS 0x000000008e700000, 0x000000008e700000| Untracked 
| 232|0x000000008e800000, 0x000000008e800000, 0x000000008e900000|  0%| F|  |TAMS 0x000000008e800000, 0x000000008e800000| Untracked 
| 233|0x000000008e900000, 0x000000008e900000, 0x000000008ea00000|  0%| F|  |TAMS 0x000000008e900000, 0x000000008e900000| Untracked 
| 234|0x000000008ea00000, 0x000000008ea00000, 0x000000008eb00000|  0%| F|  |TAMS 0x000000008ea00000, 0x000000008ea00000| Untracked 
| 235|0x000000008eb00000, 0x000000008eb00000, 0x000000008ec00000|  0%| F|  |TAMS 0x000000008eb00000, 0x000000008eb00000| Untracked 
| 236|0x000000008ec00000, 0x000000008ec00000, 0x000000008ed00000|  0%| F|  |TAMS 0x000000008ec00000, 0x000000008ec00000| Untracked 
| 237|0x000000008ed00000, 0x000000008ed00000, 0x000000008ee00000|  0%| F|  |TAMS 0x000000008ed00000, 0x000000008ed00000| Untracked 
| 238|0x000000008ee00000, 0x000000008ee00000, 0x000000008ef00000|  0%| F|  |TAMS 0x000000008ee00000, 0x000000008ee00000| Untracked 
| 239|0x000000008ef00000, 0x000000008ef00000, 0x000000008f000000|  0%| F|  |TAMS 0x000000008ef00000, 0x000000008ef00000| Untracked 
| 240|0x000000008f000000, 0x000000008f000000, 0x000000008f100000|  0%| F|  |TAMS 0x000000008f000000, 0x000000008f000000| Untracked 
| 241|0x000000008f100000, 0x000000008f100000, 0x000000008f200000|  0%| F|  |TAMS 0x000000008f100000, 0x000000008f100000| Untracked 
| 242|0x000000008f200000, 0x000000008f200000, 0x000000008f300000|  0%| F|  |TAMS 0x000000008f200000, 0x000000008f200000| Untracked 
| 243|0x000000008f300000, 0x000000008f300000, 0x000000008f400000|  0%| F|  |TAMS 0x000000008f300000, 0x000000008f300000| Untracked 
| 244|0x000000008f400000, 0x000000008f400000, 0x000000008f500000|  0%| F|  |TAMS 0x000000008f400000, 0x000000008f400000| Untracked 
| 245|0x000000008f500000, 0x000000008f500000, 0x000000008f600000|  0%| F|  |TAMS 0x000000008f500000, 0x000000008f500000| Untracked 
| 246|0x000000008f600000, 0x000000008f600000, 0x000000008f700000|  0%| F|  |TAMS 0x000000008f600000, 0x000000008f600000| Untracked 
| 247|0x000000008f700000, 0x000000008f700000, 0x000000008f800000|  0%| F|  |TAMS 0x000000008f700000, 0x000000008f700000| Untracked 
| 248|0x000000008f800000, 0x000000008f800000, 0x000000008f900000|  0%| F|  |TAMS 0x000000008f800000, 0x000000008f800000| Untracked 
| 249|0x000000008f900000, 0x000000008f900000, 0x000000008fa00000|  0%| F|  |TAMS 0x000000008f900000, 0x000000008f900000| Untracked 
| 250|0x000000008fa00000, 0x000000008fa00000, 0x000000008fb00000|  0%| F|  |TAMS 0x000000008fa00000, 0x000000008fa00000| Untracked 
| 251|0x000000008fb00000, 0x000000008fb00000, 0x000000008fc00000|  0%| F|  |TAMS 0x000000008fb00000, 0x000000008fb00000| Untracked 
| 252|0x000000008fc00000, 0x000000008fc00000, 0x000000008fd00000|  0%| F|  |TAMS 0x000000008fc00000, 0x000000008fc00000| Untracked 
| 253|0x000000008fd00000, 0x000000008fd00000, 0x000000008fe00000|  0%| F|  |TAMS 0x000000008fd00000, 0x000000008fd00000| Untracked 
| 254|0x000000008fe00000, 0x000000008fe00000, 0x000000008ff00000|  0%| F|  |TAMS 0x000000008fe00000, 0x000000008fe00000| Untracked 
| 255|0x000000008ff00000, 0x000000008ff00000, 0x0000000090000000|  0%| F|  |TAMS 0x000000008ff00000, 0x000000008ff00000| Untracked 
| 256|0x0000000090000000, 0x0000000090000000, 0x0000000090100000|  0%| F|  |TAMS 0x0000000090000000, 0x0000000090000000| Untracked 
| 257|0x0000000090100000, 0x0000000090100000, 0x0000000090200000|  0%| F|  |TAMS 0x0000000090100000, 0x0000000090100000| Untracked 

Card table byte_map: [0x0000000006e80000,0x0000000007280000] _byte_map_base: 0x0000000006a80000

Marking Bits (Prev, Next): (CMBitMap*) 0x000000000032bc68, (CMBitMap*) 0x000000000032bca0
 Prev Bits: [0x0000000007680000, 0x0000000009680000)
 Next Bits: [0x0000000009680000, 0x000000000b680000)

Polling page: 0x0000000000230000

Metaspace:

Usage:
  Non-class:     58.43 MB capacity,    57.45 MB ( 98%) used,   842.90 KB (  1%) free+waste,   165.56 KB ( <1%) overhead. 
      Class:      8.92 MB capacity,     8.31 MB ( 93%) used,   543.84 KB (  6%) free+waste,    76.94 KB ( <1%) overhead. 
       Both:     67.35 MB capacity,    65.76 MB ( 98%) used,     1.35 MB (  2%) free+waste,   242.50 KB ( <1%) overhead. 

Virtual space:
  Non-class space:       60.00 MB reserved,      58.45 MB ( 97%) committed 
      Class space:        1.00 GB reserved,       9.00 MB ( <1%) committed 
             Both:        1.06 GB reserved,      67.45 MB (  6%) committed 

Chunk freelists:
   Non-Class:  17.00 KB
       Class:  18.00 KB
        Both:  35.00 KB

MaxMetaspaceSize: 17179869184.00 GB
CompressedClassSpaceSize: 1.00 GB
Initial GC threshold: 20.80 MB
Current GC threshold: 95.13 MB
CDS: off

CodeHeap 'non-profiled nmethods': size=120064Kb used=3521Kb max_used=3521Kb free=116542Kb
 bounds [0x0000000016ad0000, 0x0000000016e50000, 0x000000001e010000]
CodeHeap 'profiled nmethods': size=120000Kb used=13662Kb max_used=13662Kb free=106337Kb
 bounds [0x000000000f5a0000, 0x0000000010300000, 0x0000000016ad0000]
CodeHeap 'non-nmethods': size=5696Kb used=2378Kb max_used=2379Kb free=3317Kb
 bounds [0x000000000f010000, 0x000000000f280000, 0x000000000f5a0000]
 total_blobs=7308 nmethods=6450 adapters=768
 compilation: enabled
              stopped_count=0, restarted_count=0
 full_count=0

Compilation events (20 events):
Event: 8.837 Thread 0x000000000eb0f000 6489       3       org.gradle.internal.operations.BuildOperationDescriptor::<init> (18 bytes)
Event: 8.837 Thread 0x000000000eb0f000 nmethod 6489 0x00000000102f1010 code [0x00000000102f11c0, 0x00000000102f1308]
Event: 8.837 Thread 0x000000000eb0f000 6490       3       org.gradle.internal.operations.DefaultBuildOperationExecutor$$Lambda$89/0x000000001e22f840::getCurrentTime (10 bytes)
Event: 8.837 Thread 0x000000000eb0f000 nmethod 6490 0x00000000102f1410 code [0x00000000102f15e0, 0x00000000102f1768]
Event: 8.837 Thread 0x000000000eb0f000 6491       3       org.gradle.internal.operations.BuildOperationState::<init> (26 bytes)
Event: 8.838 Thread 0x000000000eb0f000 nmethod 6491 0x00000000102f1890 code [0x00000000102f1a60, 0x00000000102f1d98]
Event: 8.838 Thread 0x000000000eb0f000 6494       3       org.gradle.api.internal.artifacts.configurations.DefaultConfiguration::validateMutationType (8 bytes)
Event: 8.838 Thread 0x000000000eb0f000 nmethod 6494 0x00000000102f1f10 code [0x00000000102f2100, 0x00000000102f26d8]
Event: 8.838 Thread 0x000000000eb0f000 6497       3       org.gradle.internal.operations.DefaultBuildOperationRunner::execute (147 bytes)
Event: 8.840 Thread 0x000000000eb0f000 nmethod 6497 0x00000000102f2890 code [0x00000000102f2ba0, 0x00000000102f3ea8]
Event: 8.840 Thread 0x000000000eb0f000 6498       3       org.gradle.tooling.internal.provider.runner.ToolingApiBuildEventListenerFactory$1::started (1 bytes)
Event: 8.840 Thread 0x000000000eb0f000 nmethod 6498 0x00000000102f4710 code [0x00000000102f48c0, 0x00000000102f49b8]
Event: 8.840 Thread 0x000000000eb0f000 6499       3       org.gradle.internal.logging.progress.DefaultProgressLoggerFactory$ProgressLoggerImpl::assertRunning (63 bytes)
Event: 8.841 Thread 0x000000000eb0f000 nmethod 6499 0x00000000102f4a90 code [0x00000000102f4e00, 0x00000000102f6338]
Event: 8.841 Thread 0x000000000eb0f000 6500       3       org.gradle.internal.logging.events.ProgressCompleteEvent::<init> (27 bytes)
Event: 8.841 Thread 0x000000000eb0f000 nmethod 6500 0x00000000102f6a10 code [0x00000000102f6be0, 0x00000000102f6e58]
Event: 8.841 Thread 0x000000000eb0f000 6501       3       org.gradle.internal.logging.services.ProgressLoggingBridge::completed (11 bytes)
Event: 8.842 Thread 0x000000000eb0f000 nmethod 6501 0x00000000102f6f90 code [0x00000000102f7140, 0x00000000102f7308]
Event: 8.842 Thread 0x000000000eb0f000 6495       3       org.gradle.api.internal.artifacts.configurations.DefaultConfiguration$$Lambda$406/0x000000001e5e9040::get$Lambda (10 bytes)
Event: 8.842 Thread 0x000000000eb0f000 nmethod 6495 0x00000000102f7410 code [0x00000000102f75e0, 0x00000000102f7898]

GC Heap History (17 events):
Event: 0.455 GC heap before
{Heap before GC invocations=0 (full 0):
 garbage-first heap   total 196608K, used 20480K [0x0000000080000000, 0x0000000100000000)
  region size 1024K, 14 young (14336K), 0 survivors (0K)
 Metaspace       used 6681K, capacity 6865K, committed 7168K, reserved 1056768K
  class space    used 584K, capacity 650K, committed 768K, reserved 1048576K
}
Event: 0.483 GC heap after
{Heap after GC invocations=1 (full 0):
 garbage-first heap   total 196608K, used 7884K [0x0000000080000000, 0x0000000100000000)
  region size 1024K, 2 young (2048K), 2 survivors (2048K)
 Metaspace       used 6681K, capacity 6865K, committed 7168K, reserved 1056768K
  class space    used 584K, capacity 650K, committed 768K, reserved 1048576K
}
Event: 1.284 GC heap before
{Heap before GC invocations=1 (full 0):
 garbage-first heap   total 196608K, used 71372K [0x0000000080000000, 0x0000000100000000)
  region size 1024K, 64 young (65536K), 2 survivors (2048K)
 Metaspace       used 12937K, capacity 13267K, committed 13312K, reserved 1060864K
  class space    used 1420K, capacity 1532K, committed 1536K, reserved 1048576K
}
Event: 1.291 GC heap after
{Heap after GC invocations=2 (full 0):
 garbage-first heap   total 196608K, used 14767K [0x0000000080000000, 0x0000000100000000)
  region size 1024K, 8 young (8192K), 8 survivors (8192K)
 Metaspace       used 12937K, capacity 13267K, committed 13312K, reserved 1060864K
  class space    used 1420K, capacity 1532K, committed 1536K, reserved 1048576K
}
Event: 1.800 GC heap before
{Heap before GC invocations=2 (full 0):
 garbage-first heap   total 196608K, used 34223K [0x0000000080000000, 0x0000000100000000)
  region size 1024K, 27 young (27648K), 8 survivors (8192K)
 Metaspace       used 17604K, capacity 18041K, committed 18176K, reserved 1064960K
  class space    used 2083K, capacity 2211K, committed 2304K, reserved 1048576K
}
Event: 1.810 GC heap after
{Heap after GC invocations=3 (full 0):
 garbage-first heap   total 196608K, used 16746K [0x0000000080000000, 0x0000000100000000)
  region size 1024K, 2 young (2048K), 2 survivors (2048K)
 Metaspace       used 17604K, capacity 18041K, committed 18176K, reserved 1064960K
  class space    used 2083K, capacity 2211K, committed 2304K, reserved 1048576K
}
Event: 2.037 GC heap before
{Heap before GC invocations=3 (full 0):
 garbage-first heap   total 196608K, used 44394K [0x0000000080000000, 0x0000000100000000)
  region size 1024K, 30 young (30720K), 2 survivors (2048K)
 Metaspace       used 20719K, capacity 21150K, committed 21296K, reserved 1069056K
  class space    used 2554K, capacity 2715K, committed 2816K, reserved 1048576K
}
Event: 2.044 GC heap after
{Heap after GC invocations=4 (full 0):
 garbage-first heap   total 196608K, used 17537K [0x0000000080000000, 0x0000000100000000)
  region size 1024K, 3 young (3072K), 3 survivors (3072K)
 Metaspace       used 20719K, capacity 21150K, committed 21296K, reserved 1069056K
  class space    used 2554K, capacity 2715K, committed 2816K, reserved 1048576K
}
Event: 2.728 GC heap before
{Heap before GC invocations=5 (full 0):
 garbage-first heap   total 196608K, used 75905K [0x0000000080000000, 0x0000000100000000)
  region size 1024K, 60 young (61440K), 3 survivors (3072K)
 Metaspace       used 26687K, capacity 27339K, committed 27520K, reserved 1073152K
  class space    used 3486K, capacity 3698K, committed 3712K, reserved 1048576K
}
Event: 2.738 GC heap after
{Heap after GC invocations=6 (full 0):
 garbage-first heap   total 264192K, used 19777K [0x0000000080000000, 0x0000000100000000)
  region size 1024K, 5 young (5120K), 5 survivors (5120K)
 Metaspace       used 26687K, capacity 27339K, committed 27520K, reserved 1073152K
  class space    used 3486K, capacity 3698K, committed 3712K, reserved 1048576K
}
Event: 3.735 GC heap before
{Heap before GC invocations=7 (full 0):
 garbage-first heap   total 264192K, used 93505K [0x0000000080000000, 0x0000000100000000)
  region size 1024K, 78 young (79872K), 5 survivors (5120K)
 Metaspace       used 36985K, capacity 37794K, committed 37888K, reserved 1081344K
  class space    used 4744K, capacity 5060K, committed 5120K, reserved 1048576K
}
Event: 3.752 GC heap after
{Heap after GC invocations=8 (full 0):
 garbage-first heap   total 264192K, used 25476K [0x0000000080000000, 0x0000000100000000)
  region size 1024K, 10 young (10240K), 10 survivors (10240K)
 Metaspace       used 36985K, capacity 37794K, committed 37888K, reserved 1081344K
  class space    used 4744K, capacity 5060K, committed 5120K, reserved 1048576K
}
Event: 4.857 GC heap before
{Heap before GC invocations=8 (full 0):
 garbage-first heap   total 264192K, used 125828K [0x0000000080000000, 0x0000000100000000)
  region size 1024K, 105 young (107520K), 10 survivors (10240K)
 Metaspace       used 45068K, capacity 46043K, committed 46080K, reserved 1089536K
  class space    used 5781K, capacity 6133K, committed 6144K, reserved 1048576K
}
Event: 4.898 GC heap after
{Heap after GC invocations=9 (full 0):
 garbage-first heap   total 264192K, used 29395K [0x0000000080000000, 0x0000000100000000)
  region size 1024K, 10 young (10240K), 10 survivors (10240K)
 Metaspace       used 45068K, capacity 46043K, committed 46080K, reserved 1089536K
  class space    used 5781K, capacity 6133K, committed 6144K, reserved 1048576K
}
Event: 7.035 GC heap before
{Heap before GC invocations=10 (full 0):
 garbage-first heap   total 264192K, used 168659K [0x0000000080000000, 0x0000000100000000)
  region size 1024K, 142 young (145408K), 10 survivors (10240K)
 Metaspace       used 56698K, capacity 58007K, committed 58188K, reserved 1099776K
  class space    used 7192K, capacity 7699K, committed 7808K, reserved 1048576K
}
Event: 7.071 GC heap after
{Heap after GC invocations=11 (full 0):
 garbage-first heap   total 264192K, used 45635K [0x0000000080000000, 0x0000000100000000)
  region size 1024K, 17 young (17408K), 17 survivors (17408K)
 Metaspace       used 56698K, capacity 58007K, committed 58188K, reserved 1099776K
  class space    used 7192K, capacity 7699K, committed 7808K, reserved 1048576K
}
Event: 8.859 GC heap before
{Heap before GC invocations=12 (full 0):
 garbage-first heap   total 264192K, used 182851K [0x0000000080000000, 0x0000000100000000)
  region size 1024K, 151 young (154624K), 17 survivors (17408K)
 Metaspace       used 67339K, capacity 68969K, committed 69068K, reserved 1110016K
  class space    used 8513K, capacity 9134K, committed 9216K, reserved 1048576K
}

Deoptimization events (20 events):
Event: 8.346 Thread 0x0000000060a2d000 Uncommon trap: trap_request=0xffffff4d fr.pc=0x0000000016c76fa4 relative=0x0000000000000644
Event: 8.346 Thread 0x0000000060a2d000 Uncommon trap: reason=unstable_if action=reinterpret pc=0x0000000016c76fa4 method=java.lang.AbstractStringBuilder.appendChars(Ljava/lang/CharSequence;II)V @ 43 c2
Event: 8.346 Thread 0x0000000060a2d000 DEOPT PACKING pc=0x0000000016c76fa4 sp=0x00000000633d6400
Event: 8.346 Thread 0x0000000060a2d000 DEOPT UNPACKING pc=0x000000000f05a1af sp=0x00000000633d6330 mode 2
Event: 8.347 Thread 0x0000000060a2d000 Uncommon trap: trap_request=0xffffff4d fr.pc=0x0000000016c00850 relative=0x0000000000000210
Event: 8.347 Thread 0x0000000060a2d000 Uncommon trap: reason=unstable_if action=reinterpret pc=0x0000000016c00850 method=java.lang.AbstractStringBuilder.appendChars(Ljava/lang/CharSequence;II)V @ 43 c2
Event: 8.347 Thread 0x0000000060a2d000 DEOPT PACKING pc=0x0000000016c00850 sp=0x00000000633d6370
Event: 8.347 Thread 0x0000000060a2d000 DEOPT UNPACKING pc=0x000000000f05a1af sp=0x00000000633d6320 mode 2
Event: 8.347 Thread 0x0000000060a2d000 Uncommon trap: trap_request=0xffffff4d fr.pc=0x0000000016adaf54 relative=0x0000000000000034
Event: 8.347 Thread 0x0000000060a2d000 Uncommon trap: reason=unstable_if action=reinterpret pc=0x0000000016adaf54 method=java.lang.StringLatin1.canEncode(I)Z @ 4 c2
Event: 8.347 Thread 0x0000000060a2d000 DEOPT PACKING pc=0x0000000016adaf54 sp=0x00000000633d6330
Event: 8.347 Thread 0x0000000060a2d000 DEOPT UNPACKING pc=0x000000000f05a1af sp=0x00000000633d62c0 mode 2
Event: 8.452 Thread 0x0000000060a2d000 Uncommon trap: trap_request=0xffffff4d fr.pc=0x0000000016c61f64 relative=0x0000000000000324
Event: 8.452 Thread 0x0000000060a2d000 Uncommon trap: reason=unstable_if action=reinterpret pc=0x0000000016c61f64 method=java.util.StringJoiner.add(Ljava/lang/CharSequence;)Ljava/util/StringJoiner; @ 33 c2
Event: 8.452 Thread 0x0000000060a2d000 DEOPT PACKING pc=0x0000000016c61f64 sp=0x00000000633d56a0
Event: 8.452 Thread 0x0000000060a2d000 DEOPT UNPACKING pc=0x000000000f05a1af sp=0x00000000633d5650 mode 2
Event: 8.631 Thread 0x0000000060a2d000 Uncommon trap: trap_request=0xffffff4d fr.pc=0x0000000016e08338 relative=0x0000000000000dd8
Event: 8.631 Thread 0x0000000060a2d000 Uncommon trap: reason=unstable_if action=reinterpret pc=0x0000000016e08338 method=org.codehaus.groovy.runtime.metaclass.MetaMethodIndex.isOverridden(Lgroovy/lang/MetaMethod;Lgroovy/lang/MetaMethod;)Z @ 33 c2
Event: 8.631 Thread 0x0000000060a2d000 DEOPT PACKING pc=0x0000000016e08338 sp=0x00000000633d4570
Event: 8.631 Thread 0x0000000060a2d000 DEOPT UNPACKING pc=0x000000000f05a1af sp=0x00000000633d44c8 mode 2

Classes redefined (0 events):
No events

Internal exceptions (20 events):
Event: 8.659 Thread 0x0000000060a2d000 Exception <a 'java/lang/ClassNotFoundException'{0x0000000088e5a340}: build_bzftgxjbto9g8p45cn7p8c0ri$_run_closure1BeanInfo> (0x0000000088e5a340) thrown at [./src/hotspot/share/classfile/systemDictionary.cpp, line 231]
Event: 8.659 Thread 0x0000000060a2d000 Exception <a 'java/lang/ClassNotFoundException'{0x0000000088e6a390}: build_bzftgxjbto9g8p45cn7p8c0ri$_run_closure1Customizer> (0x0000000088e6a390) thrown at [./src/hotspot/share/classfile/systemDictionary.cpp, line 231]
Event: 8.666 Thread 0x0000000060a2d000 Exception <a 'java/lang/ClassNotFoundException'{0x0000000088ec5d90}: org/gradle/api/JavaVersionBeanInfo> (0x0000000088ec5d90) thrown at [./src/hotspot/share/classfile/systemDictionary.cpp, line 231]
Event: 8.667 Thread 0x0000000060a2d000 Exception <a 'java/lang/ClassNotFoundException'{0x0000000088eee4e8}: org/gradle/api/JavaVersionCustomizer> (0x0000000088eee4e8) thrown at [./src/hotspot/share/classfile/systemDictionary.cpp, line 231]
Event: 8.670 Thread 0x0000000060a2d000 Exception <a 'java/lang/ClassNotFoundException'{0x0000000088d546d8}: com/android/build/gradle/internal/CompileOptions$AgpDecorated_DecoratedBeanInfo> (0x0000000088d546d8) thrown at [./src/hotspot/share/classfile/systemDictionary.cpp, line 231]
Event: 8.671 Thread 0x0000000060a2d000 Exception <a 'java/lang/ClassNotFoundException'{0x0000000088d6ee18}: com/android/build/gradle/internal/CompileOptions$AgpDecoratedBeanInfo> (0x0000000088d6ee18) thrown at [./src/hotspot/share/classfile/systemDictionary.cpp, line 231]
Event: 8.672 Thread 0x0000000060a2d000 Exception <a 'java/lang/ClassNotFoundException'{0x0000000088d87990}: com/android/build/gradle/internal/CompileOptionsBeanInfo> (0x0000000088d87990) thrown at [./src/hotspot/share/classfile/systemDictionary.cpp, line 231]
Event: 8.672 Thread 0x0000000060a2d000 Exception <a 'java/lang/ClassNotFoundException'{0x0000000088da0870}: com/android/build/gradle/internal/CompileOptionsCustomizer> (0x0000000088da0870) thrown at [./src/hotspot/share/classfile/systemDictionary.cpp, line 231]
Event: 8.673 Thread 0x0000000060a2d000 Exception <a 'java/lang/ClassNotFoundException'{0x0000000088dc6c68}: com/android/build/gradle/internal/CompileOptions$AgpDecoratedCustomizer> (0x0000000088dc6c68) thrown at [./src/hotspot/share/classfile/systemDictionary.cpp, line 231]
Event: 8.675 Thread 0x0000000060a2d000 Exception <a 'java/lang/ClassNotFoundException'{0x0000000088df05c8}: com/android/build/gradle/internal/CompileOptions$AgpDecorated_DecoratedCustomizer> (0x0000000088df05c8) thrown at [./src/hotspot/share/classfile/systemDictionary.cpp, line 231]
Event: 8.681 Thread 0x0000000060a2d000 Exception <a 'java/lang/ClassNotFoundException'{0x0000000088cacd50}: org/gradle/api/internal/artifacts/dsl/dependencies/DefaultDependencyHandler_DecoratedBeanInfo> (0x0000000088cacd50) thrown at [./src/hotspot/share/classfile/systemDictionary.cpp, line 231]
Event: 8.682 Thread 0x0000000060a2d000 Exception <a 'java/lang/ClassNotFoundException'{0x0000000088cf2bb8}: org/gradle/api/internal/artifacts/dsl/dependencies/DefaultDependencyHandlerBeanInfo> (0x0000000088cf2bb8) thrown at [./src/hotspot/share/classfile/systemDictionary.cpp, line 231]
Event: 8.683 Thread 0x0000000060a2d000 Exception <a 'java/lang/ClassNotFoundException'{0x0000000088b38968}: org/gradle/api/internal/artifacts/dsl/dependencies/DefaultDependencyHandlerCustomizer> (0x0000000088b38968) thrown at [./src/hotspot/share/classfile/systemDictionary.cpp, line 231]
Event: 8.686 Thread 0x0000000060a2d000 Exception <a 'java/lang/ClassNotFoundException'{0x0000000088ba5770}: org/gradle/api/internal/artifacts/dsl/dependencies/DefaultDependencyHandler_DecoratedCustomizer> (0x0000000088ba5770) thrown at [./src/hotspot/share/classfile/systemDictionary.cpp, line 231]
Event: 8.696 Thread 0x0000000060a2d000 Exception <a 'java/lang/ClassNotFoundException'{0x0000000088a89030}: groovy/lang/GString$1BeanInfo> (0x0000000088a89030) thrown at [./src/hotspot/share/classfile/systemDictionary.cpp, line 231]
Event: 8.697 Thread 0x0000000060a2d000 Exception <a 'java/lang/ClassNotFoundException'{0x0000000088ac1820}: groovy/lang/GStringBeanInfo> (0x0000000088ac1820) thrown at [./src/hotspot/share/classfile/systemDictionary.cpp, line 231]
Event: 8.698 Thread 0x0000000060a2d000 Exception <a 'java/lang/ClassNotFoundException'{0x0000000088afa158}: groovy/lang/GStringCustomizer> (0x0000000088afa158) thrown at [./src/hotspot/share/classfile/systemDictionary.cpp, line 231]
Event: 8.700 Thread 0x0000000060a2d000 Exception <a 'java/lang/ClassNotFoundException'{0x000000008893cee0}: groovy/lang/GString$1Customizer> (0x000000008893cee0) thrown at [./src/hotspot/share/classfile/systemDictionary.cpp, line 231]
Event: 8.714 Thread 0x0000000060a2d000 Exception <a 'java/lang/ClassNotFoundException'{0x00000000886f05f8}: org/codehaus/groovy/runtime/GStringImplBeanInfo> (0x00000000886f05f8) thrown at [./src/hotspot/share/classfile/systemDictionary.cpp, line 231]
Event: 8.721 Thread 0x0000000060a2d000 Exception <a 'java/lang/ClassNotFoundException'{0x00000000883a82c8}: org/codehaus/groovy/runtime/GStringImplCustomizer> (0x00000000883a82c8) thrown at [./src/hotspot/share/classfile/systemDictionary.cpp, line 231]

Events (20 events):
Event: 8.852 loading class com/android/build/gradle/internal/pipeline/TransformTask$CreationAction done
Event: 8.853 loading class com/android/build/api/transform/QualifiedContent$DefaultContentType
Event: 8.853 loading class com/android/build/api/transform/QualifiedContent$DefaultContentType done
Event: 8.853 loading class com/android/build/api/transform/QualifiedContent$ContentType
Event: 8.853 loading class com/android/build/api/transform/QualifiedContent$ContentType done
Event: 8.854 loading class com/android/build/gradle/internal/pipeline/ExtendedContentType
Event: 8.854 loading class com/android/build/gradle/internal/pipeline/ExtendedContentType done
Event: 8.855 loading class com/android/build/api/transform/QualifiedContent$Scope
Event: 8.855 loading class com/android/build/api/transform/QualifiedContent$Scope done
Event: 8.855 loading class com/android/build/api/transform/QualifiedContent$ScopeType
Event: 8.855 loading class com/android/build/api/transform/QualifiedContent$ScopeType done
Event: 8.856 loading class com/android/build/gradle/internal/InternalScope
Event: 8.856 loading class com/android/build/gradle/internal/InternalScope done
Event: 8.856 loading class com/android/build/gradle/internal/scope/VariantScopeImpl
Event: 8.856 loading class com/android/build/gradle/internal/scope/VariantScopeImpl done
Event: 8.858 loading class com/android/build/gradle/internal/scope/VariantScope
Event: 8.858 loading class com/android/build/gradle/internal/scope/VariantScope done
Event: 8.859 loading class com/android/build/gradle/internal/publishing/PublishingSpecs
Event: 8.859 loading class com/android/build/gradle/internal/publishing/PublishingSpecs done
Event: 8.859 Executing VM operation: G1CollectForAllocation


Dynamic libraries:
0x000000013f3b0000 - 0x000000013f3ba000 	C:\Program Files\Android\Android Studio\jre\bin\java.exe
0x0000000077c20000 - 0x0000000077dca000 	C:\Windows\SYSTEM32\ntdll.dll
0x0000000077a00000 - 0x0000000077b1f000 	C:\Windows\system32\kernel32.dll
0x000007fefda70000 - 0x000007fefdada000 	C:\Windows\system32\KERNELBASE.dll
0x000007fef4160000 - 0x000007fef4179000 	C:\Program Files\Android\Android Studio\jre\bin\jli.dll
0x000007fefc330000 - 0x000007fefc524000 	C:\Windows\WinSxS\amd64_microsoft.windows.common-controls_6595b64144ccf1df_6.0.7601.18837_none_fa3b1e3d17594757\COMCTL32.dll
0x000007feff8f0000 - 0x000007feff98f000 	C:\Windows\system32\msvcrt.dll
0x000007feff880000 - 0x000007feff8e7000 	C:\Windows\system32\GDI32.dll
0x0000000077b20000 - 0x0000000077c1a000 	C:\Windows\system32\USER32.dll
0x000007feffb70000 - 0x000007feffb7e000 	C:\Windows\system32\LPK.dll
0x000007feff6a0000 - 0x000007feff76a000 	C:\Windows\system32\USP10.dll
0x000007feff030000 - 0x000007feff0a1000 	C:\Windows\system32\SHLWAPI.dll
0x000007fef1220000 - 0x000007fef1237000 	C:\Program Files\Android\Android Studio\jre\bin\VCRUNTIME140.dll
0x000007fefb340000 - 0x000007fefb344000 	C:\Windows\system32\api-ms-win-crt-runtime-l1-1-0.dll
0x000007fef02a0000 - 0x000007fef0394000 	C:\Windows\system32\ucrtbase.DLL
0x000007fef4790000 - 0x000007fef4793000 	C:\Windows\system32\api-ms-win-core-timezone-l1-1-0.dll
0x000007fef4280000 - 0x000007fef4283000 	C:\Windows\system32\api-ms-win-core-file-l2-1-0.dll
0x000007fef3c60000 - 0x000007fef3c63000 	C:\Windows\system32\api-ms-win-core-localization-l1-2-0.dll
0x000007fef4990000 - 0x000007fef4993000 	C:\Windows\system32\api-ms-win-core-synch-l1-2-0.dll
0x000007fef1ba0000 - 0x000007fef1ba3000 	C:\Windows\system32\api-ms-win-core-processthreads-l1-1-1.dll
0x000007fef11e0000 - 0x000007fef11e3000 	C:\Windows\system32\api-ms-win-core-file-l1-2-0.dll
0x000007fef11d0000 - 0x000007fef11d4000 	C:\Windows\system32\api-ms-win-crt-string-l1-1-0.dll
0x000007fef11c0000 - 0x000007fef11c3000 	C:\Windows\system32\api-ms-win-crt-heap-l1-1-0.dll
0x000007fef0290000 - 0x000007fef0294000 	C:\Windows\system32\api-ms-win-crt-stdio-l1-1-0.dll
0x000007fef0280000 - 0x000007fef0284000 	C:\Windows\system32\api-ms-win-crt-convert-l1-1-0.dll
0x000007fef0270000 - 0x000007fef0273000 	C:\Windows\system32\api-ms-win-crt-environment-l1-1-0.dll
0x000007fef0240000 - 0x000007fef0243000 	C:\Windows\system32\api-ms-win-crt-filesystem-l1-1-0.dll
0x000007fef0250000 - 0x000007fef0255000 	C:\Windows\system32\api-ms-win-crt-math-l1-1-0.dll
0x000007feeffb0000 - 0x000007feeffb3000 	C:\Windows\system32\api-ms-win-crt-locale-l1-1-0.dll
0x000007fefef20000 - 0x000007fefef4e000 	C:\Windows\system32\IMM32.DLL
0x000007fefddb0000 - 0x000007fefdeb9000 	C:\Windows\system32\MSCTF.dll
0x000007fefd910000 - 0x000007fefd93f000 	C:\Windows\system32\nvinitx.dll
0x000007feffc40000 - 0x000007feffd1b000 	C:\Windows\system32\ADVAPI32.dll
0x000007fefdd90000 - 0x000007fefddaf000 	C:\Windows\SYSTEM32\sechost.dll
0x000007feff0b0000 - 0x000007feff1dd000 	C:\Windows\system32\RPCRT4.dll
0x000000000f000000 - 0x000000000f006000 	C:\Program Files\NVIDIA Corporation\CoProcManager\_etoured.dll
0x000007fefae80000 - 0x000007fefaedf000 	C:\Program Files\NVIDIA Corporation\CoProcManager\nvd3d9wrapx.dll
0x000007feff4c0000 - 0x000007feff697000 	C:\Windows\system32\SETUPAPI.dll
0x000007fefda10000 - 0x000007fefda46000 	C:\Windows\system32\CFGMGR32.dll
0x000007fefef50000 - 0x000007feff028000 	C:\Windows\system32\OLEAUT32.dll
0x000007feffd20000 - 0x000007fefff23000 	C:\Windows\system32\ole32.dll
0x000007fefd9f0000 - 0x000007fefda0a000 	C:\Windows\system32\DEVOBJ.dll
0x000007fefa970000 - 0x000007fefa9b6000 	C:\Program Files\NVIDIA Corporation\CoProcManager\nvdxgiwrapx.dll
0x000007fef0e70000 - 0x000007fef0f0d000 	C:\Program Files\Android\Android Studio\jre\bin\msvcp140.dll
0x000007feee4c0000 - 0x000007feee4c5000 	C:\Windows\system32\api-ms-win-crt-multibyte-l1-1-0.dll
0x000007fef0230000 - 0x000007fef0233000 	C:\Windows\system32\api-ms-win-crt-time-l1-1-0.dll
0x000007fef0260000 - 0x000007fef0263000 	C:\Windows\system32\api-ms-win-crt-utility-l1-1-0.dll
0x000007feef460000 - 0x000007feeff45000 	C:\Program Files\Android\Android Studio\jre\bin\server\jvm.dll
0x000007feec2f0000 - 0x000007feec2f9000 	C:\Windows\system32\WSOCK32.dll
0x000007feffb20000 - 0x000007feffb6d000 	C:\Windows\system32\WS2_32.dll
0x000007feff810000 - 0x000007feff818000 	C:\Windows\system32\NSI.dll
0x000007fefa790000 - 0x000007fefa7cb000 	C:\Windows\system32\WINMM.dll
0x000007fefca70000 - 0x000007fefca7c000 	C:\Windows\system32\VERSION.dll
0x0000000077df0000 - 0x0000000077df7000 	C:\Windows\system32\PSAPI.DLL
0x000007fef0210000 - 0x000007fef0221000 	C:\Program Files\Android\Android Studio\jre\bin\verify.dll
0x000007fef4420000 - 0x000007fef4545000 	C:\Windows\system32\DBGHELP.DLL
0x000007fef0050000 - 0x000007fef0079000 	C:\Program Files\Android\Android Studio\jre\bin\java.dll
0x000007fef0040000 - 0x000007fef004b000 	C:\Program Files\Android\Android Studio\jre\bin\jimage.dll
0x000007fef0020000 - 0x000007fef0038000 	C:\Program Files\Android\Android Studio\jre\bin\zip.dll
0x000007fefdec0000 - 0x000007fefec49000 	C:\Windows\system32\SHELL32.dll
0x000007fefd9d0000 - 0x000007fefd9df000 	C:\Windows\system32\profapi.dll
0x000007fef0000000 - 0x000007fef001a000 	C:\Program Files\Android\Android Studio\jre\bin\net.dll
0x000007feecab0000 - 0x000007feecb21000 	C:\Windows\system32\WINHTTP.dll
0x000007feeca40000 - 0x000007feecaa4000 	C:\Windows\system32\webio.dll
0x000007fefd180000 - 0x000007fefd1d5000 	C:\Windows\system32\mswsock.dll
0x000007fefd170000 - 0x000007fefd177000 	C:\Windows\System32\wship6.dll
0x000007feeffe0000 - 0x000007feefff4000 	C:\Program Files\Android\Android Studio\jre\bin\nio.dll
0x000007fef28a0000 - 0x000007fef28c7000 	C:\Users\Nikolai4\.gradle\native\e1d6ef7f7dcc3fd88c89a11ec53ec762bb8ba0a96d01ffa2cd45eb1d1d8dd5c5\windows-amd64\native-platform.dll
0x000007feeffd0000 - 0x000007feeffda000 	C:\Program Files\Android\Android Studio\jre\bin\management.dll
0x000007feeffc0000 - 0x000007feeffcd000 	C:\Program Files\Android\Android Studio\jre\bin\management_ext.dll
0x000007fefd1e0000 - 0x000007fefd1f8000 	C:\Windows\system32\CRYPTSP.dll
0x000007fefcee0000 - 0x000007fefcf27000 	C:\Windows\system32\rsaenh.dll
0x000007fefdd70000 - 0x000007fefdd8e000 	C:\Windows\system32\USERENV.dll
0x000007fefd840000 - 0x000007fefd84f000 	C:\Windows\system32\CRYPTBASE.dll
0x000007fefb210000 - 0x000007fefb237000 	C:\Windows\system32\IPHLPAPI.DLL
0x000007fefb200000 - 0x000007fefb20b000 	C:\Windows\system32\WINNSI.DLL
0x000007fefb000000 - 0x000007fefb018000 	C:\Windows\system32\dhcpcsvc.DLL
0x000007fefafe0000 - 0x000007fefaff1000 	C:\Windows\system32\dhcpcsvc6.DLL

dbghelp: loaded successfully - version: 4.0.5 - missing functions: none
symbol engine: initialized successfully - sym options: 0x614 - pdb path: .;C:\Program Files\Android\Android Studio\jre\bin;C:\Windows\SYSTEM32;C:\Windows\WinSxS\amd64_microsoft.windows.common-controls_6595b64144ccf1df_6.0.7601.18837_none_fa3b1e3d17594757;C:\Program Files\NVIDIA Corporation\CoProcManager;C:\Program Files\Android\Android Studio\jre\bin\server;C:\Users\Nikolai4\.gradle\native\e1d6ef7f7dcc3fd88c89a11ec53ec762bb8ba0a96d01ffa2cd45eb1d1d8dd5c5\windows-amd64

VM Arguments:
jvm_args: --add-opens=java.base/java.util=ALL-UNNAMED --add-opens=java.base/java.lang=ALL-UNNAMED --add-opens=java.base/java.lang.invoke=ALL-UNNAMED --add-opens=java.base/java.util=ALL-UNNAMED --add-opens=java.prefs/java.util.prefs=ALL-UNNAMED --add-opens=java.prefs/java.util.prefs=ALL-UNNAMED --add-opens=java.base/java.nio.charset=ALL-UNNAMED --add-opens=java.base/java.net=ALL-UNNAMED --add-opens=java.base/java.util.concurrent.atomic=ALL-UNNAMED -Xmx2048m -Dfile.encoding=UTF-8 -Duser.country=RU -Duser.language=ru -Duser.variant 
java_command: org.gradle.launcher.daemon.bootstrap.GradleDaemon 7.3.3
java_class_path (initial): C:\Users\Nikolai4\.gradle\wrapper\dists\gradle-7.3.3-bin\6a41zxkdtcxs8rphpq6y0069z\gradle-7.3.3\lib\gradle-launcher-7.3.3.jar
Launcher Type: SUN_STANDARD

[Global flags]
     intx CICompilerCount                          = 3                                         {product} {ergonomic}
     uint ConcGCThreads                            = 1                                         {product} {ergonomic}
     uint G1ConcRefinementThreads                  = 4                                         {product} {ergonomic}
   size_t G1HeapRegionSize                         = 1048576                                   {product} {ergonomic}
    uintx GCDrainStackTargetSize                   = 64                                        {product} {ergonomic}
   size_t InitialHeapSize                          = 201326592                                 {product} {ergonomic}
   size_t MarkStackSize                            = 4194304                                   {product} {ergonomic}
   size_t MaxHeapSize                              = 2147483648                                {product} {command line}
   size_t MaxNewSize                               = 1287651328                                {product} {ergonomic}
   size_t MinHeapDeltaBytes                        = 1048576                                   {product} {ergonomic}
    uintx NonNMethodCodeHeapSize                   = 5830732                                {pd product} {ergonomic}
    uintx NonProfiledCodeHeapSize                  = 122913754                              {pd product} {ergonomic}
    uintx ProfiledCodeHeapSize                     = 122913754                              {pd product} {ergonomic}
    uintx ReservedCodeCacheSize                    = 251658240                              {pd product} {ergonomic}
     bool SegmentedCodeCache                       = true                                      {product} {ergonomic}
     bool UseCompressedClassPointers               = true                                 {lp64_product} {ergonomic}
     bool UseCompressedOops                        = true                                 {lp64_product} {ergonomic}
     bool UseG1GC                                  = true                                      {product} {ergonomic}
     bool UseLargePagesIndividualAllocation        = false                                  {pd product} {ergonomic}

Logging:
Log output configuration:
 #0: stdout all=warning uptime,level,tags
 #1: stderr all=off uptime,level,tags

Environment Variables:
JAVA_HOME=C:\Program Files\Java\jdk-15.0.1
PATH=C:\Program Files\Common Files\Oracle\Java\javapath;C:\Program Files\Java\jdk-15.0.1\bin;C:\Program Files (x86)\Common Files\Oracle\Java\javapath;c:\Program Files\wget\bin\IsoBuster;C:\Windows\System32\WindowsPowerShell\v1.0\;c:\Program Files (x86)\Microsoft SQL Server\110\Tools\Binn\;c:\Program Files\Microsoft SQL Server\110\Tools\Binn\;c:\Program Files\Microsoft SQL Server\110\DTS\Binn\;C:\Program Files\apache-maven-3.6.3\bin
USERNAME=Nikolai4
OS=Windows_NT
PROCESSOR_IDENTIFIER=Intel64 Family 6 Model 60 Stepping 3, GenuineIntel



---------------  S Y S T E M  ---------------

OS: Windows 7 , 64 bit Build 7601 (6.1.7601.23392)
OS uptime: 0 days 3:26 hours

CPU:total 4 (initial active 4) (2 cores per cpu, 2 threads per core) family 6 model 60 stepping 3 microcode 0x0, cmov, cx8, fxsr, mmx, sse, sse2, sse3, ssse3, sse4.1, sse4.2, popcnt, avx, avx2, aes, clmul, erms, lzcnt, ht, tsc, tscinvbit, bmi1, bmi2, fma

Memory: 4k page, system-wide physical 12172M (5382M free)
TotalPageFile size 12170M (AvailPageFile size 44M)
current process WorkingSet (physical memory assigned to process): 428M, peak: 428M
current process commit charge ("private bytes"): 513M, peak: 588M

vm_info: OpenJDK 64-Bit Server VM (11.0.12+7-b1504.28-7817840) for windows-amd64 JRE (11.0.12+7-b1504.28-7817840), built on Oct 13 2021 22:12:33 by "builder" with MS VC++ 14.0 (VS2015)

END.
