#
# There is insufficient memory for the Java Runtime Environment to continue.
# Native memory allocation (malloc) failed to allocate 2138576 bytes for Chunk::new
# Possible reasons:
#   The system is out of physical RAM or swap space
#   The process is running with CompressedOops enabled, and the Java Heap may be blocking the growth of the native heap
# Possible solutions:
#   Reduce memory load on the system
#   Increase physical memory or swap space
#   Check if swap backing store is full
#   Decrease Java heap size (-Xmx/-Xms)
#   Decrease number of Java threads
#   Decrease Java thread stack sizes (-Xss)
#   Set larger code cache with -XX:ReservedCodeCacheSize=
#   JVM is running with Unscaled Compressed Oops mode in which the Java heap is
#     placed in the first 4GB address space. The Java Heap base address is the
#     maximum limit for the native heap growth. Please use -XX:HeapBaseMinAddress
#     to set the Java Heap base and to place the Java Heap above 4GB virtual address.
# This output file may be truncated or incomplete.
#
#  Out of Memory Error (./src/hotspot/share/memory/arena.cpp:197), pid=4100, tid=3944
#
# JRE version: OpenJDK Runtime Environment (11.0.12+7) (build 11.0.12+7-b1504.28-7817840)
# Java VM: OpenJDK 64-Bit Server VM (11.0.12+7-b1504.28-7817840, mixed mode, tiered, compressed oops, g1 gc, windows-amd64)
# No core dump will be written. Minidumps are not enabled by default on client versions of Windows
#

---------------  S U M M A R Y ------------

Command Line: --add-opens=java.base/java.util=ALL-UNNAMED --add-opens=java.base/java.lang=ALL-UNNAMED --add-opens=java.base/java.lang.invoke=ALL-UNNAMED --add-opens=java.base/java.util=ALL-UNNAMED --add-opens=java.prefs/java.util.prefs=ALL-UNNAMED --add-opens=java.prefs/java.util.prefs=ALL-UNNAMED --add-opens=java.base/java.nio.charset=ALL-UNNAMED --add-opens=java.base/java.net=ALL-UNNAMED --add-opens=java.base/java.util.concurrent.atomic=ALL-UNNAMED -Xmx2048m -Dfile.encoding=UTF-8 -Duser.country=RU -Duser.language=ru -Duser.variant org.gradle.launcher.daemon.bootstrap.GradleDaemon 7.3.3

Host: Intel(R) Core(TM) i5-4210M CPU @ 2.60GHz, 4 cores, 11G,  Windows 7 , 64 bit Build 7601 (6.1.7601.23392)
Time: Fri Mar 24 15:40:24 2023 RTZ 2 (ceia) elapsed time: 32.702298 seconds (0d 0h 0m 32s)

---------------  T H R E A D  ---------------

Current thread (0x0000000061d39000):  JavaThread "C2 CompilerThread1" daemon [_thread_in_native, id=3944, stack(0x0000000069140000,0x0000000069240000)]


Current CompileTask:
C2:  32702 12143   !   4       org.gradle.internal.instantiation.generator.DependencyInjectingInstantiator::doCreate (64 bytes)

Stack: [0x0000000069140000,0x0000000069240000]
Native frames: (J=compiled Java code, j=interpreted, Vv=VM code, C=native code)
V  [jvm.dll+0x5fbcea]
V  [jvm.dll+0x731905]
V  [jvm.dll+0x732f1d]
V  [jvm.dll+0x7335d3]
V  [jvm.dll+0x247bf8]
V  [jvm.dll+0xc018c]
V  [jvm.dll+0xc06cc]
V  [jvm.dll+0x35b2db]
V  [jvm.dll+0x328803]
V  [jvm.dll+0x327cfa]
V  [jvm.dll+0x200602]
V  [jvm.dll+0x1ff794]
V  [jvm.dll+0x18868c]
V  [jvm.dll+0x20e0d7]
V  [jvm.dll+0x20c901]
V  [jvm.dll+0x6f9b7f]
V  [jvm.dll+0x6f26a5]
V  [jvm.dll+0x5fabf6]
C  [ucrtbase.DLL+0x6be1d]
C  [kernel32.dll+0x159bd]
C  [ntdll.dll+0x2a2e1]


---------------  P R O C E S S  ---------------

Threads class SMR info:
_java_thread_list=0x000000006e525b50, length=85, elements={
0x00000000003cc000, 0x000000000ec3f000, 0x000000000ec40800, 0x000000000ec5d000,
0x000000000ec60000, 0x000000000ec61800, 0x000000000ec68800, 0x000000000ec6a000,
0x000000000ec77800, 0x000000005ec0b800, 0x0000000060d74000, 0x0000000060a0d000,
0x0000000061c2f000, 0x000000006168b800, 0x0000000061c16000, 0x00000000617b9000,
0x00000000617b9800, 0x00000000617ba800, 0x00000000617be800, 0x00000000657f0800,
0x00000000657f1800, 0x00000000657f3000, 0x00000000657f4800, 0x0000000065b8a800,
0x0000000065b8b800, 0x0000000065b8e000, 0x0000000065b8e800, 0x0000000065b89000,
0x0000000065b88000, 0x0000000065b8a000, 0x0000000065b8d000, 0x00000000617b8000,
0x00000000617bc000, 0x00000000617bb800, 0x0000000061d39000, 0x00000000617be000,
0x00000000617bd000, 0x00000000657f6800, 0x00000000657f4000, 0x00000000657f5800,
0x0000000064ea8000, 0x0000000064ea9000, 0x0000000064ea9800, 0x0000000064eaa800,
0x0000000064eab800, 0x0000000064eac000, 0x0000000064ead000, 0x0000000064eae000,
0x0000000064eae800, 0x00000000646c2000, 0x00000000646c3000, 0x00000000646c4000,
0x00000000646c4800, 0x00000000646c5800, 0x00000000646c6000, 0x00000000646c7000,
0x00000000646c8000, 0x00000000646c8800, 0x000000006e57e000, 0x000000006e57f000,
0x000000006e580000, 0x000000006e580800, 0x000000006e581800, 0x000000006e582800,
0x000000006e583000, 0x000000006e584000, 0x000000006e584800, 0x0000000060333000,
0x0000000060334000, 0x0000000060335000, 0x0000000060335800, 0x0000000060336800,
0x0000000060337000, 0x0000000060338000, 0x0000000060339000, 0x0000000060339800,
0x0000000065d6e800, 0x0000000065d6f000, 0x0000000065d70000, 0x0000000065d71000,
0x0000000070baa000, 0x0000000070baa800, 0x0000000070bab800, 0x0000000070bac000,
0x0000000070bad000
}

Java Threads: ( => current thread )
  0x00000000003cc000 JavaThread "main" [_thread_blocked, id=6468, stack(0x0000000002370000,0x0000000002470000)]
  0x000000000ec3f000 JavaThread "Reference Handler" daemon [_thread_blocked, id=3460, stack(0x000000000e0a0000,0x000000000e1a0000)]
  0x000000000ec40800 JavaThread "Finalizer" daemon [_thread_blocked, id=7472, stack(0x000000000eee0000,0x000000000efe0000)]
  0x000000000ec5d000 JavaThread "Signal Dispatcher" daemon [_thread_blocked, id=5436, stack(0x000000005e1d0000,0x000000005e2d0000)]
  0x000000000ec60000 JavaThread "Attach Listener" daemon [_thread_blocked, id=5188, stack(0x000000005e020000,0x000000005e120000)]
  0x000000000ec61800 JavaThread "Service Thread" daemon [_thread_blocked, id=7092, stack(0x000000005e390000,0x000000005e490000)]
  0x000000000ec68800 JavaThread "C2 CompilerThread0" daemon [_thread_in_native, id=5852, stack(0x000000005e670000,0x000000005e770000)]
  0x000000000ec6a000 JavaThread "C1 CompilerThread0" daemon [_thread_blocked, id=5864, stack(0x000000005e7f0000,0x000000005e8f0000)]
  0x000000000ec77800 JavaThread "Sweeper thread" daemon [_thread_blocked, id=3280, stack(0x000000005e9b0000,0x000000005eab0000)]
  0x000000005ec0b800 JavaThread "Common-Cleaner" daemon [_thread_blocked, id=2068, stack(0x000000005ef20000,0x000000005f020000)]
  0x0000000060d74000 JavaThread "Daemon health stats" [_thread_blocked, id=4336, stack(0x0000000062490000,0x0000000062590000)]
  0x0000000060a0d000 JavaThread "Incoming local TCP Connector on port 63555" [_thread_in_native, id=2056, stack(0x000000005f270000,0x000000005f370000)]
  0x0000000061c2f000 JavaThread "Daemon periodic checks" [_thread_blocked, id=988, stack(0x0000000062bf0000,0x0000000062cf0000)]
  0x000000006168b800 JavaThread "Daemon" [_thread_blocked, id=4924, stack(0x00000000627c0000,0x00000000628c0000)]
  0x0000000061c16000 JavaThread "Daemon worker" [_thread_blocked, id=1232, stack(0x00000000631d0000,0x00000000632d0000)]
  0x00000000617b9000 JavaThread "Cache worker for journal cache (C:\Users\Nikolai4\.gradle\caches\journal-1)" [_thread_blocked, id=2016, stack(0x00000000637c0000,0x00000000638c0000)]
  0x00000000617b9800 JavaThread "File lock request listener" [_thread_in_native, id=5508, stack(0x0000000063a20000,0x0000000063b20000)]
  0x00000000617ba800 JavaThread "Cache worker for file hash cache (C:\Users\Nikolai4\.gradle\caches\7.3.3\fileHashes)" [_thread_blocked, id=2708, stack(0x0000000063b50000,0x0000000063c50000)]
  0x00000000617be800 JavaThread "Cache worker for execution history cache (C:\Users\Nikolai4\.gradle\caches\7.3.3\executionHistory)" [_thread_blocked, id=5448, stack(0x0000000066ab0000,0x0000000066bb0000)]
  0x00000000657f0800 JavaThread "jar transforms" [_thread_blocked, id=4708, stack(0x0000000067240000,0x0000000067340000)]
  0x00000000657f1800 JavaThread "Cache worker for file content cache (C:\Users\Nikolai4\.gradle\caches\7.3.3\fileContent)" [_thread_blocked, id=2712, stack(0x00000000674d0000,0x00000000675d0000)]
  0x00000000657f3000 JavaThread "jar transforms Thread 2" [_thread_blocked, id=660, stack(0x0000000067350000,0x0000000067450000)]
  0x00000000657f4800 JavaThread "jar transforms Thread 3" [_thread_blocked, id=5008, stack(0x00000000669b0000,0x0000000066ab0000)]
  0x0000000065b8a800 JavaThread "jar transforms Thread 4" [_thread_blocked, id=6340, stack(0x000000006ca50000,0x000000006cb50000)]
  0x0000000065b8b800 JavaThread "Memory manager" [_thread_blocked, id=2956, stack(0x000000006d550000,0x000000006d650000)]
  0x0000000065b8e000 JavaThread "pool-3-thread-1" [_thread_blocked, id=6652, stack(0x00000000705b0000,0x00000000706b0000)]
  0x0000000065b8e800 JavaThread "Handler for socket connection from /127.0.0.1:63555 to /127.0.0.1:63577" [_thread_in_native, id=5092, stack(0x0000000062d90000,0x0000000062e90000)]
  0x0000000065b89000 JavaThread "Cancel handler" [_thread_blocked, id=5348, stack(0x000000005e570000,0x000000005e670000)]
  0x0000000065b88000 JavaThread "Asynchronous log dispatcher for DefaultDaemonConnection: socket connection from /127.0.0.1:63555 to /127.0.0.1:63577" [_thread_blocked, id=6364, stack(0x0000000062fc0000,0x00000000630c0000)]
  0x0000000065b8a000 JavaThread "Stdin handler" [_thread_blocked, id=8600, stack(0x0000000063450000,0x0000000063550000)]
  0x0000000065b8d000 JavaThread "Daemon client event forwarder" [_thread_blocked, id=3708, stack(0x00000000630c0000,0x00000000631c0000)]
  0x00000000617b8000 JavaThread "Cache worker for file hash cache (C:\Users\Nikolai4\AndroidStudioProjects\lTrainer2\.gradle\7.3.3\fileHashes)" [_thread_blocked, id=9000, stack(0x00000000677e0000,0x00000000678e0000)]
  0x00000000617bc000 JavaThread "Cache worker for checksums cache (C:\Users\Nikolai4\AndroidStudioProjects\lTrainer2\.gradle\7.3.3\checksums)" [_thread_blocked, id=4808, stack(0x0000000067da0000,0x0000000067ea0000)]
  0x00000000617bb800 JavaThread "Cache worker for cache directory md-supplier (C:\Users\Nikolai4\.gradle\caches\7.3.3\md-supplier)" [_thread_blocked, id=6344, stack(0x00000000632d0000,0x00000000633d0000)]
=>0x0000000061d39000 JavaThread "C2 CompilerThread1" daemon [_thread_in_native, id=3944, stack(0x0000000069140000,0x0000000069240000)]
  0x00000000617be000 JavaThread "Cache worker for cache directory md-rule (C:\Users\Nikolai4\.gradle\caches\7.3.3\md-rule)" [_thread_blocked, id=4404, stack(0x0000000069260000,0x0000000069360000)]
  0x00000000617bd000 JavaThread "Cache worker for dependencies-accessors (C:\Users\Nikolai4\AndroidStudioProjects\lTrainer2\.gradle\7.3.3\dependencies-accessors)" [_thread_blocked, id=1236, stack(0x0000000063920000,0x0000000063a20000)]
  0x00000000657f6800 JavaThread "Cache worker for Build Output Cleanup Cache (C:\Users\Nikolai4\AndroidStudioProjects\lTrainer2\.gradle\buildOutputCleanup)" [_thread_blocked, id=7044, stack(0x0000000062ec0000,0x0000000062fc0000)]
  0x00000000657f4000 JavaThread "Unconstrained build operations" [_thread_blocked, id=1276, stack(0x0000000069870000,0x0000000069970000)]
  0x00000000657f5800 JavaThread "Unconstrained build operations Thread 2" [_thread_blocked, id=7532, stack(0x0000000069ab0000,0x0000000069bb0000)]
  0x0000000064ea8000 JavaThread "Unconstrained build operations Thread 3" [_thread_blocked, id=7220, stack(0x0000000069bc0000,0x0000000069cc0000)]
  0x0000000064ea9000 JavaThread "Unconstrained build operations Thread 4" [_thread_blocked, id=8956, stack(0x0000000069d70000,0x0000000069e70000)]
  0x0000000064ea9800 JavaThread "Unconstrained build operations Thread 5" [_thread_blocked, id=8280, stack(0x0000000069e80000,0x0000000069f80000)]
  0x0000000064eaa800 JavaThread "Unconstrained build operations Thread 6" [_thread_blocked, id=5984, stack(0x000000006a020000,0x000000006a120000)]
  0x0000000064eab800 JavaThread "Unconstrained build operations Thread 7" [_thread_blocked, id=5336, stack(0x0000000069990000,0x0000000069a90000)]
  0x0000000064eac000 JavaThread "Unconstrained build operations Thread 8" [_thread_blocked, id=4588, stack(0x000000006a210000,0x000000006a310000)]
  0x0000000064ead000 JavaThread "Unconstrained build operations Thread 9" [_thread_blocked, id=8500, stack(0x0000000069720000,0x0000000069820000)]
  0x0000000064eae000 JavaThread "Unconstrained build operations Thread 10" [_thread_blocked, id=4364, stack(0x000000006a4a0000,0x000000006a5a0000)]
  0x0000000064eae800 JavaThread "Unconstrained build operations Thread 11" [_thread_blocked, id=5260, stack(0x000000006a650000,0x000000006a750000)]
  0x00000000646c2000 JavaThread "Unconstrained build operations Thread 12" [_thread_blocked, id=8528, stack(0x000000006a320000,0x000000006a420000)]
  0x00000000646c3000 JavaThread "Unconstrained build operations Thread 13" [_thread_blocked, id=4176, stack(0x000000006a780000,0x000000006a880000)]
  0x00000000646c4000 JavaThread "Unconstrained build operations Thread 14" [_thread_blocked, id=3840, stack(0x000000006a940000,0x000000006aa40000)]
  0x00000000646c4800 JavaThread "Unconstrained build operations Thread 15" [_thread_blocked, id=7880, stack(0x000000006ab10000,0x000000006ac10000)]
  0x00000000646c5800 JavaThread "Unconstrained build operations Thread 16" [_thread_blocked, id=6068, stack(0x000000006adc0000,0x000000006aec0000)]
  0x00000000646c6000 JavaThread "Unconstrained build operations Thread 17" [_thread_blocked, id=4768, stack(0x000000006af70000,0x000000006b070000)]
  0x00000000646c7000 JavaThread "Unconstrained build operations Thread 18" [_thread_blocked, id=7396, stack(0x000000006b150000,0x000000006b250000)]
  0x00000000646c8000 JavaThread "Unconstrained build operations Thread 19" [_thread_blocked, id=4668, stack(0x000000006b2a0000,0x000000006b3a0000)]
  0x00000000646c8800 JavaThread "Unconstrained build operations Thread 20" [_thread_blocked, id=4908, stack(0x000000006b3b0000,0x000000006b4b0000)]
  0x000000006e57e000 JavaThread "Unconstrained build operations Thread 21" [_thread_blocked, id=4064, stack(0x00000000694f0000,0x00000000695f0000)]
  0x000000006e57f000 JavaThread "Unconstrained build operations Thread 22" [_thread_blocked, id=2912, stack(0x000000006b560000,0x000000006b660000)]
  0x000000006e580000 JavaThread "Unconstrained build operations Thread 23" [_thread_blocked, id=6444, stack(0x000000006b6a0000,0x000000006b7a0000)]
  0x000000006e580800 JavaThread "Unconstrained build operations Thread 24" [_thread_blocked, id=5252, stack(0x000000006ac60000,0x000000006ad60000)]
  0x000000006e581800 JavaThread "Unconstrained build operations Thread 25" [_thread_blocked, id=7548, stack(0x000000006b7f0000,0x000000006b8f0000)]
  0x000000006e582800 JavaThread "Unconstrained build operations Thread 26" [_thread_blocked, id=2144, stack(0x000000006bad0000,0x000000006bbd0000)]
  0x000000006e583000 JavaThread "Unconstrained build operations Thread 27" [_thread_blocked, id=7724, stack(0x000000006b9c0000,0x000000006bac0000)]
  0x000000006e584000 JavaThread "Unconstrained build operations Thread 28" [_thread_blocked, id=7980, stack(0x000000006bbd0000,0x000000006bcd0000)]
  0x000000006e584800 JavaThread "Unconstrained build operations Thread 29" [_thread_blocked, id=5996, stack(0x000000006bdb0000,0x000000006beb0000)]
  0x0000000060333000 JavaThread "Unconstrained build operations Thread 30" [_thread_blocked, id=2156, stack(0x000000006bf00000,0x000000006c000000)]
  0x0000000060334000 JavaThread "Unconstrained build operations Thread 31" [_thread_blocked, id=3256, stack(0x000000006c0b0000,0x000000006c1b0000)]
  0x0000000060335000 JavaThread "Unconstrained build operations Thread 32" [_thread_blocked, id=4420, stack(0x000000006c380000,0x000000006c480000)]
  0x0000000060335800 JavaThread "Unconstrained build operations Thread 33" [_thread_blocked, id=6112, stack(0x000000006c4c0000,0x000000006c5c0000)]
  0x0000000060336800 JavaThread "Unconstrained build operations Thread 34" [_thread_blocked, id=4676, stack(0x000000006c270000,0x000000006c370000)]
  0x0000000060337000 JavaThread "Unconstrained build operations Thread 35" [_thread_blocked, id=8756, stack(0x000000006c760000,0x000000006c860000)]
  0x0000000060338000 JavaThread "Unconstrained build operations Thread 36" [_thread_blocked, id=1508, stack(0x000000006c910000,0x000000006ca10000)]
  0x0000000060339000 JavaThread "Unconstrained build operations Thread 37" [_thread_blocked, id=7296, stack(0x0000000070400000,0x0000000070500000)]
  0x0000000060339800 JavaThread "Unconstrained build operations Thread 38" [_thread_blocked, id=9044, stack(0x000000006f5c0000,0x000000006f6c0000)]
  0x0000000065d6e800 JavaThread "Unconstrained build operations Thread 39" [_thread_blocked, id=8416, stack(0x000000006f2c0000,0x000000006f3c0000)]
  0x0000000065d6f000 JavaThread "Unconstrained build operations Thread 40" [_thread_blocked, id=128, stack(0x000000006fd10000,0x000000006fe10000)]
  0x0000000065d70000 JavaThread "build event listener" [_thread_blocked, id=4428, stack(0x0000000070750000,0x0000000070850000)]
  0x0000000065d71000 JavaThread "pool-7-thread-1" [_thread_blocked, id=8536, stack(0x0000000071e20000,0x0000000071f20000)]
  0x0000000070baa000 JavaThread "build event listener" [_thread_blocked, id=3244, stack(0x0000000072620000,0x0000000072720000)]
  0x0000000070baa800 JavaThread "Execution worker for ':'" [_thread_blocked, id=5276, stack(0x0000000072730000,0x0000000072830000)]
  0x0000000070bab800 JavaThread "Execution worker for ':' Thread 2" [_thread_blocked, id=5940, stack(0x0000000064050000,0x0000000064150000)]
  0x0000000070bac000 JavaThread "Execution worker for ':' Thread 3" [_thread_blocked, id=8476, stack(0x000000006c5d0000,0x000000006c6d0000)]
  0x0000000070bad000 JavaThread "Cache worker for execution history cache (C:\Users\Nikolai4\AndroidStudioProjects\lTrainer2\.gradle\7.3.3\executionHistory)" [_thread_blocked, id=4012, stack(0x0000000072870000,0x0000000072970000)]

Other Threads:
  0x000000000ec3a000 VMThread "VM Thread" [stack: 0x000000000ed00000,0x000000000ee00000] [id=8988]
  0x000000005ec18800 WatcherThread [stack: 0x000000005f0d0000,0x000000005f1d0000] [id=5620]
  0x00000000003e3000 GCTaskThread "GC Thread#0" [stack: 0x00000000066e0000,0x00000000067e0000] [id=4124]
  0x000000005fa73000 GCTaskThread "GC Thread#1" [stack: 0x000000005fc80000,0x000000005fd80000] [id=4232]
  0x000000005ecfe800 GCTaskThread "GC Thread#2" [stack: 0x000000005fe40000,0x000000005ff40000] [id=2684]
  0x000000005eea7000 GCTaskThread "GC Thread#3" [stack: 0x000000005ffb0000,0x00000000600b0000] [id=6120]
  0x0000000000414800 ConcurrentGCThread "G1 Main Marker" [stack: 0x000000000b730000,0x000000000b830000] [id=6196]
  0x0000000000416000 ConcurrentGCThread "G1 Conc#0" [stack: 0x000000000b8a0000,0x000000000b9a0000] [id=3688]
  0x000000000de81800 ConcurrentGCThread "G1 Refine#0" [stack: 0x000000000dfa0000,0x000000000e0a0000] [id=3616]
  0x00000000623d0800 ConcurrentGCThread "G1 Refine#1" [stack: 0x000000006fe60000,0x000000006ff60000] [id=2060]
  0x000000000de82800 ConcurrentGCThread "G1 Young RemSet Sampling" [stack: 0x000000000e1c0000,0x000000000e2c0000] [id=5476]

Threads with active compile tasks:
C2 CompilerThread0  32727 12329       4       java.util.regex.Matcher::appendReplacement (75 bytes)
C2 CompilerThread1  32727 12143   !   4       org.gradle.internal.instantiation.generator.DependencyInjectingInstantiator::doCreate (64 bytes)

VM state:not at safepoint (normal execution)

VM Mutex/Monitor currently owned by a thread: None

Heap address: 0x0000000080000000, size: 2048 MB, Compressed Oops mode: 32-bit
Narrow klass base: 0x0000000000000000, Narrow klass shift: 0
Compressed class space size: 1073741824 Address: 0x000000001e010000

Heap:
 garbage-first heap   total 321536K, used 131072K [0x0000000080000000, 0x0000000100000000)
  region size 1024K, 36 young (36864K), 7 survivors (7168K)
 Metaspace       used 99130K, capacity 101406K, committed 101632K, reserved 1138688K
  class space    used 12419K, capacity 13280K, committed 13312K, reserved 1048576K
Heap Regions: E=young(eden), S=young(survivor), O=old, HS=humongous(starts), HC=humongous(continues), CS=collection set, F=free, A=archive, TAMS=top-at-mark-start (previous, next)
|   0|0x0000000080000000, 0x0000000080100000, 0x0000000080100000|100%| O|  |TAMS 0x0000000080100000, 0x0000000080000000| Untracked 
|   1|0x0000000080100000, 0x0000000080200000, 0x0000000080200000|100%| O|  |TAMS 0x0000000080200000, 0x0000000080100000| Untracked 
|   2|0x0000000080200000, 0x0000000080300000, 0x0000000080300000|100%| O|  |TAMS 0x0000000080300000, 0x0000000080200000| Untracked 
|   3|0x0000000080300000, 0x0000000080400000, 0x0000000080400000|100%|HS|  |TAMS 0x0000000080400000, 0x0000000080300000| Complete 
|   4|0x0000000080400000, 0x0000000080500000, 0x0000000080500000|100%|HC|  |TAMS 0x0000000080500000, 0x0000000080400000| Complete 
|   5|0x0000000080500000, 0x0000000080600000, 0x0000000080600000|100%|HC|  |TAMS 0x0000000080600000, 0x0000000080500000| Complete 
|   6|0x0000000080600000, 0x0000000080700000, 0x0000000080700000|100%| O|  |TAMS 0x0000000080700000, 0x0000000080600000| Untracked 
|   7|0x0000000080700000, 0x0000000080800000, 0x0000000080800000|100%| O|  |TAMS 0x0000000080800000, 0x0000000080700000| Untracked 
|   8|0x0000000080800000, 0x0000000080900000, 0x0000000080900000|100%| O|  |TAMS 0x0000000080900000, 0x0000000080800000| Untracked 
|   9|0x0000000080900000, 0x0000000080a00000, 0x0000000080a00000|100%| O|  |TAMS 0x0000000080a00000, 0x0000000080900000| Untracked 
|  10|0x0000000080a00000, 0x0000000080b00000, 0x0000000080b00000|100%| O|  |TAMS 0x0000000080b00000, 0x0000000080a00000| Untracked 
|  11|0x0000000080b00000, 0x0000000080c00000, 0x0000000080c00000|100%| O|  |TAMS 0x0000000080c00000, 0x0000000080b00000| Untracked 
|  12|0x0000000080c00000, 0x0000000080d00000, 0x0000000080d00000|100%| O|  |TAMS 0x0000000080d00000, 0x0000000080c00000| Untracked 
|  13|0x0000000080d00000, 0x0000000080e00000, 0x0000000080e00000|100%| O|  |TAMS 0x0000000080e00000, 0x0000000080d00000| Untracked 
|  14|0x0000000080e00000, 0x0000000080f00000, 0x0000000080f00000|100%| O|  |TAMS 0x0000000080f00000, 0x0000000080e00000| Untracked 
|  15|0x0000000080f00000, 0x0000000081000000, 0x0000000081000000|100%| O|  |TAMS 0x0000000081000000, 0x0000000080f00000| Untracked 
|  16|0x0000000081000000, 0x0000000081100000, 0x0000000081100000|100%|HS|  |TAMS 0x0000000081100000, 0x0000000081000000| Complete 
|  17|0x0000000081100000, 0x0000000081200000, 0x0000000081200000|100%|HS|  |TAMS 0x0000000081200000, 0x0000000081100000| Complete 
|  18|0x0000000081200000, 0x0000000081300000, 0x0000000081300000|100%| O|  |TAMS 0x0000000081300000, 0x0000000081200000| Untracked 
|  19|0x0000000081300000, 0x0000000081400000, 0x0000000081400000|100%| O|  |TAMS 0x0000000081400000, 0x0000000081300000| Untracked 
|  20|0x0000000081400000, 0x0000000081500000, 0x0000000081500000|100%|HS|  |TAMS 0x0000000081500000, 0x0000000081400000| Complete 
|  21|0x0000000081500000, 0x0000000081600000, 0x0000000081600000|100%|HC|  |TAMS 0x0000000081600000, 0x0000000081500000| Complete 
|  22|0x0000000081600000, 0x0000000081700000, 0x0000000081700000|100%| O|  |TAMS 0x0000000081700000, 0x0000000081600000| Untracked 
|  23|0x0000000081700000, 0x0000000081800000, 0x0000000081800000|100%| O|  |TAMS 0x0000000081800000, 0x0000000081700000| Untracked 
|  24|0x0000000081800000, 0x0000000081900000, 0x0000000081900000|100%| O|  |TAMS 0x0000000081900000, 0x0000000081800000| Untracked 
|  25|0x0000000081900000, 0x0000000081a00000, 0x0000000081a00000|100%| O|  |TAMS 0x0000000081a00000, 0x0000000081900000| Untracked 
|  26|0x0000000081a00000, 0x0000000081b00000, 0x0000000081b00000|100%| O|  |TAMS 0x0000000081b00000, 0x0000000081a00000| Untracked 
|  27|0x0000000081b00000, 0x0000000081c00000, 0x0000000081c00000|100%| O|  |TAMS 0x0000000081c00000, 0x0000000081b00000| Untracked 
|  28|0x0000000081c00000, 0x0000000081d00000, 0x0000000081d00000|100%| O|  |TAMS 0x0000000081d00000, 0x0000000081c00000| Untracked 
|  29|0x0000000081d00000, 0x0000000081e00000, 0x0000000081e00000|100%| O|  |TAMS 0x0000000081e00000, 0x0000000081d00000| Untracked 
|  30|0x0000000081e00000, 0x0000000081f00000, 0x0000000081f00000|100%| O|  |TAMS 0x0000000081f00000, 0x0000000081e00000| Untracked 
|  31|0x0000000081f00000, 0x0000000082000000, 0x0000000082000000|100%| O|  |TAMS 0x0000000082000000, 0x0000000081f00000| Untracked 
|  32|0x0000000082000000, 0x0000000082100000, 0x0000000082100000|100%| O|  |TAMS 0x0000000082100000, 0x0000000082000000| Untracked 
|  33|0x0000000082100000, 0x0000000082200000, 0x0000000082200000|100%| O|  |TAMS 0x0000000082200000, 0x0000000082100000| Untracked 
|  34|0x0000000082200000, 0x0000000082300000, 0x0000000082300000|100%| O|  |TAMS 0x0000000082300000, 0x0000000082200000| Untracked 
|  35|0x0000000082300000, 0x0000000082400000, 0x0000000082400000|100%| O|  |TAMS 0x0000000082400000, 0x0000000082300000| Untracked 
|  36|0x0000000082400000, 0x0000000082500000, 0x0000000082500000|100%| O|  |TAMS 0x0000000082500000, 0x0000000082400000| Untracked 
|  37|0x0000000082500000, 0x0000000082600000, 0x0000000082600000|100%| O|  |TAMS 0x0000000082600000, 0x0000000082500000| Untracked 
|  38|0x0000000082600000, 0x0000000082700000, 0x0000000082700000|100%| O|  |TAMS 0x0000000082700000, 0x0000000082600000| Untracked 
|  39|0x0000000082700000, 0x0000000082800000, 0x0000000082800000|100%| O|  |TAMS 0x0000000082800000, 0x0000000082700000| Untracked 
|  40|0x0000000082800000, 0x0000000082900000, 0x0000000082900000|100%| O|  |TAMS 0x0000000082900000, 0x0000000082800000| Untracked 
|  41|0x0000000082900000, 0x0000000082a00000, 0x0000000082a00000|100%| O|  |TAMS 0x0000000082a00000, 0x0000000082900000| Untracked 
|  42|0x0000000082a00000, 0x0000000082b00000, 0x0000000082b00000|100%| O|  |TAMS 0x0000000082b00000, 0x0000000082a00000| Untracked 
|  43|0x0000000082b00000, 0x0000000082c00000, 0x0000000082c00000|100%| O|  |TAMS 0x0000000082ba3200, 0x0000000082b00000| Untracked 
|  44|0x0000000082c00000, 0x0000000082d00000, 0x0000000082d00000|100%| O|  |TAMS 0x0000000082c00000, 0x0000000082c00000| Untracked 
|  45|0x0000000082d00000, 0x0000000082e00000, 0x0000000082e00000|100%| O|  |TAMS 0x0000000082d00000, 0x0000000082d00000| Untracked 
|  46|0x0000000082e00000, 0x0000000082f00000, 0x0000000082f00000|100%| O|  |TAMS 0x0000000082e00000, 0x0000000082e00000| Untracked 
|  47|0x0000000082f00000, 0x0000000083000000, 0x0000000083000000|100%| O|  |TAMS 0x0000000082f00000, 0x0000000082f00000| Untracked 
|  48|0x0000000083000000, 0x0000000083100000, 0x0000000083100000|100%| O|  |TAMS 0x0000000083000000, 0x0000000083000000| Untracked 
|  49|0x0000000083100000, 0x0000000083200000, 0x0000000083200000|100%| O|  |TAMS 0x0000000083100000, 0x0000000083100000| Untracked 
|  50|0x0000000083200000, 0x0000000083300000, 0x0000000083300000|100%| O|  |TAMS 0x0000000083200000, 0x0000000083200000| Untracked 
|  51|0x0000000083300000, 0x0000000083400000, 0x0000000083400000|100%| O|  |TAMS 0x0000000083300000, 0x0000000083300000| Untracked 
|  52|0x0000000083400000, 0x0000000083500000, 0x0000000083500000|100%| O|  |TAMS 0x0000000083400000, 0x0000000083400000| Untracked 
|  53|0x0000000083500000, 0x0000000083600000, 0x0000000083600000|100%| O|  |TAMS 0x0000000083500000, 0x0000000083500000| Untracked 
|  54|0x0000000083600000, 0x0000000083700000, 0x0000000083700000|100%|HS|  |TAMS 0x0000000083600000, 0x0000000083600000| Complete 
|  55|0x0000000083700000, 0x0000000083800000, 0x0000000083800000|100%|HC|  |TAMS 0x0000000083700000, 0x0000000083700000| Complete 
|  56|0x0000000083800000, 0x0000000083900000, 0x0000000083900000|100%| O|  |TAMS 0x0000000083800000, 0x0000000083800000| Untracked 
|  57|0x0000000083900000, 0x0000000083a00000, 0x0000000083a00000|100%| O|  |TAMS 0x0000000083900000, 0x0000000083900000| Untracked 
|  58|0x0000000083a00000, 0x0000000083b00000, 0x0000000083b00000|100%| O|  |TAMS 0x0000000083a00000, 0x0000000083a00000| Untracked 
|  59|0x0000000083b00000, 0x0000000083c00000, 0x0000000083c00000|100%| O|  |TAMS 0x0000000083b00000, 0x0000000083b00000| Untracked 
|  60|0x0000000083c00000, 0x0000000083d00000, 0x0000000083d00000|100%| O|  |TAMS 0x0000000083c00000, 0x0000000083c00000| Untracked 
|  61|0x0000000083d00000, 0x0000000083e00000, 0x0000000083e00000|100%| O|  |TAMS 0x0000000083d00000, 0x0000000083d00000| Untracked 
|  62|0x0000000083e00000, 0x0000000083f00000, 0x0000000083f00000|100%| O|  |TAMS 0x0000000083e00000, 0x0000000083e00000| Untracked 
|  63|0x0000000083f00000, 0x0000000084000000, 0x0000000084000000|100%| O|  |TAMS 0x0000000083f00000, 0x0000000083f00000| Untracked 
|  64|0x0000000084000000, 0x0000000084100000, 0x0000000084100000|100%| O|  |TAMS 0x0000000084000000, 0x0000000084000000| Untracked 
|  65|0x0000000084100000, 0x0000000084200000, 0x0000000084200000|100%| O|  |TAMS 0x0000000084100000, 0x0000000084100000| Untracked 
|  66|0x0000000084200000, 0x0000000084300000, 0x0000000084300000|100%| O|  |TAMS 0x0000000084200000, 0x0000000084200000| Untracked 
|  67|0x0000000084300000, 0x0000000084400000, 0x0000000084400000|100%| O|  |TAMS 0x0000000084300000, 0x0000000084300000| Untracked 
|  68|0x0000000084400000, 0x0000000084500000, 0x0000000084500000|100%| O|  |TAMS 0x0000000084400000, 0x0000000084400000| Untracked 
|  69|0x0000000084500000, 0x0000000084600000, 0x0000000084600000|100%| O|  |TAMS 0x0000000084500000, 0x0000000084500000| Untracked 
|  70|0x0000000084600000, 0x0000000084700000, 0x0000000084700000|100%| O|  |TAMS 0x0000000084600000, 0x0000000084600000| Untracked 
|  71|0x0000000084700000, 0x0000000084800000, 0x0000000084800000|100%| O|  |TAMS 0x0000000084700000, 0x0000000084700000| Untracked 
|  72|0x0000000084800000, 0x0000000084900000, 0x0000000084900000|100%| O|  |TAMS 0x0000000084800000, 0x0000000084800000| Untracked 
|  73|0x0000000084900000, 0x0000000084a00000, 0x0000000084a00000|100%| O|  |TAMS 0x0000000084900000, 0x0000000084900000| Untracked 
|  74|0x0000000084a00000, 0x0000000084b00000, 0x0000000084b00000|100%| O|  |TAMS 0x0000000084a00000, 0x0000000084a00000| Untracked 
|  75|0x0000000084b00000, 0x0000000084b00000, 0x0000000084c00000|  0%| F|  |TAMS 0x0000000084b00000, 0x0000000084b00000| Untracked 
|  76|0x0000000084c00000, 0x0000000084c00000, 0x0000000084d00000|  0%| F|  |TAMS 0x0000000084c00000, 0x0000000084c00000| Untracked 
|  77|0x0000000084d00000, 0x0000000084e00000, 0x0000000084e00000|100%| O|  |TAMS 0x0000000084d00000, 0x0000000084d00000| Untracked 
|  78|0x0000000084e00000, 0x0000000084f00000, 0x0000000084f00000|100%| O|  |TAMS 0x0000000084e00000, 0x0000000084e00000| Untracked 
|  79|0x0000000084f00000, 0x0000000085000000, 0x0000000085000000|100%| O|  |TAMS 0x0000000084f00000, 0x0000000084f00000| Untracked 
|  80|0x0000000085000000, 0x0000000085100000, 0x0000000085100000|100%| O|  |TAMS 0x0000000085000000, 0x0000000085000000| Untracked 
|  81|0x0000000085100000, 0x0000000085200000, 0x0000000085200000|100%| O|  |TAMS 0x0000000085100000, 0x0000000085100000| Untracked 
|  82|0x0000000085200000, 0x0000000085300000, 0x0000000085300000|100%| O|  |TAMS 0x0000000085200000, 0x0000000085200000| Untracked 
|  83|0x0000000085300000, 0x0000000085400000, 0x0000000085400000|100%| O|  |TAMS 0x0000000085300000, 0x0000000085300000| Untracked 
|  84|0x0000000085400000, 0x0000000085500000, 0x0000000085500000|100%| O|  |TAMS 0x0000000085400000, 0x0000000085400000| Untracked 
|  85|0x0000000085500000, 0x0000000085600000, 0x0000000085600000|100%| O|  |TAMS 0x0000000085500000, 0x0000000085500000| Untracked 
|  86|0x0000000085600000, 0x0000000085700000, 0x0000000085700000|100%| O|  |TAMS 0x0000000085600000, 0x0000000085600000| Untracked 
|  87|0x0000000085700000, 0x0000000085800000, 0x0000000085800000|100%| O|  |TAMS 0x0000000085700000, 0x0000000085700000| Untracked 
|  88|0x0000000085800000, 0x0000000085900000, 0x0000000085900000|100%| O|  |TAMS 0x0000000085800000, 0x0000000085800000| Untracked 
|  89|0x0000000085900000, 0x0000000085a00000, 0x0000000085a00000|100%| O|  |TAMS 0x0000000085900000, 0x0000000085900000| Untracked 
|  90|0x0000000085a00000, 0x0000000085b00000, 0x0000000085b00000|100%| O|  |TAMS 0x0000000085a00000, 0x0000000085a00000| Untracked 
|  91|0x0000000085b00000, 0x0000000085c00000, 0x0000000085c00000|100%| O|  |TAMS 0x0000000085b00000, 0x0000000085b00000| Untracked 
|  92|0x0000000085c00000, 0x0000000085d00000, 0x0000000085d00000|100%| O|  |TAMS 0x0000000085c00000, 0x0000000085c00000| Untracked 
|  93|0x0000000085d00000, 0x0000000085e00000, 0x0000000085e00000|100%| O|  |TAMS 0x0000000085d00000, 0x0000000085d00000| Untracked 
|  94|0x0000000085e00000, 0x0000000085f00000, 0x0000000085f00000|100%| O|  |TAMS 0x0000000085e00000, 0x0000000085e00000| Untracked 
|  95|0x0000000085f00000, 0x0000000085f00000, 0x0000000086000000|  0%| F|  |TAMS 0x0000000085f00000, 0x0000000085f00000| Untracked 
|  96|0x0000000086000000, 0x0000000086000000, 0x0000000086100000|  0%| F|  |TAMS 0x0000000086000000, 0x0000000086000000| Untracked 
|  97|0x0000000086100000, 0x0000000086100000, 0x0000000086200000|  0%| F|  |TAMS 0x0000000086100000, 0x0000000086100000| Untracked 
|  98|0x0000000086200000, 0x0000000086200000, 0x0000000086300000|  0%| F|  |TAMS 0x0000000086200000, 0x0000000086200000| Untracked 
|  99|0x0000000086300000, 0x0000000086300000, 0x0000000086400000|  0%| F|  |TAMS 0x0000000086300000, 0x0000000086300000| Untracked 
| 100|0x0000000086400000, 0x0000000086400000, 0x0000000086500000|  0%| F|  |TAMS 0x0000000086400000, 0x0000000086400000| Untracked 
| 101|0x0000000086500000, 0x0000000086500000, 0x0000000086600000|  0%| F|  |TAMS 0x0000000086500000, 0x0000000086500000| Untracked 
| 102|0x0000000086600000, 0x0000000086600000, 0x0000000086700000|  0%| F|  |TAMS 0x0000000086600000, 0x0000000086600000| Untracked 
| 103|0x0000000086700000, 0x0000000086700000, 0x0000000086800000|  0%| F|  |TAMS 0x0000000086700000, 0x0000000086700000| Untracked 
| 104|0x0000000086800000, 0x0000000086800000, 0x0000000086900000|  0%| F|  |TAMS 0x0000000086800000, 0x0000000086800000| Untracked 
| 105|0x0000000086900000, 0x0000000086900000, 0x0000000086a00000|  0%| F|  |TAMS 0x0000000086900000, 0x0000000086900000| Untracked 
| 106|0x0000000086a00000, 0x0000000086a00000, 0x0000000086b00000|  0%| F|  |TAMS 0x0000000086a00000, 0x0000000086a00000| Untracked 
| 107|0x0000000086b00000, 0x0000000086b00000, 0x0000000086c00000|  0%| F|  |TAMS 0x0000000086b00000, 0x0000000086b00000| Untracked 
| 108|0x0000000086c00000, 0x0000000086c00000, 0x0000000086d00000|  0%| F|  |TAMS 0x0000000086c00000, 0x0000000086c00000| Untracked 
| 109|0x0000000086d00000, 0x0000000086d00000, 0x0000000086e00000|  0%| F|  |TAMS 0x0000000086d00000, 0x0000000086d00000| Untracked 
| 110|0x0000000086e00000, 0x0000000086e00000, 0x0000000086f00000|  0%| F|  |TAMS 0x0000000086e00000, 0x0000000086e00000| Untracked 
| 111|0x0000000086f00000, 0x0000000086f00000, 0x0000000087000000|  0%| F|  |TAMS 0x0000000086f00000, 0x0000000086f00000| Untracked 
| 112|0x0000000087000000, 0x0000000087000000, 0x0000000087100000|  0%| F|  |TAMS 0x0000000087000000, 0x0000000087000000| Untracked 
| 113|0x0000000087100000, 0x0000000087100000, 0x0000000087200000|  0%| F|  |TAMS 0x0000000087100000, 0x0000000087100000| Untracked 
| 114|0x0000000087200000, 0x0000000087200000, 0x0000000087300000|  0%| F|  |TAMS 0x0000000087200000, 0x0000000087200000| Untracked 
| 115|0x0000000087300000, 0x0000000087300000, 0x0000000087400000|  0%| F|  |TAMS 0x0000000087300000, 0x0000000087300000| Untracked 
| 116|0x0000000087400000, 0x0000000087400000, 0x0000000087500000|  0%| F|  |TAMS 0x0000000087400000, 0x0000000087400000| Untracked 
| 117|0x0000000087500000, 0x0000000087500000, 0x0000000087600000|  0%| F|  |TAMS 0x0000000087500000, 0x0000000087500000| Untracked 
| 118|0x0000000087600000, 0x0000000087600000, 0x0000000087700000|  0%| F|  |TAMS 0x0000000087600000, 0x0000000087600000| Untracked 
| 119|0x0000000087700000, 0x0000000087700000, 0x0000000087800000|  0%| F|  |TAMS 0x0000000087700000, 0x0000000087700000| Untracked 
| 120|0x0000000087800000, 0x0000000087800000, 0x0000000087900000|  0%| F|  |TAMS 0x0000000087800000, 0x0000000087800000| Untracked 
| 121|0x0000000087900000, 0x0000000087900000, 0x0000000087a00000|  0%| F|  |TAMS 0x0000000087900000, 0x0000000087900000| Untracked 
| 122|0x0000000087a00000, 0x0000000087a00000, 0x0000000087b00000|  0%| F|  |TAMS 0x0000000087a00000, 0x0000000087a00000| Untracked 
| 123|0x0000000087b00000, 0x0000000087b00000, 0x0000000087c00000|  0%| F|  |TAMS 0x0000000087b00000, 0x0000000087b00000| Untracked 
| 124|0x0000000087c00000, 0x0000000087c00000, 0x0000000087d00000|  0%| F|  |TAMS 0x0000000087c00000, 0x0000000087c00000| Untracked 
| 125|0x0000000087d00000, 0x0000000087d00000, 0x0000000087e00000|  0%| F|  |TAMS 0x0000000087d00000, 0x0000000087d00000| Untracked 
| 126|0x0000000087e00000, 0x0000000087e00000, 0x0000000087f00000|  0%| F|  |TAMS 0x0000000087e00000, 0x0000000087e00000| Untracked 
| 127|0x0000000087f00000, 0x0000000087f00000, 0x0000000088000000|  0%| F|  |TAMS 0x0000000087f00000, 0x0000000087f00000| Untracked 
| 128|0x0000000088000000, 0x0000000088000000, 0x0000000088100000|  0%| F|  |TAMS 0x0000000088000000, 0x0000000088000000| Untracked 
| 129|0x0000000088100000, 0x0000000088100000, 0x0000000088200000|  0%| F|  |TAMS 0x0000000088100000, 0x0000000088100000| Untracked 
| 130|0x0000000088200000, 0x0000000088200000, 0x0000000088300000|  0%| F|  |TAMS 0x0000000088200000, 0x0000000088200000| Untracked 
| 131|0x0000000088300000, 0x0000000088300000, 0x0000000088400000|  0%| F|  |TAMS 0x0000000088300000, 0x0000000088300000| Untracked 
| 132|0x0000000088400000, 0x0000000088400000, 0x0000000088500000|  0%| F|  |TAMS 0x0000000088400000, 0x0000000088400000| Untracked 
| 133|0x0000000088500000, 0x0000000088500000, 0x0000000088600000|  0%| F|  |TAMS 0x0000000088500000, 0x0000000088500000| Untracked 
| 134|0x0000000088600000, 0x0000000088600000, 0x0000000088700000|  0%| F|  |TAMS 0x0000000088600000, 0x0000000088600000| Untracked 
| 135|0x0000000088700000, 0x0000000088700000, 0x0000000088800000|  0%| F|  |TAMS 0x0000000088700000, 0x0000000088700000| Untracked 
| 136|0x0000000088800000, 0x0000000088800000, 0x0000000088900000|  0%| F|  |TAMS 0x0000000088800000, 0x0000000088800000| Untracked 
| 137|0x0000000088900000, 0x0000000088900000, 0x0000000088a00000|  0%| F|  |TAMS 0x0000000088900000, 0x0000000088900000| Untracked 
| 138|0x0000000088a00000, 0x0000000088a00000, 0x0000000088b00000|  0%| F|  |TAMS 0x0000000088a00000, 0x0000000088a00000| Untracked 
| 139|0x0000000088b00000, 0x0000000088b00000, 0x0000000088c00000|  0%| F|  |TAMS 0x0000000088b00000, 0x0000000088b00000| Untracked 
| 140|0x0000000088c00000, 0x0000000088c00000, 0x0000000088d00000|  0%| F|  |TAMS 0x0000000088c00000, 0x0000000088c00000| Untracked 
| 141|0x0000000088d00000, 0x0000000088d00000, 0x0000000088e00000|  0%| F|  |TAMS 0x0000000088d00000, 0x0000000088d00000| Untracked 
| 142|0x0000000088e00000, 0x0000000088e00000, 0x0000000088f00000|  0%| F|  |TAMS 0x0000000088e00000, 0x0000000088e00000| Untracked 
| 143|0x0000000088f00000, 0x0000000088f00000, 0x0000000089000000|  0%| F|  |TAMS 0x0000000088f00000, 0x0000000088f00000| Untracked 
| 144|0x0000000089000000, 0x0000000089000000, 0x0000000089100000|  0%| F|  |TAMS 0x0000000089000000, 0x0000000089000000| Untracked 
| 145|0x0000000089100000, 0x0000000089100000, 0x0000000089200000|  0%| F|  |TAMS 0x0000000089100000, 0x0000000089100000| Untracked 
| 146|0x0000000089200000, 0x0000000089200000, 0x0000000089300000|  0%| F|  |TAMS 0x0000000089200000, 0x0000000089200000| Untracked 
| 147|0x0000000089300000, 0x0000000089300000, 0x0000000089400000|  0%| F|  |TAMS 0x0000000089300000, 0x0000000089300000| Untracked 
| 148|0x0000000089400000, 0x0000000089400000, 0x0000000089500000|  0%| F|  |TAMS 0x0000000089400000, 0x0000000089400000| Untracked 
| 149|0x0000000089500000, 0x0000000089500000, 0x0000000089600000|  0%| F|  |TAMS 0x0000000089500000, 0x0000000089500000| Untracked 
| 150|0x0000000089600000, 0x0000000089600000, 0x0000000089700000|  0%| F|  |TAMS 0x0000000089600000, 0x0000000089600000| Untracked 
| 151|0x0000000089700000, 0x0000000089700000, 0x0000000089800000|  0%| F|  |TAMS 0x0000000089700000, 0x0000000089700000| Untracked 
| 152|0x0000000089800000, 0x0000000089800000, 0x0000000089900000|  0%| F|  |TAMS 0x0000000089800000, 0x0000000089800000| Untracked 
| 153|0x0000000089900000, 0x0000000089900000, 0x0000000089a00000|  0%| F|  |TAMS 0x0000000089900000, 0x0000000089900000| Untracked 
| 154|0x0000000089a00000, 0x0000000089a00000, 0x0000000089b00000|  0%| F|  |TAMS 0x0000000089a00000, 0x0000000089a00000| Untracked 
| 155|0x0000000089b00000, 0x0000000089b00000, 0x0000000089c00000|  0%| F|  |TAMS 0x0000000089b00000, 0x0000000089b00000| Untracked 
| 156|0x0000000089c00000, 0x0000000089c00000, 0x0000000089d00000|  0%| F|  |TAMS 0x0000000089c00000, 0x0000000089c00000| Untracked 
| 157|0x0000000089d00000, 0x0000000089d00000, 0x0000000089e00000|  0%| F|  |TAMS 0x0000000089d00000, 0x0000000089d00000| Untracked 
| 158|0x0000000089e00000, 0x0000000089e00000, 0x0000000089f00000|  0%| F|  |TAMS 0x0000000089e00000, 0x0000000089e00000| Untracked 
| 159|0x0000000089f00000, 0x0000000089f00000, 0x000000008a000000|  0%| F|  |TAMS 0x0000000089f00000, 0x0000000089f00000| Untracked 
| 160|0x000000008a000000, 0x000000008a000000, 0x000000008a100000|  0%| F|  |TAMS 0x000000008a000000, 0x000000008a000000| Untracked 
| 161|0x000000008a100000, 0x000000008a100000, 0x000000008a200000|  0%| F|  |TAMS 0x000000008a100000, 0x000000008a100000| Untracked 
| 162|0x000000008a200000, 0x000000008a200000, 0x000000008a300000|  0%| F|  |TAMS 0x000000008a200000, 0x000000008a200000| Untracked 
| 163|0x000000008a300000, 0x000000008a300000, 0x000000008a400000|  0%| F|  |TAMS 0x000000008a300000, 0x000000008a300000| Untracked 
| 164|0x000000008a400000, 0x000000008a400000, 0x000000008a500000|  0%| F|  |TAMS 0x000000008a400000, 0x000000008a400000| Untracked 
| 165|0x000000008a500000, 0x000000008a500000, 0x000000008a600000|  0%| F|  |TAMS 0x000000008a500000, 0x000000008a500000| Untracked 
| 166|0x000000008a600000, 0x000000008a600000, 0x000000008a700000|  0%| F|  |TAMS 0x000000008a600000, 0x000000008a600000| Untracked 
| 167|0x000000008a700000, 0x000000008a700000, 0x000000008a800000|  0%| F|  |TAMS 0x000000008a700000, 0x000000008a700000| Untracked 
| 168|0x000000008a800000, 0x000000008a800000, 0x000000008a900000|  0%| F|  |TAMS 0x000000008a800000, 0x000000008a800000| Untracked 
| 169|0x000000008a900000, 0x000000008a900000, 0x000000008aa00000|  0%| F|  |TAMS 0x000000008a900000, 0x000000008a900000| Untracked 
| 170|0x000000008aa00000, 0x000000008aa00000, 0x000000008ab00000|  0%| F|  |TAMS 0x000000008aa00000, 0x000000008aa00000| Untracked 
| 171|0x000000008ab00000, 0x000000008ab00000, 0x000000008ac00000|  0%| F|  |TAMS 0x000000008ab00000, 0x000000008ab00000| Untracked 
| 172|0x000000008ac00000, 0x000000008ac00000, 0x000000008ad00000|  0%| F|  |TAMS 0x000000008ac00000, 0x000000008ac00000| Untracked 
| 173|0x000000008ad00000, 0x000000008ad00000, 0x000000008ae00000|  0%| F|  |TAMS 0x000000008ad00000, 0x000000008ad00000| Untracked 
| 174|0x000000008ae00000, 0x000000008ae00000, 0x000000008af00000|  0%| F|  |TAMS 0x000000008ae00000, 0x000000008ae00000| Untracked 
| 175|0x000000008af00000, 0x000000008af00000, 0x000000008b000000|  0%| F|  |TAMS 0x000000008af00000, 0x000000008af00000| Untracked 
| 176|0x000000008b000000, 0x000000008b000000, 0x000000008b100000|  0%| F|  |TAMS 0x000000008b000000, 0x000000008b000000| Untracked 
| 177|0x000000008b100000, 0x000000008b100000, 0x000000008b200000|  0%| F|  |TAMS 0x000000008b100000, 0x000000008b100000| Untracked 
| 178|0x000000008b200000, 0x000000008b300000, 0x000000008b300000|100%| S|CS|TAMS 0x000000008b200000, 0x000000008b200000| Complete 
| 179|0x000000008b300000, 0x000000008b400000, 0x000000008b400000|100%| S|CS|TAMS 0x000000008b300000, 0x000000008b300000| Complete 
| 180|0x000000008b400000, 0x000000008b400000, 0x000000008b500000|  0%| F|  |TAMS 0x000000008b400000, 0x000000008b400000| Untracked 
| 181|0x000000008b500000, 0x000000008b500000, 0x000000008b600000|  0%| F|  |TAMS 0x000000008b500000, 0x000000008b500000| Untracked 
| 182|0x000000008b600000, 0x000000008b600000, 0x000000008b700000|  0%| F|  |TAMS 0x000000008b600000, 0x000000008b600000| Untracked 
| 183|0x000000008b700000, 0x000000008b700000, 0x000000008b800000|  0%| F|  |TAMS 0x000000008b700000, 0x000000008b700000| Untracked 
| 184|0x000000008b800000, 0x000000008b800000, 0x000000008b900000|  0%| F|  |TAMS 0x000000008b800000, 0x000000008b800000| Untracked 
| 185|0x000000008b900000, 0x000000008ba00000, 0x000000008ba00000|100%| S|CS|TAMS 0x000000008b900000, 0x000000008b900000| Complete 
| 186|0x000000008ba00000, 0x000000008bb00000, 0x000000008bb00000|100%| S|CS|TAMS 0x000000008ba00000, 0x000000008ba00000| Complete 
| 187|0x000000008bb00000, 0x000000008bc00000, 0x000000008bc00000|100%| S|CS|TAMS 0x000000008bb00000, 0x000000008bb00000| Complete 
| 188|0x000000008bc00000, 0x000000008bd00000, 0x000000008bd00000|100%| S|CS|TAMS 0x000000008bc00000, 0x000000008bc00000| Complete 
| 189|0x000000008bd00000, 0x000000008be00000, 0x000000008be00000|100%| S|CS|TAMS 0x000000008bd00000, 0x000000008bd00000| Complete 
| 190|0x000000008be00000, 0x000000008be00000, 0x000000008bf00000|  0%| F|  |TAMS 0x000000008be00000, 0x000000008be00000| Untracked 
| 191|0x000000008bf00000, 0x000000008bf00000, 0x000000008c000000|  0%| F|  |TAMS 0x000000008bf00000, 0x000000008bf00000| Untracked 
| 192|0x000000008c000000, 0x000000008c000000, 0x000000008c100000|  0%| F|  |TAMS 0x000000008c000000, 0x000000008c000000| Untracked 
| 193|0x000000008c100000, 0x000000008c100000, 0x000000008c200000|  0%| F|  |TAMS 0x000000008c100000, 0x000000008c100000| Untracked 
| 194|0x000000008c200000, 0x000000008c200000, 0x000000008c300000|  0%| F|  |TAMS 0x000000008c200000, 0x000000008c200000| Untracked 
| 195|0x000000008c300000, 0x000000008c300000, 0x000000008c400000|  0%| F|  |TAMS 0x000000008c300000, 0x000000008c300000| Untracked 
| 196|0x000000008c400000, 0x000000008c400000, 0x000000008c500000|  0%| F|  |TAMS 0x000000008c400000, 0x000000008c400000| Untracked 
| 197|0x000000008c500000, 0x000000008c500000, 0x000000008c600000|  0%| F|  |TAMS 0x000000008c500000, 0x000000008c500000| Untracked 
| 198|0x000000008c600000, 0x000000008c600000, 0x000000008c700000|  0%| F|  |TAMS 0x000000008c600000, 0x000000008c600000| Untracked 
| 199|0x000000008c700000, 0x000000008c700000, 0x000000008c800000|  0%| F|  |TAMS 0x000000008c700000, 0x000000008c700000| Untracked 
| 200|0x000000008c800000, 0x000000008c800000, 0x000000008c900000|  0%| F|  |TAMS 0x000000008c800000, 0x000000008c800000| Untracked 
| 201|0x000000008c900000, 0x000000008c900000, 0x000000008ca00000|  0%| F|  |TAMS 0x000000008c900000, 0x000000008c900000| Untracked 
| 202|0x000000008ca00000, 0x000000008ca00000, 0x000000008cb00000|  0%| F|  |TAMS 0x000000008ca00000, 0x000000008ca00000| Untracked 
| 203|0x000000008cb00000, 0x000000008cb00000, 0x000000008cc00000|  0%| F|  |TAMS 0x000000008cb00000, 0x000000008cb00000| Untracked 
| 204|0x000000008cc00000, 0x000000008cc00000, 0x000000008cd00000|  0%| F|  |TAMS 0x000000008cc00000, 0x000000008cc00000| Untracked 
| 205|0x000000008cd00000, 0x000000008cd00000, 0x000000008ce00000|  0%| F|  |TAMS 0x000000008cd00000, 0x000000008cd00000| Untracked 
| 206|0x000000008ce00000, 0x000000008ce00000, 0x000000008cf00000|  0%| F|  |TAMS 0x000000008ce00000, 0x000000008ce00000| Untracked 
| 207|0x000000008cf00000, 0x000000008cf00000, 0x000000008d000000|  0%| F|  |TAMS 0x000000008cf00000, 0x000000008cf00000| Untracked 
| 208|0x000000008d000000, 0x000000008d000000, 0x000000008d100000|  0%| F|  |TAMS 0x000000008d000000, 0x000000008d000000| Untracked 
| 209|0x000000008d100000, 0x000000008d100000, 0x000000008d200000|  0%| F|  |TAMS 0x000000008d100000, 0x000000008d100000| Untracked 
| 210|0x000000008d200000, 0x000000008d200000, 0x000000008d300000|  0%| F|  |TAMS 0x000000008d200000, 0x000000008d200000| Untracked 
| 211|0x000000008d300000, 0x000000008d300000, 0x000000008d400000|  0%| F|  |TAMS 0x000000008d300000, 0x000000008d300000| Untracked 
| 212|0x000000008d400000, 0x000000008d400000, 0x000000008d500000|  0%| F|  |TAMS 0x000000008d400000, 0x000000008d400000| Untracked 
| 213|0x000000008d500000, 0x000000008d500000, 0x000000008d600000|  0%| F|  |TAMS 0x000000008d500000, 0x000000008d500000| Untracked 
| 214|0x000000008d600000, 0x000000008d600000, 0x000000008d700000|  0%| F|  |TAMS 0x000000008d600000, 0x000000008d600000| Untracked 
| 215|0x000000008d700000, 0x000000008d700000, 0x000000008d800000|  0%| F|  |TAMS 0x000000008d700000, 0x000000008d700000| Untracked 
| 216|0x000000008d800000, 0x000000008d800000, 0x000000008d900000|  0%| F|  |TAMS 0x000000008d800000, 0x000000008d800000| Untracked 
| 217|0x000000008d900000, 0x000000008d900000, 0x000000008da00000|  0%| F|  |TAMS 0x000000008d900000, 0x000000008d900000| Untracked 
| 218|0x000000008da00000, 0x000000008da00000, 0x000000008db00000|  0%| F|  |TAMS 0x000000008da00000, 0x000000008da00000| Untracked 
| 219|0x000000008db00000, 0x000000008db00000, 0x000000008dc00000|  0%| F|  |TAMS 0x000000008db00000, 0x000000008db00000| Untracked 
| 220|0x000000008dc00000, 0x000000008dc00000, 0x000000008dd00000|  0%| F|  |TAMS 0x000000008dc00000, 0x000000008dc00000| Untracked 
| 221|0x000000008dd00000, 0x000000008dd00000, 0x000000008de00000|  0%| F|  |TAMS 0x000000008dd00000, 0x000000008dd00000| Untracked 
| 222|0x000000008de00000, 0x000000008de00000, 0x000000008df00000|  0%| F|  |TAMS 0x000000008de00000, 0x000000008de00000| Untracked 
| 223|0x000000008df00000, 0x000000008df00000, 0x000000008e000000|  0%| F|  |TAMS 0x000000008df00000, 0x000000008df00000| Untracked 
| 224|0x000000008e000000, 0x000000008e000000, 0x000000008e100000|  0%| F|  |TAMS 0x000000008e000000, 0x000000008e000000| Untracked 
| 225|0x000000008e100000, 0x000000008e100000, 0x000000008e200000|  0%| F|  |TAMS 0x000000008e100000, 0x000000008e100000| Untracked 
| 226|0x000000008e200000, 0x000000008e200000, 0x000000008e300000|  0%| F|  |TAMS 0x000000008e200000, 0x000000008e200000| Untracked 
| 227|0x000000008e300000, 0x000000008e300000, 0x000000008e400000|  0%| F|  |TAMS 0x000000008e300000, 0x000000008e300000| Untracked 
| 228|0x000000008e400000, 0x000000008e400000, 0x000000008e500000|  0%| F|  |TAMS 0x000000008e400000, 0x000000008e400000| Untracked 
| 229|0x000000008e500000, 0x000000008e500000, 0x000000008e600000|  0%| F|  |TAMS 0x000000008e500000, 0x000000008e500000| Untracked 
| 230|0x000000008e600000, 0x000000008e600000, 0x000000008e700000|  0%| F|  |TAMS 0x000000008e600000, 0x000000008e600000| Untracked 
| 231|0x000000008e700000, 0x000000008e700000, 0x000000008e800000|  0%| F|  |TAMS 0x000000008e700000, 0x000000008e700000| Untracked 
| 232|0x000000008e800000, 0x000000008e800000, 0x000000008e900000|  0%| F|  |TAMS 0x000000008e800000, 0x000000008e800000| Untracked 
| 233|0x000000008e900000, 0x000000008e900000, 0x000000008ea00000|  0%| F|  |TAMS 0x000000008e900000, 0x000000008e900000| Untracked 
| 234|0x000000008ea00000, 0x000000008ea00000, 0x000000008eb00000|  0%| F|  |TAMS 0x000000008ea00000, 0x000000008ea00000| Untracked 
| 235|0x000000008eb00000, 0x000000008eb00000, 0x000000008ec00000|  0%| F|  |TAMS 0x000000008eb00000, 0x000000008eb00000| Untracked 
| 236|0x000000008ec00000, 0x000000008ec00000, 0x000000008ed00000|  0%| F|  |TAMS 0x000000008ec00000, 0x000000008ec00000| Untracked 
| 237|0x000000008ed00000, 0x000000008ed00000, 0x000000008ee00000|  0%| F|  |TAMS 0x000000008ed00000, 0x000000008ed00000| Untracked 
| 238|0x000000008ee00000, 0x000000008ee00000, 0x000000008ef00000|  0%| F|  |TAMS 0x000000008ee00000, 0x000000008ee00000| Untracked 
| 239|0x000000008ef00000, 0x000000008ef00000, 0x000000008f000000|  0%| F|  |TAMS 0x000000008ef00000, 0x000000008ef00000| Untracked 
| 240|0x000000008f000000, 0x000000008f000000, 0x000000008f100000|  0%| F|  |TAMS 0x000000008f000000, 0x000000008f000000| Untracked 
| 241|0x000000008f100000, 0x000000008f100000, 0x000000008f200000|  0%| F|  |TAMS 0x000000008f100000, 0x000000008f100000| Untracked 
| 242|0x000000008f200000, 0x000000008f200000, 0x000000008f300000|  0%| F|  |TAMS 0x000000008f200000, 0x000000008f200000| Untracked 
| 243|0x000000008f300000, 0x000000008f300000, 0x000000008f400000|  0%| F|  |TAMS 0x000000008f300000, 0x000000008f300000| Untracked 
| 244|0x000000008f400000, 0x000000008f400000, 0x000000008f500000|  0%| F|  |TAMS 0x000000008f400000, 0x000000008f400000| Untracked 
| 245|0x000000008f500000, 0x000000008f500000, 0x000000008f600000|  0%| F|  |TAMS 0x000000008f500000, 0x000000008f500000| Untracked 
| 246|0x000000008f600000, 0x000000008f600000, 0x000000008f700000|  0%| F|  |TAMS 0x000000008f600000, 0x000000008f600000| Untracked 
| 247|0x000000008f700000, 0x000000008f700000, 0x000000008f800000|  0%| F|  |TAMS 0x000000008f700000, 0x000000008f700000| Untracked 
| 248|0x000000008f800000, 0x000000008f800000, 0x000000008f900000|  0%| F|  |TAMS 0x000000008f800000, 0x000000008f800000| Untracked 
| 249|0x000000008f900000, 0x000000008f900000, 0x000000008fa00000|  0%| F|  |TAMS 0x000000008f900000, 0x000000008f900000| Untracked 
| 250|0x000000008fa00000, 0x000000008fa00000, 0x000000008fb00000|  0%| F|  |TAMS 0x000000008fa00000, 0x000000008fa00000| Untracked 
| 251|0x000000008fb00000, 0x000000008fb00000, 0x000000008fc00000|  0%| F|  |TAMS 0x000000008fb00000, 0x000000008fb00000| Untracked 
| 252|0x000000008fc00000, 0x000000008fc00000, 0x000000008fd00000|  0%| F|  |TAMS 0x000000008fc00000, 0x000000008fc00000| Untracked 
| 253|0x000000008fd00000, 0x000000008fd00000, 0x000000008fe00000|  0%| F|  |TAMS 0x000000008fd00000, 0x000000008fd00000| Untracked 
| 254|0x000000008fe00000, 0x000000008fe00000, 0x000000008ff00000|  0%| F|  |TAMS 0x000000008fe00000, 0x000000008fe00000| Untracked 
| 255|0x000000008ff00000, 0x000000008ff00000, 0x0000000090000000|  0%| F|  |TAMS 0x000000008ff00000, 0x000000008ff00000| Untracked 
| 256|0x0000000090000000, 0x0000000090000000, 0x0000000090100000|  0%| F|  |TAMS 0x0000000090000000, 0x0000000090000000| Untracked 
| 257|0x0000000090100000, 0x0000000090100000, 0x0000000090200000|  0%| F|  |TAMS 0x0000000090100000, 0x0000000090100000| Untracked 
| 258|0x0000000090200000, 0x0000000090200000, 0x0000000090300000|  0%| F|  |TAMS 0x0000000090200000, 0x0000000090200000| Untracked 
| 259|0x0000000090300000, 0x0000000090300000, 0x0000000090400000|  0%| F|  |TAMS 0x0000000090300000, 0x0000000090300000| Untracked 
| 260|0x0000000090400000, 0x0000000090400000, 0x0000000090500000|  0%| F|  |TAMS 0x0000000090400000, 0x0000000090400000| Untracked 
| 261|0x0000000090500000, 0x0000000090500000, 0x0000000090600000|  0%| F|  |TAMS 0x0000000090500000, 0x0000000090500000| Untracked 
| 262|0x0000000090600000, 0x0000000090600000, 0x0000000090700000|  0%| F|  |TAMS 0x0000000090600000, 0x0000000090600000| Untracked 
| 263|0x0000000090700000, 0x0000000090700000, 0x0000000090800000|  0%| F|  |TAMS 0x0000000090700000, 0x0000000090700000| Untracked 
| 264|0x0000000090800000, 0x0000000090800000, 0x0000000090900000|  0%| F|  |TAMS 0x0000000090800000, 0x0000000090800000| Untracked 
| 265|0x0000000090900000, 0x0000000090900000, 0x0000000090a00000|  0%| F|  |TAMS 0x0000000090900000, 0x0000000090900000| Untracked 
| 266|0x0000000090a00000, 0x0000000090a00000, 0x0000000090b00000|  0%| F|  |TAMS 0x0000000090a00000, 0x0000000090a00000| Untracked 
| 267|0x0000000090b00000, 0x0000000090b00000, 0x0000000090c00000|  0%| F|  |TAMS 0x0000000090b00000, 0x0000000090b00000| Untracked 
| 268|0x0000000090c00000, 0x0000000090c00000, 0x0000000090d00000|  0%| F|  |TAMS 0x0000000090c00000, 0x0000000090c00000| Untracked 
| 269|0x0000000090d00000, 0x0000000090d00000, 0x0000000090e00000|  0%| F|  |TAMS 0x0000000090d00000, 0x0000000090d00000| Untracked 
| 270|0x0000000090e00000, 0x0000000090e00000, 0x0000000090f00000|  0%| F|  |TAMS 0x0000000090e00000, 0x0000000090e00000| Untracked 
| 271|0x0000000090f00000, 0x0000000090f00000, 0x0000000091000000|  0%| F|  |TAMS 0x0000000090f00000, 0x0000000090f00000| Untracked 
| 272|0x0000000091000000, 0x0000000091000000, 0x0000000091100000|  0%| F|  |TAMS 0x0000000091000000, 0x0000000091000000| Untracked 
| 273|0x0000000091100000, 0x0000000091100000, 0x0000000091200000|  0%| F|  |TAMS 0x0000000091100000, 0x0000000091100000| Untracked 
| 274|0x0000000091200000, 0x0000000091200000, 0x0000000091300000|  0%| F|  |TAMS 0x0000000091200000, 0x0000000091200000| Untracked 
| 275|0x0000000091300000, 0x0000000091300000, 0x0000000091400000|  0%| F|  |TAMS 0x0000000091300000, 0x0000000091300000| Untracked 
| 276|0x0000000091400000, 0x0000000091400000, 0x0000000091500000|  0%| F|  |TAMS 0x0000000091400000, 0x0000000091400000| Untracked 
| 277|0x0000000091500000, 0x0000000091500000, 0x0000000091600000|  0%| F|  |TAMS 0x0000000091500000, 0x0000000091500000| Untracked 
| 278|0x0000000091600000, 0x0000000091600000, 0x0000000091700000|  0%| F|  |TAMS 0x0000000091600000, 0x0000000091600000| Untracked 
| 279|0x0000000091700000, 0x0000000091700000, 0x0000000091800000|  0%| F|  |TAMS 0x0000000091700000, 0x0000000091700000| Untracked 
| 280|0x0000000091800000, 0x0000000091800000, 0x0000000091900000|  0%| F|  |TAMS 0x0000000091800000, 0x0000000091800000| Untracked 
| 281|0x0000000091900000, 0x0000000091900000, 0x0000000091a00000|  0%| F|  |TAMS 0x0000000091900000, 0x0000000091900000| Untracked 
| 282|0x0000000091a00000, 0x0000000091a00000, 0x0000000091b00000|  0%| F|  |TAMS 0x0000000091a00000, 0x0000000091a00000| Untracked 
| 283|0x0000000091b00000, 0x0000000091b00000, 0x0000000091c00000|  0%| F|  |TAMS 0x0000000091b00000, 0x0000000091b00000| Untracked 
| 284|0x0000000091c00000, 0x0000000091c00000, 0x0000000091d00000|  0%| F|  |TAMS 0x0000000091c00000, 0x0000000091c00000| Untracked 
| 285|0x0000000091d00000, 0x0000000091d7d230, 0x0000000091e00000| 48%| E|  |TAMS 0x0000000091d00000, 0x0000000091d00000| Complete 
| 286|0x0000000091e00000, 0x0000000091f00000, 0x0000000091f00000|100%| E|CS|TAMS 0x0000000091e00000, 0x0000000091e00000| Complete 
| 287|0x0000000091f00000, 0x0000000092000000, 0x0000000092000000|100%| E|CS|TAMS 0x0000000091f00000, 0x0000000091f00000| Complete 
| 288|0x0000000092000000, 0x0000000092100000, 0x0000000092100000|100%| E|CS|TAMS 0x0000000092000000, 0x0000000092000000| Complete 
| 289|0x0000000092100000, 0x0000000092200000, 0x0000000092200000|100%| E|CS|TAMS 0x0000000092100000, 0x0000000092100000| Complete 
| 290|0x0000000092200000, 0x0000000092300000, 0x0000000092300000|100%| E|CS|TAMS 0x0000000092200000, 0x0000000092200000| Complete 
| 291|0x0000000092300000, 0x0000000092400000, 0x0000000092400000|100%| E|CS|TAMS 0x0000000092300000, 0x0000000092300000| Complete 
| 292|0x0000000092400000, 0x0000000092500000, 0x0000000092500000|100%| E|CS|TAMS 0x0000000092400000, 0x0000000092400000| Complete 
| 293|0x0000000092500000, 0x0000000092600000, 0x0000000092600000|100%| E|CS|TAMS 0x0000000092500000, 0x0000000092500000| Complete 
| 294|0x0000000092600000, 0x0000000092700000, 0x0000000092700000|100%| E|CS|TAMS 0x0000000092600000, 0x0000000092600000| Complete 
| 295|0x0000000092700000, 0x0000000092800000, 0x0000000092800000|100%| E|CS|TAMS 0x0000000092700000, 0x0000000092700000| Complete 
| 296|0x0000000092800000, 0x0000000092900000, 0x0000000092900000|100%| E|CS|TAMS 0x0000000092800000, 0x0000000092800000| Complete 
| 297|0x0000000092900000, 0x0000000092a00000, 0x0000000092a00000|100%| E|CS|TAMS 0x0000000092900000, 0x0000000092900000| Complete 
| 298|0x0000000092a00000, 0x0000000092b00000, 0x0000000092b00000|100%| E|CS|TAMS 0x0000000092a00000, 0x0000000092a00000| Complete 
| 299|0x0000000092b00000, 0x0000000092c00000, 0x0000000092c00000|100%| E|CS|TAMS 0x0000000092b00000, 0x0000000092b00000| Complete 
| 300|0x0000000092c00000, 0x0000000092d00000, 0x0000000092d00000|100%| E|CS|TAMS 0x0000000092c00000, 0x0000000092c00000| Complete 
| 301|0x0000000092d00000, 0x0000000092e00000, 0x0000000092e00000|100%| E|CS|TAMS 0x0000000092d00000, 0x0000000092d00000| Complete 
| 302|0x0000000092e00000, 0x0000000092f00000, 0x0000000092f00000|100%| E|CS|TAMS 0x0000000092e00000, 0x0000000092e00000| Complete 
| 303|0x0000000092f00000, 0x0000000093000000, 0x0000000093000000|100%| E|CS|TAMS 0x0000000092f00000, 0x0000000092f00000| Complete 
| 304|0x0000000093000000, 0x0000000093100000, 0x0000000093100000|100%| E|CS|TAMS 0x0000000093000000, 0x0000000093000000| Complete 
| 305|0x0000000093100000, 0x0000000093200000, 0x0000000093200000|100%| E|CS|TAMS 0x0000000093100000, 0x0000000093100000| Complete 
| 306|0x0000000093200000, 0x0000000093300000, 0x0000000093300000|100%| E|CS|TAMS 0x0000000093200000, 0x0000000093200000| Complete 
| 307|0x0000000093300000, 0x0000000093400000, 0x0000000093400000|100%| E|CS|TAMS 0x0000000093300000, 0x0000000093300000| Complete 
| 308|0x0000000093400000, 0x0000000093500000, 0x0000000093500000|100%| E|CS|TAMS 0x0000000093400000, 0x0000000093400000| Complete 
| 309|0x0000000093500000, 0x0000000093600000, 0x0000000093600000|100%| E|CS|TAMS 0x0000000093500000, 0x0000000093500000| Complete 
| 310|0x0000000093600000, 0x0000000093700000, 0x0000000093700000|100%| E|CS|TAMS 0x0000000093600000, 0x0000000093600000| Complete 
| 311|0x0000000093700000, 0x0000000093800000, 0x0000000093800000|100%| E|CS|TAMS 0x0000000093700000, 0x0000000093700000| Complete 
| 312|0x0000000093800000, 0x0000000093900000, 0x0000000093900000|100%| E|CS|TAMS 0x0000000093800000, 0x0000000093800000| Complete 
| 313|0x0000000093900000, 0x0000000093a00000, 0x0000000093a00000|100%| E|CS|TAMS 0x0000000093900000, 0x0000000093900000| Complete 

Card table byte_map: [0x0000000006f10000,0x0000000007310000] _byte_map_base: 0x0000000006b10000

Marking Bits (Prev, Next): (CMBitMap*) 0x000000000040bc68, (CMBitMap*) 0x000000000040bca0
 Prev Bits: [0x0000000007710000, 0x0000000009710000)
 Next Bits: [0x0000000009710000, 0x000000000b710000)

Polling page: 0x0000000000330000

Metaspace:

Usage:
  Non-class:     86.06 MB capacity,    84.68 MB ( 98%) used,     1.11 MB (  1%) free+waste,   274.38 KB ( <1%) overhead. 
      Class:     12.97 MB capacity,    12.13 MB ( 94%) used,   739.09 KB (  6%) free+waste,   121.00 KB ( <1%) overhead. 
       Both:     99.03 MB capacity,    96.81 MB ( 98%) used,     1.84 MB (  2%) free+waste,   395.38 KB ( <1%) overhead. 

Virtual space:
  Non-class space:       88.00 MB reserved,      86.25 MB ( 98%) committed 
      Class space:        1.00 GB reserved,      13.00 MB (  1%) committed 
             Both:        1.09 GB reserved,      99.25 MB (  9%) committed 

Chunk freelists:
   Non-Class:  2.00 KB
       Class:  0 bytes
        Both:  2.00 KB

MaxMetaspaceSize: 17179869184.00 GB
CompressedClassSpaceSize: 1.00 GB
Initial GC threshold: 20.80 MB
Current GC threshold: 111.46 MB
CDS: off

CodeHeap 'non-profiled nmethods': size=120064Kb used=7003Kb max_used=7003Kb free=113060Kb
 bounds [0x0000000016ad0000, 0x00000000171b0000, 0x000000001e010000]
CodeHeap 'profiled nmethods': size=120000Kb used=26737Kb max_used=26737Kb free=93262Kb
 bounds [0x000000000f5a0000, 0x0000000010fc0000, 0x0000000016ad0000]
CodeHeap 'non-nmethods': size=5696Kb used=2393Kb max_used=2453Kb free=3302Kb
 bounds [0x000000000f010000, 0x000000000f290000, 0x000000000f5a0000]
 total_blobs=13273 nmethods=12360 adapters=825
 compilation: enabled
              stopped_count=0, restarted_count=0
 full_count=0

Compilation events (20 events):
Event: 32.675 Thread 0x000000000ec6a000 12485       2       org.gradle.api.internal.artifacts.ivyservice.resolveengine.graph.builder.NodeState::intersectEdgeExclusions (40 bytes)
Event: 32.675 Thread 0x000000000ec6a000 nmethod 12485 0x0000000010fb1890 code [0x0000000010fb1a60, 0x0000000010fb1c18]
Event: 32.675 Thread 0x000000000ec6a000 12486       2       org.gradle.api.internal.artifacts.ivyservice.resolveengine.graph.builder.NodeState::joinNodeExclusions (27 bytes)
Event: 32.676 Thread 0x000000000ec6a000 nmethod 12486 0x0000000010fb1d90 code [0x0000000010fb1f60, 0x0000000010fb20d8]
Event: 32.677 Thread 0x000000000ec6a000 12487       2       org.gradle.api.internal.artifacts.ivyservice.resolveengine.excludes.factories.Optimizations::optimizeAnyOf (70 bytes)
Event: 32.677 Thread 0x000000000ec6a000 nmethod 12487 0x0000000010fb2210 code [0x0000000010fb2400, 0x0000000010fb27b8]
Event: 32.678 Thread 0x000000000ec6a000 12488       2       org.gradle.api.internal.artifacts.ivyservice.resolveengine.graph.builder.NodeState::visitOwners (123 bytes)
Event: 32.679 Thread 0x000000000ec6a000 nmethod 12488 0x0000000010fb2890 code [0x0000000010fb2b40, 0x0000000010fb3358]
Event: 32.679 Thread 0x000000000ec6a000 12489       2       org.gradle.api.attributes.Attribute::of (10 bytes)
Event: 32.679 Thread 0x000000000ec6a000 nmethod 12489 0x0000000010fb3910 code [0x0000000010fb3ae0, 0x0000000010fb3d38]
Event: 32.695 Thread 0x000000000ec6a000 12490       2       org.gradle.api.internal.artifacts.ivyservice.resolveengine.artifact.DefaultArtifactSet::withImplicitCapability (39 bytes)
Event: 32.696 Thread 0x000000000ec6a000 nmethod 12490 0x0000000010fb3e90 code [0x0000000010fb40a0, 0x0000000010fb4428]
Event: 32.696 Thread 0x000000000ec6a000 12492       2       org.gradle.api.internal.artifacts.ivyservice.resolveengine.artifact.ArtifactBackedResolvedVariant::create (160 bytes)
Event: 32.697 Thread 0x000000000ec6a000 nmethod 12492 0x0000000010fb4710 code [0x0000000010fb4a00, 0x0000000010fb5af8]
Event: 32.697 Thread 0x000000000ec6a000 12493       2       org.gradle.api.internal.artifacts.ivyservice.resolveengine.artifact.ArtifactBackedResolvedVariant$SingleArtifactSet::<init> (26 bytes)
Event: 32.697 Thread 0x000000000ec6a000 nmethod 12493 0x0000000010fb6010 code [0x0000000010fb61c0, 0x0000000010fb6438]
Event: 32.697 Thread 0x000000000ec6a000 12495       2       com.google.common.cache.LocalCache$Strength$3::referenceValue (38 bytes)
Event: 32.697 Thread 0x000000000ec6a000 nmethod 12495 0x0000000010fb6510 code [0x0000000010fb66e0, 0x0000000010fb6a08]
Event: 32.698 Thread 0x000000000ec6a000 12494       2       com.google.common.collect.ImmutableList::copyOf (32 bytes)
Event: 32.698 Thread 0x000000000ec6a000 nmethod 12494 0x0000000010fb6b90 code [0x0000000010fb6d80, 0x0000000010fb7018]

GC Heap History (20 events):
Event: 3.034 GC heap before
{Heap before GC invocations=5 (full 0):
 garbage-first heap   total 196608K, used 76450K [0x0000000080000000, 0x0000000100000000)
  region size 1024K, 61 young (62464K), 3 survivors (3072K)
 Metaspace       used 26635K, capacity 27205K, committed 27264K, reserved 1073152K
  class space    used 3469K, capacity 3696K, committed 3712K, reserved 1048576K
}
Event: 3.040 GC heap after
{Heap after GC invocations=6 (full 0):
 garbage-first heap   total 196608K, used 19112K [0x0000000080000000, 0x0000000100000000)
  region size 1024K, 5 young (5120K), 5 survivors (5120K)
 Metaspace       used 26635K, capacity 27205K, committed 27264K, reserved 1073152K
  class space    used 3469K, capacity 3696K, committed 3712K, reserved 1048576K
}
Event: 3.851 GC heap before
{Heap before GC invocations=6 (full 0):
 garbage-first heap   total 196608K, used 73384K [0x0000000080000000, 0x0000000100000000)
  region size 1024K, 59 young (60416K), 5 survivors (5120K)
 Metaspace       used 35059K, capacity 35741K, committed 35840K, reserved 1081344K
  class space    used 4536K, capacity 4824K, committed 4864K, reserved 1048576K
}
Event: 3.865 GC heap after
{Heap after GC invocations=7 (full 0):
 garbage-first heap   total 196608K, used 22434K [0x0000000080000000, 0x0000000100000000)
  region size 1024K, 8 young (8192K), 8 survivors (8192K)
 Metaspace       used 35059K, capacity 35741K, committed 35840K, reserved 1081344K
  class space    used 4536K, capacity 4824K, committed 4864K, reserved 1048576K
}
Event: 5.098 GC heap before
{Heap before GC invocations=8 (full 0):
 garbage-first heap   total 196608K, used 111522K [0x0000000080000000, 0x0000000100000000)
  region size 1024K, 93 young (95232K), 8 survivors (8192K)
 Metaspace       used 42169K, capacity 43068K, committed 43264K, reserved 1087488K
  class space    used 5413K, capacity 5761K, committed 5888K, reserved 1048576K
}
Event: 5.118 GC heap after
{Heap after GC invocations=9 (full 0):
 garbage-first heap   total 267264K, used 29143K [0x0000000080000000, 0x0000000100000000)
  region size 1024K, 12 young (12288K), 12 survivors (12288K)
 Metaspace       used 42169K, capacity 43068K, committed 43264K, reserved 1087488K
  class space    used 5413K, capacity 5761K, committed 5888K, reserved 1048576K
}
Event: 7.279 GC heap before
{Heap before GC invocations=9 (full 0):
 garbage-first heap   total 267264K, used 180695K [0x0000000080000000, 0x0000000100000000)
  region size 1024K, 156 young (159744K), 12 survivors (12288K)
 Metaspace       used 52379K, capacity 53648K, committed 53760K, reserved 1095680K
  class space    used 6680K, capacity 7159K, committed 7168K, reserved 1048576K
}
Event: 7.303 GC heap after
{Heap after GC invocations=10 (full 0):
 garbage-first heap   total 267264K, used 44242K [0x0000000080000000, 0x0000000100000000)
  region size 1024K, 20 young (20480K), 20 survivors (20480K)
 Metaspace       used 52379K, capacity 53648K, committed 53760K, reserved 1095680K
  class space    used 6680K, capacity 7159K, committed 7168K, reserved 1048576K
}
Event: 8.079 GC heap before
{Heap before GC invocations=10 (full 0):
 garbage-first heap   total 267264K, used 87250K [0x0000000080000000, 0x0000000100000000)
  region size 1024K, 63 young (64512K), 20 survivors (20480K)
 Metaspace       used 58827K, capacity 60095K, committed 60160K, reserved 1101824K
  class space    used 7433K, capacity 7919K, committed 7936K, reserved 1048576K
}
Event: 8.113 GC heap after
{Heap after GC invocations=11 (full 0):
 garbage-first heap   total 267264K, used 47244K [0x0000000080000000, 0x0000000100000000)
  region size 1024K, 3 young (3072K), 3 survivors (3072K)
 Metaspace       used 58827K, capacity 60095K, committed 60160K, reserved 1101824K
  class space    used 7433K, capacity 7919K, committed 7936K, reserved 1048576K
}
Event: 9.608 GC heap before
{Heap before GC invocations=12 (full 0):
 garbage-first heap   total 267264K, used 151692K [0x0000000080000000, 0x0000000100000000)
  region size 1024K, 105 young (107520K), 3 survivors (3072K)
 Metaspace       used 66302K, capacity 67766K, committed 67968K, reserved 1107968K
  class space    used 8401K, capacity 8970K, committed 9088K, reserved 1048576K
}
Event: 9.644 GC heap after
{Heap after GC invocations=13 (full 0):
 garbage-first heap   total 267264K, used 54719K [0x0000000080000000, 0x0000000100000000)
  region size 1024K, 10 young (10240K), 10 survivors (10240K)
 Metaspace       used 66302K, capacity 67766K, committed 67968K, reserved 1107968K
  class space    used 8401K, capacity 8970K, committed 9088K, reserved 1048576K
}
Event: 11.287 GC heap before
{Heap before GC invocations=14 (full 0):
 garbage-first heap   total 267264K, used 164287K [0x0000000080000000, 0x0000000100000000)
  region size 1024K, 117 young (119808K), 10 survivors (10240K)
 Metaspace       used 76659K, capacity 78338K, committed 78592K, reserved 1118208K
  class space    used 10019K, capacity 10667K, committed 10752K, reserved 1048576K
}
Event: 11.322 GC heap after
{Heap after GC invocations=15 (full 0):
 garbage-first heap   total 321536K, used 60575K [0x0000000080000000, 0x0000000100000000)
  region size 1024K, 6 young (6144K), 6 survivors (6144K)
 Metaspace       used 76659K, capacity 78338K, committed 78592K, reserved 1118208K
  class space    used 10019K, capacity 10667K, committed 10752K, reserved 1048576K
}
Event: 13.823 GC heap before
{Heap before GC invocations=15 (full 0):
 garbage-first heap   total 321536K, used 198815K [0x0000000080000000, 0x0000000100000000)
  region size 1024K, 140 young (143360K), 6 survivors (6144K)
 Metaspace       used 84874K, capacity 86953K, committed 87040K, reserved 1124352K
  class space    used 10987K, capacity 11749K, committed 11776K, reserved 1048576K
}
Event: 13.863 GC heap after
{Heap after GC invocations=16 (full 0):
 garbage-first heap   total 321536K, used 79637K [0x0000000080000000, 0x0000000100000000)
  region size 1024K, 18 young (18432K), 18 survivors (18432K)
 Metaspace       used 84874K, capacity 86953K, committed 87040K, reserved 1124352K
  class space    used 10987K, capacity 11749K, committed 11776K, reserved 1048576K
}
Event: 15.871 GC heap before
{Heap before GC invocations=16 (full 0):
 garbage-first heap   total 321536K, used 228117K [0x0000000080000000, 0x0000000100000000)
  region size 1024K, 147 young (150528K), 18 survivors (18432K)
 Metaspace       used 90976K, capacity 93133K, committed 93440K, reserved 1130496K
  class space    used 11648K, capacity 12475K, committed 12544K, reserved 1048576K
}
Event: 15.915 GC heap after
{Heap after GC invocations=17 (full 0):
 garbage-first heap   total 321536K, used 95484K [0x0000000080000000, 0x0000000100000000)
  region size 1024K, 16 young (16384K), 16 survivors (16384K)
 Metaspace       used 90976K, capacity 93133K, committed 93440K, reserved 1130496K
  class space    used 11648K, capacity 12475K, committed 12544K, reserved 1048576K
}
Event: 31.618 GC heap before
{Heap before GC invocations=17 (full 0):
 garbage-first heap   total 321536K, used 221436K [0x0000000080000000, 0x0000000100000000)
  region size 1024K, 140 young (143360K), 16 survivors (16384K)
 Metaspace       used 98605K, capacity 100894K, committed 101120K, reserved 1136640K
  class space    used 12415K, capacity 13271K, committed 13312K, reserved 1048576K
}
Event: 31.648 GC heap after
{Heap after GC invocations=18 (full 0):
 garbage-first heap   total 321536K, used 102400K [0x0000000080000000, 0x0000000100000000)
  region size 1024K, 7 young (7168K), 7 survivors (7168K)
 Metaspace       used 98605K, capacity 100894K, committed 101120K, reserved 1136640K
  class space    used 12415K, capacity 13271K, committed 13312K, reserved 1048576K
}

Deoptimization events (20 events):
Event: 32.143 Thread 0x0000000065b8a800 DEOPT PACKING pc=0x0000000016f51bd4 sp=0x000000006cb4e350
Event: 32.144 Thread 0x0000000065b8a800 DEOPT UNPACKING pc=0x000000000f05a1af sp=0x000000006cb4e310 mode 2
Event: 32.159 Thread 0x0000000061c16000 Uncommon trap: trap_request=0xffffffc6 fr.pc=0x0000000016f39318 relative=0x00000000000041d8
Event: 32.159 Thread 0x0000000061c16000 Uncommon trap: reason=bimorphic_or_optimized_type_check action=maybe_recompile pc=0x0000000016f39318 method=java.util.AbstractCollection.addAll(Ljava/util/Collection;)Z @ 29 c2
Event: 32.159 Thread 0x0000000061c16000 DEOPT PACKING pc=0x0000000016f39318 sp=0x00000000632cb9f0
Event: 32.159 Thread 0x0000000061c16000 DEOPT UNPACKING pc=0x000000000f05a1af sp=0x00000000632cb9f0 mode 2
Event: 32.229 Thread 0x0000000061c16000 Uncommon trap: trap_request=0xffffffc6 fr.pc=0x0000000016f39318 relative=0x00000000000041d8
Event: 32.229 Thread 0x0000000061c16000 Uncommon trap: reason=bimorphic_or_optimized_type_check action=maybe_recompile pc=0x0000000016f39318 method=java.util.AbstractCollection.addAll(Ljava/util/Collection;)Z @ 29 c2
Event: 32.229 Thread 0x0000000061c16000 DEOPT PACKING pc=0x0000000016f39318 sp=0x00000000632c62d0
Event: 32.229 Thread 0x0000000061c16000 DEOPT UNPACKING pc=0x000000000f05a1af sp=0x00000000632c62d0 mode 2
Event: 32.229 Thread 0x0000000061c16000 Uncommon trap: trap_request=0xffffffc6 fr.pc=0x0000000016f39318 relative=0x00000000000041d8
Event: 32.229 Thread 0x0000000061c16000 Uncommon trap: reason=bimorphic_or_optimized_type_check action=maybe_recompile pc=0x0000000016f39318 method=java.util.AbstractCollection.addAll(Ljava/util/Collection;)Z @ 29 c2
Event: 32.229 Thread 0x0000000061c16000 DEOPT PACKING pc=0x0000000016f39318 sp=0x00000000632c62d0
Event: 32.229 Thread 0x0000000061c16000 DEOPT UNPACKING pc=0x000000000f05a1af sp=0x00000000632c62d0 mode 2
Event: 32.229 Thread 0x0000000061c16000 Uncommon trap: trap_request=0xffffffc6 fr.pc=0x0000000016f39318 relative=0x00000000000041d8
Event: 32.229 Thread 0x0000000061c16000 Uncommon trap: reason=bimorphic_or_optimized_type_check action=maybe_recompile pc=0x0000000016f39318 method=java.util.AbstractCollection.addAll(Ljava/util/Collection;)Z @ 29 c2
Event: 32.229 Thread 0x0000000061c16000 DEOPT PACKING pc=0x0000000016f39318 sp=0x00000000632c6f50
Event: 32.229 Thread 0x0000000061c16000 DEOPT UNPACKING pc=0x000000000f05a1af sp=0x00000000632c6f50 mode 2
Event: 32.633 Thread 0x0000000061c16000 DEOPT PACKING pc=0x00000000105cb900 sp=0x00000000632c9140
Event: 32.633 Thread 0x0000000061c16000 DEOPT UNPACKING pc=0x000000000f05a95e sp=0x00000000632c8600 mode 0

Classes redefined (0 events):
No events

Internal exceptions (20 events):
Event: 18.499 Thread 0x0000000061c16000 Exception <a 'sun/nio/fs/WindowsException'{0x000000008d9db458}> (0x000000008d9db458) thrown at [./src/hotspot/share/prims/jni.cpp, line 615]
Event: 19.215 Thread 0x0000000061c16000 Implicit null exception at 0x0000000017117a53 to 0x0000000017117e08
Event: 19.224 Thread 0x000000006168b800 Exception <a 'java/lang/NoSuchMethodError'{0x000000008c8cab18}: <clinit>> (0x000000008c8cab18) thrown at [./src/hotspot/share/prims/jni.cpp, line 1365]
Event: 19.225 Thread 0x000000006168b800 Exception <a 'java/lang/NoSuchMethodError'{0x000000008c8db8d8}: <clinit>> (0x000000008c8db8d8) thrown at [./src/hotspot/share/prims/jni.cpp, line 1365]
Event: 19.225 Thread 0x000000006168b800 Exception <a 'java/lang/NoSuchMethodError'{0x000000008c8dcfc0}: <clinit>> (0x000000008c8dcfc0) thrown at [./src/hotspot/share/prims/jni.cpp, line 1365]
Event: 19.227 Thread 0x000000006168b800 Exception <a 'java/lang/NoSuchMethodError'{0x000000008c8ef158}: <clinit>> (0x000000008c8ef158) thrown at [./src/hotspot/share/prims/jni.cpp, line 1365]
Event: 19.229 Thread 0x000000006168b800 Exception <a 'java/lang/NoSuchMethodError'{0x000000008c8fb2a8}: <clinit>> (0x000000008c8fb2a8) thrown at [./src/hotspot/share/prims/jni.cpp, line 1365]
Event: 19.290 Thread 0x000000006168b800 Exception <a 'java/lang/NoSuchMethodError'{0x000000008c71f638}: <clinit>> (0x000000008c71f638) thrown at [./src/hotspot/share/prims/jni.cpp, line 1365]
Event: 19.293 Thread 0x000000006168b800 Exception <a 'java/lang/NoSuchMethodError'{0x000000008c73a068}: <clinit>> (0x000000008c73a068) thrown at [./src/hotspot/share/prims/jni.cpp, line 1365]
Event: 19.294 Thread 0x000000006168b800 Exception <a 'java/lang/NoSuchMethodError'{0x000000008c7489b8}: <clinit>> (0x000000008c7489b8) thrown at [./src/hotspot/share/prims/jni.cpp, line 1365]
Event: 21.853 Thread 0x0000000061c2f000 Implicit null exception at 0x0000000016bcb584 to 0x0000000016bcbb70
Event: 21.853 Thread 0x0000000061c2f000 Implicit null exception at 0x0000000016b9e784 to 0x0000000016b9ed4c
Event: 32.221 Thread 0x0000000061c16000 Exception <a 'sun/nio/fs/WindowsException'{0x0000000092966710}> (0x0000000092966710) thrown at [./src/hotspot/share/prims/jni.cpp, line 615]
Event: 32.343 Thread 0x0000000061c16000 Exception <a 'java/lang/NoClassDefFoundError'{0x00000000926cc260}: org/jetbrains/kotlin/gradle/plugin/KotlinBasePluginWrapper> (0x00000000926cc260) thrown at [./src/hotspot/share/oops/constantPool.cpp, line 775]
Event: 32.501 Thread 0x0000000061c16000 Exception <a 'sun/nio/fs/WindowsException'{0x00000000923993a8}> (0x00000000923993a8) thrown at [./src/hotspot/share/prims/jni.cpp, line 615]
Event: 32.518 Thread 0x0000000061c16000 Exception <a 'sun/nio/fs/WindowsException'{0x0000000092234bd8}> (0x0000000092234bd8) thrown at [./src/hotspot/share/prims/jni.cpp, line 615]
Event: 32.518 Thread 0x0000000061c16000 Exception <a 'sun/nio/fs/WindowsException'{0x0000000092235f60}> (0x0000000092235f60) thrown at [./src/hotspot/share/prims/jni.cpp, line 615]
Event: 32.518 Thread 0x0000000061c16000 Exception <a 'sun/nio/fs/WindowsException'{0x0000000092237338}> (0x0000000092237338) thrown at [./src/hotspot/share/prims/jni.cpp, line 615]
Event: 32.519 Thread 0x0000000061c16000 Exception <a 'sun/nio/fs/WindowsException'{0x0000000092238710}> (0x0000000092238710) thrown at [./src/hotspot/share/prims/jni.cpp, line 615]
Event: 32.641 Thread 0x0000000061c16000 Exception <a 'sun/nio/fs/WindowsException'{0x0000000091f041d0}> (0x0000000091f041d0) thrown at [./src/hotspot/share/prims/jni.cpp, line 615]

Events (20 events):
Event: 31.757 Thread 0x0000000060339800 Thread added: 0x0000000060339800
Event: 31.757 Thread 0x0000000065d6e800 Thread added: 0x0000000065d6e800
Event: 31.757 Thread 0x0000000065d6f000 Thread added: 0x0000000065d6f000
Event: 31.758 Executing VM operation: RevokeBias
Event: 31.774 Executing coalesced safepoint VM operation: RevokeBias
Event: 31.774 Executing coalesced safepoint VM operation: RevokeBias done
Event: 31.774 Executing VM operation: RevokeBias done
Event: 32.166 Executing VM operation: BulkRevokeBias
Event: 32.167 Executing VM operation: BulkRevokeBias done
Event: 32.495 Executing VM operation: ICBufferFull
Event: 32.495 Executing VM operation: ICBufferFull done
Event: 32.613 Thread 0x0000000065d70000 Thread added: 0x0000000065d70000
Event: 32.642 Thread 0x0000000065d71000 Thread added: 0x0000000065d71000
Event: 32.642 Thread 0x0000000070baa000 Thread added: 0x0000000070baa000
Event: 32.644 Thread 0x0000000070baa800 Thread added: 0x0000000070baa800
Event: 32.644 Thread 0x0000000070bab800 Thread added: 0x0000000070bab800
Event: 32.644 Thread 0x0000000070bac000 Thread added: 0x0000000070bac000
Event: 32.646 Thread 0x0000000070bad000 Thread added: 0x0000000070bad000
Event: 32.681 Executing VM operation: ICBufferFull
Event: 32.694 Executing VM operation: ICBufferFull done


Dynamic libraries:
0x000000013f340000 - 0x000000013f34a000 	C:\Program Files\Android\Android Studio\jre\bin\java.exe
0x0000000077c20000 - 0x0000000077dca000 	C:\Windows\SYSTEM32\ntdll.dll
0x0000000077a00000 - 0x0000000077b1f000 	C:\Windows\system32\kernel32.dll
0x000007fefda70000 - 0x000007fefdada000 	C:\Windows\system32\KERNELBASE.dll
0x000007feeffa0000 - 0x000007feeffb9000 	C:\Program Files\Android\Android Studio\jre\bin\jli.dll
0x000007fefc330000 - 0x000007fefc524000 	C:\Windows\WinSxS\amd64_microsoft.windows.common-controls_6595b64144ccf1df_6.0.7601.18837_none_fa3b1e3d17594757\COMCTL32.dll
0x000007feff8f0000 - 0x000007feff98f000 	C:\Windows\system32\msvcrt.dll
0x000007feff880000 - 0x000007feff8e7000 	C:\Windows\system32\GDI32.dll
0x0000000077b20000 - 0x0000000077c1a000 	C:\Windows\system32\USER32.dll
0x000007feffb70000 - 0x000007feffb7e000 	C:\Windows\system32\LPK.dll
0x000007feff6a0000 - 0x000007feff76a000 	C:\Windows\system32\USP10.dll
0x000007feff030000 - 0x000007feff0a1000 	C:\Windows\system32\SHLWAPI.dll
0x000007feeff80000 - 0x000007feeff97000 	C:\Program Files\Android\Android Studio\jre\bin\VCRUNTIME140.dll
0x000007fef4790000 - 0x000007fef4794000 	C:\Windows\system32\api-ms-win-crt-runtime-l1-1-0.dll
0x000007fef06d0000 - 0x000007fef07c4000 	C:\Windows\system32\ucrtbase.DLL
0x000007fefb340000 - 0x000007fefb343000 	C:\Windows\system32\api-ms-win-core-timezone-l1-1-0.dll
0x000007fef3c60000 - 0x000007fef3c63000 	C:\Windows\system32\api-ms-win-core-file-l2-1-0.dll
0x000007fef4280000 - 0x000007fef4283000 	C:\Windows\system32\api-ms-win-core-localization-l1-2-0.dll
0x000007fef4990000 - 0x000007fef4993000 	C:\Windows\system32\api-ms-win-core-synch-l1-2-0.dll
0x000007fef1bc0000 - 0x000007fef1bc3000 	C:\Windows\system32\api-ms-win-core-processthreads-l1-1-1.dll
0x000007fef1bb0000 - 0x000007fef1bb3000 	C:\Windows\system32\api-ms-win-core-file-l1-2-0.dll
0x000007fef1ba0000 - 0x000007fef1ba4000 	C:\Windows\system32\api-ms-win-crt-string-l1-1-0.dll
0x000007fef1280000 - 0x000007fef1283000 	C:\Windows\system32\api-ms-win-crt-heap-l1-1-0.dll
0x000007fef1270000 - 0x000007fef1274000 	C:\Windows\system32\api-ms-win-crt-stdio-l1-1-0.dll
0x000007fef1260000 - 0x000007fef1264000 	C:\Windows\system32\api-ms-win-crt-convert-l1-1-0.dll
0x000007fef1250000 - 0x000007fef1253000 	C:\Windows\system32\api-ms-win-crt-environment-l1-1-0.dll
0x000007fef1220000 - 0x000007fef1223000 	C:\Windows\system32\api-ms-win-crt-filesystem-l1-1-0.dll
0x000007fef1230000 - 0x000007fef1235000 	C:\Windows\system32\api-ms-win-crt-math-l1-1-0.dll
0x000007fef0e70000 - 0x000007fef0e73000 	C:\Windows\system32\api-ms-win-crt-locale-l1-1-0.dll
0x000007fefef20000 - 0x000007fefef4e000 	C:\Windows\system32\IMM32.DLL
0x000007fefddb0000 - 0x000007fefdeb9000 	C:\Windows\system32\MSCTF.dll
0x000007fefd910000 - 0x000007fefd93f000 	C:\Windows\system32\nvinitx.dll
0x000007feffc40000 - 0x000007feffd1b000 	C:\Windows\system32\ADVAPI32.dll
0x000007fefdd90000 - 0x000007fefddaf000 	C:\Windows\SYSTEM32\sechost.dll
0x000007feff0b0000 - 0x000007feff1dd000 	C:\Windows\system32\RPCRT4.dll
0x000000000f000000 - 0x000000000f006000 	C:\Program Files\NVIDIA Corporation\CoProcManager\_etoured.dll
0x000007fefae80000 - 0x000007fefaedf000 	C:\Program Files\NVIDIA Corporation\CoProcManager\nvd3d9wrapx.dll
0x000007feff4c0000 - 0x000007feff697000 	C:\Windows\system32\SETUPAPI.dll
0x000007fefda10000 - 0x000007fefda46000 	C:\Windows\system32\CFGMGR32.dll
0x000007fefef50000 - 0x000007feff028000 	C:\Windows\system32\OLEAUT32.dll
0x000007feffd20000 - 0x000007fefff23000 	C:\Windows\system32\ole32.dll
0x000007fefd9f0000 - 0x000007fefda0a000 	C:\Windows\system32\DEVOBJ.dll
0x000007fefa970000 - 0x000007fefa9b6000 	C:\Program Files\NVIDIA Corporation\CoProcManager\nvdxgiwrapx.dll
0x000007feefc00000 - 0x000007feefc9d000 	C:\Program Files\Android\Android Studio\jre\bin\msvcp140.dll
0x000007fef0620000 - 0x000007fef0625000 	C:\Windows\system32\api-ms-win-crt-multibyte-l1-1-0.dll
0x000007fef1210000 - 0x000007fef1213000 	C:\Windows\system32\api-ms-win-crt-time-l1-1-0.dll
0x000007fef1240000 - 0x000007fef1243000 	C:\Windows\system32\api-ms-win-crt-utility-l1-1-0.dll
0x000007feee970000 - 0x000007feef455000 	C:\Program Files\Android\Android Studio\jre\bin\server\jvm.dll
0x000007feec2f0000 - 0x000007feec2f9000 	C:\Windows\system32\WSOCK32.dll
0x000007feffb20000 - 0x000007feffb6d000 	C:\Windows\system32\WS2_32.dll
0x000007feff810000 - 0x000007feff818000 	C:\Windows\system32\NSI.dll
0x000007fefa790000 - 0x000007fefa7cb000 	C:\Windows\system32\WINMM.dll
0x000007fefca70000 - 0x000007fefca7c000 	C:\Windows\system32\VERSION.dll
0x0000000077df0000 - 0x0000000077df7000 	C:\Windows\system32\PSAPI.DLL
0x000007fef11f0000 - 0x000007fef1201000 	C:\Program Files\Android\Android Studio\jre\bin\verify.dll
0x000007fef4420000 - 0x000007fef4545000 	C:\Windows\system32\DBGHELP.DLL
0x000007fef11c0000 - 0x000007fef11e9000 	C:\Program Files\Android\Android Studio\jre\bin\java.dll
0x000007fef0f00000 - 0x000007fef0f0b000 	C:\Program Files\Android\Android Studio\jre\bin\jimage.dll
0x000007fef0ee0000 - 0x000007fef0ef8000 	C:\Program Files\Android\Android Studio\jre\bin\zip.dll
0x000007fefdec0000 - 0x000007fefec49000 	C:\Windows\system32\SHELL32.dll
0x000007fefd9d0000 - 0x000007fefd9df000 	C:\Windows\system32\profapi.dll
0x000007fef0ec0000 - 0x000007fef0eda000 	C:\Program Files\Android\Android Studio\jre\bin\net.dll
0x000007feecab0000 - 0x000007feecb21000 	C:\Windows\system32\WINHTTP.dll
0x000007feeca40000 - 0x000007feecaa4000 	C:\Windows\system32\webio.dll
0x000007fefd180000 - 0x000007fefd1d5000 	C:\Windows\system32\mswsock.dll
0x000007fefd170000 - 0x000007fefd177000 	C:\Windows\System32\wship6.dll
0x000007fef0ea0000 - 0x000007fef0eb4000 	C:\Program Files\Android\Android Studio\jre\bin\nio.dll
0x000007feeffc0000 - 0x000007feeffe7000 	C:\Users\Nikolai4\.gradle\native\e1d6ef7f7dcc3fd88c89a11ec53ec762bb8ba0a96d01ffa2cd45eb1d1d8dd5c5\windows-amd64\native-platform.dll
0x000007fef0e90000 - 0x000007fef0e9a000 	C:\Program Files\Android\Android Studio\jre\bin\management.dll
0x000007fef0e80000 - 0x000007fef0e8d000 	C:\Program Files\Android\Android Studio\jre\bin\management_ext.dll
0x000007fefd1e0000 - 0x000007fefd1f8000 	C:\Windows\system32\CRYPTSP.dll
0x000007fefcee0000 - 0x000007fefcf27000 	C:\Windows\system32\rsaenh.dll
0x000007fefdd70000 - 0x000007fefdd8e000 	C:\Windows\system32\USERENV.dll
0x000007fefd840000 - 0x000007fefd84f000 	C:\Windows\system32\CRYPTBASE.dll
0x000007fefb210000 - 0x000007fefb237000 	C:\Windows\system32\IPHLPAPI.DLL
0x000007fefb200000 - 0x000007fefb20b000 	C:\Windows\system32\WINNSI.DLL
0x000007fefb000000 - 0x000007fefb018000 	C:\Windows\system32\dhcpcsvc.DLL
0x000007fefafe0000 - 0x000007fefaff1000 	C:\Windows\system32\dhcpcsvc6.DLL
0x000007fefd7e0000 - 0x000007fefd837000 	C:\Windows\system32\apphelp.dll

dbghelp: loaded successfully - version: 4.0.5 - missing functions: none
symbol engine: initialized successfully - sym options: 0x614 - pdb path: .;C:\Program Files\Android\Android Studio\jre\bin;C:\Windows\SYSTEM32;C:\Windows\WinSxS\amd64_microsoft.windows.common-controls_6595b64144ccf1df_6.0.7601.18837_none_fa3b1e3d17594757;C:\Program Files\NVIDIA Corporation\CoProcManager;C:\Program Files\Android\Android Studio\jre\bin\server;C:\Users\Nikolai4\.gradle\native\e1d6ef7f7dcc3fd88c89a11ec53ec762bb8ba0a96d01ffa2cd45eb1d1d8dd5c5\windows-amd64

VM Arguments:
jvm_args: --add-opens=java.base/java.util=ALL-UNNAMED --add-opens=java.base/java.lang=ALL-UNNAMED --add-opens=java.base/java.lang.invoke=ALL-UNNAMED --add-opens=java.base/java.util=ALL-UNNAMED --add-opens=java.prefs/java.util.prefs=ALL-UNNAMED --add-opens=java.prefs/java.util.prefs=ALL-UNNAMED --add-opens=java.base/java.nio.charset=ALL-UNNAMED --add-opens=java.base/java.net=ALL-UNNAMED --add-opens=java.base/java.util.concurrent.atomic=ALL-UNNAMED -Xmx2048m -Dfile.encoding=UTF-8 -Duser.country=RU -Duser.language=ru -Duser.variant 
java_command: org.gradle.launcher.daemon.bootstrap.GradleDaemon 7.3.3
java_class_path (initial): C:\Users\Nikolai4\.gradle\wrapper\dists\gradle-7.3.3-bin\6a41zxkdtcxs8rphpq6y0069z\gradle-7.3.3\lib\gradle-launcher-7.3.3.jar
Launcher Type: SUN_STANDARD

[Global flags]
     intx CICompilerCount                          = 3                                         {product} {ergonomic}
     uint ConcGCThreads                            = 1                                         {product} {ergonomic}
     uint G1ConcRefinementThreads                  = 4                                         {product} {ergonomic}
   size_t G1HeapRegionSize                         = 1048576                                   {product} {ergonomic}
    uintx GCDrainStackTargetSize                   = 64                                        {product} {ergonomic}
   size_t InitialHeapSize                          = 201326592                                 {product} {ergonomic}
   size_t MarkStackSize                            = 4194304                                   {product} {ergonomic}
   size_t MaxHeapSize                              = 2147483648                                {product} {command line}
   size_t MaxNewSize                               = 1287651328                                {product} {ergonomic}
   size_t MinHeapDeltaBytes                        = 1048576                                   {product} {ergonomic}
    uintx NonNMethodCodeHeapSize                   = 5830732                                {pd product} {ergonomic}
    uintx NonProfiledCodeHeapSize                  = 122913754                              {pd product} {ergonomic}
    uintx ProfiledCodeHeapSize                     = 122913754                              {pd product} {ergonomic}
    uintx ReservedCodeCacheSize                    = 251658240                              {pd product} {ergonomic}
     bool SegmentedCodeCache                       = true                                      {product} {ergonomic}
     bool UseCompressedClassPointers               = true                                 {lp64_product} {ergonomic}
     bool UseCompressedOops                        = true                                 {lp64_product} {ergonomic}
     bool UseG1GC                                  = true                                      {product} {ergonomic}
     bool UseLargePagesIndividualAllocation        = false                                  {pd product} {ergonomic}

Logging:
Log output configuration:
 #0: stdout all=warning uptime,level,tags
 #1: stderr all=off uptime,level,tags

Environment Variables:
JAVA_HOME=C:\Program Files\Java\jdk-15.0.1
PATH=C:\Program Files\Common Files\Oracle\Java\javapath;C:\Program Files\Java\jdk-15.0.1\bin;C:\Program Files (x86)\Common Files\Oracle\Java\javapath;c:\Program Files\wget\bin\IsoBuster;C:\Windows\System32\WindowsPowerShell\v1.0\;c:\Program Files (x86)\Microsoft SQL Server\110\Tools\Binn\;c:\Program Files\Microsoft SQL Server\110\Tools\Binn\;c:\Program Files\Microsoft SQL Server\110\DTS\Binn\;C:\Program Files\apache-maven-3.6.3\bin
USERNAME=Nikolai4
OS=Windows_NT
PROCESSOR_IDENTIFIER=Intel64 Family 6 Model 60 Stepping 3, GenuineIntel



---------------  S Y S T E M  ---------------

OS: Windows 7 , 64 bit Build 7601 (6.1.7601.23392)
OS uptime: 0 days 3:27 hours

CPU:total 4 (initial active 4) (2 cores per cpu, 2 threads per core) family 6 model 60 stepping 3 microcode 0x0, cmov, cx8, fxsr, mmx, sse, sse2, sse3, ssse3, sse4.1, sse4.2, popcnt, avx, avx2, aes, clmul, erms, lzcnt, ht, tsc, tscinvbit, bmi1, bmi2, fma

Memory: 4k page, system-wide physical 12172M (5321M free)
TotalPageFile size 12170M (AvailPageFile size 6M)
current process WorkingSet (physical memory assigned to process): 602M, peak: 602M
current process commit charge ("private bytes"): 636M, peak: 638M

vm_info: OpenJDK 64-Bit Server VM (11.0.12+7-b1504.28-7817840) for windows-amd64 JRE (11.0.12+7-b1504.28-7817840), built on Oct 13 2021 22:12:33 by "builder" with MS VC++ 14.0 (VS2015)

END.
