#
# There is insufficient memory for the Java Runtime Environment to continue.
# Native memory allocation (malloc) failed to allocate 1048576 bytes for AllocateHeap
# Possible reasons:
#   The system is out of physical RAM or swap space
#   The process is running with CompressedOops enabled, and the Java Heap may be blocking the growth of the native heap
# Possible solutions:
#   Reduce memory load on the system
#   Increase physical memory or swap space
#   Check if swap backing store is full
#   Decrease Java heap size (-Xmx/-Xms)
#   Decrease number of Java threads
#   Decrease Java thread stack sizes (-Xss)
#   Set larger code cache with -XX:ReservedCodeCacheSize=
#   JVM is running with Unscaled Compressed Oops mode in which the Java heap is
#     placed in the first 4GB address space. The Java Heap base address is the
#     maximum limit for the native heap growth. Please use -XX:HeapBaseMinAddress
#     to set the Java Heap base and to place the Java Heap above 4GB virtual address.
# This output file may be truncated or incomplete.
#
#  Out of Memory Error (./src/hotspot/share/memory/allocation.cpp:46), pid=7056, tid=4628
#
# JRE version: OpenJDK Runtime Environment (11.0.12+7) (build 11.0.12+7-b1504.28-7817840)
# Java VM: OpenJDK 64-Bit Server VM (11.0.12+7-b1504.28-7817840, mixed mode, tiered, compressed oops, g1 gc, windows-amd64)
# No core dump will be written. Minidumps are not enabled by default on client versions of Windows
#

---------------  S U M M A R Y ------------

Command Line: --add-opens=java.base/java.util=ALL-UNNAMED --add-opens=java.base/java.lang=ALL-UNNAMED --add-opens=java.base/java.lang.invoke=ALL-UNNAMED --add-opens=java.base/java.util=ALL-UNNAMED --add-opens=java.prefs/java.util.prefs=ALL-UNNAMED --add-opens=java.prefs/java.util.prefs=ALL-UNNAMED --add-opens=java.base/java.nio.charset=ALL-UNNAMED --add-opens=java.base/java.net=ALL-UNNAMED --add-opens=java.base/java.util.concurrent.atomic=ALL-UNNAMED -Xmx2048m -Dfile.encoding=UTF-8 -Duser.country=RU -Duser.language=ru -Duser.variant org.gradle.launcher.daemon.bootstrap.GradleDaemon 7.3.3

Host: Intel(R) Core(TM) i5-4210M CPU @ 2.60GHz, 4 cores, 11G,  Windows 7 , 64 bit Build 7601 (6.1.7601.23392)
Time: Fri Mar 24 15:38:28 2023 RTZ 2 (ceia) elapsed time: 7.964190 seconds (0d 0h 0m 7s)

---------------  T H R E A D  ---------------

Current thread (0x000000000ea57800):  VMThread "VM Thread" [stack: 0x000000000ec40000,0x000000000ed40000] [id=4628]

Stack: [0x000000000ec40000,0x000000000ed40000]
[error occurred during error reporting (printing stack bounds), id 0xc0000005, EXCEPTION_ACCESS_VIOLATION (0xc0000005) at pc=0x000000000f01112d]

Native frames: (J=compiled Java code, j=interpreted, Vv=VM code, C=native code)
V  [jvm.dll+0x5fbcea]
V  [jvm.dll+0x731905]
V  [jvm.dll+0x732f1d]
V  [jvm.dll+0x733535]
V  [jvm.dll+0x7334eb]
V  [jvm.dll+0x5fb080]
V  [jvm.dll+0x5fb818]
C  [ntdll.dll+0x27e8d]
C  [ntdll.dll+0x184cf]
C  [ntdll.dll+0x4bac8]
C  0x000000000f01112d

VM_Operation (0x0000000063d93530): CollectForMetadataAllocation, mode: safepoint, requested by thread 0x0000000060635000


---------------  P R O C E S S  ---------------

Threads class SMR info:
_java_thread_list=0x0000000061e48aa0, length=76, elements={
0x00000000003cc000, 0x000000000ea64800, 0x000000000ea6e000, 0x000000000ea81000,
0x000000000ea84800, 0x000000000ea85800, 0x000000000ea8c000, 0x000000000ea8d000,
0x000000000ea99800, 0x000000005ecb9000, 0x000000005ee0d800, 0x000000005fd63800,
0x000000005fdb3800, 0x0000000061bf4000, 0x000000006038e000, 0x000000006093e000,
0x0000000061374000, 0x0000000060635000, 0x0000000061c23800, 0x0000000060847800,
0x0000000061c00000, 0x0000000061c01000, 0x0000000061c02000, 0x0000000061c02800,
0x0000000061c03800, 0x0000000061c04800, 0x0000000061c05000, 0x0000000061c06000,
0x0000000061c07000, 0x0000000062e6a000, 0x0000000062e6a800, 0x0000000062e6c000,
0x0000000062e6d000, 0x0000000062e6e000, 0x0000000062e6e800, 0x0000000062e6f800,
0x0000000065afb800, 0x0000000065afc800, 0x0000000065afd000, 0x0000000065afe000,
0x0000000068129000, 0x000000006812a000, 0x000000006812b000, 0x000000006812b800,
0x000000006812c800, 0x000000006812d000, 0x000000006812e000, 0x000000006812f000,
0x000000006812f800, 0x0000000064d6a000, 0x0000000064d6b000, 0x0000000064d6b800,
0x0000000064d6c800, 0x0000000064d6d800, 0x0000000064d6e000, 0x0000000064d6f000,
0x0000000064d70000, 0x0000000064d70800, 0x0000000061e2f000, 0x0000000061e30000,
0x0000000061e30800, 0x0000000061e31800, 0x0000000061e32800, 0x0000000061e33000,
0x0000000061e34000, 0x0000000061e35000, 0x0000000061e35800, 0x0000000065403000,
0x0000000065403800, 0x0000000065404800, 0x0000000065405800, 0x0000000065406000,
0x0000000065407000, 0x0000000065407800, 0x0000000065408800, 0x0000000065409800
}

Java Threads: ( => current thread )
  0x00000000003cc000 JavaThread "main" [_thread_blocked, id=8440, stack(0x0000000002240000,0x0000000002340000)]
  0x000000000ea64800 JavaThread "Reference Handler" daemon [_thread_blocked, id=8988, stack(0x000000000eaf0000,0x000000000ebf0000)]
  0x000000000ea6e000 JavaThread "Finalizer" daemon [_thread_blocked, id=7472, stack(0x000000000ed40000,0x000000000ee40000)]
  0x000000000ea81000 JavaThread "Signal Dispatcher" daemon [_thread_blocked, id=5188, stack(0x000000005e050000,0x000000005e150000)]
  0x000000000ea84800 JavaThread "Attach Listener" daemon [_thread_blocked, id=3280, stack(0x000000005e290000,0x000000005e390000)]
  0x000000000ea85800 JavaThread "Service Thread" daemon [_thread_blocked, id=2684, stack(0x000000005e4d0000,0x000000005e5d0000)]
  0x000000000ea8c000 JavaThread "C2 CompilerThread0" daemon [_thread_blocked, id=6480, stack(0x000000005e670000,0x000000005e770000)]
  0x000000000ea8d000 JavaThread "C1 CompilerThread0" daemon [_thread_blocked, id=6340, stack(0x000000005e850000,0x000000005e950000)]
  0x000000000ea99800 JavaThread "Sweeper thread" daemon [_thread_blocked, id=7164, stack(0x000000005ea80000,0x000000005eb80000)]
  0x000000005ecb9000 JavaThread "Common-Cleaner" daemon [_thread_blocked, id=5180, stack(0x000000005e180000,0x000000005e280000)]
  0x000000005ee0d800 JavaThread "C2 CompilerThread1" daemon [_thread_blocked, id=9024, stack(0x000000005f190000,0x000000005f290000)]
  0x000000005fd63800 JavaThread "Daemon health stats" [_thread_blocked, id=6304, stack(0x0000000060a60000,0x0000000060b60000)]
  0x000000005fdb3800 JavaThread "Incoming local TCP Connector on port 63437" [_thread_in_native, id=8636, stack(0x000000005e960000,0x000000005ea60000)]
  0x0000000061bf4000 JavaThread "Daemon periodic checks" [_thread_blocked, id=2112, stack(0x0000000063640000,0x0000000063740000)]
  0x000000006038e000 JavaThread "Daemon" [_thread_blocked, id=7404, stack(0x0000000063850000,0x0000000063950000)]
  0x000000006093e000 JavaThread "Handler for socket connection from /127.0.0.1:63437 to /127.0.0.1:63438" [_thread_in_native, id=5612, stack(0x000000005f090000,0x000000005f190000)]
  0x0000000061374000 JavaThread "Cancel handler" [_thread_blocked, id=5528, stack(0x0000000063a40000,0x0000000063b40000)]
  0x0000000060635000 JavaThread "Daemon worker" [_thread_blocked, id=5788, stack(0x0000000063ca0000,0x0000000063da0000)]
  0x0000000061c23800 JavaThread "Asynchronous log dispatcher for DefaultDaemonConnection: socket connection from /127.0.0.1:63437 to /127.0.0.1:63438" [_thread_blocked, id=7280, stack(0x0000000063ba0000,0x0000000063ca0000)]
  0x0000000060847800 JavaThread "Stdin handler" [_thread_blocked, id=5512, stack(0x0000000063f50000,0x0000000064050000)]
  0x0000000061c00000 JavaThread "Daemon client event forwarder" [_thread_blocked, id=4860, stack(0x0000000064090000,0x0000000064190000)]
  0x0000000061c01000 JavaThread "Cache worker for journal cache (C:\Users\Nikolai4\.gradle\caches\journal-1)" [_thread_blocked, id=3432, stack(0x0000000064400000,0x0000000064500000)]
  0x0000000061c02000 JavaThread "File lock request listener" [_thread_in_native, id=4172, stack(0x0000000063e40000,0x0000000063f40000)]
  0x0000000061c02800 JavaThread "Cache worker for file hash cache (C:\Users\Nikolai4\.gradle\caches\7.3.3\fileHashes)" [_thread_blocked, id=2572, stack(0x0000000064550000,0x0000000064650000)]
  0x0000000061c03800 JavaThread "Cache worker for file hash cache (C:\Users\Nikolai4\AndroidStudioProjects\lTrainer2\.gradle\7.3.3\fileHashes)" [_thread_blocked, id=6472, stack(0x0000000064920000,0x0000000064a20000)]
  0x0000000061c04800 JavaThread "Cache worker for checksums cache (C:\Users\Nikolai4\AndroidStudioProjects\lTrainer2\.gradle\7.3.3\checksums)" [_thread_blocked, id=4680, stack(0x00000000662d0000,0x00000000663d0000)]
  0x0000000061c05000 JavaThread "Cache worker for cache directory md-supplier (C:\Users\Nikolai4\.gradle\caches\7.3.3\md-supplier)" [_thread_blocked, id=4528, stack(0x00000000663e0000,0x00000000664e0000)]
  0x0000000061c06000 JavaThread "Cache worker for cache directory md-rule (C:\Users\Nikolai4\.gradle\caches\7.3.3\md-rule)" [_thread_blocked, id=1232, stack(0x0000000066530000,0x0000000066630000)]
  0x0000000061c07000 JavaThread "Cache worker for execution history cache (C:\Users\Nikolai4\.gradle\caches\7.3.3\executionHistory)" [_thread_blocked, id=9116, stack(0x00000000668f0000,0x00000000669f0000)]
  0x0000000062e6a000 JavaThread "jar transforms" [_thread_blocked, id=8384, stack(0x0000000066c00000,0x0000000066d00000)]
  0x0000000062e6a800 JavaThread "Cache worker for file content cache (C:\Users\Nikolai4\.gradle\caches\7.3.3\fileContent)" [_thread_blocked, id=7116, stack(0x0000000067650000,0x0000000067750000)]
  0x0000000062e6c000 JavaThread "jar transforms Thread 2" [_thread_blocked, id=4720, stack(0x0000000064a40000,0x0000000064b40000)]
  0x0000000062e6d000 JavaThread "Cache worker for dependencies-accessors (C:\Users\Nikolai4\AndroidStudioProjects\lTrainer2\.gradle\7.3.3\dependencies-accessors)" [_thread_blocked, id=6096, stack(0x0000000067150000,0x0000000067250000)]
  0x0000000062e6e000 JavaThread "jar transforms Thread 3" [_thread_blocked, id=9092, stack(0x0000000067a90000,0x0000000067b90000)]
  0x0000000062e6e800 JavaThread "Cache worker for Build Output Cleanup Cache (C:\Users\Nikolai4\AndroidStudioProjects\lTrainer2\.gradle\buildOutputCleanup)" [_thread_blocked, id=5760, stack(0x00000000692f0000,0x00000000693f0000)]
  0x0000000062e6f800 JavaThread "Unconstrained build operations" [_thread_blocked, id=5704, stack(0x00000000694f0000,0x00000000695f0000)]
  0x0000000065afb800 JavaThread "Unconstrained build operations Thread 2" [_thread_blocked, id=7924, stack(0x0000000067990000,0x0000000067a90000)]
  0x0000000065afc800 JavaThread "Unconstrained build operations Thread 3" [_thread_blocked, id=264, stack(0x00000000696e0000,0x00000000697e0000)]
  0x0000000065afd000 JavaThread "Unconstrained build operations Thread 4" [_thread_blocked, id=5868, stack(0x00000000693f0000,0x00000000694f0000)]
  0x0000000065afe000 JavaThread "Unconstrained build operations Thread 5" [_thread_blocked, id=7332, stack(0x0000000069960000,0x0000000069a60000)]
  0x0000000068129000 JavaThread "Unconstrained build operations Thread 6" [_thread_blocked, id=2364, stack(0x0000000069b80000,0x0000000069c80000)]
  0x000000006812a000 JavaThread "Unconstrained build operations Thread 7" [_thread_blocked, id=4496, stack(0x0000000069c80000,0x0000000069d80000)]
  0x000000006812b000 JavaThread "Unconstrained build operations Thread 8" [_thread_blocked, id=2908, stack(0x0000000069e00000,0x0000000069f00000)]
  0x000000006812b800 JavaThread "Unconstrained build operations Thread 9" [_thread_blocked, id=2692, stack(0x0000000069a60000,0x0000000069b60000)]
  0x000000006812c800 JavaThread "Unconstrained build operations Thread 10" [_thread_blocked, id=4748, stack(0x0000000069f20000,0x000000006a020000)]
  0x000000006812d000 JavaThread "Unconstrained build operations Thread 11" [_thread_blocked, id=3384, stack(0x0000000067520000,0x0000000067620000)]
  0x000000006812e000 JavaThread "Unconstrained build operations Thread 12" [_thread_blocked, id=6076, stack(0x0000000069840000,0x0000000069940000)]
  0x000000006812f000 JavaThread "Unconstrained build operations Thread 13" [_thread_blocked, id=8580, stack(0x000000006a190000,0x000000006a290000)]
  0x000000006812f800 JavaThread "Unconstrained build operations Thread 14" [_thread_blocked, id=7948, stack(0x000000006a350000,0x000000006a450000)]
  0x0000000064d6a000 JavaThread "Unconstrained build operations Thread 15" [_thread_blocked, id=5264, stack(0x000000006a090000,0x000000006a190000)]
  0x0000000064d6b000 JavaThread "Unconstrained build operations Thread 16" [_thread_blocked, id=5344, stack(0x000000006a480000,0x000000006a580000)]
  0x0000000064d6b800 JavaThread "Unconstrained build operations Thread 17" [_thread_blocked, id=4060, stack(0x000000006a860000,0x000000006a960000)]
  0x0000000064d6c800 JavaThread "Unconstrained build operations Thread 18" [_thread_blocked, id=6652, stack(0x000000006a9d0000,0x000000006aad0000)]
  0x0000000064d6d800 JavaThread "Unconstrained build operations Thread 19" [_thread_blocked, id=596, stack(0x000000006ac90000,0x000000006ad90000)]
  0x0000000064d6e000 JavaThread "Unconstrained build operations Thread 20" [_thread_blocked, id=6964, stack(0x000000006aea0000,0x000000006afa0000)]
  0x0000000064d6f000 JavaThread "Unconstrained build operations Thread 21" [_thread_blocked, id=5332, stack(0x000000006afe0000,0x000000006b0e0000)]
  0x0000000064d70000 JavaThread "Unconstrained build operations Thread 22" [_thread_blocked, id=3864, stack(0x000000006b0f0000,0x000000006b1f0000)]
  0x0000000064d70800 JavaThread "Unconstrained build operations Thread 23" [_thread_blocked, id=2916, stack(0x000000006b280000,0x000000006b380000)]
  0x0000000061e2f000 JavaThread "Unconstrained build operations Thread 24" [_thread_blocked, id=4892, stack(0x000000006b3c0000,0x000000006b4c0000)]
  0x0000000061e30000 JavaThread "Unconstrained build operations Thread 25" [_thread_blocked, id=5884, stack(0x000000006ada0000,0x000000006aea0000)]
  0x0000000061e30800 JavaThread "Unconstrained build operations Thread 26" [_thread_blocked, id=8456, stack(0x0000000068ea0000,0x0000000068fa0000)]
  0x0000000061e31800 JavaThread "Unconstrained build operations Thread 27" [_thread_blocked, id=8648, stack(0x000000006b650000,0x000000006b750000)]
  0x0000000061e32800 JavaThread "Unconstrained build operations Thread 28" [_thread_blocked, id=5588, stack(0x0000000068d70000,0x0000000068e70000)]
  0x0000000061e33000 JavaThread "Unconstrained build operations Thread 29" [_thread_blocked, id=7748, stack(0x000000006b860000,0x000000006b960000)]
  0x0000000061e34000 JavaThread "Unconstrained build operations Thread 30" [_thread_blocked, id=8800, stack(0x000000006bb10000,0x000000006bc10000)]
  0x0000000061e35000 JavaThread "Unconstrained build operations Thread 31" [_thread_blocked, id=7160, stack(0x000000006b990000,0x000000006ba90000)]
  0x0000000061e35800 JavaThread "Unconstrained build operations Thread 32" [_thread_blocked, id=6176, stack(0x000000006bc20000,0x000000006bd20000)]
  0x0000000065403000 JavaThread "Unconstrained build operations Thread 33" [_thread_blocked, id=8448, stack(0x000000006bdd0000,0x000000006bed0000)]
  0x0000000065403800 JavaThread "Unconstrained build operations Thread 34" [_thread_blocked, id=7700, stack(0x000000006bfd0000,0x000000006c0d0000)]
  0x0000000065404800 JavaThread "Unconstrained build operations Thread 35" [_thread_blocked, id=7456, stack(0x000000006c110000,0x000000006c210000)]
  0x0000000065405800 JavaThread "Unconstrained build operations Thread 36" [_thread_blocked, id=5648, stack(0x000000006c240000,0x000000006c340000)]
  0x0000000065406000 JavaThread "Unconstrained build operations Thread 37" [_thread_blocked, id=6348, stack(0x000000006c4e0000,0x000000006c5e0000)]
  0x0000000065407000 JavaThread "Unconstrained build operations Thread 38" [_thread_blocked, id=1920, stack(0x000000006c5e0000,0x000000006c6e0000)]
  0x0000000065407800 JavaThread "Unconstrained build operations Thread 39" [_thread_blocked, id=7804, stack(0x000000006c7f0000,0x000000006c8f0000)]
  0x0000000065408800 JavaThread "Unconstrained build operations Thread 40" [_thread_blocked, id=6156, stack(0x000000006bed0000,0x000000006bfd0000)]
  0x0000000065409800 JavaThread "jar transforms Thread 4" [_thread_blocked, id=2184, stack(0x000000006a670000,0x000000006a770000)]

Other Threads:
=>0x000000000ea57800 VMThread "VM Thread" [stack: 0x000000000ec40000,0x000000000ed40000] [id=4628]
  0x000000005ecdf800 WatcherThread [stack: 0x000000005ef80000,0x000000005f080000] [id=8504]
  0x00000000003e3000 GCTaskThread "GC Thread#0" [stack: 0x0000000006600000,0x0000000006700000] [id=5436]
  0x000000005f6f5800 GCTaskThread "GC Thread#1" [stack: 0x0000000060b70000,0x0000000060c70000] [id=8552]
  0x000000005f473000 GCTaskThread "GC Thread#2" [stack: 0x000000005e3d0000,0x000000005e4d0000] [id=6300]
  0x000000005f473800 GCTaskThread "GC Thread#3" [stack: 0x0000000060ce0000,0x0000000060de0000] [id=8896]
  0x0000000000414800 ConcurrentGCThread "G1 Main Marker" [stack: 0x000000000b7e0000,0x000000000b8e0000] [id=8576]
  0x0000000000416000 ConcurrentGCThread "G1 Conc#0" [stack: 0x000000000b660000,0x000000000b760000] [id=2068]
  0x000000000ddc7800 ConcurrentGCThread "G1 Refine#0" [stack: 0x000000000dfe0000,0x000000000e0e0000] [id=7092]
  0x000000000ddc8800 ConcurrentGCThread "G1 Young RemSet Sampling" [stack: 0x000000000de40000,0x000000000df40000] [id=4100]

Threads with active compile tasks:

VM state:at safepoint (normal execution)

VM Mutex/Monitor currently owned by a thread:  ([mutex/lock_event])
[0x00000000003c94a0] Threads_lock - owner thread: 0x000000000ea57800
[0x00000000003c9d00] Heap_lock - owner thread: 0x0000000060635000

Heap address: 0x0000000080000000, size: 2048 MB, Compressed Oops mode: 32-bit
Narrow klass base: 0x0000000000000000, Narrow klass shift: 0
Compressed class space size: 1073741824 Address: 0x000000001e010000

Heap:
 garbage-first heap   total 313344K, used 45784K [0x0000000080000000, 0x0000000100000000)
  region size 1024K, 13 young (13312K), 13 survivors (13312K)
 Metaspace       used 56538K, capacity 57780K, committed 57856K, reserved 1107968K
  class space    used 7166K, capacity 7663K, committed 7680K, reserved 1048576K
Heap Regions: E=young(eden), S=young(survivor), O=old, HS=humongous(starts), HC=humongous(continues), CS=collection set, F=free, A=archive, TAMS=top-at-mark-start (previous, next)
|   0|0x0000000080000000, 0x0000000080100000, 0x0000000080100000|100%| O|  |TAMS 0x0000000080100000, 0x0000000080100000| Untracked 
|   1|0x0000000080100000, 0x0000000080200000, 0x0000000080200000|100%| O|  |TAMS 0x0000000080200000, 0x0000000080200000| Untracked 
|   2|0x0000000080200000, 0x0000000080300000, 0x0000000080300000|100%| O|  |TAMS 0x0000000080300000, 0x0000000080300000| Untracked 
|   3|0x0000000080300000, 0x0000000080400000, 0x0000000080400000|100%|HS|  |TAMS 0x0000000080400000, 0x0000000080400000| Complete 
|   4|0x0000000080400000, 0x0000000080500000, 0x0000000080500000|100%|HC|  |TAMS 0x0000000080500000, 0x0000000080500000| Complete 
|   5|0x0000000080500000, 0x0000000080600000, 0x0000000080600000|100%|HC|  |TAMS 0x0000000080600000, 0x0000000080600000| Complete 
|   6|0x0000000080600000, 0x0000000080700000, 0x0000000080700000|100%| O|  |TAMS 0x0000000080700000, 0x0000000080700000| Untracked 
|   7|0x0000000080700000, 0x0000000080800000, 0x0000000080800000|100%| O|  |TAMS 0x0000000080800000, 0x0000000080800000| Untracked 
|   8|0x0000000080800000, 0x0000000080900000, 0x0000000080900000|100%| O|  |TAMS 0x0000000080900000, 0x0000000080900000| Untracked 
|   9|0x0000000080900000, 0x0000000080a00000, 0x0000000080a00000|100%| O|  |TAMS 0x0000000080a00000, 0x0000000080a00000| Untracked 
|  10|0x0000000080a00000, 0x0000000080b00000, 0x0000000080b00000|100%| O|  |TAMS 0x0000000080b00000, 0x0000000080b00000| Untracked 
|  11|0x0000000080b00000, 0x0000000080c00000, 0x0000000080c00000|100%| O|  |TAMS 0x0000000080c00000, 0x0000000080c00000| Untracked 
|  12|0x0000000080c00000, 0x0000000080d00000, 0x0000000080d00000|100%| O|  |TAMS 0x0000000080d00000, 0x0000000080d00000| Untracked 
|  13|0x0000000080d00000, 0x0000000080e00000, 0x0000000080e00000|100%| O|  |TAMS 0x0000000080e00000, 0x0000000080e00000| Untracked 
|  14|0x0000000080e00000, 0x0000000080f00000, 0x0000000080f00000|100%| O|  |TAMS 0x0000000080f00000, 0x0000000080f00000| Untracked 
|  15|0x0000000080f00000, 0x0000000081000000, 0x0000000081000000|100%| O|  |TAMS 0x0000000081000000, 0x0000000081000000| Untracked 
|  16|0x0000000081000000, 0x0000000081100000, 0x0000000081100000|100%| O|  |TAMS 0x0000000081033400, 0x0000000081100000| Untracked 
|  17|0x0000000081100000, 0x0000000081200000, 0x0000000081200000|100%|HS|  |TAMS 0x0000000081100000, 0x0000000081200000| Complete 
|  18|0x0000000081200000, 0x0000000081300000, 0x0000000081300000|100%|HS|  |TAMS 0x0000000081200000, 0x0000000081300000| Complete 
|  19|0x0000000081300000, 0x0000000081400000, 0x0000000081400000|100%|HS|  |TAMS 0x0000000081300000, 0x0000000081400000| Complete 
|  20|0x0000000081400000, 0x0000000081500000, 0x0000000081500000|100%|HC|  |TAMS 0x0000000081400000, 0x0000000081500000| Complete 
|  21|0x0000000081500000, 0x0000000081600000, 0x0000000081600000|100%| O|  |TAMS 0x0000000081500000, 0x0000000081600000| Untracked 
|  22|0x0000000081600000, 0x0000000081700000, 0x0000000081700000|100%| O|  |TAMS 0x0000000081600000, 0x0000000081700000| Untracked 
|  23|0x0000000081700000, 0x0000000081800000, 0x0000000081800000|100%| O|  |TAMS 0x0000000081700000, 0x0000000081800000| Untracked 
|  24|0x0000000081800000, 0x0000000081900000, 0x0000000081900000|100%| O|  |TAMS 0x0000000081800000, 0x0000000081900000| Untracked 
|  25|0x0000000081900000, 0x0000000081a00000, 0x0000000081a00000|100%| O|  |TAMS 0x0000000081900000, 0x0000000081a00000| Untracked 
|  26|0x0000000081a00000, 0x0000000081b00000, 0x0000000081b00000|100%| O|  |TAMS 0x0000000081a00000, 0x0000000081b00000| Untracked 
|  27|0x0000000081b00000, 0x0000000081c00000, 0x0000000081c00000|100%| O|  |TAMS 0x0000000081b00000, 0x0000000081c00000| Untracked 
|  28|0x0000000081c00000, 0x0000000081d00000, 0x0000000081d00000|100%| O|  |TAMS 0x0000000081c00000, 0x0000000081d00000| Untracked 
|  29|0x0000000081d00000, 0x0000000081e00000, 0x0000000081e00000|100%| O|  |TAMS 0x0000000081d00000, 0x0000000081e00000| Untracked 
|  30|0x0000000081e00000, 0x0000000081f00000, 0x0000000081f00000|100%| O|  |TAMS 0x0000000081e00000, 0x0000000081f00000| Untracked 
|  31|0x0000000081f00000, 0x0000000081fb6200, 0x0000000082000000| 71%| O|  |TAMS 0x0000000081f00000, 0x0000000081fb6200| Untracked 
|  32|0x0000000082000000, 0x0000000082000000, 0x0000000082100000|  0%| F|  |TAMS 0x0000000082000000, 0x0000000082000000| Untracked 
|  33|0x0000000082100000, 0x0000000082100000, 0x0000000082200000|  0%| F|  |TAMS 0x0000000082100000, 0x0000000082100000| Untracked 
|  34|0x0000000082200000, 0x0000000082200000, 0x0000000082300000|  0%| F|  |TAMS 0x0000000082200000, 0x0000000082200000| Untracked 
|  35|0x0000000082300000, 0x0000000082300000, 0x0000000082400000|  0%| F|  |TAMS 0x0000000082300000, 0x0000000082300000| Untracked 
|  36|0x0000000082400000, 0x0000000082400000, 0x0000000082500000|  0%| F|  |TAMS 0x0000000082400000, 0x0000000082400000| Untracked 
|  37|0x0000000082500000, 0x0000000082500000, 0x0000000082600000|  0%| F|  |TAMS 0x0000000082500000, 0x0000000082500000| Untracked 
|  38|0x0000000082600000, 0x0000000082600000, 0x0000000082700000|  0%| F|  |TAMS 0x0000000082600000, 0x0000000082600000| Untracked 
|  39|0x0000000082700000, 0x0000000082700000, 0x0000000082800000|  0%| F|  |TAMS 0x0000000082700000, 0x0000000082700000| Untracked 
|  40|0x0000000082800000, 0x0000000082800000, 0x0000000082900000|  0%| F|  |TAMS 0x0000000082800000, 0x0000000082800000| Untracked 
|  41|0x0000000082900000, 0x0000000082900000, 0x0000000082a00000|  0%| F|  |TAMS 0x0000000082900000, 0x0000000082900000| Untracked 
|  42|0x0000000082a00000, 0x0000000082a00000, 0x0000000082b00000|  0%| F|  |TAMS 0x0000000082a00000, 0x0000000082a00000| Untracked 
|  43|0x0000000082b00000, 0x0000000082b00000, 0x0000000082c00000|  0%| F|  |TAMS 0x0000000082b00000, 0x0000000082b00000| Untracked 
|  44|0x0000000082c00000, 0x0000000082c00000, 0x0000000082d00000|  0%| F|  |TAMS 0x0000000082c00000, 0x0000000082c00000| Untracked 
|  45|0x0000000082d00000, 0x0000000082d00000, 0x0000000082e00000|  0%| F|  |TAMS 0x0000000082d00000, 0x0000000082d00000| Untracked 
|  46|0x0000000082e00000, 0x0000000082e00000, 0x0000000082f00000|  0%| F|  |TAMS 0x0000000082e00000, 0x0000000082e00000| Untracked 
|  47|0x0000000082f00000, 0x0000000082f00000, 0x0000000083000000|  0%| F|  |TAMS 0x0000000082f00000, 0x0000000082f00000| Untracked 
|  48|0x0000000083000000, 0x0000000083000000, 0x0000000083100000|  0%| F|  |TAMS 0x0000000083000000, 0x0000000083000000| Untracked 
|  49|0x0000000083100000, 0x0000000083100000, 0x0000000083200000|  0%| F|  |TAMS 0x0000000083100000, 0x0000000083100000| Untracked 
|  50|0x0000000083200000, 0x0000000083200000, 0x0000000083300000|  0%| F|  |TAMS 0x0000000083200000, 0x0000000083200000| Untracked 
|  51|0x0000000083300000, 0x0000000083300000, 0x0000000083400000|  0%| F|  |TAMS 0x0000000083300000, 0x0000000083300000| Untracked 
|  52|0x0000000083400000, 0x0000000083400000, 0x0000000083500000|  0%| F|  |TAMS 0x0000000083400000, 0x0000000083400000| Untracked 
|  53|0x0000000083500000, 0x0000000083500000, 0x0000000083600000|  0%| F|  |TAMS 0x0000000083500000, 0x0000000083500000| Untracked 
|  54|0x0000000083600000, 0x0000000083600000, 0x0000000083700000|  0%| F|  |TAMS 0x0000000083600000, 0x0000000083600000| Untracked 
|  55|0x0000000083700000, 0x0000000083700000, 0x0000000083800000|  0%| F|  |TAMS 0x0000000083700000, 0x0000000083700000| Untracked 
|  56|0x0000000083800000, 0x0000000083800000, 0x0000000083900000|  0%| F|  |TAMS 0x0000000083800000, 0x0000000083800000| Untracked 
|  57|0x0000000083900000, 0x0000000083900000, 0x0000000083a00000|  0%| F|  |TAMS 0x0000000083900000, 0x0000000083900000| Untracked 
|  58|0x0000000083a00000, 0x0000000083a00000, 0x0000000083b00000|  0%| F|  |TAMS 0x0000000083a00000, 0x0000000083a00000| Untracked 
|  59|0x0000000083b00000, 0x0000000083b00000, 0x0000000083c00000|  0%| F|  |TAMS 0x0000000083b00000, 0x0000000083b00000| Untracked 
|  60|0x0000000083c00000, 0x0000000083c00000, 0x0000000083d00000|  0%| F|  |TAMS 0x0000000083c00000, 0x0000000083c00000| Untracked 
|  61|0x0000000083d00000, 0x0000000083d00000, 0x0000000083e00000|  0%| F|  |TAMS 0x0000000083d00000, 0x0000000083d00000| Untracked 
|  62|0x0000000083e00000, 0x0000000083e00000, 0x0000000083f00000|  0%| F|  |TAMS 0x0000000083e00000, 0x0000000083e00000| Untracked 
|  63|0x0000000083f00000, 0x0000000083f00000, 0x0000000084000000|  0%| F|  |TAMS 0x0000000083f00000, 0x0000000083f00000| Untracked 
|  64|0x0000000084000000, 0x0000000084000000, 0x0000000084100000|  0%| F|  |TAMS 0x0000000084000000, 0x0000000084000000| Untracked 
|  65|0x0000000084100000, 0x0000000084100000, 0x0000000084200000|  0%| F|  |TAMS 0x0000000084100000, 0x0000000084100000| Untracked 
|  66|0x0000000084200000, 0x0000000084200000, 0x0000000084300000|  0%| F|  |TAMS 0x0000000084200000, 0x0000000084200000| Untracked 
|  67|0x0000000084300000, 0x0000000084300000, 0x0000000084400000|  0%| F|  |TAMS 0x0000000084300000, 0x0000000084300000| Untracked 
|  68|0x0000000084400000, 0x0000000084400000, 0x0000000084500000|  0%| F|  |TAMS 0x0000000084400000, 0x0000000084400000| Untracked 
|  69|0x0000000084500000, 0x0000000084500000, 0x0000000084600000|  0%| F|  |TAMS 0x0000000084500000, 0x0000000084500000| Untracked 
|  70|0x0000000084600000, 0x0000000084600000, 0x0000000084700000|  0%| F|  |TAMS 0x0000000084600000, 0x0000000084600000| Untracked 
|  71|0x0000000084700000, 0x0000000084700000, 0x0000000084800000|  0%| F|  |TAMS 0x0000000084700000, 0x0000000084700000| Untracked 
|  72|0x0000000084800000, 0x0000000084800000, 0x0000000084900000|  0%| F|  |TAMS 0x0000000084800000, 0x0000000084800000| Untracked 
|  73|0x0000000084900000, 0x0000000084900000, 0x0000000084a00000|  0%| F|  |TAMS 0x0000000084900000, 0x0000000084900000| Untracked 
|  74|0x0000000084a00000, 0x0000000084a00000, 0x0000000084b00000|  0%| F|  |TAMS 0x0000000084a00000, 0x0000000084a00000| Untracked 
|  75|0x0000000084b00000, 0x0000000084b00000, 0x0000000084c00000|  0%| F|  |TAMS 0x0000000084b00000, 0x0000000084b00000| Untracked 
|  76|0x0000000084c00000, 0x0000000084c00000, 0x0000000084d00000|  0%| F|  |TAMS 0x0000000084c00000, 0x0000000084c00000| Untracked 
|  77|0x0000000084d00000, 0x0000000084d00000, 0x0000000084e00000|  0%| F|  |TAMS 0x0000000084d00000, 0x0000000084d00000| Untracked 
|  78|0x0000000084e00000, 0x0000000084e00000, 0x0000000084f00000|  0%| F|  |TAMS 0x0000000084e00000, 0x0000000084e00000| Untracked 
|  79|0x0000000084f00000, 0x0000000084f00000, 0x0000000085000000|  0%| F|  |TAMS 0x0000000084f00000, 0x0000000084f00000| Untracked 
|  80|0x0000000085000000, 0x0000000085000000, 0x0000000085100000|  0%| F|  |TAMS 0x0000000085000000, 0x0000000085000000| Untracked 
|  81|0x0000000085100000, 0x0000000085100000, 0x0000000085200000|  0%| F|  |TAMS 0x0000000085100000, 0x0000000085100000| Untracked 
|  82|0x0000000085200000, 0x0000000085200000, 0x0000000085300000|  0%| F|  |TAMS 0x0000000085200000, 0x0000000085200000| Untracked 
|  83|0x0000000085300000, 0x0000000085300000, 0x0000000085400000|  0%| F|  |TAMS 0x0000000085300000, 0x0000000085300000| Untracked 
|  84|0x0000000085400000, 0x0000000085400000, 0x0000000085500000|  0%| F|  |TAMS 0x0000000085400000, 0x0000000085400000| Untracked 
|  85|0x0000000085500000, 0x0000000085500000, 0x0000000085600000|  0%| F|  |TAMS 0x0000000085500000, 0x0000000085500000| Untracked 
|  86|0x0000000085600000, 0x0000000085600000, 0x0000000085700000|  0%| F|  |TAMS 0x0000000085600000, 0x0000000085600000| Untracked 
|  87|0x0000000085700000, 0x0000000085700000, 0x0000000085800000|  0%| F|  |TAMS 0x0000000085700000, 0x0000000085700000| Untracked 
|  88|0x0000000085800000, 0x0000000085800000, 0x0000000085900000|  0%| F|  |TAMS 0x0000000085800000, 0x0000000085800000| Untracked 
|  89|0x0000000085900000, 0x0000000085900000, 0x0000000085a00000|  0%| F|  |TAMS 0x0000000085900000, 0x0000000085900000| Untracked 
|  90|0x0000000085a00000, 0x0000000085a00000, 0x0000000085b00000|  0%| F|  |TAMS 0x0000000085a00000, 0x0000000085a00000| Untracked 
|  91|0x0000000085b00000, 0x0000000085b00000, 0x0000000085c00000|  0%| F|  |TAMS 0x0000000085b00000, 0x0000000085b00000| Untracked 
|  92|0x0000000085c00000, 0x0000000085c00000, 0x0000000085d00000|  0%| F|  |TAMS 0x0000000085c00000, 0x0000000085c00000| Untracked 
|  93|0x0000000085d00000, 0x0000000085d00000, 0x0000000085e00000|  0%| F|  |TAMS 0x0000000085d00000, 0x0000000085d00000| Untracked 
|  94|0x0000000085e00000, 0x0000000085e00000, 0x0000000085f00000|  0%| F|  |TAMS 0x0000000085e00000, 0x0000000085e00000| Untracked 
|  95|0x0000000085f00000, 0x0000000085f00000, 0x0000000086000000|  0%| F|  |TAMS 0x0000000085f00000, 0x0000000085f00000| Untracked 
|  96|0x0000000086000000, 0x0000000086000000, 0x0000000086100000|  0%| F|  |TAMS 0x0000000086000000, 0x0000000086000000| Untracked 
|  97|0x0000000086100000, 0x0000000086100000, 0x0000000086200000|  0%| F|  |TAMS 0x0000000086100000, 0x0000000086100000| Untracked 
|  98|0x0000000086200000, 0x0000000086200000, 0x0000000086300000|  0%| F|  |TAMS 0x0000000086200000, 0x0000000086200000| Untracked 
|  99|0x0000000086300000, 0x0000000086300000, 0x0000000086400000|  0%| F|  |TAMS 0x0000000086300000, 0x0000000086300000| Untracked 
| 100|0x0000000086400000, 0x0000000086400000, 0x0000000086500000|  0%| F|  |TAMS 0x0000000086400000, 0x0000000086400000| Untracked 
| 101|0x0000000086500000, 0x0000000086500000, 0x0000000086600000|  0%| F|  |TAMS 0x0000000086500000, 0x0000000086500000| Untracked 
| 102|0x0000000086600000, 0x0000000086600000, 0x0000000086700000|  0%| F|  |TAMS 0x0000000086600000, 0x0000000086600000| Untracked 
| 103|0x0000000086700000, 0x0000000086700000, 0x0000000086800000|  0%| F|  |TAMS 0x0000000086700000, 0x0000000086700000| Untracked 
| 104|0x0000000086800000, 0x0000000086800000, 0x0000000086900000|  0%| F|  |TAMS 0x0000000086800000, 0x0000000086800000| Untracked 
| 105|0x0000000086900000, 0x0000000086900000, 0x0000000086a00000|  0%| F|  |TAMS 0x0000000086900000, 0x0000000086900000| Untracked 
| 106|0x0000000086a00000, 0x0000000086a00000, 0x0000000086b00000|  0%| F|  |TAMS 0x0000000086a00000, 0x0000000086a00000| Untracked 
| 107|0x0000000086b00000, 0x0000000086b00000, 0x0000000086c00000|  0%| F|  |TAMS 0x0000000086b00000, 0x0000000086b00000| Untracked 
| 108|0x0000000086c00000, 0x0000000086c00000, 0x0000000086d00000|  0%| F|  |TAMS 0x0000000086c00000, 0x0000000086c00000| Untracked 
| 109|0x0000000086d00000, 0x0000000086d00000, 0x0000000086e00000|  0%| F|  |TAMS 0x0000000086d00000, 0x0000000086d00000| Untracked 
| 110|0x0000000086e00000, 0x0000000086e00000, 0x0000000086f00000|  0%| F|  |TAMS 0x0000000086e00000, 0x0000000086e00000| Untracked 
| 111|0x0000000086f00000, 0x0000000086f00000, 0x0000000087000000|  0%| F|  |TAMS 0x0000000086f00000, 0x0000000086f00000| Untracked 
| 112|0x0000000087000000, 0x0000000087000000, 0x0000000087100000|  0%| F|  |TAMS 0x0000000087000000, 0x0000000087000000| Untracked 
| 113|0x0000000087100000, 0x0000000087100000, 0x0000000087200000|  0%| F|  |TAMS 0x0000000087100000, 0x0000000087100000| Untracked 
| 114|0x0000000087200000, 0x0000000087200000, 0x0000000087300000|  0%| F|  |TAMS 0x0000000087200000, 0x0000000087200000| Untracked 
| 115|0x0000000087300000, 0x0000000087300000, 0x0000000087400000|  0%| F|  |TAMS 0x0000000087300000, 0x0000000087300000| Untracked 
| 116|0x0000000087400000, 0x0000000087400000, 0x0000000087500000|  0%| F|  |TAMS 0x0000000087400000, 0x0000000087400000| Untracked 
| 117|0x0000000087500000, 0x0000000087500000, 0x0000000087600000|  0%| F|  |TAMS 0x0000000087500000, 0x0000000087500000| Untracked 
| 118|0x0000000087600000, 0x0000000087600000, 0x0000000087700000|  0%| F|  |TAMS 0x0000000087600000, 0x0000000087600000| Untracked 
| 119|0x0000000087700000, 0x0000000087700000, 0x0000000087800000|  0%| F|  |TAMS 0x0000000087700000, 0x0000000087700000| Untracked 
| 120|0x0000000087800000, 0x0000000087800000, 0x0000000087900000|  0%| F|  |TAMS 0x0000000087800000, 0x0000000087800000| Untracked 
| 121|0x0000000087900000, 0x0000000087900000, 0x0000000087a00000|  0%| F|  |TAMS 0x0000000087900000, 0x0000000087900000| Untracked 
| 122|0x0000000087a00000, 0x0000000087a00000, 0x0000000087b00000|  0%| F|  |TAMS 0x0000000087a00000, 0x0000000087a00000| Untracked 
| 123|0x0000000087b00000, 0x0000000087b00000, 0x0000000087c00000|  0%| F|  |TAMS 0x0000000087b00000, 0x0000000087b00000| Untracked 
| 124|0x0000000087c00000, 0x0000000087c00000, 0x0000000087d00000|  0%| F|  |TAMS 0x0000000087c00000, 0x0000000087c00000| Untracked 
| 125|0x0000000087d00000, 0x0000000087d00000, 0x0000000087e00000|  0%| F|  |TAMS 0x0000000087d00000, 0x0000000087d00000| Untracked 
| 126|0x0000000087e00000, 0x0000000087e00000, 0x0000000087f00000|  0%| F|  |TAMS 0x0000000087e00000, 0x0000000087e00000| Untracked 
| 127|0x0000000087f00000, 0x0000000087f00000, 0x0000000088000000|  0%| F|  |TAMS 0x0000000087f00000, 0x0000000087f00000| Untracked 
| 128|0x0000000088000000, 0x0000000088000000, 0x0000000088100000|  0%| F|  |TAMS 0x0000000088000000, 0x0000000088000000| Untracked 
| 129|0x0000000088100000, 0x0000000088100000, 0x0000000088200000|  0%| F|  |TAMS 0x0000000088100000, 0x0000000088100000| Untracked 
| 130|0x0000000088200000, 0x0000000088200000, 0x0000000088300000|  0%| F|  |TAMS 0x0000000088200000, 0x0000000088200000| Untracked 
| 131|0x0000000088300000, 0x0000000088300000, 0x0000000088400000|  0%| F|  |TAMS 0x0000000088300000, 0x0000000088300000| Untracked 
| 132|0x0000000088400000, 0x0000000088400000, 0x0000000088500000|  0%| F|  |TAMS 0x0000000088400000, 0x0000000088400000| Untracked 
| 133|0x0000000088500000, 0x0000000088500000, 0x0000000088600000|  0%| F|  |TAMS 0x0000000088500000, 0x0000000088500000| Untracked 
| 134|0x0000000088600000, 0x0000000088600000, 0x0000000088700000|  0%| F|  |TAMS 0x0000000088600000, 0x0000000088600000| Untracked 
| 135|0x0000000088700000, 0x0000000088700000, 0x0000000088800000|  0%| F|  |TAMS 0x0000000088700000, 0x0000000088700000| Untracked 
| 136|0x0000000088800000, 0x0000000088800000, 0x0000000088900000|  0%| F|  |TAMS 0x0000000088800000, 0x0000000088800000| Untracked 
| 137|0x0000000088900000, 0x0000000088900000, 0x0000000088a00000|  0%| F|  |TAMS 0x0000000088900000, 0x0000000088900000| Untracked 
| 138|0x0000000088a00000, 0x0000000088a00000, 0x0000000088b00000|  0%| F|  |TAMS 0x0000000088a00000, 0x0000000088a00000| Untracked 
| 139|0x0000000088b00000, 0x0000000088b00000, 0x0000000088c00000|  0%| F|  |TAMS 0x0000000088b00000, 0x0000000088b00000| Untracked 
| 140|0x0000000088c00000, 0x0000000088c00000, 0x0000000088d00000|  0%| F|  |TAMS 0x0000000088c00000, 0x0000000088c00000| Untracked 
| 141|0x0000000088d00000, 0x0000000088d00000, 0x0000000088e00000|  0%| F|  |TAMS 0x0000000088d00000, 0x0000000088d00000| Untracked 
| 142|0x0000000088e00000, 0x0000000088e00000, 0x0000000088f00000|  0%| F|  |TAMS 0x0000000088e00000, 0x0000000088e00000| Untracked 
| 143|0x0000000088f00000, 0x0000000088f00000, 0x0000000089000000|  0%| F|  |TAMS 0x0000000088f00000, 0x0000000088f00000| Untracked 
| 144|0x0000000089000000, 0x0000000089000000, 0x0000000089100000|  0%| F|  |TAMS 0x0000000089000000, 0x0000000089000000| Untracked 
| 145|0x0000000089100000, 0x0000000089100000, 0x0000000089200000|  0%| F|  |TAMS 0x0000000089100000, 0x0000000089100000| Untracked 
| 146|0x0000000089200000, 0x0000000089200000, 0x0000000089300000|  0%| F|  |TAMS 0x0000000089200000, 0x0000000089200000| Untracked 
| 147|0x0000000089300000, 0x0000000089300000, 0x0000000089400000|  0%| F|  |TAMS 0x0000000089300000, 0x0000000089300000| Untracked 
| 148|0x0000000089400000, 0x0000000089400000, 0x0000000089500000|  0%| F|  |TAMS 0x0000000089400000, 0x0000000089400000| Untracked 
| 149|0x0000000089500000, 0x0000000089500000, 0x0000000089600000|  0%| F|  |TAMS 0x0000000089500000, 0x0000000089500000| Untracked 
| 150|0x0000000089600000, 0x0000000089600000, 0x0000000089700000|  0%| F|  |TAMS 0x0000000089600000, 0x0000000089600000| Untracked 
| 151|0x0000000089700000, 0x0000000089700000, 0x0000000089800000|  0%| F|  |TAMS 0x0000000089700000, 0x0000000089700000| Untracked 
| 152|0x0000000089800000, 0x0000000089800000, 0x0000000089900000|  0%| F|  |TAMS 0x0000000089800000, 0x0000000089800000| Untracked 
| 153|0x0000000089900000, 0x0000000089900000, 0x0000000089a00000|  0%| F|  |TAMS 0x0000000089900000, 0x0000000089900000| Untracked 
| 154|0x0000000089a00000, 0x0000000089a00000, 0x0000000089b00000|  0%| F|  |TAMS 0x0000000089a00000, 0x0000000089a00000| Untracked 
| 155|0x0000000089b00000, 0x0000000089b00000, 0x0000000089c00000|  0%| F|  |TAMS 0x0000000089b00000, 0x0000000089b00000| Untracked 
| 156|0x0000000089c00000, 0x0000000089c00000, 0x0000000089d00000|  0%| F|  |TAMS 0x0000000089c00000, 0x0000000089c00000| Untracked 
| 157|0x0000000089d00000, 0x0000000089d00000, 0x0000000089e00000|  0%| F|  |TAMS 0x0000000089d00000, 0x0000000089d00000| Untracked 
| 158|0x0000000089e00000, 0x0000000089e00000, 0x0000000089f00000|  0%| F|  |TAMS 0x0000000089e00000, 0x0000000089e00000| Untracked 
| 159|0x0000000089f00000, 0x0000000089f00000, 0x000000008a000000|  0%| F|  |TAMS 0x0000000089f00000, 0x0000000089f00000| Untracked 
| 160|0x000000008a000000, 0x000000008a000000, 0x000000008a100000|  0%| F|  |TAMS 0x000000008a000000, 0x000000008a000000| Untracked 
| 161|0x000000008a100000, 0x000000008a100000, 0x000000008a200000|  0%| F|  |TAMS 0x000000008a100000, 0x000000008a100000| Untracked 
| 162|0x000000008a200000, 0x000000008a200000, 0x000000008a300000|  0%| F|  |TAMS 0x000000008a200000, 0x000000008a200000| Untracked 
| 163|0x000000008a300000, 0x000000008a300000, 0x000000008a400000|  0%| F|  |TAMS 0x000000008a300000, 0x000000008a300000| Untracked 
| 164|0x000000008a400000, 0x000000008a400000, 0x000000008a500000|  0%| F|  |TAMS 0x000000008a400000, 0x000000008a400000| Untracked 
| 165|0x000000008a500000, 0x000000008a500000, 0x000000008a600000|  0%| F|  |TAMS 0x000000008a500000, 0x000000008a500000| Untracked 
| 166|0x000000008a600000, 0x000000008a600000, 0x000000008a700000|  0%| F|  |TAMS 0x000000008a600000, 0x000000008a600000| Untracked 
| 167|0x000000008a700000, 0x000000008a700000, 0x000000008a800000|  0%| F|  |TAMS 0x000000008a700000, 0x000000008a700000| Untracked 
| 168|0x000000008a800000, 0x000000008a800000, 0x000000008a900000|  0%| F|  |TAMS 0x000000008a800000, 0x000000008a800000| Untracked 
| 169|0x000000008a900000, 0x000000008a900000, 0x000000008aa00000|  0%| F|  |TAMS 0x000000008a900000, 0x000000008a900000| Untracked 
| 170|0x000000008aa00000, 0x000000008aa00000, 0x000000008ab00000|  0%| F|  |TAMS 0x000000008aa00000, 0x000000008aa00000| Untracked 
| 171|0x000000008ab00000, 0x000000008ab00000, 0x000000008ac00000|  0%| F|  |TAMS 0x000000008ab00000, 0x000000008ab00000| Untracked 
| 172|0x000000008ac00000, 0x000000008ac00000, 0x000000008ad00000|  0%| F|  |TAMS 0x000000008ac00000, 0x000000008ac00000| Untracked 
| 173|0x000000008ad00000, 0x000000008ad00000, 0x000000008ae00000|  0%| F|  |TAMS 0x000000008ad00000, 0x000000008ad00000| Untracked 
| 174|0x000000008ae00000, 0x000000008ae00000, 0x000000008af00000|  0%| F|  |TAMS 0x000000008ae00000, 0x000000008ae00000| Untracked 
| 175|0x000000008af00000, 0x000000008af00000, 0x000000008b000000|  0%| F|  |TAMS 0x000000008af00000, 0x000000008af00000| Untracked 
| 176|0x000000008b000000, 0x000000008b000000, 0x000000008b100000|  0%| F|  |TAMS 0x000000008b000000, 0x000000008b000000| Untracked 
| 177|0x000000008b100000, 0x000000008b100000, 0x000000008b200000|  0%| F|  |TAMS 0x000000008b100000, 0x000000008b100000| Untracked 
| 178|0x000000008b200000, 0x000000008b200000, 0x000000008b300000|  0%| F|  |TAMS 0x000000008b200000, 0x000000008b200000| Untracked 
| 179|0x000000008b300000, 0x000000008b300000, 0x000000008b400000|  0%| F|  |TAMS 0x000000008b300000, 0x000000008b300000| Untracked 
| 180|0x000000008b400000, 0x000000008b400000, 0x000000008b500000|  0%| F|  |TAMS 0x000000008b400000, 0x000000008b400000| Untracked 
| 181|0x000000008b500000, 0x000000008b500000, 0x000000008b600000|  0%| F|  |TAMS 0x000000008b500000, 0x000000008b500000| Untracked 
| 182|0x000000008b600000, 0x000000008b600000, 0x000000008b700000|  0%| F|  |TAMS 0x000000008b600000, 0x000000008b600000| Untracked 
| 183|0x000000008b700000, 0x000000008b700000, 0x000000008b800000|  0%| F|  |TAMS 0x000000008b700000, 0x000000008b700000| Untracked 
| 184|0x000000008b800000, 0x000000008b800000, 0x000000008b900000|  0%| F|  |TAMS 0x000000008b800000, 0x000000008b800000| Untracked 
| 185|0x000000008b900000, 0x000000008b900000, 0x000000008ba00000|  0%| F|  |TAMS 0x000000008b900000, 0x000000008b900000| Untracked 
| 186|0x000000008ba00000, 0x000000008ba00000, 0x000000008bb00000|  0%| F|  |TAMS 0x000000008ba00000, 0x000000008ba00000| Untracked 
| 187|0x000000008bb00000, 0x000000008bb00000, 0x000000008bc00000|  0%| F|  |TAMS 0x000000008bb00000, 0x000000008bb00000| Untracked 
| 188|0x000000008bc00000, 0x000000008bc00000, 0x000000008bd00000|  0%| F|  |TAMS 0x000000008bc00000, 0x000000008bc00000| Untracked 
| 189|0x000000008bd00000, 0x000000008bd00000, 0x000000008be00000|  0%| F|  |TAMS 0x000000008bd00000, 0x000000008bd00000| Untracked 
| 190|0x000000008be00000, 0x000000008be00000, 0x000000008bf00000|  0%| F|  |TAMS 0x000000008be00000, 0x000000008be00000| Untracked 
| 191|0x000000008bf00000, 0x000000008bf00000, 0x000000008c000000|  0%| F|  |TAMS 0x000000008bf00000, 0x000000008bf00000| Untracked 
| 192|0x000000008c000000, 0x000000008c000000, 0x000000008c100000|  0%| F|  |TAMS 0x000000008c000000, 0x000000008c000000| Untracked 
| 193|0x000000008c100000, 0x000000008c100000, 0x000000008c200000|  0%| F|  |TAMS 0x000000008c100000, 0x000000008c100000| Untracked 
| 194|0x000000008c200000, 0x000000008c200000, 0x000000008c300000|  0%| F|  |TAMS 0x000000008c200000, 0x000000008c200000| Untracked 
| 195|0x000000008c300000, 0x000000008c300000, 0x000000008c400000|  0%| F|  |TAMS 0x000000008c300000, 0x000000008c300000| Untracked 
| 196|0x000000008c400000, 0x000000008c400000, 0x000000008c500000|  0%| F|  |TAMS 0x000000008c400000, 0x000000008c400000| Untracked 
| 197|0x000000008c500000, 0x000000008c500000, 0x000000008c600000|  0%| F|  |TAMS 0x000000008c500000, 0x000000008c500000| Untracked 
| 198|0x000000008c600000, 0x000000008c600000, 0x000000008c700000|  0%| F|  |TAMS 0x000000008c600000, 0x000000008c600000| Untracked 
| 199|0x000000008c700000, 0x000000008c700000, 0x000000008c800000|  0%| F|  |TAMS 0x000000008c700000, 0x000000008c700000| Untracked 
| 200|0x000000008c800000, 0x000000008c800000, 0x000000008c900000|  0%| F|  |TAMS 0x000000008c800000, 0x000000008c800000| Untracked 
| 201|0x000000008c900000, 0x000000008c900000, 0x000000008ca00000|  0%| F|  |TAMS 0x000000008c900000, 0x000000008c900000| Untracked 
| 202|0x000000008ca00000, 0x000000008ca00000, 0x000000008cb00000|  0%| F|  |TAMS 0x000000008ca00000, 0x000000008ca00000| Untracked 
| 203|0x000000008cb00000, 0x000000008cb00000, 0x000000008cc00000|  0%| F|  |TAMS 0x000000008cb00000, 0x000000008cb00000| Untracked 
| 204|0x000000008cc00000, 0x000000008cc00000, 0x000000008cd00000|  0%| F|  |TAMS 0x000000008cc00000, 0x000000008cc00000| Untracked 
| 205|0x000000008cd00000, 0x000000008cd00000, 0x000000008ce00000|  0%| F|  |TAMS 0x000000008cd00000, 0x000000008cd00000| Untracked 
| 206|0x000000008ce00000, 0x000000008ce00000, 0x000000008cf00000|  0%| F|  |TAMS 0x000000008ce00000, 0x000000008ce00000| Untracked 
| 207|0x000000008cf00000, 0x000000008cf00000, 0x000000008d000000|  0%| F|  |TAMS 0x000000008cf00000, 0x000000008cf00000| Untracked 
| 208|0x000000008d000000, 0x000000008d000000, 0x000000008d100000|  0%| F|  |TAMS 0x000000008d000000, 0x000000008d000000| Untracked 
| 209|0x000000008d100000, 0x000000008d100000, 0x000000008d200000|  0%| F|  |TAMS 0x000000008d100000, 0x000000008d100000| Untracked 
| 210|0x000000008d200000, 0x000000008d200000, 0x000000008d300000|  0%| F|  |TAMS 0x000000008d200000, 0x000000008d200000| Untracked 
| 211|0x000000008d300000, 0x000000008d300000, 0x000000008d400000|  0%| F|  |TAMS 0x000000008d300000, 0x000000008d300000| Untracked 
| 212|0x000000008d400000, 0x000000008d400000, 0x000000008d500000|  0%| F|  |TAMS 0x000000008d400000, 0x000000008d400000| Untracked 
| 213|0x000000008d500000, 0x000000008d500000, 0x000000008d600000|  0%| F|  |TAMS 0x000000008d500000, 0x000000008d500000| Untracked 
| 214|0x000000008d600000, 0x000000008d600000, 0x000000008d700000|  0%| F|  |TAMS 0x000000008d600000, 0x000000008d600000| Untracked 
| 215|0x000000008d700000, 0x000000008d700000, 0x000000008d800000|  0%| F|  |TAMS 0x000000008d700000, 0x000000008d700000| Untracked 
| 216|0x000000008d800000, 0x000000008d800000, 0x000000008d900000|  0%| F|  |TAMS 0x000000008d800000, 0x000000008d800000| Untracked 
| 217|0x000000008d900000, 0x000000008d900000, 0x000000008da00000|  0%| F|  |TAMS 0x000000008d900000, 0x000000008d900000| Untracked 
| 218|0x000000008da00000, 0x000000008da00000, 0x000000008db00000|  0%| F|  |TAMS 0x000000008da00000, 0x000000008da00000| Untracked 
| 219|0x000000008db00000, 0x000000008db00000, 0x000000008dc00000|  0%| F|  |TAMS 0x000000008db00000, 0x000000008db00000| Untracked 
| 220|0x000000008dc00000, 0x000000008dc00000, 0x000000008dd00000|  0%| F|  |TAMS 0x000000008dc00000, 0x000000008dc00000| Untracked 
| 221|0x000000008dd00000, 0x000000008dd00000, 0x000000008de00000|  0%| F|  |TAMS 0x000000008dd00000, 0x000000008dd00000| Untracked 
| 222|0x000000008de00000, 0x000000008de00000, 0x000000008df00000|  0%| F|  |TAMS 0x000000008de00000, 0x000000008de00000| Untracked 
| 223|0x000000008df00000, 0x000000008df00000, 0x000000008e000000|  0%| F|  |TAMS 0x000000008df00000, 0x000000008df00000| Untracked 
| 224|0x000000008e000000, 0x000000008e000000, 0x000000008e100000|  0%| F|  |TAMS 0x000000008e000000, 0x000000008e000000| Untracked 
| 225|0x000000008e100000, 0x000000008e100000, 0x000000008e200000|  0%| F|  |TAMS 0x000000008e100000, 0x000000008e100000| Untracked 
| 226|0x000000008e200000, 0x000000008e200000, 0x000000008e300000|  0%| F|  |TAMS 0x000000008e200000, 0x000000008e200000| Untracked 
| 227|0x000000008e300000, 0x000000008e300000, 0x000000008e400000|  0%| F|  |TAMS 0x000000008e300000, 0x000000008e300000| Untracked 
| 228|0x000000008e400000, 0x000000008e400000, 0x000000008e500000|  0%| F|  |TAMS 0x000000008e400000, 0x000000008e400000| Untracked 
| 229|0x000000008e500000, 0x000000008e500000, 0x000000008e600000|  0%| F|  |TAMS 0x000000008e500000, 0x000000008e500000| Untracked 
| 230|0x000000008e600000, 0x000000008e600000, 0x000000008e700000|  0%| F|  |TAMS 0x000000008e600000, 0x000000008e600000| Untracked 
| 231|0x000000008e700000, 0x000000008e700000, 0x000000008e800000|  0%| F|  |TAMS 0x000000008e700000, 0x000000008e700000| Untracked 
| 232|0x000000008e800000, 0x000000008e800000, 0x000000008e900000|  0%| F|  |TAMS 0x000000008e800000, 0x000000008e800000| Untracked 
| 233|0x000000008e900000, 0x000000008e900000, 0x000000008ea00000|  0%| F|  |TAMS 0x000000008e900000, 0x000000008e900000| Untracked 
| 234|0x000000008ea00000, 0x000000008ea00000, 0x000000008eb00000|  0%| F|  |TAMS 0x000000008ea00000, 0x000000008ea00000| Untracked 
| 235|0x000000008eb00000, 0x000000008eb00000, 0x000000008ec00000|  0%| F|  |TAMS 0x000000008eb00000, 0x000000008eb00000| Untracked 
| 236|0x000000008ec00000, 0x000000008ec00000, 0x000000008ed00000|  0%| F|  |TAMS 0x000000008ec00000, 0x000000008ec00000| Untracked 
| 237|0x000000008ed00000, 0x000000008ed00000, 0x000000008ee00000|  0%| F|  |TAMS 0x000000008ed00000, 0x000000008ed00000| Untracked 
| 238|0x000000008ee00000, 0x000000008ee00000, 0x000000008ef00000|  0%| F|  |TAMS 0x000000008ee00000, 0x000000008ee00000| Untracked 
| 239|0x000000008ef00000, 0x000000008ef00000, 0x000000008f000000|  0%| F|  |TAMS 0x000000008ef00000, 0x000000008ef00000| Untracked 
| 240|0x000000008f000000, 0x000000008f000000, 0x000000008f100000|  0%| F|  |TAMS 0x000000008f000000, 0x000000008f000000| Untracked 
| 241|0x000000008f100000, 0x000000008f100000, 0x000000008f200000|  0%| F|  |TAMS 0x000000008f100000, 0x000000008f100000| Untracked 
| 242|0x000000008f200000, 0x000000008f200000, 0x000000008f300000|  0%| F|  |TAMS 0x000000008f200000, 0x000000008f200000| Untracked 
| 243|0x000000008f300000, 0x000000008f300000, 0x000000008f400000|  0%| F|  |TAMS 0x000000008f300000, 0x000000008f300000| Untracked 
| 244|0x000000008f400000, 0x000000008f400000, 0x000000008f500000|  0%| F|  |TAMS 0x000000008f400000, 0x000000008f400000| Untracked 
| 245|0x000000008f500000, 0x000000008f500000, 0x000000008f600000|  0%| F|  |TAMS 0x000000008f500000, 0x000000008f500000| Untracked 
| 246|0x000000008f600000, 0x000000008f600000, 0x000000008f700000|  0%| F|  |TAMS 0x000000008f600000, 0x000000008f600000| Untracked 
| 247|0x000000008f700000, 0x000000008f700000, 0x000000008f800000|  0%| F|  |TAMS 0x000000008f700000, 0x000000008f700000| Untracked 
| 248|0x000000008f800000, 0x000000008f800000, 0x000000008f900000|  0%| F|  |TAMS 0x000000008f800000, 0x000000008f800000| Untracked 
| 249|0x000000008f900000, 0x000000008f900000, 0x000000008fa00000|  0%| F|  |TAMS 0x000000008f900000, 0x000000008f900000| Untracked 
| 250|0x000000008fa00000, 0x000000008fa00000, 0x000000008fb00000|  0%| F|  |TAMS 0x000000008fa00000, 0x000000008fa00000| Untracked 
| 251|0x000000008fb00000, 0x000000008fb00000, 0x000000008fc00000|  0%| F|  |TAMS 0x000000008fb00000, 0x000000008fb00000| Untracked 
| 252|0x000000008fc00000, 0x000000008fc00000, 0x000000008fd00000|  0%| F|  |TAMS 0x000000008fc00000, 0x000000008fc00000| Untracked 
| 253|0x000000008fd00000, 0x000000008fd00000, 0x000000008fe00000|  0%| F|  |TAMS 0x000000008fd00000, 0x000000008fd00000| Untracked 
| 254|0x000000008fe00000, 0x000000008fe00000, 0x000000008ff00000|  0%| F|  |TAMS 0x000000008fe00000, 0x000000008fe00000| Untracked 
| 255|0x000000008ff00000, 0x000000008ff00000, 0x0000000090000000|  0%| F|  |TAMS 0x000000008ff00000, 0x000000008ff00000| Untracked 
| 256|0x0000000090000000, 0x0000000090000000, 0x0000000090100000|  0%| F|  |TAMS 0x0000000090000000, 0x0000000090000000| Untracked 
| 257|0x0000000090100000, 0x0000000090100000, 0x0000000090200000|  0%| F|  |TAMS 0x0000000090100000, 0x0000000090100000| Untracked 
| 258|0x0000000090200000, 0x0000000090200000, 0x0000000090300000|  0%| F|  |TAMS 0x0000000090200000, 0x0000000090200000| Untracked 
| 259|0x0000000090300000, 0x0000000090300000, 0x0000000090400000|  0%| F|  |TAMS 0x0000000090300000, 0x0000000090300000| Untracked 
| 260|0x0000000090400000, 0x0000000090400000, 0x0000000090500000|  0%| F|  |TAMS 0x0000000090400000, 0x0000000090400000| Untracked 
| 261|0x0000000090500000, 0x0000000090500000, 0x0000000090600000|  0%| F|  |TAMS 0x0000000090500000, 0x0000000090500000| Untracked 
| 262|0x0000000090600000, 0x0000000090600000, 0x0000000090700000|  0%| F|  |TAMS 0x0000000090600000, 0x0000000090600000| Untracked 
| 263|0x0000000090700000, 0x0000000090700000, 0x0000000090800000|  0%| F|  |TAMS 0x0000000090700000, 0x0000000090700000| Untracked 
| 264|0x0000000090800000, 0x0000000090800000, 0x0000000090900000|  0%| F|  |TAMS 0x0000000090800000, 0x0000000090800000| Untracked 
| 265|0x0000000090900000, 0x0000000090900000, 0x0000000090a00000|  0%| F|  |TAMS 0x0000000090900000, 0x0000000090900000| Untracked 
| 266|0x0000000090a00000, 0x0000000090a00000, 0x0000000090b00000|  0%| F|  |TAMS 0x0000000090a00000, 0x0000000090a00000| Untracked 
| 267|0x0000000090b00000, 0x0000000090b00000, 0x0000000090c00000|  0%| F|  |TAMS 0x0000000090b00000, 0x0000000090b00000| Untracked 
| 268|0x0000000090c00000, 0x0000000090c00000, 0x0000000090d00000|  0%| F|  |TAMS 0x0000000090c00000, 0x0000000090c00000| Untracked 
| 269|0x0000000090d00000, 0x0000000090d00000, 0x0000000090e00000|  0%| F|  |TAMS 0x0000000090d00000, 0x0000000090d00000| Untracked 
| 270|0x0000000090e00000, 0x0000000090e00000, 0x0000000090f00000|  0%| F|  |TAMS 0x0000000090e00000, 0x0000000090e00000| Untracked 
| 271|0x0000000090f00000, 0x0000000090f00000, 0x0000000091000000|  0%| F|  |TAMS 0x0000000090f00000, 0x0000000090f00000| Untracked 
| 272|0x0000000091000000, 0x0000000091100000, 0x0000000091100000|100%| S|CS|TAMS 0x0000000091000000, 0x0000000091000000| Complete 
| 273|0x0000000091100000, 0x0000000091200000, 0x0000000091200000|100%| S|CS|TAMS 0x0000000091100000, 0x0000000091100000| Complete 
| 274|0x0000000091200000, 0x0000000091300000, 0x0000000091300000|100%| S|CS|TAMS 0x0000000091200000, 0x0000000091200000| Complete 
| 275|0x0000000091300000, 0x0000000091400000, 0x0000000091400000|100%| S|CS|TAMS 0x0000000091300000, 0x0000000091300000| Complete 
| 276|0x0000000091400000, 0x0000000091500000, 0x0000000091500000|100%| S|CS|TAMS 0x0000000091400000, 0x0000000091400000| Complete 
| 277|0x0000000091500000, 0x0000000091600000, 0x0000000091600000|100%| S|CS|TAMS 0x0000000091500000, 0x0000000091500000| Complete 
| 278|0x0000000091600000, 0x0000000091700000, 0x0000000091700000|100%| S|CS|TAMS 0x0000000091600000, 0x0000000091600000| Complete 
| 279|0x0000000091700000, 0x0000000091800000, 0x0000000091800000|100%| S|CS|TAMS 0x0000000091700000, 0x0000000091700000| Complete 
| 280|0x0000000091800000, 0x0000000091900000, 0x0000000091900000|100%| S|CS|TAMS 0x0000000091800000, 0x0000000091800000| Complete 
| 281|0x0000000091900000, 0x0000000091a00000, 0x0000000091a00000|100%| S|CS|TAMS 0x0000000091900000, 0x0000000091900000| Complete 
| 282|0x0000000091a00000, 0x0000000091b00000, 0x0000000091b00000|100%| S|CS|TAMS 0x0000000091a00000, 0x0000000091a00000| Complete 
| 283|0x0000000091b00000, 0x0000000091c00000, 0x0000000091c00000|100%| S|CS|TAMS 0x0000000091b00000, 0x0000000091b00000| Complete 
| 284|0x0000000091c00000, 0x0000000091d00000, 0x0000000091d00000|100%| S|CS|TAMS 0x0000000091c00000, 0x0000000091c00000| Complete 
| 285|0x0000000091d00000, 0x0000000091d00000, 0x0000000091e00000|  0%| F|  |TAMS 0x0000000091d00000, 0x0000000091d00000| Untracked 
| 286|0x0000000091e00000, 0x0000000091e00000, 0x0000000091f00000|  0%| F|  |TAMS 0x0000000091e00000, 0x0000000091e00000| Untracked 
| 287|0x0000000091f00000, 0x0000000091f00000, 0x0000000092000000|  0%| F|  |TAMS 0x0000000091f00000, 0x0000000091f00000| Untracked 
| 288|0x0000000092000000, 0x0000000092000000, 0x0000000092100000|  0%| F|  |TAMS 0x0000000092000000, 0x0000000092000000| Untracked 
| 289|0x0000000092100000, 0x0000000092100000, 0x0000000092200000|  0%| F|  |TAMS 0x0000000092100000, 0x0000000092100000| Untracked 
| 290|0x0000000092200000, 0x0000000092200000, 0x0000000092300000|  0%| F|  |TAMS 0x0000000092200000, 0x0000000092200000| Untracked 
| 291|0x0000000092300000, 0x0000000092300000, 0x0000000092400000|  0%| F|  |TAMS 0x0000000092300000, 0x0000000092300000| Untracked 
| 292|0x0000000092400000, 0x0000000092400000, 0x0000000092500000|  0%| F|  |TAMS 0x0000000092400000, 0x0000000092400000| Untracked 
| 293|0x0000000092500000, 0x0000000092500000, 0x0000000092600000|  0%| F|  |TAMS 0x0000000092500000, 0x0000000092500000| Untracked 
| 294|0x0000000092600000, 0x0000000092600000, 0x0000000092700000|  0%| F|  |TAMS 0x0000000092600000, 0x0000000092600000| Untracked 
| 295|0x0000000092700000, 0x0000000092700000, 0x0000000092800000|  0%| F|  |TAMS 0x0000000092700000, 0x0000000092700000| Untracked 
| 296|0x0000000092800000, 0x0000000092800000, 0x0000000092900000|  0%| F|  |TAMS 0x0000000092800000, 0x0000000092800000| Untracked 
| 297|0x0000000092900000, 0x0000000092900000, 0x0000000092a00000|  0%| F|  |TAMS 0x0000000092900000, 0x0000000092900000| Untracked 
| 298|0x0000000092a00000, 0x0000000092a00000, 0x0000000092b00000|  0%| F|  |TAMS 0x0000000092a00000, 0x0000000092a00000| Untracked 
| 299|0x0000000092b00000, 0x0000000092b00000, 0x0000000092c00000|  0%| F|  |TAMS 0x0000000092b00000, 0x0000000092b00000| Untracked 
| 300|0x0000000092c00000, 0x0000000092c00000, 0x0000000092d00000|  0%| F|  |TAMS 0x0000000092c00000, 0x0000000092c00000| Untracked 
| 301|0x0000000092d00000, 0x0000000092d00000, 0x0000000092e00000|  0%| F|  |TAMS 0x0000000092d00000, 0x0000000092d00000| Untracked 
| 302|0x0000000092e00000, 0x0000000092e00000, 0x0000000092f00000|  0%| F|  |TAMS 0x0000000092e00000, 0x0000000092e00000| Untracked 
| 303|0x0000000092f00000, 0x0000000092f00000, 0x0000000093000000|  0%| F|  |TAMS 0x0000000092f00000, 0x0000000092f00000| Untracked 
| 304|0x0000000093000000, 0x0000000093000000, 0x0000000093100000|  0%| F|  |TAMS 0x0000000093000000, 0x0000000093000000| Untracked 
| 305|0x0000000093100000, 0x0000000093100000, 0x0000000093200000|  0%| F|  |TAMS 0x0000000093100000, 0x0000000093100000| Untracked 

Card table byte_map: [0x0000000006e30000,0x0000000007230000] _byte_map_base: 0x0000000006a30000

Marking Bits (Prev, Next): (CMBitMap*) 0x000000000040bc68, (CMBitMap*) 0x000000000040bca0
 Prev Bits: [0x0000000007630000, 0x0000000009630000)
 Next Bits: [0x0000000009630000, 0x000000000b630000)

Polling page: 0x0000000000140000

Metaspace:

Usage:
  Non-class:     48.94 MB capacity,    48.22 MB ( 99%) used,   603.18 KB (  1%) free+waste,   141.13 KB ( <1%) overhead. 
      Class:      7.48 MB capacity,     7.00 MB ( 94%) used,   430.23 KB (  6%) free+waste,    66.69 KB ( <1%) overhead. 
       Both:     56.43 MB capacity,    55.21 MB ( 98%) used,     1.01 MB (  2%) free+waste,   207.81 KB ( <1%) overhead. 

Virtual space:
  Non-class space:       58.00 MB reserved,      49.00 MB ( 84%) committed 
      Class space:        1.00 GB reserved,       7.50 MB ( <1%) committed 
             Both:        1.06 GB reserved,      56.50 MB (  5%) committed 

Chunk freelists:
   Non-Class:  59.00 KB
       Class:  17.00 KB
        Both:  76.00 KB

MaxMetaspaceSize: 17179869184.00 GB
CompressedClassSpaceSize: 1.00 GB
Initial GC threshold: 20.80 MB
Current GC threshold: 59.07 MB
CDS: off

CodeHeap 'non-profiled nmethods': size=120064Kb used=2956Kb max_used=2956Kb free=117107Kb
 bounds [0x0000000016ad0000, 0x0000000016dc0000, 0x000000001e010000]
CodeHeap 'profiled nmethods': size=120000Kb used=10906Kb max_used=10906Kb free=109094Kb
 bounds [0x000000000f5a0000, 0x0000000010050000, 0x0000000016ad0000]
CodeHeap 'non-nmethods': size=5696Kb used=2316Kb max_used=2350Kb free=3380Kb
 bounds [0x000000000f010000, 0x000000000f280000, 0x000000000f5a0000]
 total_blobs=6338 nmethods=5522 adapters=727
 compilation: enabled
              stopped_count=0, restarted_count=0
 full_count=0

Compilation events (20 events):
Event: 7.922 Thread 0x000000000ea8d000 5538       3       org.gradle.internal.service.DefaultServiceRegistry$ManagedObjectServiceProvider::setInstance (18 bytes)
Event: 7.923 Thread 0x000000000ea8d000 nmethod 5538 0x000000001003fa90 code [0x000000001003fc60, 0x000000001003fe28]
Event: 7.923 Thread 0x000000000ea8d000 5539   !   3       org.gradle.internal.instantiation.generator.DependencyInjectingInstantiator::doCreate (64 bytes)
Event: 7.923 Thread 0x000000000ea8d000 nmethod 5539 0x000000001003ff10 code [0x0000000010040140, 0x00000000100406e8]
Event: 7.923 Thread 0x000000000ea8d000 5540       3       org.gradle.internal.instantiation.generator.DependencyInjectingInstantiator::convertParameters (126 bytes)
Event: 7.924 Thread 0x000000000ea8d000 nmethod 5540 0x0000000010040b10 code [0x0000000010040ee0, 0x00000000100428b8]
Event: 7.924 Thread 0x000000000ea8d000 5541       3       org.gradle.internal.instantiation.generator.AbstractClassGenerator$GeneratedClassImpl$GeneratedConstructorImpl::newInstance (15 bytes)
Event: 7.924 Thread 0x000000000ea8d000 nmethod 5541 0x0000000010043210 code [0x00000000100433c0, 0x0000000010043528]
Event: 7.924 Thread 0x000000000ea8d000 5542   !   3       org.gradle.internal.instantiation.generator.AsmBackedClassGenerator$InvokeConstructorStrategy::newInstance (66 bytes)
Event: 7.925 Thread 0x000000000ea8d000 nmethod 5542 0x0000000010043610 code [0x0000000010043980, 0x0000000010045188]
Event: 7.925 Thread 0x000000000ea8d000 5543       3       org.gradle.internal.instantiation.generator.AsmBackedClassGenerator$ObjectCreationDetails::<init> (26 bytes)
Event: 7.925 Thread 0x000000000ea8d000 nmethod 5543 0x0000000010045a90 code [0x0000000010045c60, 0x0000000010045f38]
Event: 7.925 Thread 0x000000000ea8d000 5544       3       org.gradle.internal.instantiation.generator.DependencyInjectingInstantiator::newInstance (8 bytes)
Event: 7.926 Thread 0x000000000ea8d000 nmethod 5544 0x0000000010046010 code [0x00000000100461c0, 0x0000000010046308]
Event: 7.926 Thread 0x000000005ee0d800 5545       4       org.objectweb.asm.Frame::pop (44 bytes)
Event: 7.927 Thread 0x000000005ee0d800 nmethod 5545 0x0000000016db2a90 code [0x0000000016db2c20, 0x0000000016db2c98]
Event: 7.931 Thread 0x000000005ee0d800 5546       4       java.lang.reflect.ProxyGenerator$ConstantPool$IndirectEntry::equals (49 bytes)
Event: 7.932 Thread 0x000000005ee0d800 nmethod 5546 0x0000000016db2d90 code [0x0000000016db2f20, 0x0000000016db2fd8]
Event: 7.932 Thread 0x000000000ea8d000 5547       3       jdk.internal.loader.AbstractClassLoaderValue::<init> (5 bytes)
Event: 7.932 Thread 0x000000000ea8d000 nmethod 5547 0x0000000010046410 code [0x00000000100465c0, 0x0000000010046718]

GC Heap History (20 events):
Event: 0.486 GC heap before
{Heap before GC invocations=0 (full 0):
 garbage-first heap   total 196608K, used 20480K [0x0000000080000000, 0x0000000100000000)
  region size 1024K, 14 young (14336K), 0 survivors (0K)
 Metaspace       used 6732K, capacity 6937K, committed 7168K, reserved 1056768K
  class space    used 584K, capacity 650K, committed 768K, reserved 1048576K
}
Event: 0.490 GC heap after
{Heap after GC invocations=1 (full 0):
 garbage-first heap   total 196608K, used 7843K [0x0000000080000000, 0x0000000100000000)
  region size 1024K, 2 young (2048K), 2 survivors (2048K)
 Metaspace       used 6732K, capacity 6937K, committed 7168K, reserved 1056768K
  class space    used 584K, capacity 650K, committed 768K, reserved 1048576K
}
Event: 0.840 GC heap before
{Heap before GC invocations=1 (full 0):
 garbage-first heap   total 196608K, used 20131K [0x0000000080000000, 0x0000000100000000)
  region size 1024K, 14 young (14336K), 2 survivors (2048K)
 Metaspace       used 10174K, capacity 10437K, committed 10624K, reserved 1058816K
  class space    used 1071K, capacity 1139K, committed 1152K, reserved 1048576K
}
Event: 0.869 GC heap after
{Heap after GC invocations=2 (full 0):
 garbage-first heap   total 196608K, used 9729K [0x0000000080000000, 0x0000000100000000)
  region size 1024K, 2 young (2048K), 2 survivors (2048K)
 Metaspace       used 10174K, capacity 10437K, committed 10624K, reserved 1058816K
  class space    used 1071K, capacity 1139K, committed 1152K, reserved 1048576K
}
Event: 1.153 GC heap before
{Heap before GC invocations=2 (full 0):
 garbage-first heap   total 196608K, used 39425K [0x0000000080000000, 0x0000000100000000)
  region size 1024K, 31 young (31744K), 2 survivors (2048K)
 Metaspace       used 11122K, capacity 11392K, committed 11520K, reserved 1058816K
  class space    used 1172K, capacity 1244K, committed 1280K, reserved 1048576K
}
Event: 1.161 GC heap after
{Heap after GC invocations=3 (full 0):
 garbage-first heap   total 196608K, used 12537K [0x0000000080000000, 0x0000000100000000)
  region size 1024K, 4 young (4096K), 4 survivors (4096K)
 Metaspace       used 11122K, capacity 11392K, committed 11520K, reserved 1058816K
  class space    used 1172K, capacity 1244K, committed 1280K, reserved 1048576K
}
Event: 2.173 GC heap before
{Heap before GC invocations=3 (full 0):
 garbage-first heap   total 196608K, used 56569K [0x0000000080000000, 0x0000000100000000)
  region size 1024K, 47 young (48128K), 4 survivors (4096K)
 Metaspace       used 17666K, capacity 18049K, committed 18176K, reserved 1064960K
  class space    used 2093K, capacity 2211K, committed 2304K, reserved 1048576K
}
Event: 2.179 GC heap after
{Heap after GC invocations=4 (full 0):
 garbage-first heap   total 196608K, used 16572K [0x0000000080000000, 0x0000000100000000)
  region size 1024K, 6 young (6144K), 6 survivors (6144K)
 Metaspace       used 17666K, capacity 18049K, committed 18176K, reserved 1064960K
  class space    used 2093K, capacity 2211K, committed 2304K, reserved 1048576K
}
Event: 2.416 GC heap before
{Heap before GC invocations=4 (full 0):
 garbage-first heap   total 196608K, used 41148K [0x0000000080000000, 0x0000000100000000)
  region size 1024K, 31 young (31744K), 6 survivors (6144K)
 Metaspace       used 20629K, capacity 21085K, committed 21248K, reserved 1067008K
  class space    used 2540K, capacity 2712K, committed 2816K, reserved 1048576K
}
Event: 2.425 GC heap after
{Heap after GC invocations=5 (full 0):
 garbage-first heap   total 261120K, used 17569K [0x0000000080000000, 0x0000000100000000)
  region size 1024K, 5 young (5120K), 5 survivors (5120K)
 Metaspace       used 20629K, capacity 21085K, committed 21248K, reserved 1067008K
  class space    used 2540K, capacity 2712K, committed 2816K, reserved 1048576K
}
Event: 3.213 GC heap before
{Heap before GC invocations=6 (full 0):
 garbage-first heap   total 261120K, used 69793K [0x0000000080000000, 0x0000000100000000)
  region size 1024K, 56 young (57344K), 5 survivors (5120K)
 Metaspace       used 26214K, capacity 26727K, committed 27008K, reserved 1073152K
  class space    used 3415K, capacity 3598K, committed 3712K, reserved 1048576K
}
Event: 3.240 GC heap after
{Heap after GC invocations=7 (full 0):
 garbage-first heap   total 261120K, used 19633K [0x0000000080000000, 0x0000000100000000)
  region size 1024K, 3 young (3072K), 3 survivors (3072K)
 Metaspace       used 26214K, capacity 26727K, committed 27008K, reserved 1073152K
  class space    used 3415K, capacity 3598K, committed 3712K, reserved 1048576K
}
Event: 4.245 GC heap before
{Heap before GC invocations=7 (full 0):
 garbage-first heap   total 261120K, used 80049K [0x0000000080000000, 0x0000000100000000)
  region size 1024K, 63 young (64512K), 3 survivors (3072K)
 Metaspace       used 35036K, capacity 35749K, committed 35840K, reserved 1081344K
  class space    used 4534K, capacity 4824K, committed 4864K, reserved 1048576K
}
Event: 4.258 GC heap after
{Heap after GC invocations=8 (full 0):
 garbage-first heap   total 261120K, used 23007K [0x0000000080000000, 0x0000000100000000)
  region size 1024K, 7 young (7168K), 7 survivors (7168K)
 Metaspace       used 35036K, capacity 35749K, committed 35840K, reserved 1081344K
  class space    used 4534K, capacity 4824K, committed 4864K, reserved 1048576K
}
Event: 5.485 GC heap before
{Heap before GC invocations=9 (full 0):
 garbage-first heap   total 261120K, used 121311K [0x0000000080000000, 0x0000000100000000)
  region size 1024K, 100 young (102400K), 7 survivors (7168K)
 Metaspace       used 43371K, capacity 44316K, committed 44544K, reserved 1087488K
  class space    used 5502K, capacity 5833K, committed 5888K, reserved 1048576K
}
Event: 5.500 GC heap after
{Heap after GC invocations=10 (full 0):
 garbage-first heap   total 261120K, used 29348K [0x0000000080000000, 0x0000000100000000)
  region size 1024K, 13 young (13312K), 13 survivors (13312K)
 Metaspace       used 43371K, capacity 44316K, committed 44544K, reserved 1087488K
  class space    used 5502K, capacity 5833K, committed 5888K, reserved 1048576K
}
Event: 7.549 GC heap before
{Heap before GC invocations=10 (full 0):
 garbage-first heap   total 261120K, used 175780K [0x0000000080000000, 0x0000000100000000)
  region size 1024K, 153 young (156672K), 13 survivors (13312K)
 Metaspace       used 53046K, capacity 54347K, committed 54400K, reserved 1095680K
  class space    used 6759K, capacity 7286K, committed 7296K, reserved 1048576K
}
Event: 7.575 GC heap after
{Heap after GC invocations=11 (full 0):
 garbage-first heap   total 313344K, used 44421K [0x0000000080000000, 0x0000000100000000)
  region size 1024K, 20 young (20480K), 20 survivors (20480K)
 Metaspace       used 53046K, capacity 54347K, committed 54400K, reserved 1095680K
  class space    used 6759K, capacity 7286K, committed 7296K, reserved 1048576K
}
Event: 7.938 GC heap before
{Heap before GC invocations=11 (full 0):
 garbage-first heap   total 313344K, used 64901K [0x0000000080000000, 0x0000000100000000)
  region size 1024K, 41 young (41984K), 20 survivors (20480K)
 Metaspace       used 56538K, capacity 57780K, committed 57856K, reserved 1105920K
  class space    used 7166K, capacity 7663K, committed 7680K, reserved 1048576K
}
Event: 7.964 GC heap after
{Heap after GC invocations=12 (full 0):
 garbage-first heap   total 313344K, used 45784K [0x0000000080000000, 0x0000000100000000)
  region size 1024K, 13 young (13312K), 13 survivors (13312K)
 Metaspace       used 56538K, capacity 57780K, committed 57856K, reserved 1105920K
  class space    used 7166K, capacity 7663K, committed 7680K, reserved 1048576K
}

Deoptimization events (20 events):
Event: 7.452 Thread 0x0000000060635000 Uncommon trap: trap_request=0xffffffde fr.pc=0x0000000016c89c60 relative=0x0000000000000940
Event: 7.452 Thread 0x0000000060635000 Uncommon trap: reason=class_check action=maybe_recompile pc=0x0000000016c89c60 method=java.io.BufferedInputStream.read1([BII)I @ 39 c2
Event: 7.452 Thread 0x0000000060635000 DEOPT PACKING pc=0x0000000016c89c60 sp=0x0000000063d97890
Event: 7.452 Thread 0x0000000060635000 DEOPT UNPACKING pc=0x000000000f05a1af sp=0x0000000063d977a8 mode 2
Event: 7.452 Thread 0x0000000060635000 Uncommon trap: trap_request=0xffffffde fr.pc=0x0000000016c89c60 relative=0x0000000000000940
Event: 7.452 Thread 0x0000000060635000 Uncommon trap: reason=class_check action=maybe_recompile pc=0x0000000016c89c60 method=java.io.BufferedInputStream.read1([BII)I @ 39 c2
Event: 7.452 Thread 0x0000000060635000 DEOPT PACKING pc=0x0000000016c89c60 sp=0x0000000063d97890
Event: 7.452 Thread 0x0000000060635000 DEOPT UNPACKING pc=0x000000000f05a1af sp=0x0000000063d977a8 mode 2
Event: 7.454 Thread 0x0000000060635000 Uncommon trap: trap_request=0xffffffde fr.pc=0x0000000016c89c60 relative=0x0000000000000940
Event: 7.454 Thread 0x0000000060635000 Uncommon trap: reason=class_check action=maybe_recompile pc=0x0000000016c89c60 method=java.io.BufferedInputStream.read1([BII)I @ 39 c2
Event: 7.454 Thread 0x0000000060635000 DEOPT PACKING pc=0x0000000016c89c60 sp=0x0000000063d980e0
Event: 7.454 Thread 0x0000000060635000 DEOPT UNPACKING pc=0x000000000f05a1af sp=0x0000000063d97ff8 mode 2
Event: 7.454 Thread 0x0000000060635000 Uncommon trap: trap_request=0xffffffde fr.pc=0x0000000016c6d5f4 relative=0x0000000000000194
Event: 7.454 Thread 0x0000000060635000 Uncommon trap: reason=class_check action=maybe_recompile pc=0x0000000016c6d5f4 method=java.io.BufferedInputStream.read1([BII)I @ 39 c2
Event: 7.454 Thread 0x0000000060635000 DEOPT PACKING pc=0x0000000016c6d5f4 sp=0x0000000063d98040
Event: 7.454 Thread 0x0000000060635000 DEOPT UNPACKING pc=0x000000000f05a1af sp=0x0000000063d97fe8 mode 2
Event: 7.575 Thread 0x000000005ecb9000 Uncommon trap: trap_request=0xffffffde fr.pc=0x0000000016c70548 relative=0x0000000000000508
Event: 7.575 Thread 0x000000005ecb9000 Uncommon trap: reason=class_check action=maybe_recompile pc=0x0000000016c70548 method=jdk.internal.ref.PhantomCleanable.clean()V @ 12 c2
Event: 7.575 Thread 0x000000005ecb9000 DEOPT PACKING pc=0x0000000016c70548 sp=0x000000005e27f0a0
Event: 7.575 Thread 0x000000005ecb9000 DEOPT UNPACKING pc=0x000000000f05a1af sp=0x000000005e27f080 mode 2

Classes redefined (0 events):
No events

Internal exceptions (20 events):
Event: 6.957 Thread 0x0000000060635000 Exception <a 'java/lang/ClassNotFoundException'{0x00000000887b4fd8}: org/gradle/api/tasks/Delete_DecoratedCustomizer> (0x00000000887b4fd8) thrown at [./src/hotspot/share/classfile/systemDictionary.cpp, line 231]
Event: 6.978 Thread 0x0000000060635000 Exception <a 'java/lang/NoSuchMethodError'{0x00000000886c9dd8}: 'long java.lang.invoke.DirectMethodHandle$Holder.invokeVirtual(java.lang.Object, java.lang.Object)'> (0x00000000886c9dd8) thrown at [./src/hotspot/share/interpreter/linkResolver.cpp, line 773]
Event: 6.984 Thread 0x0000000061c00000 Exception <a 'java/lang/NoSuchMethodError'{0x000000008fe89148}: <clinit>> (0x000000008fe89148) thrown at [./src/hotspot/share/prims/jni.cpp, line 1365]
Event: 6.988 Thread 0x0000000061c00000 Exception <a 'java/lang/NoSuchMethodError'{0x000000008fea6410}: <clinit>> (0x000000008fea6410) thrown at [./src/hotspot/share/prims/jni.cpp, line 1365]
Event: 6.988 Thread 0x0000000061c00000 Exception <a 'java/lang/NoSuchMethodError'{0x000000008fea7520}: <clinit>> (0x000000008fea7520) thrown at [./src/hotspot/share/prims/jni.cpp, line 1365]
Event: 6.988 Thread 0x0000000061c00000 Exception <a 'java/lang/NoSuchMethodError'{0x000000008fea8828}: <clinit>> (0x000000008fea8828) thrown at [./src/hotspot/share/prims/jni.cpp, line 1365]
Event: 6.988 Thread 0x0000000061c00000 Exception <a 'java/lang/NoSuchMethodError'{0x000000008fea9848}: <clinit>> (0x000000008fea9848) thrown at [./src/hotspot/share/prims/jni.cpp, line 1365]
Event: 6.992 Thread 0x0000000061c00000 Exception <a 'java/lang/NoSuchMethodError'{0x0000000088589f60}: <clinit>> (0x0000000088589f60) thrown at [./src/hotspot/share/prims/jni.cpp, line 1365]
Event: 6.995 Thread 0x0000000061c00000 Exception <a 'java/lang/NoSuchMethodError'{0x0000000088594248}: <clinit>> (0x0000000088594248) thrown at [./src/hotspot/share/prims/jni.cpp, line 1365]
Event: 6.998 Thread 0x0000000061c00000 Exception <a 'java/lang/NoSuchMethodError'{0x00000000885a7948}: <clinit>> (0x00000000885a7948) thrown at [./src/hotspot/share/prims/jni.cpp, line 1365]
Event: 7.005 Thread 0x0000000060635000 Exception <a 'java/lang/ClassNotFoundException'{0x0000000088409958}: build_bzftgxjbto9g8p45cn7p8c0riBeanInfo> (0x0000000088409958) thrown at [./src/hotspot/share/classfile/systemDictionary.cpp, line 231]
Event: 7.006 Thread 0x0000000060635000 Exception <a 'java/lang/ClassNotFoundException'{0x0000000088414910}: build_bzftgxjbto9g8p45cn7p8c0riCustomizer> (0x0000000088414910) thrown at [./src/hotspot/share/classfile/systemDictionary.cpp, line 231]
Event: 7.033 Thread 0x0000000060635000 Exception <a 'java/lang/ClassNotFoundException'{0x000000008839fe68}: org/gradle/api/internal/plugins/DefaultObjectConfigurationActionBeanInfo> (0x000000008839fe68) thrown at [./src/hotspot/share/classfile/systemDictionary.cpp, line 231]
Event: 7.034 Thread 0x0000000060635000 Exception <a 'java/lang/ClassNotFoundException'{0x00000000883d5030}: org/gradle/api/internal/plugins/DefaultObjectConfigurationActionCustomizer> (0x00000000883d5030) thrown at [./src/hotspot/share/classfile/systemDictionary.cpp, line 231]
Event: 7.205 Thread 0x0000000060635000 Exception <a 'java/lang/NoSuchMethodError'{0x0000000087814d90}: 'java.lang.Object java.lang.invoke.DirectMethodHandle$Holder.invokeStatic(java.lang.Object, java.lang.Object, java.lang.Object, java.lang.Object, int)'> (0x0000000087814d90) thrown at [./src/hotspot/share/interpreter/linkResolver.cpp, line 773]
Event: 7.206 Thread 0x0000000060635000 Exception <a 'java/lang/NoSuchMethodError'{0x0000000087819788}: 'java.lang.Object java.lang.invoke.DirectMethodHandle$Holder.invokeSpecial(java.lang.Object, java.lang.Object, java.lang.Object, java.lang.Object, java.lang.Object, int)'> (0x0000000087819788) thrown at [./src/hotspot/share/interpreter/linkResolver.cpp, line 773]
Event: 7.206 Thread 0x0000000060635000 Exception <a 'java/lang/NoSuchMethodError'{0x000000008781ddc8}: 'java.lang.Object java.lang.invoke.Invokers$Holder.linkToTargetMethod(java.lang.Object, java.lang.Object, java.lang.Object, int, java.lang.Object)'> (0x000000008781ddc8) thrown at [./src/hotspot/share/interpreter/linkResolver.cpp, line 773]
Event: 7.483 Thread 0x0000000060635000 Exception <a 'java/lang/NoSuchMethodError'{0x0000000086995008}: 'java.lang.Object java.lang.invoke.DirectMethodHandle$Holder.invokeSpecial(java.lang.Object, java.lang.Object, int, int, java.lang.Object, java.lang.Object, java.lang.Object)'> (0x0000000086995008) thrown at [./src/hotspot/share/interpreter/linkResolver.cpp, line 773]
Event: 7.483 Thread 0x0000000060635000 Exception <a 'java/lang/NoSuchMethodError'{0x0000000086999588}: 'java.lang.Object java.lang.invoke.DelegatingMethodHandle$Holder.reinvoke_L(java.lang.Object, int, int, java.lang.Object, java.lang.Object, java.lang.Object)'> (0x0000000086999588) thrown at [./src/hotspot/share/interpreter/linkResolver.cpp, line 773]
Event: 7.770 Thread 0x0000000060635000 Exception <a 'java/lang/NoSuchMethodError'{0x0000000092854848}: 'int java.lang.invoke.DirectMethodHandle$Holder.invokeInterface(java.lang.Object, java.lang.Object, java.lang.Object, java.lang.Object)'> (0x0000000092854848) thrown at [./src/hotspot/share/interpreter/linkResolver.cpp, line 773]

Events (20 events):
Event: 7.932 loading class com/android/build/gradle/internal/profile/AnalyticsConfiguratorService$createAnalyticsService$2 done
Event: 7.932 loading class com/android/build/gradle/internal/profile/AnalyticsResourceManager$getProjectBuilder$1
Event: 7.932 loading class com/android/build/gradle/internal/profile/AnalyticsResourceManager$getProjectBuilder$1 done
Event: 7.933 loading class com/google/protobuf/Internal$ListAdapter$Converter
Event: 7.933 loading class com/google/protobuf/Internal$ListAdapter$Converter done
Event: 7.933 loading class com/google/wireless/android/sdk/stats/GradleBuildProjectMetricsOrBuilder
Event: 7.933 loading class com/google/wireless/android/sdk/stats/GradleBuildProjectMetricsOrBuilder done
Event: 7.933 loading class com/google/wireless/android/sdk/stats/GradleProjectOptionsSettingsOrBuilder
Event: 7.933 loading class com/google/wireless/android/sdk/stats/GradleProjectOptionsSettingsOrBuilder done
Event: 7.934 loading class com/google/wireless/android/sdk/stats/ProjectApiUseOrBuilder
Event: 7.934 loading class com/google/wireless/android/sdk/stats/ProjectApiUseOrBuilder done
Event: 7.935 loading class com/google/wireless/android/sdk/stats/GradleBuildSplitsOrBuilder
Event: 7.935 loading class com/google/wireless/android/sdk/stats/GradleBuildSplitsOrBuilder done
Event: 7.935 loading class com/google/wireless/android/sdk/stats/GradleBuildProject$1
Event: 7.935 loading class com/google/wireless/android/sdk/stats/GradleBuildProject$1 done
Event: 7.936 loading class com/google/wireless/android/sdk/stats/GradleBuildProject$2
Event: 7.936 loading class com/google/wireless/android/sdk/stats/GradleBuildProject$2 done
Event: 7.936 loading class com/google/wireless/android/sdk/stats/GradleBuildVariant
Event: 7.936 loading class com/google/wireless/android/sdk/stats/GradleBuildVariant done
Event: 7.937 Executing VM operation: CollectForMetadataAllocation


Dynamic libraries:
0x000000013f760000 - 0x000000013f76a000 	C:\Program Files\Android\Android Studio\jre\bin\java.exe
0x0000000077c20000 - 0x0000000077dca000 	C:\Windows\SYSTEM32\ntdll.dll
0x0000000077a00000 - 0x0000000077b1f000 	C:\Windows\system32\kernel32.dll
0x000007fefda70000 - 0x000007fefdada000 	C:\Windows\system32\KERNELBASE.dll
0x000007fef4160000 - 0x000007fef4179000 	C:\Program Files\Android\Android Studio\jre\bin\jli.dll
0x000007fefc330000 - 0x000007fefc524000 	C:\Windows\WinSxS\amd64_microsoft.windows.common-controls_6595b64144ccf1df_6.0.7601.18837_none_fa3b1e3d17594757\COMCTL32.dll
0x000007feff8f0000 - 0x000007feff98f000 	C:\Windows\system32\msvcrt.dll
0x000007feff880000 - 0x000007feff8e7000 	C:\Windows\system32\GDI32.dll
0x0000000077b20000 - 0x0000000077c1a000 	C:\Windows\system32\USER32.dll
0x000007feffb70000 - 0x000007feffb7e000 	C:\Windows\system32\LPK.dll
0x000007feff6a0000 - 0x000007feff76a000 	C:\Windows\system32\USP10.dll
0x000007feff030000 - 0x000007feff0a1000 	C:\Windows\system32\SHLWAPI.dll
0x000007fef1220000 - 0x000007fef1237000 	C:\Program Files\Android\Android Studio\jre\bin\VCRUNTIME140.dll
0x000007fefb340000 - 0x000007fefb344000 	C:\Windows\system32\api-ms-win-crt-runtime-l1-1-0.dll
0x000007fef02a0000 - 0x000007fef0394000 	C:\Windows\system32\ucrtbase.DLL
0x000007fef4790000 - 0x000007fef4793000 	C:\Windows\system32\api-ms-win-core-timezone-l1-1-0.dll
0x000007fef4280000 - 0x000007fef4283000 	C:\Windows\system32\api-ms-win-core-file-l2-1-0.dll
0x000007fef3c60000 - 0x000007fef3c63000 	C:\Windows\system32\api-ms-win-core-localization-l1-2-0.dll
0x000007fef4990000 - 0x000007fef4993000 	C:\Windows\system32\api-ms-win-core-synch-l1-2-0.dll
0x000007fef1ba0000 - 0x000007fef1ba3000 	C:\Windows\system32\api-ms-win-core-processthreads-l1-1-1.dll
0x000007fef11e0000 - 0x000007fef11e3000 	C:\Windows\system32\api-ms-win-core-file-l1-2-0.dll
0x000007fef11d0000 - 0x000007fef11d4000 	C:\Windows\system32\api-ms-win-crt-string-l1-1-0.dll
0x000007fef11c0000 - 0x000007fef11c3000 	C:\Windows\system32\api-ms-win-crt-heap-l1-1-0.dll
0x000007fef0290000 - 0x000007fef0294000 	C:\Windows\system32\api-ms-win-crt-stdio-l1-1-0.dll
0x000007fef0280000 - 0x000007fef0284000 	C:\Windows\system32\api-ms-win-crt-convert-l1-1-0.dll
0x000007fef0270000 - 0x000007fef0273000 	C:\Windows\system32\api-ms-win-crt-environment-l1-1-0.dll
0x000007fef0240000 - 0x000007fef0243000 	C:\Windows\system32\api-ms-win-crt-filesystem-l1-1-0.dll
0x000007fef0250000 - 0x000007fef0255000 	C:\Windows\system32\api-ms-win-crt-math-l1-1-0.dll
0x000007feeffb0000 - 0x000007feeffb3000 	C:\Windows\system32\api-ms-win-crt-locale-l1-1-0.dll
0x000007fefef20000 - 0x000007fefef4e000 	C:\Windows\system32\IMM32.DLL
0x000007fefddb0000 - 0x000007fefdeb9000 	C:\Windows\system32\MSCTF.dll
0x000007fefd910000 - 0x000007fefd93f000 	C:\Windows\system32\nvinitx.dll
0x000007feffc40000 - 0x000007feffd1b000 	C:\Windows\system32\ADVAPI32.dll
0x000007fefdd90000 - 0x000007fefddaf000 	C:\Windows\SYSTEM32\sechost.dll
0x000007feff0b0000 - 0x000007feff1dd000 	C:\Windows\system32\RPCRT4.dll
0x000000000f000000 - 0x000000000f006000 	C:\Program Files\NVIDIA Corporation\CoProcManager\_etoured.dll
0x000007fefae80000 - 0x000007fefaedf000 	C:\Program Files\NVIDIA Corporation\CoProcManager\nvd3d9wrapx.dll
0x000007feff4c0000 - 0x000007feff697000 	C:\Windows\system32\SETUPAPI.dll
0x000007fefda10000 - 0x000007fefda46000 	C:\Windows\system32\CFGMGR32.dll
0x000007fefef50000 - 0x000007feff028000 	C:\Windows\system32\OLEAUT32.dll
0x000007feffd20000 - 0x000007fefff23000 	C:\Windows\system32\ole32.dll
0x000007fefd9f0000 - 0x000007fefda0a000 	C:\Windows\system32\DEVOBJ.dll
0x000007fefa970000 - 0x000007fefa9b6000 	C:\Program Files\NVIDIA Corporation\CoProcManager\nvdxgiwrapx.dll
0x000007fef0e70000 - 0x000007fef0f0d000 	C:\Program Files\Android\Android Studio\jre\bin\msvcp140.dll
0x000007feee4c0000 - 0x000007feee4c5000 	C:\Windows\system32\api-ms-win-crt-multibyte-l1-1-0.dll
0x000007fef0230000 - 0x000007fef0233000 	C:\Windows\system32\api-ms-win-crt-time-l1-1-0.dll
0x000007fef0260000 - 0x000007fef0263000 	C:\Windows\system32\api-ms-win-crt-utility-l1-1-0.dll
0x000007feef460000 - 0x000007feeff45000 	C:\Program Files\Android\Android Studio\jre\bin\server\jvm.dll
0x000007feec2f0000 - 0x000007feec2f9000 	C:\Windows\system32\WSOCK32.dll
0x000007feffb20000 - 0x000007feffb6d000 	C:\Windows\system32\WS2_32.dll
0x000007feff810000 - 0x000007feff818000 	C:\Windows\system32\NSI.dll
0x000007fefa790000 - 0x000007fefa7cb000 	C:\Windows\system32\WINMM.dll
0x000007fefca70000 - 0x000007fefca7c000 	C:\Windows\system32\VERSION.dll
0x0000000077df0000 - 0x0000000077df7000 	C:\Windows\system32\PSAPI.DLL
0x000007fef0210000 - 0x000007fef0221000 	C:\Program Files\Android\Android Studio\jre\bin\verify.dll
0x000007fef4420000 - 0x000007fef4545000 	C:\Windows\system32\DBGHELP.DLL
0x000007fef0050000 - 0x000007fef0079000 	C:\Program Files\Android\Android Studio\jre\bin\java.dll
0x000007fef0040000 - 0x000007fef004b000 	C:\Program Files\Android\Android Studio\jre\bin\jimage.dll
0x000007fef0020000 - 0x000007fef0038000 	C:\Program Files\Android\Android Studio\jre\bin\zip.dll
0x000007fefdec0000 - 0x000007fefec49000 	C:\Windows\system32\SHELL32.dll
0x000007fefd9d0000 - 0x000007fefd9df000 	C:\Windows\system32\profapi.dll
0x000007fef0000000 - 0x000007fef001a000 	C:\Program Files\Android\Android Studio\jre\bin\net.dll
0x000007feecab0000 - 0x000007feecb21000 	C:\Windows\system32\WINHTTP.dll
0x000007feeca40000 - 0x000007feecaa4000 	C:\Windows\system32\webio.dll
0x000007fefd180000 - 0x000007fefd1d5000 	C:\Windows\system32\mswsock.dll
0x000007fefd170000 - 0x000007fefd177000 	C:\Windows\System32\wship6.dll
0x000007feeffe0000 - 0x000007feefff4000 	C:\Program Files\Android\Android Studio\jre\bin\nio.dll
0x000007fef28a0000 - 0x000007fef28c7000 	C:\Users\Nikolai4\.gradle\native\e1d6ef7f7dcc3fd88c89a11ec53ec762bb8ba0a96d01ffa2cd45eb1d1d8dd5c5\windows-amd64\native-platform.dll
0x000007feeffd0000 - 0x000007feeffda000 	C:\Program Files\Android\Android Studio\jre\bin\management.dll
0x000007feeffc0000 - 0x000007feeffcd000 	C:\Program Files\Android\Android Studio\jre\bin\management_ext.dll
0x000007fefd1e0000 - 0x000007fefd1f8000 	C:\Windows\system32\CRYPTSP.dll
0x000007fefcee0000 - 0x000007fefcf27000 	C:\Windows\system32\rsaenh.dll
0x000007fefdd70000 - 0x000007fefdd8e000 	C:\Windows\system32\USERENV.dll
0x000007fefd840000 - 0x000007fefd84f000 	C:\Windows\system32\CRYPTBASE.dll
0x000007fefb210000 - 0x000007fefb237000 	C:\Windows\system32\IPHLPAPI.DLL
0x000007fefb200000 - 0x000007fefb20b000 	C:\Windows\system32\WINNSI.DLL
0x000007fefb000000 - 0x000007fefb018000 	C:\Windows\system32\dhcpcsvc.DLL
0x000007fefafe0000 - 0x000007fefaff1000 	C:\Windows\system32\dhcpcsvc6.DLL

dbghelp: loaded successfully - version: 4.0.5 - missing functions: none
symbol engine: initialized successfully - sym options: 0x614 - pdb path: .;C:\Program Files\Android\Android Studio\jre\bin;C:\Windows\SYSTEM32;C:\Windows\WinSxS\amd64_microsoft.windows.common-controls_6595b64144ccf1df_6.0.7601.18837_none_fa3b1e3d17594757;C:\Program Files\NVIDIA Corporation\CoProcManager;C:\Program Files\Android\Android Studio\jre\bin\server;C:\Users\Nikolai4\.gradle\native\e1d6ef7f7dcc3fd88c89a11ec53ec762bb8ba0a96d01ffa2cd45eb1d1d8dd5c5\windows-amd64

VM Arguments:
jvm_args: --add-opens=java.base/java.util=ALL-UNNAMED --add-opens=java.base/java.lang=ALL-UNNAMED --add-opens=java.base/java.lang.invoke=ALL-UNNAMED --add-opens=java.base/java.util=ALL-UNNAMED --add-opens=java.prefs/java.util.prefs=ALL-UNNAMED --add-opens=java.prefs/java.util.prefs=ALL-UNNAMED --add-opens=java.base/java.nio.charset=ALL-UNNAMED --add-opens=java.base/java.net=ALL-UNNAMED --add-opens=java.base/java.util.concurrent.atomic=ALL-UNNAMED -Xmx2048m -Dfile.encoding=UTF-8 -Duser.country=RU -Duser.language=ru -Duser.variant 
java_command: org.gradle.launcher.daemon.bootstrap.GradleDaemon 7.3.3
java_class_path (initial): C:\Users\Nikolai4\.gradle\wrapper\dists\gradle-7.3.3-bin\6a41zxkdtcxs8rphpq6y0069z\gradle-7.3.3\lib\gradle-launcher-7.3.3.jar
Launcher Type: SUN_STANDARD

[Global flags]
     intx CICompilerCount                          = 3                                         {product} {ergonomic}
     uint ConcGCThreads                            = 1                                         {product} {ergonomic}
     uint G1ConcRefinementThreads                  = 4                                         {product} {ergonomic}
   size_t G1HeapRegionSize                         = 1048576                                   {product} {ergonomic}
    uintx GCDrainStackTargetSize                   = 64                                        {product} {ergonomic}
   size_t InitialHeapSize                          = 201326592                                 {product} {ergonomic}
   size_t MarkStackSize                            = 4194304                                   {product} {ergonomic}
   size_t MaxHeapSize                              = 2147483648                                {product} {command line}
   size_t MaxNewSize                               = 1287651328                                {product} {ergonomic}
   size_t MinHeapDeltaBytes                        = 1048576                                   {product} {ergonomic}
    uintx NonNMethodCodeHeapSize                   = 5830732                                {pd product} {ergonomic}
    uintx NonProfiledCodeHeapSize                  = 122913754                              {pd product} {ergonomic}
    uintx ProfiledCodeHeapSize                     = 122913754                              {pd product} {ergonomic}
    uintx ReservedCodeCacheSize                    = 251658240                              {pd product} {ergonomic}
     bool SegmentedCodeCache                       = true                                      {product} {ergonomic}
     bool UseCompressedClassPointers               = true                                 {lp64_product} {ergonomic}
     bool UseCompressedOops                        = true                                 {lp64_product} {ergonomic}
     bool UseG1GC                                  = true                                      {product} {ergonomic}
     bool UseLargePagesIndividualAllocation        = false                                  {pd product} {ergonomic}

Logging:
Log output configuration:
 #0: stdout all=warning uptime,level,tags
 #1: stderr all=off uptime,level,tags

Environment Variables:
JAVA_HOME=C:\Program Files\Java\jdk-15.0.1
PATH=C:\Program Files\Common Files\Oracle\Java\javapath;C:\Program Files\Java\jdk-15.0.1\bin;C:\Program Files (x86)\Common Files\Oracle\Java\javapath;c:\Program Files\wget\bin\IsoBuster;C:\Windows\System32\WindowsPowerShell\v1.0\;c:\Program Files (x86)\Microsoft SQL Server\110\Tools\Binn\;c:\Program Files\Microsoft SQL Server\110\Tools\Binn\;c:\Program Files\Microsoft SQL Server\110\DTS\Binn\;C:\Program Files\apache-maven-3.6.3\bin
USERNAME=Nikolai4
OS=Windows_NT
PROCESSOR_IDENTIFIER=Intel64 Family 6 Model 60 Stepping 3, GenuineIntel



---------------  S Y S T E M  ---------------

OS: Windows 7 , 64 bit Build 7601 (6.1.7601.23392)
OS uptime: 0 days 3:25 hours

CPU:total 4 (initial active 4) (2 cores per cpu, 2 threads per core) family 6 model 60 stepping 3 microcode 0x0, cmov, cx8, fxsr, mmx, sse, sse2, sse3, ssse3, sse4.1, sse4.2, popcnt, avx, avx2, aes, clmul, erms, lzcnt, ht, tsc, tscinvbit, bmi1, bmi2, fma

Memory: 4k page, system-wide physical 12172M (5368M free)
TotalPageFile size 12170M (AvailPageFile size 5M)
current process WorkingSet (physical memory assigned to process): 436M, peak: 436M
current process commit charge ("private bytes"): 537M, peak: 538M

vm_info: OpenJDK 64-Bit Server VM (11.0.12+7-b1504.28-7817840) for windows-amd64 JRE (11.0.12+7-b1504.28-7817840), built on Oct 13 2021 22:12:33 by "builder" with MS VC++ 14.0 (VS2015)

END.
